TN:
SF:src\context\ArtistsManagersContext.jsx
FN:6,(anonymous_0)
FN:12,(anonymous_1)
FN:13,(anonymous_2)
FN:39,(anonymous_3)
FN:48,(anonymous_4)
FN:55,(anonymous_5)
FN:70,(anonymous_6)
FN:75,(anonymous_7)
FN:76,(anonymous_8)
FN:84,(anonymous_9)
FN:94,(anonymous_10)
FNF:11
FNH:10
FNDA:5,(anonymous_0)
FNDA:4,(anonymous_1)
FNDA:4,(anonymous_2)
FNDA:2,(anonymous_3)
FNDA:2,(anonymous_4)
FNDA:1,(anonymous_5)
FNDA:4,(anonymous_6)
FNDA:4,(anonymous_7)
FNDA:0,(anonymous_8)
FNDA:4,(anonymous_9)
FNDA:5,(anonymous_10)
DA:4,3
DA:6,3
DA:7,5
DA:8,5
DA:9,5
DA:10,5
DA:12,5
DA:13,4
DA:14,4
DA:15,4
DA:18,3
DA:19,3
DA:24,3
DA:32,2
DA:33,1
DA:35,1
DA:36,1
DA:39,1
DA:40,2
DA:45,2
DA:48,1
DA:49,2
DA:50,2
DA:51,2
DA:55,1
DA:56,1
DA:57,0
DA:60,1
DA:62,2
DA:66,4
DA:68,4
DA:70,4
DA:75,5
DA:76,4
DA:77,0
DA:78,0
DA:80,0
DA:84,4
DA:87,5
DA:94,5
LF:40
LH:36
BRDA:15,0,0,1
BRDA:15,0,1,3
BRDA:32,1,0,2
BRDA:32,1,1,0
BRDA:33,2,0,1
BRDA:33,2,1,0
BRDA:49,3,0,2
BRDA:49,3,1,0
BRDA:49,4,0,2
BRDA:49,4,1,2
BRDA:50,5,0,2
BRDA:50,5,1,0
BRDA:51,6,0,2
BRDA:51,6,1,0
BRDA:56,7,0,1
BRDA:56,7,1,0
BRDA:78,8,0,0
BRDA:78,8,1,0
BRF:18
BRH:10
end_of_record
TN:
SF:src\context\NotificationContext.jsx
FN:7,(anonymous_0)
FN:18,(anonymous_1)
FN:23,(anonymous_2)
FN:27,(anonymous_3)
FN:36,(anonymous_4)
FN:45,(anonymous_5)
FN:55,(anonymous_6)
FN:55,(anonymous_7)
FN:61,(anonymous_8)
FN:81,(anonymous_9)
FN:90,(anonymous_10)
FNF:11
FNH:9
FNDA:19,(anonymous_0)
FNDA:13,(anonymous_1)
FNDA:7,(anonymous_2)
FNDA:7,(anonymous_3)
FNDA:2,(anonymous_4)
FNDA:2,(anonymous_5)
FNDA:0,(anonymous_6)
FNDA:0,(anonymous_7)
FNDA:2,(anonymous_8)
FNDA:1,(anonymous_9)
FNDA:47,(anonymous_10)
DA:5,10
DA:7,10
DA:8,19
DA:9,19
DA:10,19
DA:11,19
DA:18,19
DA:19,13
DA:20,7
DA:22,7
DA:23,7
DA:27,19
DA:28,7
DA:29,7
DA:35,6
DA:36,2
DA:39,6
DA:41,7
DA:45,19
DA:46,2
DA:47,2
DA:55,1
DA:57,1
DA:61,19
DA:62,2
DA:67,2
DA:68,2
DA:76,1
DA:81,19
DA:83,19
DA:90,47
LF:31
LH:31
BRDA:19,0,0,7
BRDA:19,0,1,6
BRDA:35,1,0,1
BRDA:35,1,1,0
BRF:4
BRH:3
end_of_record
TN:
SF:src\context\RoyaltyContext.jsx
FN:6,(anonymous_0)
FN:10,(anonymous_1)
FN:35,(anonymous_2)
FNF:3
FNH:3
FNDA:6,(anonymous_0)
FNDA:2,(anonymous_1)
FNDA:7,(anonymous_2)
DA:4,2
DA:6,2
DA:7,6
DA:8,6
DA:10,6
DA:11,2
DA:12,2
DA:14,2
DA:21,1
DA:23,1
DA:28,6
DA:35,2
DA:36,7
DA:37,7
DA:38,1
DA:40,6
LF:16
LH:16
BRDA:21,0,0,1
BRDA:21,0,1,0
BRDA:37,1,0,1
BRDA:37,1,1,6
BRF:4
BRH:3
end_of_record
TN:
SF:src\context\authContext.jsx
FN:6,(anonymous_0)
FN:11,(anonymous_1)
FN:42,(anonymous_2)
FN:58,(anonymous_3)
FN:69,(anonymous_4)
FN:76,(anonymous_5)
FN:87,(anonymous_6)
FNF:7
FNH:7
FNDA:10,(anonymous_0)
FNDA:6,(anonymous_1)
FNDA:2,(anonymous_2)
FNDA:1,(anonymous_3)
FNDA:1,(anonymous_4)
FNDA:5,(anonymous_5)
FNDA:64,(anonymous_6)
DA:4,10
DA:6,10
DA:7,10
DA:8,10
DA:9,10
DA:11,10
DA:12,6
DA:13,6
DA:14,4
DA:15,4
DA:22,3
DA:23,2
DA:24,2
DA:26,2
DA:27,2
DA:31,2
DA:32,2
DA:34,4
DA:37,2
DA:38,2
DA:42,10
DA:43,2
DA:44,2
DA:50,2
DA:51,2
DA:54,0
DA:58,10
DA:59,1
DA:60,1
DA:61,1
DA:62,1
DA:64,0
DA:65,0
DA:69,10
DA:70,1
DA:71,1
DA:72,1
DA:76,10
DA:77,5
DA:80,10
DA:87,64
LF:41
LH:38
BRDA:13,0,0,4
BRDA:13,0,1,2
BRDA:22,1,0,2
BRDA:22,1,1,0
BRDA:26,2,0,2
BRDA:26,2,1,0
BRDA:50,3,0,2
BRDA:50,3,1,0
BRF:8
BRH:5
end_of_record
TN:
SF:src\services\AuthServices.jsx
FN:5,(anonymous_0)
FN:15,(anonymous_1)
FN:24,(anonymous_2)
FNF:3
FNH:3
FNDA:2,(anonymous_0)
FNDA:2,(anonymous_1)
FNDA:2,(anonymous_2)
DA:3,2
DA:5,2
DA:6,2
DA:7,2
DA:8,0
DA:10,2
DA:15,2
DA:16,2
DA:17,2
DA:18,0
DA:20,2
DA:24,2
DA:25,2
DA:26,2
DA:27,0
DA:29,2
LF:16
LH:13
BRDA:10,0,0,2
BRDA:10,0,1,1
BRDA:20,1,0,2
BRDA:20,1,1,1
BRDA:29,2,0,2
BRDA:29,2,1,1
BRF:6
BRH:6
end_of_record
TN:
SF:src\services\CollaborationService.jsx
FN:6,(anonymous_0)
FN:22,(anonymous_1)
FN:37,(anonymous_2)
FN:52,(anonymous_3)
FN:73,(anonymous_4)
FN:89,(anonymous_5)
FN:107,(anonymous_6)
FNF:7
FNH:7
FNDA:3,(anonymous_0)
FNDA:2,(anonymous_1)
FNDA:2,(anonymous_2)
FNDA:3,(anonymous_3)
FNDA:3,(anonymous_4)
FNDA:2,(anonymous_5)
FNDA:3,(anonymous_6)
DA:3,4
DA:6,4
DA:7,3
DA:8,3
DA:14,2
DA:16,1
DA:17,1
DA:22,4
DA:23,2
DA:24,2
DA:31,1
DA:32,1
DA:37,4
DA:38,2
DA:39,2
DA:46,1
DA:47,1
DA:52,4
DA:53,3
DA:54,3
DA:64,1
DA:66,2
DA:67,2
DA:73,4
DA:74,3
DA:76,3
DA:83,2
DA:84,2
DA:89,4
DA:92,2
DA:93,2
DA:101,1
DA:102,1
DA:107,4
DA:108,3
DA:109,3
DA:116,2
DA:118,1
DA:119,1
LF:39
LH:39
BRDA:14,0,0,2
BRDA:14,0,1,1
BRDA:116,1,0,2
BRDA:116,1,1,1
BRF:4
BRH:4
end_of_record
TN:
SF:src\services\SongService.jsx
FN:7,(anonymous_0)
FN:27,(anonymous_1)
FN:43,(anonymous_2)
FNF:3
FNH:3
FNDA:3,(anonymous_0)
FNDA:3,(anonymous_1)
FNDA:3,(anonymous_2)
DA:3,5
DA:5,5
DA:8,3
DA:9,3
DA:15,1
DA:17,2
DA:18,1
DA:20,1
DA:21,1
DA:28,3
DA:29,3
DA:35,2
DA:37,1
DA:38,1
DA:44,3
DA:45,3
DA:51,1
DA:53,2
DA:54,2
LF:19
LH:19
BRDA:17,0,0,1
BRDA:17,0,1,1
BRF:2
BRH:2
end_of_record
TN:
SF:src\services\TransactionService.jsx
FN:6,(anonymous_0)
FN:21,(anonymous_1)
FN:22,(anonymous_2)
FN:25,(anonymous_3)
FN:43,(anonymous_4)
FN:57,(anonymous_5)
FN:71,(anonymous_6)
FNF:7
FNH:7
FNDA:5,(anonymous_0)
FNDA:3,(anonymous_1)
FNDA:6,(anonymous_2)
FNDA:5,(anonymous_3)
FNDA:4,(anonymous_4)
FNDA:3,(anonymous_5)
FNDA:4,(anonymous_6)
DA:3,6
DA:5,6
DA:7,5
DA:8,5
DA:14,1
DA:16,4
DA:17,4
DA:22,6
DA:26,5
DA:27,5
DA:37,1
DA:39,4
DA:44,4
DA:45,4
DA:51,1
DA:53,3
DA:58,3
DA:59,3
DA:65,1
DA:67,2
DA:72,4
DA:73,4
DA:79,1
DA:81,3
LF:24
LH:24
BRDA:21,0,0,0
BRDA:22,1,0,4
BRDA:22,1,1,2
BRDA:22,2,0,4
BRDA:22,2,1,1
BRDA:22,3,0,2
BRDA:22,3,1,0
BRDA:53,4,0,3
BRDA:53,4,1,1
BRDA:67,5,0,2
BRDA:67,5,1,1
BRDA:81,6,0,3
BRDA:81,6,1,2
BRF:13
BRH:11
end_of_record
TN:
SF:src\services\userService.jsx
FN:6,(anonymous_0)
FN:26,(anonymous_1)
FN:41,(anonymous_2)
FN:56,(anonymous_3)
FN:74,(anonymous_4)
FNF:5
FNH:5
FNDA:3,(anonymous_0)
FNDA:3,(anonymous_1)
FNDA:2,(anonymous_2)
FNDA:3,(anonymous_3)
FNDA:5,(anonymous_4)
DA:3,6
DA:6,6
DA:7,3
DA:8,3
DA:13,3
DA:19,1
DA:21,2
DA:26,6
DA:27,3
DA:28,3
DA:34,1
DA:36,2
DA:41,6
DA:42,2
DA:43,2
DA:49,1
DA:51,1
DA:56,6
DA:57,3
DA:58,3
DA:64,2
DA:65,2
DA:67,0
DA:69,1
DA:74,6
DA:75,5
DA:76,5
DA:82,3
DA:83,2
DA:85,0
DA:87,3
LF:31
LH:29
BRDA:21,0,0,2
BRDA:21,0,1,1
BRDA:64,1,0,2
BRDA:64,1,1,0
BRDA:69,2,0,1
BRDA:69,2,1,0
BRDA:82,3,0,2
BRDA:82,3,1,0
BRDA:87,4,0,3
BRDA:87,4,1,1
BRF:10
BRH:7
end_of_record
