TN:
SF:controllers\royaltyController.js
FN:6,(anonymous_0)
FN:14,(anonymous_1)
FN:20,(anonymous_2)
FNF:3
FNH:3
FNDA:2,(anonymous_0)
FNDA:2,(anonymous_1)
FNDA:3,(anonymous_2)
DA:1,1
DA:2,1
DA:3,1
DA:5,1
DA:7,2
DA:8,2
DA:10,2
DA:11,1
DA:15,2
DA:16,2
DA:17,1
DA:21,3
DA:22,3
DA:23,2
DA:27,1
LF:15
LH:15
BRF:0
BRH:0
end_of_record
TN:
SF:controllers\transactionController.js
FN:6,(anonymous_0)
FN:21,(anonymous_1)
FN:30,(anonymous_2)
FN:39,(anonymous_3)
FN:46,(anonymous_4)
FN:55,(anonymous_5)
FN:70,(anonymous_6)
FNF:7
FNH:5
FNDA:2,(anonymous_0)
FNDA:1,(anonymous_1)
FNDA:1,(anonymous_2)
FNDA:0,(anonymous_3)
FNDA:0,(anonymous_4)
FNDA:2,(anonymous_5)
FNDA:1,(anonymous_6)
DA:1,1
DA:2,1
DA:3,1
DA:5,1
DA:7,2
DA:9,2
DA:10,1
DA:13,1
DA:14,1
DA:22,1
DA:24,1
DA:31,1
DA:32,1
DA:33,1
DA:40,0
DA:41,0
DA:42,0
DA:47,0
DA:48,0
DA:49,0
DA:56,2
DA:58,2
DA:59,1
DA:62,1
DA:63,1
DA:71,1
DA:72,1
DA:75,1
DA:76,1
DA:79,1
DA:83,1
LF:31
LH:25
BRDA:9,0,0,1
BRDA:9,0,1,1
BRDA:9,1,0,2
BRDA:9,1,1,2
BRDA:9,1,2,1
BRDA:58,2,0,1
BRDA:58,2,1,1
BRDA:58,3,0,2
BRDA:58,3,1,1
BRF:9
BRH:9
end_of_record
TN:
SF:middleware\authMiddleware.js
FN:4,(anonymous_0)
FNF:1
FNH:1
FNDA:6,(anonymous_0)
DA:1,1
DA:2,1
DA:4,1
DA:5,6
DA:7,6
DA:8,1
DA:11,5
DA:12,5
DA:13,1
DA:17,4
DA:20,3
DA:21,2
DA:22,1
DA:25,1
DA:27,1
DA:29,2
DA:33,1
LF:17
LH:17
BRDA:7,0,0,1
BRDA:7,0,1,5
BRDA:12,1,0,1
BRDA:12,1,1,4
BRDA:21,2,0,1
BRDA:21,2,1,1
BRF:6
BRH:6
end_of_record
TN:
SF:models\artistModel.js
FNF:0
FNH:0
DA:1,1
DA:3,1
DA:22,1
LF:3
LH:3
BRF:0
BRH:0
end_of_record
TN:
SF:models\managerModel.js
FNF:0
FNH:0
DA:1,1
DA:3,1
DA:18,1
LF:3
LH:3
BRF:0
BRH:0
end_of_record
TN:
SF:models\royaltyModel.js
FN:18,(anonymous_0)
FNF:1
FNH:1
FNDA:12,(anonymous_0)
DA:1,1
DA:2,1
DA:3,1
DA:5,1
DA:18,1
DA:19,12
DA:20,7
DA:21,7
DA:32,12
DA:36,1
LF:10
LH:10
BRDA:19,0,0,7
BRDA:19,0,1,5
BRF:2
BRH:2
end_of_record
TN:
SF:models\songModel.js
FN:20,(anonymous_0)
FN:27,(anonymous_1)
FN:37,(anonymous_2)
FNF:3
FNH:3
FNDA:12,(anonymous_0)
FNDA:3,(anonymous_1)
FNDA:15,(anonymous_2)
DA:2,1
DA:3,1
DA:5,1
DA:20,1
DA:21,12
DA:22,12
DA:27,1
DA:28,3
DA:29,3
DA:30,3
DA:37,1
DA:38,15
DA:45,15
DA:52,15
DA:53,15
DA:55,15
DA:65,1
LF:17
LH:17
BRDA:28,0,0,3
BRDA:28,0,1,0
BRDA:52,1,0,15
BRDA:52,1,1,0
BRDA:53,2,0,15
BRDA:53,2,1,0
BRDA:65,3,0,1
BRDA:65,3,1,1
BRF:8
BRH:5
end_of_record
TN:
SF:models\transaction.js
FN:19,(anonymous_0)
FNF:1
FNH:1
FNDA:14,(anonymous_0)
DA:1,1
DA:2,1
DA:3,1
DA:5,1
DA:19,1
DA:20,14
DA:21,10
DA:23,14
DA:26,1
LF:9
LH:9
BRDA:20,0,0,10
BRDA:20,0,1,4
BRF:2
BRH:2
end_of_record
TN:
SF:models\userModel.js
FNF:0
FNH:0
DA:1,1
DA:3,1
DA:13,1
LF:3
LH:3
BRF:0
BRH:0
end_of_record
TN:
SF:repositories\royaltyRepository.js
FN:7,(anonymous_0)
FN:14,(anonymous_1)
FN:19,(anonymous_2)
FN:23,(anonymous_3)
FN:27,(anonymous_4)
FNF:5
FNH:5
FNDA:2,(anonymous_0)
FNDA:5,(anonymous_1)
FNDA:2,(anonymous_2)
FNDA:3,(anonymous_3)
FNDA:3,(anonymous_4)
DA:1,1
DA:2,1
DA:3,1
DA:8,2
DA:10,2
DA:15,5
DA:20,2
DA:24,3
DA:28,3
DA:36,1
LF:10
LH:10
BRF:0
BRH:0
end_of_record
TN:
SF:repositories\transactionRepository.js
FN:8,(anonymous_0)
FN:12,(anonymous_1)
FN:16,(anonymous_2)
FN:22,(anonymous_3)
FN:32,(anonymous_4)
FN:37,(anonymous_5)
FN:41,(anonymous_6)
FN:45,(anonymous_7)
FN:49,(anonymous_8)
FN:53,(anonymous_9)
FN:57,(anonymous_10)
FN:61,(anonymous_11)
FN:65,(anonymous_12)
FNF:13
FNH:12
FNDA:1,(anonymous_0)
FNDA:1,(anonymous_1)
FNDA:3,(anonymous_2)
FNDA:0,(anonymous_3)
FNDA:1,(anonymous_4)
FNDA:1,(anonymous_5)
FNDA:1,(anonymous_6)
FNDA:1,(anonymous_7)
FNDA:1,(anonymous_8)
FNDA:1,(anonymous_9)
FNDA:1,(anonymous_10)
FNDA:1,(anonymous_11)
FNDA:1,(anonymous_12)
DA:1,1
DA:2,1
DA:3,1
DA:4,1
DA:5,1
DA:9,1
DA:13,1
DA:17,3
DA:18,1
DA:19,2
DA:20,1
DA:22,1
DA:23,1
DA:28,1
DA:33,1
DA:34,1
DA:38,1
DA:42,1
DA:46,1
DA:50,1
DA:54,1
DA:58,1
DA:62,1
DA:66,1
DA:70,1
LF:25
LH:25
BRDA:17,0,0,1
BRDA:17,0,1,2
BRDA:19,1,0,1
BRDA:19,1,1,1
BRF:4
BRH:4
end_of_record
TN:
SF:services\royaltyService.js
FN:4,(anonymous_0)
FN:8,(anonymous_1)
FN:11,(anonymous_2)
FN:12,(anonymous_3)
FN:13,(anonymous_4)
FN:14,(anonymous_5)
FN:24,(anonymous_6)
FN:32,(anonymous_7)
FN:41,(anonymous_8)
FNF:9
FNH:9
FNDA:16,(anonymous_0)
FNDA:5,(anonymous_1)
FNDA:4,(anonymous_2)
FNDA:4,(anonymous_3)
FNDA:4,(anonymous_4)
FNDA:4,(anonymous_5)
FNDA:4,(anonymous_6)
FNDA:3,(anonymous_7)
FNDA:4,(anonymous_8)
DA:1,1
DA:5,16
DA:9,5
DA:10,5
DA:11,4
DA:12,4
DA:13,4
DA:14,4
DA:16,3
DA:18,2
DA:19,2
DA:25,4
DA:26,4
DA:27,3
DA:28,1
DA:33,3
DA:34,2
DA:35,1
DA:37,2
DA:42,4
DA:43,3
DA:44,2
DA:46,3
DA:50,1
LF:24
LH:24
BRDA:11,0,0,4
BRDA:11,0,1,1
BRDA:12,1,0,4
BRDA:12,1,1,1
BRDA:13,2,0,4
BRDA:13,2,1,1
BRDA:14,3,0,4
BRDA:14,3,1,1
BRDA:34,4,0,1
BRDA:34,4,1,1
BRDA:43,5,0,2
BRDA:43,5,1,1
BRF:12
BRH:12
end_of_record
TN:
SF:services\transactionService.js
FN:5,(anonymous_0)
FN:9,(anonymous_1)
FN:50,(anonymous_2)
FN:57,(anonymous_3)
FN:61,(anonymous_4)
FN:65,(anonymous_5)
FN:69,(anonymous_6)
FN:73,(anonymous_7)
FN:83,(anonymous_8)
FN:95,(anonymous_9)
FN:106,(anonymous_10)
FN:190,(anonymous_11)
FN:224,(anonymous_12)
FN:225,(anonymous_13)
FNF:14
FNH:14
FNDA:14,(anonymous_0)
FNDA:5,(anonymous_1)
FNDA:2,(anonymous_2)
FNDA:1,(anonymous_3)
FNDA:1,(anonymous_4)
FNDA:1,(anonymous_5)
FNDA:1,(anonymous_6)
FNDA:2,(anonymous_7)
FNDA:65,(anonymous_8)
FNDA:3,(anonymous_9)
FNDA:3,(anonymous_10)
FNDA:1,(anonymous_11)
FNDA:1,(anonymous_12)
FNDA:1,(anonymous_13)
DA:1,1
DA:2,1
DA:6,14
DA:10,5
DA:11,5
DA:13,4
DA:14,4
DA:16,3
DA:17,3
DA:19,2
DA:20,2
DA:23,1
DA:24,1
DA:27,1
DA:28,1
DA:29,1
DA:30,1
DA:31,1
DA:34,1
DA:35,1
DA:38,1
DA:39,1
DA:42,1
DA:43,1
DA:44,1
DA:45,1
DA:47,1
DA:51,2
DA:52,2
DA:54,1
DA:58,1
DA:62,1
DA:66,1
DA:70,1
DA:74,2
DA:75,2
DA:77,1
DA:81,1
DA:82,1
DA:83,65
DA:86,1
DA:95,1
DA:96,3
DA:97,3
DA:98,0
DA:99,0
DA:100,0
DA:102,0
DA:106,1
DA:107,3
DA:108,3
DA:110,3
DA:111,2
DA:113,1
DA:117,3
DA:123,3
DA:134,3
DA:141,3
DA:148,3
DA:154,3
DA:159,1
DA:160,1
DA:162,1
DA:163,1
DA:166,1
DA:167,1
DA:179,1
DA:182,1
DA:185,1
DA:186,1
DA:187,1
DA:190,1
DA:191,1
DA:192,1
DA:193,1
DA:195,1
DA:205,1
DA:206,1
DA:209,1
DA:212,1
DA:213,1
DA:222,1
DA:224,1
DA:225,1
DA:230,1
LF:85
LH:81
BRDA:11,0,0,1
BRDA:11,0,1,4
BRDA:14,1,0,1
BRDA:14,1,1,3
BRDA:17,2,0,1
BRDA:17,2,1,2
BRDA:20,3,0,1
BRDA:20,3,1,1
BRDA:29,4,0,1
BRDA:29,4,1,1
BRDA:30,5,0,1
BRDA:30,5,1,1
BRDA:38,6,0,1
BRDA:38,6,1,1
BRDA:39,7,0,1
BRDA:39,7,1,1
BRDA:52,8,0,1
BRDA:52,8,1,1
BRDA:75,9,0,1
BRDA:75,9,1,1
BRDA:77,10,0,1
BRDA:77,10,1,0
BRDA:96,11,0,0
BRDA:96,11,1,3
BRDA:97,12,0,3
BRDA:97,12,1,0
BRDA:99,13,0,0
BRDA:99,13,1,0
BRDA:106,14,0,1
BRDA:110,15,0,2
BRDA:110,15,1,1
BRDA:173,16,0,1
BRDA:173,16,1,0
BRDA:193,17,0,1
BRDA:193,17,1,0
BRDA:197,18,0,1
BRDA:197,18,1,0
BRDA:200,19,0,1
BRDA:200,19,1,0
BRF:39
BRH:30
end_of_record
