{"C:\\Users\\Sudipta.Barua\\OneDrive - Brillio\\Documents\\FinalCapstoneProject\\RMS\\frontend\\src\\App.jsx": {"path":"C:\\Users\\Sudipta.Barua\\OneDrive - Brillio\\Documents\\FinalCapstoneProject\\RMS\\frontend\\src\\App.jsx","statementMap":{"0":{"start":{"line":5,"column":2},"end":{"line":9,"column":4}}},"fnMap":{"0":{"name":"App","decl":{"start":{"line":4,"column":9},"end":{"line":4,"column":12}},"loc":{"start":{"line":4,"column":15},"end":{"line":10,"column":1}},"line":4}},"branchMap":{},"s":{"0":1},"f":{"0":1},"b":{},"_coverageSchema":"1a1c01bbd47fc00a2c39e90264f33305004495a9","hash":"212adbd630d0e627c325dbc6b87005c43ad7e3f2"}
,"C:\\Users\\Sudipta.Barua\\OneDrive - Brillio\\Documents\\FinalCapstoneProject\\RMS\\frontend\\src\\components\\commonComponents\\Navbar.jsx": {"path":"C:\\Users\\Sudipta.Barua\\OneDrive - Brillio\\Documents\\FinalCapstoneProject\\RMS\\frontend\\src\\components\\commonComponents\\Navbar.jsx","statementMap":{"0":{"start":{"line":8,"column":15},"end":{"line":97,"column":1}},"1":{"start":{"line":9,"column":27},"end":{"line":9,"column":36}},"2":{"start":{"line":10,"column":19},"end":{"line":10,"column":32}},"3":{"start":{"line":11,"column":40},"end":{"line":11,"column":55}},"4":{"start":{"line":12,"column":52},"end":{"line":12,"column":67}},"5":{"start":{"line":13,"column":21},"end":{"line":13,"column":33}},"6":{"start":{"line":14,"column":26},"end":{"line":14,"column":38}},"7":{"start":{"line":16,"column":26},"end":{"line":16,"column":44}},"8":{"start":{"line":18,"column":23},"end":{"line":21,"column":3}},"9":{"start":{"line":19,"column":4},"end":{"line":19,"column":13}},"10":{"start":{"line":20,"column":4},"end":{"line":20,"column":23}},"11":{"start":{"line":24,"column":24},"end":{"line":27,"column":3}},"12":{"start":{"line":25,"column":4},"end":{"line":25,"column":36}},"13":{"start":{"line":25,"column":29},"end":{"line":25,"column":34}},"14":{"start":{"line":26,"column":4},"end":{"line":26,"column":32}},"15":{"start":{"line":30,"column":30},"end":{"line":33,"column":3}},"16":{"start":{"line":31,"column":4},"end":{"line":31,"column":42}},"17":{"start":{"line":31,"column":35},"end":{"line":31,"column":40}},"18":{"start":{"line":32,"column":4},"end":{"line":32,"column":26}},"19":{"start":{"line":35,"column":2},"end":{"line":47,"column":9}},"20":{"start":{"line":36,"column":31},"end":{"line":44,"column":5}},"21":{"start":{"line":37,"column":6},"end":{"line":43,"column":7}},"22":{"start":{"line":41,"column":8},"end":{"line":41,"column":30}},"23":{"start":{"line":42,"column":8},"end":{"line":42,"column":36}},"24":{"start":{"line":45,"column":4},"end":{"line":45,"column":63}},"25":{"start":{"line":46,"column":4},"end":{"line":46,"column":79}},"26":{"start":{"line":46,"column":17},"end":{"line":46,"column":78}},"27":{"start":{"line":49,"column":2},"end":{"line":96,"column":4}}},"fnMap":{"0":{"name":"(anonymous_0)","decl":{"start":{"line":8,"column":15},"end":{"line":8,"column":16}},"loc":{"start":{"line":8,"column":38},"end":{"line":97,"column":1}},"line":8},"1":{"name":"(anonymous_1)","decl":{"start":{"line":18,"column":23},"end":{"line":18,"column":24}},"loc":{"start":{"line":18,"column":29},"end":{"line":21,"column":3}},"line":18},"2":{"name":"(anonymous_2)","decl":{"start":{"line":24,"column":24},"end":{"line":24,"column":25}},"loc":{"start":{"line":24,"column":30},"end":{"line":27,"column":3}},"line":24},"3":{"name":"(anonymous_3)","decl":{"start":{"line":25,"column":19},"end":{"line":25,"column":20}},"loc":{"start":{"line":25,"column":29},"end":{"line":25,"column":34}},"line":25},"4":{"name":"(anonymous_4)","decl":{"start":{"line":30,"column":30},"end":{"line":30,"column":31}},"loc":{"start":{"line":30,"column":36},"end":{"line":33,"column":3}},"line":30},"5":{"name":"(anonymous_5)","decl":{"start":{"line":31,"column":25},"end":{"line":31,"column":26}},"loc":{"start":{"line":31,"column":35},"end":{"line":31,"column":40}},"line":31},"6":{"name":"(anonymous_6)","decl":{"start":{"line":35,"column":12},"end":{"line":35,"column":13}},"loc":{"start":{"line":35,"column":18},"end":{"line":47,"column":3}},"line":35},"7":{"name":"(anonymous_7)","decl":{"start":{"line":36,"column":31},"end":{"line":36,"column":32}},"loc":{"start":{"line":36,"column":42},"end":{"line":44,"column":5}},"line":36},"8":{"name":"(anonymous_8)","decl":{"start":{"line":46,"column":11},"end":{"line":46,"column":12}},"loc":{"start":{"line":46,"column":17},"end":{"line":46,"column":78}},"line":46}},"branchMap":{"0":{"loc":{"start":{"line":37,"column":6},"end":{"line":43,"column":7}},"type":"if","locations":[{"start":{"line":37,"column":6},"end":{"line":43,"column":7}},{"start":{},"end":{}}],"line":37},"1":{"loc":{"start":{"line":38,"column":8},"end":{"line":39,"column":56}},"type":"binary-expr","locations":[{"start":{"line":38,"column":8},"end":{"line":38,"column":51}},{"start":{"line":39,"column":8},"end":{"line":39,"column":56}}],"line":38},"2":{"loc":{"start":{"line":54,"column":60},"end":{"line":54,"column":90}},"type":"cond-expr","locations":[{"start":{"line":54,"column":67},"end":{"line":54,"column":80}},{"start":{"line":54,"column":83},"end":{"line":54,"column":90}}],"line":54},"3":{"loc":{"start":{"line":57,"column":9},"end":{"line":66,"column":9}},"type":"binary-expr","locations":[{"start":{"line":57,"column":9},"end":{"line":57,"column":13}},{"start":{"line":57,"column":18},"end":{"line":57,"column":40}},{"start":{"line":57,"column":44},"end":{"line":57,"column":67}},{"start":{"line":58,"column":10},"end":{"line":65,"column":19}}],"line":57},"4":{"loc":{"start":{"line":60,"column":13},"end":{"line":64,"column":13}},"type":"binary-expr","locations":[{"start":{"line":60,"column":13},"end":{"line":60,"column":28}},{"start":{"line":61,"column":14},"end":{"line":63,"column":21}}],"line":60},"5":{"loc":{"start":{"line":78,"column":7},"end":{"line":82,"column":7}},"type":"binary-expr","locations":[{"start":{"line":78,"column":7},"end":{"line":78,"column":24}},{"start":{"line":79,"column":8},"end":{"line":81,"column":14}}],"line":78},"6":{"loc":{"start":{"line":84,"column":7},"end":{"line":94,"column":7}},"type":"binary-expr","locations":[{"start":{"line":84,"column":7},"end":{"line":84,"column":18}},{"start":{"line":84,"column":22},"end":{"line":84,"column":26}},{"start":{"line":85,"column":8},"end":{"line":93,"column":14}}],"line":84}},"s":{"0":0,"1":0,"2":0,"3":0,"4":0,"5":0,"6":0,"7":0,"8":0,"9":0,"10":0,"11":0,"12":0,"13":0,"14":0,"15":0,"16":0,"17":0,"18":0,"19":0,"20":0,"21":0,"22":0,"23":0,"24":0,"25":0,"26":0,"27":0},"f":{"0":0,"1":0,"2":0,"3":0,"4":0,"5":0,"6":0,"7":0,"8":0},"b":{"0":[0,0],"1":[0,0],"2":[0,0],"3":[0,0,0,0],"4":[0,0],"5":[0,0],"6":[0,0,0]}}
,"C:\\Users\\Sudipta.Barua\\OneDrive - Brillio\\Documents\\FinalCapstoneProject\\RMS\\frontend\\src\\components\\commonComponents\\SummaryCard.jsx": {"path":"C:\\Users\\Sudipta.Barua\\OneDrive - Brillio\\Documents\\FinalCapstoneProject\\RMS\\frontend\\src\\components\\commonComponents\\SummaryCard.jsx","statementMap":{"0":{"start":{"line":3,"column":20},"end":{"line":10,"column":1}},"1":{"start":{"line":4,"column":2},"end":{"line":9,"column":4}}},"fnMap":{"0":{"name":"(anonymous_0)","decl":{"start":{"line":3,"column":20},"end":{"line":3,"column":21}},"loc":{"start":{"line":3,"column":42},"end":{"line":10,"column":1}},"line":3}},"branchMap":{},"s":{"0":0,"1":0},"f":{"0":0},"b":{}}
,"C:\\Users\\Sudipta.Barua\\OneDrive - Brillio\\Documents\\FinalCapstoneProject\\RMS\\frontend\\src\\components\\dashboard\\adminPages\\AdminPayments.jsx": {"path":"C:\\Users\\Sudipta.Barua\\OneDrive - Brillio\\Documents\\FinalCapstoneProject\\RMS\\frontend\\src\\components\\dashboard\\adminPages\\AdminPayments.jsx","statementMap":{"0":{"start":{"line":8,"column":17},"end":{"line":111,"column":1}},"1":{"start":{"line":9,"column":24},"end":{"line":9,"column":44}},"2":{"start":{"line":10,"column":88},"end":{"line":10,"column":100}},"3":{"start":{"line":12,"column":50},"end":{"line":12,"column":64}},"4":{"start":{"line":13,"column":44},"end":{"line":13,"column":56}},"5":{"start":{"line":14,"column":46},"end":{"line":14,"column":78}},"6":{"start":{"line":18,"column":31},"end":{"line":21,"column":5}},"7":{"start":{"line":19,"column":25},"end":{"line":19,"column":43}},"8":{"start":{"line":20,"column":8},"end":{"line":20,"column":42}},"9":{"start":{"line":23,"column":36},"end":{"line":26,"column":5}},"10":{"start":{"line":24,"column":8},"end":{"line":24,"column":36}},"11":{"start":{"line":25,"column":8},"end":{"line":25,"column":49}},"12":{"start":{"line":28,"column":29},"end":{"line":37,"column":5}},"13":{"start":{"line":29,"column":8},"end":{"line":32,"column":9}},"14":{"start":{"line":30,"column":12},"end":{"line":30,"column":77}},"15":{"start":{"line":31,"column":12},"end":{"line":31,"column":19}},"16":{"start":{"line":34,"column":21},"end":{"line":34,"column":83}},"17":{"start":{"line":36,"column":8},"end":{"line":36,"column":30}},"18":{"start":{"line":39,"column":4},"end":{"line":44,"column":25}},"19":{"start":{"line":40,"column":8},"end":{"line":43,"column":9}},"20":{"start":{"line":41,"column":12},"end":{"line":41,"column":49}},"21":{"start":{"line":42,"column":12},"end":{"line":42,"column":45}},"22":{"start":{"line":46,"column":4},"end":{"line":110,"column":6}},"23":{"start":{"line":54,"column":20},"end":{"line":54,"column":90}},"24":{"start":{"line":76,"column":28},"end":{"line":86,"column":33}},"25":{"start":{"line":82,"column":55},"end":{"line":82,"column":87}}},"fnMap":{"0":{"name":"(anonymous_0)","decl":{"start":{"line":8,"column":17},"end":{"line":8,"column":18}},"loc":{"start":{"line":8,"column":23},"end":{"line":111,"column":1}},"line":8},"1":{"name":"(anonymous_1)","decl":{"start":{"line":18,"column":31},"end":{"line":18,"column":32}},"loc":{"start":{"line":18,"column":42},"end":{"line":21,"column":5}},"line":18},"2":{"name":"(anonymous_2)","decl":{"start":{"line":23,"column":36},"end":{"line":23,"column":37}},"loc":{"start":{"line":23,"column":49},"end":{"line":26,"column":5}},"line":23},"3":{"name":"(anonymous_3)","decl":{"start":{"line":28,"column":29},"end":{"line":28,"column":30}},"loc":{"start":{"line":28,"column":49},"end":{"line":37,"column":5}},"line":28},"4":{"name":"(anonymous_4)","decl":{"start":{"line":39,"column":14},"end":{"line":39,"column":15}},"loc":{"start":{"line":39,"column":20},"end":{"line":44,"column":5}},"line":39},"5":{"name":"(anonymous_5)","decl":{"start":{"line":53,"column":29},"end":{"line":53,"column":30}},"loc":{"start":{"line":54,"column":20},"end":{"line":54,"column":90}},"line":54},"6":{"name":"(anonymous_6)","decl":{"start":{"line":75,"column":39},"end":{"line":75,"column":40}},"loc":{"start":{"line":76,"column":28},"end":{"line":86,"column":33}},"line":76},"7":{"name":"(anonymous_7)","decl":{"start":{"line":82,"column":49},"end":{"line":82,"column":50}},"loc":{"start":{"line":82,"column":55},"end":{"line":82,"column":87}},"line":82}},"branchMap":{"0":{"loc":{"start":{"line":10,"column":12},"end":{"line":10,"column":26}},"type":"default-arg","locations":[{"start":{"line":10,"column":24},"end":{"line":10,"column":26}}],"line":10},"1":{"loc":{"start":{"line":20,"column":26},"end":{"line":20,"column":40}},"type":"binary-expr","locations":[{"start":{"line":20,"column":26},"end":{"line":20,"column":34}},{"start":{"line":20,"column":38},"end":{"line":20,"column":40}}],"line":20},"2":{"loc":{"start":{"line":29,"column":8},"end":{"line":32,"column":9}},"type":"if","locations":[{"start":{"line":29,"column":8},"end":{"line":32,"column":9}},{"start":{},"end":{}}],"line":29},"3":{"loc":{"start":{"line":40,"column":8},"end":{"line":43,"column":9}},"type":"if","locations":[{"start":{"line":40,"column":8},"end":{"line":43,"column":9}},{"start":{},"end":{}}],"line":40},"4":{"loc":{"start":{"line":51,"column":95},"end":{"line":51,"column":115}},"type":"binary-expr","locations":[{"start":{"line":51,"column":95},"end":{"line":51,"column":109}},{"start":{"line":51,"column":113},"end":{"line":51,"column":115}}],"line":51},"5":{"loc":{"start":{"line":58,"column":13},"end":{"line":62,"column":13}},"type":"binary-expr","locations":[{"start":{"line":58,"column":13},"end":{"line":58,"column":31}},{"start":{"line":59,"column":16},"end":{"line":61,"column":22}}],"line":58},"6":{"loc":{"start":{"line":59,"column":64},"end":{"line":59,"column":156}},"type":"cond-expr","locations":[{"start":{"line":59,"column":99},"end":{"line":59,"column":128}},{"start":{"line":59,"column":131},"end":{"line":59,"column":156}}],"line":59},"7":{"loc":{"start":{"line":64,"column":13},"end":{"line":90,"column":13}},"type":"binary-expr","locations":[{"start":{"line":64,"column":13},"end":{"line":64,"column":27}},{"start":{"line":64,"column":31},"end":{"line":64,"column":51}},{"start":{"line":65,"column":16},"end":{"line":89,"column":24}}],"line":64},"8":{"loc":{"start":{"line":77,"column":60},"end":{"line":77,"column":93}},"type":"binary-expr","locations":[{"start":{"line":77,"column":60},"end":{"line":77,"column":84}},{"start":{"line":77,"column":88},"end":{"line":77,"column":93}}],"line":77},"9":{"loc":{"start":{"line":78,"column":61},"end":{"line":78,"column":98}},"type":"binary-expr","locations":[{"start":{"line":78,"column":61},"end":{"line":78,"column":93}},{"start":{"line":78,"column":97},"end":{"line":78,"column":98}}],"line":78},"10":{"loc":{"start":{"line":79,"column":61},"end":{"line":79,"column":185}},"type":"binary-expr","locations":[{"start":{"line":79,"column":61},"end":{"line":79,"column":180}},{"start":{"line":79,"column":184},"end":{"line":79,"column":185}}],"line":79},"11":{"loc":{"start":{"line":79,"column":115},"end":{"line":79,"column":167}},"type":"binary-expr","locations":[{"start":{"line":79,"column":115},"end":{"line":79,"column":159}},{"start":{"line":79,"column":163},"end":{"line":79,"column":167}}],"line":79},"12":{"loc":{"start":{"line":92,"column":13},"end":{"line":100,"column":13}},"type":"binary-expr","locations":[{"start":{"line":92,"column":13},"end":{"line":92,"column":28}},{"start":{"line":93,"column":16},"end":{"line":99,"column":18}}],"line":92}},"s":{"0":1,"1":17,"2":17,"3":17,"4":16,"5":16,"6":16,"7":0,"8":0,"9":16,"10":0,"11":0,"12":16,"13":0,"14":0,"15":0,"16":0,"17":0,"18":16,"19":0,"20":0,"21":0,"22":16,"23":12,"24":4,"25":0},"f":{"0":17,"1":0,"2":0,"3":0,"4":0,"5":12,"6":4,"7":0},"b":{"0":[0],"1":[0,0],"2":[0,0],"3":[0,0],"4":[16,6],"5":[16,0],"6":[0,0],"7":[16,10,4],"8":[4,0],"9":[4,0],"10":[4,0],"11":[4,4],"12":[16,0]},"_coverageSchema":"1a1c01bbd47fc00a2c39e90264f33305004495a9","hash":"8fb14a8df4aa4201ea7e76734ce5a1b9999f49db"}
,"C:\\Users\\Sudipta.Barua\\OneDrive - Brillio\\Documents\\FinalCapstoneProject\\RMS\\frontend\\src\\components\\dashboard\\adminPages\\AdminSummary.jsx": {"path":"C:\\Users\\Sudipta.Barua\\OneDrive - Brillio\\Documents\\FinalCapstoneProject\\RMS\\frontend\\src\\components\\dashboard\\adminPages\\AdminSummary.jsx","statementMap":{"0":{"start":{"line":10,"column":21},"end":{"line":43,"column":1}},"1":{"start":{"line":11,"column":57},"end":{"line":11,"column":77}},"2":{"start":{"line":13,"column":4},"end":{"line":42,"column":6}}},"fnMap":{"0":{"name":"(anonymous_0)","decl":{"start":{"line":10,"column":21},"end":{"line":10,"column":22}},"loc":{"start":{"line":10,"column":27},"end":{"line":43,"column":1}},"line":10}},"branchMap":{"0":{"loc":{"start":{"line":11,"column":12},"end":{"line":11,"column":24}},"type":"default-arg","locations":[{"start":{"line":11,"column":22},"end":{"line":11,"column":24}}],"line":11},"1":{"loc":{"start":{"line":11,"column":26},"end":{"line":11,"column":43}},"type":"default-arg","locations":[{"start":{"line":11,"column":41},"end":{"line":11,"column":43}}],"line":11}},"s":{"0":1,"1":6,"2":6},"f":{"0":6},"b":{"0":[0],"1":[0]},"_coverageSchema":"1a1c01bbd47fc00a2c39e90264f33305004495a9","hash":"4e74bc1b99bad073ff1c0dee148212f8f2fc172e"}
,"C:\\Users\\Sudipta.Barua\\OneDrive - Brillio\\Documents\\FinalCapstoneProject\\RMS\\frontend\\src\\components\\dashboard\\adminPages\\ArtistTable.jsx": {"path":"C:\\Users\\Sudipta.Barua\\OneDrive - Brillio\\Documents\\FinalCapstoneProject\\RMS\\frontend\\src\\components\\dashboard\\adminPages\\ArtistTable.jsx","statementMap":{"0":{"start":{"line":5,"column":21},"end":{"line":62,"column":1}},"1":{"start":{"line":6,"column":40},"end":{"line":6,"column":52}},"2":{"start":{"line":8,"column":4},"end":{"line":11,"column":5}},"3":{"start":{"line":9,"column":8},"end":{"line":9,"column":70}},"4":{"start":{"line":10,"column":8},"end":{"line":10,"column":49}},"5":{"start":{"line":14,"column":26},"end":{"line":19,"column":6}},"6":{"start":{"line":15,"column":8},"end":{"line":17,"column":9}},"7":{"start":{"line":16,"column":12},"end":{"line":16,"column":65}},"8":{"start":{"line":18,"column":8},"end":{"line":18,"column":59}},"9":{"start":{"line":22,"column":28},"end":{"line":24,"column":5}},"10":{"start":{"line":23,"column":8},"end":{"line":23,"column":73}},"11":{"start":{"line":26,"column":4},"end":{"line":61,"column":6}},"12":{"start":{"line":42,"column":32},"end":{"line":48,"column":37}}},"fnMap":{"0":{"name":"(anonymous_0)","decl":{"start":{"line":5,"column":21},"end":{"line":5,"column":22}},"loc":{"start":{"line":5,"column":43},"end":{"line":62,"column":1}},"line":5},"1":{"name":"(anonymous_1)","decl":{"start":{"line":14,"column":44},"end":{"line":14,"column":45}},"loc":{"start":{"line":14,"column":54},"end":{"line":19,"column":5}},"line":14},"2":{"name":"(anonymous_2)","decl":{"start":{"line":22,"column":49},"end":{"line":22,"column":50}},"loc":{"start":{"line":23,"column":8},"end":{"line":23,"column":73}},"line":23},"3":{"name":"(anonymous_3)","decl":{"start":{"line":41,"column":48},"end":{"line":41,"column":49}},"loc":{"start":{"line":42,"column":32},"end":{"line":48,"column":37}},"line":42}},"branchMap":{"0":{"loc":{"start":{"line":5,"column":24},"end":{"line":5,"column":36}},"type":"default-arg","locations":[{"start":{"line":5,"column":34},"end":{"line":5,"column":36}}],"line":5},"1":{"loc":{"start":{"line":8,"column":4},"end":{"line":11,"column":5}},"type":"if","locations":[{"start":{"line":8,"column":4},"end":{"line":11,"column":5}},{"start":{},"end":{}}],"line":8},"2":{"loc":{"start":{"line":15,"column":8},"end":{"line":17,"column":9}},"type":"if","locations":[{"start":{"line":15,"column":8},"end":{"line":17,"column":9}},{"start":{},"end":{}}],"line":15},"3":{"loc":{"start":{"line":15,"column":13},"end":{"line":15,"column":32}},"type":"binary-expr","locations":[{"start":{"line":15,"column":13},"end":{"line":15,"column":27}},{"start":{"line":15,"column":31},"end":{"line":15,"column":32}}],"line":15},"4":{"loc":{"start":{"line":15,"column":39},"end":{"line":15,"column":58}},"type":"binary-expr","locations":[{"start":{"line":15,"column":39},"end":{"line":15,"column":53}},{"start":{"line":15,"column":57},"end":{"line":15,"column":58}}],"line":15},"5":{"loc":{"start":{"line":16,"column":20},"end":{"line":16,"column":39}},"type":"binary-expr","locations":[{"start":{"line":16,"column":20},"end":{"line":16,"column":34}},{"start":{"line":16,"column":38},"end":{"line":16,"column":39}}],"line":16},"6":{"loc":{"start":{"line":16,"column":44},"end":{"line":16,"column":63}},"type":"binary-expr","locations":[{"start":{"line":16,"column":44},"end":{"line":16,"column":58}},{"start":{"line":16,"column":62},"end":{"line":16,"column":63}}],"line":16},"7":{"loc":{"start":{"line":18,"column":16},"end":{"line":18,"column":34}},"type":"binary-expr","locations":[{"start":{"line":18,"column":16},"end":{"line":18,"column":29}},{"start":{"line":18,"column":33},"end":{"line":18,"column":34}}],"line":18},"8":{"loc":{"start":{"line":18,"column":39},"end":{"line":18,"column":57}},"type":"binary-expr","locations":[{"start":{"line":18,"column":39},"end":{"line":18,"column":52}},{"start":{"line":18,"column":56},"end":{"line":18,"column":57}}],"line":18},"9":{"loc":{"start":{"line":40,"column":25},"end":{"line":56,"column":25}},"type":"cond-expr","locations":[{"start":{"line":41,"column":28},"end":{"line":49,"column":30}},{"start":{"line":51,"column":28},"end":{"line":55,"column":33}}],"line":40},"10":{"loc":{"start":{"line":43,"column":70},"end":{"line":43,"column":98}},"type":"binary-expr","locations":[{"start":{"line":43,"column":70},"end":{"line":43,"column":85}},{"start":{"line":43,"column":89},"end":{"line":43,"column":98}}],"line":43},"11":{"loc":{"start":{"line":44,"column":82},"end":{"line":44,"column":106}},"type":"binary-expr","locations":[{"start":{"line":44,"column":82},"end":{"line":44,"column":101}},{"start":{"line":44,"column":105},"end":{"line":44,"column":106}}],"line":44},"12":{"loc":{"start":{"line":46,"column":43},"end":{"line":46,"column":66}},"type":"binary-expr","locations":[{"start":{"line":46,"column":43},"end":{"line":46,"column":61}},{"start":{"line":46,"column":65},"end":{"line":46,"column":66}}],"line":46}},"s":{"0":1,"1":8,"2":8,"3":1,"4":1,"5":7,"6":18,"7":18,"8":0,"9":7,"10":18,"11":7,"12":13},"f":{"0":8,"1":18,"2":18,"3":13},"b":{"0":[0],"1":[1,7],"2":[18,0],"3":[18,0],"4":[18,0],"5":[18,0],"6":[18,0],"7":[0,0],"8":[0,0],"9":[5,2],"10":[13,0],"11":[13,0],"12":[13,0]},"_coverageSchema":"1a1c01bbd47fc00a2c39e90264f33305004495a9","hash":"e6567cbb721ba6d45d5cd86bdc958818ad62ab32"}
,"C:\\Users\\Sudipta.Barua\\OneDrive - Brillio\\Documents\\FinalCapstoneProject\\RMS\\frontend\\src\\components\\dashboard\\adminPages\\CreateUserForm.jsx": {"path":"C:\\Users\\Sudipta.Barua\\OneDrive - Brillio\\Documents\\FinalCapstoneProject\\RMS\\frontend\\src\\components\\dashboard\\adminPages\\CreateUserForm.jsx","statementMap":{"0":{"start":{"line":4,"column":23},"end":{"line":105,"column":1}},"1":{"start":{"line":5,"column":34},"end":{"line":13,"column":4}},"2":{"start":{"line":15,"column":44},"end":{"line":15,"column":56}},"3":{"start":{"line":16,"column":38},"end":{"line":16,"column":50}},"4":{"start":{"line":18,"column":23},"end":{"line":23,"column":3}},"5":{"start":{"line":19,"column":4},"end":{"line":22,"column":7}},"6":{"start":{"line":25,"column":23},"end":{"line":46,"column":3}},"7":{"start":{"line":26,"column":4},"end":{"line":26,"column":23}},"8":{"start":{"line":27,"column":4},"end":{"line":45,"column":5}},"9":{"start":{"line":28,"column":23},"end":{"line":28,"column":49}},"10":{"start":{"line":29,"column":6},"end":{"line":29,"column":73}},"11":{"start":{"line":30,"column":6},"end":{"line":30,"column":31}},"12":{"start":{"line":33,"column":6},"end":{"line":41,"column":9}},"13":{"start":{"line":43,"column":6},"end":{"line":43,"column":63}},"14":{"start":{"line":44,"column":6},"end":{"line":44,"column":29}},"15":{"start":{"line":48,"column":2},"end":{"line":104,"column":4}},"16":{"start":{"line":57,"column":12},"end":{"line":70,"column":18}}},"fnMap":{"0":{"name":"(anonymous_0)","decl":{"start":{"line":4,"column":23},"end":{"line":4,"column":24}},"loc":{"start":{"line":4,"column":29},"end":{"line":105,"column":1}},"line":4},"1":{"name":"(anonymous_1)","decl":{"start":{"line":18,"column":23},"end":{"line":18,"column":24}},"loc":{"start":{"line":18,"column":30},"end":{"line":23,"column":3}},"line":18},"2":{"name":"(anonymous_2)","decl":{"start":{"line":25,"column":23},"end":{"line":25,"column":24}},"loc":{"start":{"line":25,"column":36},"end":{"line":46,"column":3}},"line":25},"3":{"name":"(anonymous_3)","decl":{"start":{"line":56,"column":84},"end":{"line":56,"column":85}},"loc":{"start":{"line":57,"column":12},"end":{"line":70,"column":18}},"line":57}},"branchMap":{"0":{"loc":{"start":{"line":29,"column":23},"end":{"line":29,"column":71}},"type":"binary-expr","locations":[{"start":{"line":29,"column":23},"end":{"line":29,"column":39}},{"start":{"line":29,"column":43},"end":{"line":29,"column":71}}],"line":29},"1":{"loc":{"start":{"line":43,"column":23},"end":{"line":43,"column":61}},"type":"binary-expr","locations":[{"start":{"line":43,"column":23},"end":{"line":43,"column":36}},{"start":{"line":43,"column":40},"end":{"line":43,"column":61}}],"line":43},"2":{"loc":{"start":{"line":62,"column":22},"end":{"line":62,"column":64}},"type":"cond-expr","locations":[{"start":{"line":62,"column":45},"end":{"line":62,"column":55}},{"start":{"line":62,"column":58},"end":{"line":62,"column":64}}],"line":62},"3":{"loc":{"start":{"line":96,"column":11},"end":{"line":100,"column":11}},"type":"binary-expr","locations":[{"start":{"line":96,"column":11},"end":{"line":96,"column":24}},{"start":{"line":97,"column":12},"end":{"line":99,"column":16}}],"line":96},"4":{"loc":{"start":{"line":97,"column":48},"end":{"line":97,"column":108}},"type":"cond-expr","locations":[{"start":{"line":97,"column":75},"end":{"line":97,"column":91}},{"start":{"line":97,"column":94},"end":{"line":97,"column":108}}],"line":97}},"s":{"0":1,"1":8,"2":8,"3":8,"4":8,"5":3,"6":8,"7":1,"8":1,"9":1,"10":0,"11":0,"12":0,"13":1,"14":1,"15":8,"16":48},"f":{"0":8,"1":3,"2":1,"3":48},"b":{"0":[0,0],"1":[1,0],"2":[8,40],"3":[8,1],"4":[0,1]},"_coverageSchema":"1a1c01bbd47fc00a2c39e90264f33305004495a9","hash":"bda8dd859131096110996490da5096f96630658e"}
,"C:\\Users\\Sudipta.Barua\\OneDrive - Brillio\\Documents\\FinalCapstoneProject\\RMS\\frontend\\src\\components\\dashboard\\adminPages\\ManagerTable.jsx": {"path":"C:\\Users\\Sudipta.Barua\\OneDrive - Brillio\\Documents\\FinalCapstoneProject\\RMS\\frontend\\src\\components\\dashboard\\adminPages\\ManagerTable.jsx","statementMap":{"0":{"start":{"line":4,"column":22},"end":{"line":37,"column":1}},"1":{"start":{"line":5,"column":40},"end":{"line":5,"column":52}},"2":{"start":{"line":7,"column":29},"end":{"line":9,"column":5}},"3":{"start":{"line":8,"column":8},"end":{"line":8,"column":69}},"4":{"start":{"line":11,"column":4},"end":{"line":36,"column":6}},"5":{"start":{"line":26,"column":28},"end":{"line":30,"column":33}}},"fnMap":{"0":{"name":"(anonymous_0)","decl":{"start":{"line":4,"column":22},"end":{"line":4,"column":23}},"loc":{"start":{"line":4,"column":40},"end":{"line":37,"column":1}},"line":4},"1":{"name":"(anonymous_1)","decl":{"start":{"line":7,"column":45},"end":{"line":7,"column":46}},"loc":{"start":{"line":8,"column":8},"end":{"line":8,"column":69}},"line":8},"2":{"name":"(anonymous_2)","decl":{"start":{"line":25,"column":46},"end":{"line":25,"column":47}},"loc":{"start":{"line":26,"column":28},"end":{"line":30,"column":33}},"line":26}},"branchMap":{},"s":{"0":1,"1":6,"2":6,"3":15,"4":6,"5":10},"f":{"0":6,"1":15,"2":10},"b":{},"_coverageSchema":"1a1c01bbd47fc00a2c39e90264f33305004495a9","hash":"8485552745d76eb40870966c7a00a667e59c9051"}
,"C:\\Users\\Sudipta.Barua\\OneDrive - Brillio\\Documents\\FinalCapstoneProject\\RMS\\frontend\\src\\components\\dashboard\\adminPages\\TopArtistChart.jsx": {"path":"C:\\Users\\Sudipta.Barua\\OneDrive - Brillio\\Documents\\FinalCapstoneProject\\RMS\\frontend\\src\\components\\dashboard\\adminPages\\TopArtistChart.jsx","statementMap":{"0":{"start":{"line":4,"column":24},"end":{"line":67,"column":1}},"1":{"start":{"line":5,"column":2},"end":{"line":7,"column":3}},"2":{"start":{"line":6,"column":4},"end":{"line":6,"column":119}},"3":{"start":{"line":10,"column":21},"end":{"line":13,"column":3}},"4":{"start":{"line":11,"column":18},"end":{"line":11,"column":33}},"5":{"start":{"line":12,"column":4},"end":{"line":12,"column":67}},"6":{"start":{"line":15,"column":2},"end":{"line":66,"column":4}}},"fnMap":{"0":{"name":"(anonymous_0)","decl":{"start":{"line":4,"column":24},"end":{"line":4,"column":25}},"loc":{"start":{"line":4,"column":43},"end":{"line":67,"column":1}},"line":4},"1":{"name":"(anonymous_1)","decl":{"start":{"line":10,"column":21},"end":{"line":10,"column":22}},"loc":{"start":{"line":10,"column":31},"end":{"line":13,"column":3}},"line":10}},"branchMap":{"0":{"loc":{"start":{"line":4,"column":27},"end":{"line":4,"column":36}},"type":"default-arg","locations":[{"start":{"line":4,"column":34},"end":{"line":4,"column":36}}],"line":4},"1":{"loc":{"start":{"line":5,"column":2},"end":{"line":7,"column":3}},"type":"if","locations":[{"start":{"line":5,"column":2},"end":{"line":7,"column":3}},{"start":{},"end":{}}],"line":5},"2":{"loc":{"start":{"line":12,"column":11},"end":{"line":12,"column":66}},"type":"cond-expr","locations":[{"start":{"line":12,"column":30},"end":{"line":12,"column":59}},{"start":{"line":12,"column":62},"end":{"line":12,"column":66}}],"line":12}},"s":{"0":0,"1":0,"2":0,"3":0,"4":0,"5":0,"6":0},"f":{"0":0,"1":0},"b":{"0":[0],"1":[0,0],"2":[0,0]}}
,"C:\\Users\\Sudipta.Barua\\OneDrive - Brillio\\Documents\\FinalCapstoneProject\\RMS\\frontend\\src\\components\\dashboard\\adminPages\\TopManagerCharts.jsx": {"path":"C:\\Users\\Sudipta.Barua\\OneDrive - Brillio\\Documents\\FinalCapstoneProject\\RMS\\frontend\\src\\components\\dashboard\\adminPages\\TopManagerCharts.jsx","statementMap":{"0":{"start":{"line":6,"column":0},"end":{"line":6,"column":108}},"1":{"start":{"line":8,"column":25},"end":{"line":95,"column":1}},"2":{"start":{"line":9,"column":4},"end":{"line":9,"column":148}},"3":{"start":{"line":9,"column":36},"end":{"line":9,"column":148}},"4":{"start":{"line":11,"column":19},"end":{"line":11,"column":61}},"5":{"start":{"line":13,"column":19},"end":{"line":13,"column":54}},"6":{"start":{"line":13,"column":41},"end":{"line":13,"column":53}},"7":{"start":{"line":15,"column":24},"end":{"line":27,"column":5}},"8":{"start":{"line":20,"column":44},"end":{"line":20,"column":64}},"9":{"start":{"line":29,"column":24},"end":{"line":43,"column":5}},"10":{"start":{"line":34,"column":44},"end":{"line":34,"column":64}},"11":{"start":{"line":45,"column":23},"end":{"line":55,"column":5}},"12":{"start":{"line":57,"column":24},"end":{"line":67,"column":5}},"13":{"start":{"line":69,"column":4},"end":{"line":94,"column":6}}},"fnMap":{"0":{"name":"(anonymous_0)","decl":{"start":{"line":8,"column":25},"end":{"line":8,"column":26}},"loc":{"start":{"line":8,"column":39},"end":{"line":95,"column":1}},"line":8},"1":{"name":"(anonymous_1)","decl":{"start":{"line":13,"column":28},"end":{"line":13,"column":29}},"loc":{"start":{"line":13,"column":41},"end":{"line":13,"column":53}},"line":13},"2":{"name":"(anonymous_2)","decl":{"start":{"line":20,"column":31},"end":{"line":20,"column":32}},"loc":{"start":{"line":20,"column":44},"end":{"line":20,"column":64}},"line":20},"3":{"name":"(anonymous_3)","decl":{"start":{"line":34,"column":31},"end":{"line":34,"column":32}},"loc":{"start":{"line":34,"column":44},"end":{"line":34,"column":64}},"line":34}},"branchMap":{"0":{"loc":{"start":{"line":9,"column":4},"end":{"line":9,"column":148}},"type":"if","locations":[{"start":{"line":9,"column":4},"end":{"line":9,"column":148}},{"start":{},"end":{}}],"line":9},"1":{"loc":{"start":{"line":9,"column":8},"end":{"line":9,"column":34}},"type":"binary-expr","locations":[{"start":{"line":9,"column":8},"end":{"line":9,"column":13}},{"start":{"line":9,"column":17},"end":{"line":9,"column":34}}],"line":9}},"s":{"0":0,"1":0,"2":0,"3":0,"4":0,"5":0,"6":0,"7":0,"8":0,"9":0,"10":0,"11":0,"12":0,"13":0},"f":{"0":0,"1":0,"2":0,"3":0},"b":{"0":[0,0],"1":[0,0]}}
,"C:\\Users\\Sudipta.Barua\\OneDrive - Brillio\\Documents\\FinalCapstoneProject\\RMS\\frontend\\src\\components\\dashboard\\artistPages\\ArtistSummary.jsx": {"path":"C:\\Users\\Sudipta.Barua\\OneDrive - Brillio\\Documents\\FinalCapstoneProject\\RMS\\frontend\\src\\components\\dashboard\\artistPages\\ArtistSummary.jsx","statementMap":{"0":{"start":{"line":7,"column":22},"end":{"line":109,"column":1}},"1":{"start":{"line":8,"column":23},"end":{"line":8,"column":32}},"2":{"start":{"line":9,"column":34},"end":{"line":9,"column":46}},"3":{"start":{"line":25,"column":2},"end":{"line":41,"column":17}},"4":{"start":{"line":26,"column":4},"end":{"line":26,"column":31}},"5":{"start":{"line":26,"column":24},"end":{"line":26,"column":31}},"6":{"start":{"line":28,"column":26},"end":{"line":35,"column":5}},"7":{"start":{"line":29,"column":6},"end":{"line":34,"column":7}},"8":{"start":{"line":30,"column":29},"end":{"line":30,"column":79}},"9":{"start":{"line":31,"column":8},"end":{"line":31,"column":34}},"10":{"start":{"line":33,"column":8},"end":{"line":33,"column":59}},"11":{"start":{"line":37,"column":4},"end":{"line":37,"column":20}},"12":{"start":{"line":38,"column":21},"end":{"line":38,"column":54}},"13":{"start":{"line":40,"column":4},"end":{"line":40,"column":41}},"14":{"start":{"line":40,"column":17},"end":{"line":40,"column":40}},"15":{"start":{"line":44,"column":21},"end":{"line":44,"column":36}},"16":{"start":{"line":45,"column":23},"end":{"line":45,"column":81}},"17":{"start":{"line":45,"column":54},"end":{"line":45,"column":77}},"18":{"start":{"line":46,"column":23},"end":{"line":46,"column":81}},"19":{"start":{"line":46,"column":54},"end":{"line":46,"column":77}},"20":{"start":{"line":47,"column":18},"end":{"line":47,"column":115}},"21":{"start":{"line":47,"column":50},"end":{"line":47,"column":107}},"22":{"start":{"line":50,"column":17},"end":{"line":50,"column":83}},"23":{"start":{"line":52,"column":2},"end":{"line":108,"column":4}},"24":{"start":{"line":99,"column":16},"end":{"line":99,"column":83}}},"fnMap":{"0":{"name":"(anonymous_0)","decl":{"start":{"line":7,"column":22},"end":{"line":7,"column":23}},"loc":{"start":{"line":7,"column":28},"end":{"line":109,"column":1}},"line":7},"1":{"name":"(anonymous_1)","decl":{"start":{"line":25,"column":12},"end":{"line":25,"column":13}},"loc":{"start":{"line":25,"column":18},"end":{"line":41,"column":3}},"line":25},"2":{"name":"(anonymous_2)","decl":{"start":{"line":28,"column":26},"end":{"line":28,"column":27}},"loc":{"start":{"line":28,"column":38},"end":{"line":35,"column":5}},"line":28},"3":{"name":"(anonymous_3)","decl":{"start":{"line":40,"column":11},"end":{"line":40,"column":12}},"loc":{"start":{"line":40,"column":17},"end":{"line":40,"column":40}},"line":40},"4":{"name":"(anonymous_4)","decl":{"start":{"line":45,"column":39},"end":{"line":45,"column":40}},"loc":{"start":{"line":45,"column":54},"end":{"line":45,"column":77}},"line":45},"5":{"name":"(anonymous_5)","decl":{"start":{"line":46,"column":39},"end":{"line":46,"column":40}},"loc":{"start":{"line":46,"column":54},"end":{"line":46,"column":77}},"line":46},"6":{"name":"(anonymous_6)","decl":{"start":{"line":47,"column":34},"end":{"line":47,"column":35}},"loc":{"start":{"line":47,"column":50},"end":{"line":47,"column":107}},"line":47},"7":{"name":"(anonymous_7)","decl":{"start":{"line":98,"column":28},"end":{"line":98,"column":29}},"loc":{"start":{"line":99,"column":16},"end":{"line":99,"column":83}},"line":99}},"branchMap":{"0":{"loc":{"start":{"line":26,"column":4},"end":{"line":26,"column":31}},"type":"if","locations":[{"start":{"line":26,"column":4},"end":{"line":26,"column":31}},{"start":{},"end":{}}],"line":26},"1":{"loc":{"start":{"line":47,"column":50},"end":{"line":47,"column":107}},"type":"cond-expr","locations":[{"start":{"line":47,"column":97},"end":{"line":47,"column":101}},{"start":{"line":47,"column":104},"end":{"line":47,"column":107}}],"line":47},"2":{"loc":{"start":{"line":47,"column":71},"end":{"line":47,"column":93}},"type":"binary-expr","locations":[{"start":{"line":47,"column":71},"end":{"line":47,"column":88}},{"start":{"line":47,"column":92},"end":{"line":47,"column":93}}],"line":47},"3":{"loc":{"start":{"line":59,"column":45},"end":{"line":59,"column":79}},"type":"cond-expr","locations":[{"start":{"line":59,"column":55},"end":{"line":59,"column":71}},{"start":{"line":59,"column":74},"end":{"line":59,"column":79}}],"line":59}},"s":{"0":0,"1":0,"2":0,"3":0,"4":0,"5":0,"6":0,"7":0,"8":0,"9":0,"10":0,"11":0,"12":0,"13":0,"14":0,"15":0,"16":0,"17":0,"18":0,"19":0,"20":0,"21":0,"22":0,"23":0,"24":0},"f":{"0":0,"1":0,"2":0,"3":0,"4":0,"5":0,"6":0,"7":0},"b":{"0":[0,0],"1":[0,0],"2":[0,0],"3":[0,0]}}
,"C:\\Users\\Sudipta.Barua\\OneDrive - Brillio\\Documents\\FinalCapstoneProject\\RMS\\frontend\\src\\components\\dashboard\\artistPages\\ViewMyManager.jsx": {"path":"C:\\Users\\Sudipta.Barua\\OneDrive - Brillio\\Documents\\FinalCapstoneProject\\RMS\\frontend\\src\\components\\dashboard\\artistPages\\ViewMyManager.jsx","statementMap":{"0":{"start":{"line":6,"column":22},"end":{"line":147,"column":1}},"1":{"start":{"line":7,"column":23},"end":{"line":7,"column":32}},"2":{"start":{"line":8,"column":48},"end":{"line":8,"column":62}},"3":{"start":{"line":9,"column":44},"end":{"line":9,"column":59}},"4":{"start":{"line":10,"column":42},"end":{"line":10,"column":54}},"5":{"start":{"line":11,"column":42},"end":{"line":11,"column":57}},"6":{"start":{"line":12,"column":30},"end":{"line":12,"column":42}},"7":{"start":{"line":13,"column":31},"end":{"line":13,"column":49}},"8":{"start":{"line":14,"column":23},"end":{"line":14,"column":35}},"9":{"start":{"line":16,"column":2},"end":{"line":31,"column":17}},"10":{"start":{"line":17,"column":33},"end":{"line":28,"column":5}},"11":{"start":{"line":18,"column":6},"end":{"line":18,"column":33}},"12":{"start":{"line":18,"column":26},"end":{"line":18,"column":33}},"13":{"start":{"line":19,"column":6},"end":{"line":27,"column":7}},"14":{"start":{"line":20,"column":31},"end":{"line":20,"column":93}},"15":{"start":{"line":21,"column":8},"end":{"line":24,"column":9}},"16":{"start":{"line":22,"column":10},"end":{"line":22,"column":52}},"17":{"start":{"line":23,"column":10},"end":{"line":23,"column":46}},"18":{"start":{"line":26,"column":8},"end":{"line":26,"column":67}},"19":{"start":{"line":30,"column":4},"end":{"line":30,"column":27}},"20":{"start":{"line":33,"column":2},"end":{"line":43,"column":9}},"21":{"start":{"line":34,"column":31},"end":{"line":38,"column":5}},"22":{"start":{"line":35,"column":6},"end":{"line":37,"column":7}},"23":{"start":{"line":36,"column":8},"end":{"line":36,"column":32}},"24":{"start":{"line":39,"column":4},"end":{"line":39,"column":63}},"25":{"start":{"line":40,"column":4},"end":{"line":42,"column":6}},"26":{"start":{"line":41,"column":6},"end":{"line":41,"column":68}},"27":{"start":{"line":45,"column":2},"end":{"line":47,"column":3}},"28":{"start":{"line":46,"column":4},"end":{"line":46,"column":81}},"29":{"start":{"line":50,"column":4},"end":{"line":50,"column":20}},"30":{"start":{"line":52,"column":28},"end":{"line":54,"column":3}},"31":{"start":{"line":53,"column":4},"end":{"line":53,"column":27}},"32":{"start":{"line":56,"column":29},"end":{"line":58,"column":3}},"33":{"start":{"line":57,"column":4},"end":{"line":57,"column":36}},"34":{"start":{"line":60,"column":23},"end":{"line":78,"column":3}},"35":{"start":{"line":61,"column":4},"end":{"line":61,"column":57}},"36":{"start":{"line":61,"column":50},"end":{"line":61,"column":57}},"37":{"start":{"line":62,"column":4},"end":{"line":62,"column":26}},"38":{"start":{"line":63,"column":4},"end":{"line":76,"column":5}},"39":{"start":{"line":64,"column":6},"end":{"line":64,"column":63}},"40":{"start":{"line":65,"column":6},"end":{"line":69,"column":8}},"41":{"start":{"line":71,"column":6},"end":{"line":71,"column":36}},"42":{"start":{"line":72,"column":6},"end":{"line":72,"column":30}},"43":{"start":{"line":73,"column":6},"end":{"line":73,"column":26}},"44":{"start":{"line":75,"column":6},"end":{"line":75,"column":62}},"45":{"start":{"line":77,"column":4},"end":{"line":77,"column":27}},"46":{"start":{"line":80,"column":2},"end":{"line":146,"column":4}}},"fnMap":{"0":{"name":"(anonymous_0)","decl":{"start":{"line":6,"column":22},"end":{"line":6,"column":23}},"loc":{"start":{"line":6,"column":28},"end":{"line":147,"column":1}},"line":6},"1":{"name":"(anonymous_1)","decl":{"start":{"line":16,"column":12},"end":{"line":16,"column":13}},"loc":{"start":{"line":16,"column":18},"end":{"line":31,"column":3}},"line":16},"2":{"name":"(anonymous_2)","decl":{"start":{"line":17,"column":33},"end":{"line":17,"column":34}},"loc":{"start":{"line":17,"column":45},"end":{"line":28,"column":5}},"line":17},"3":{"name":"(anonymous_3)","decl":{"start":{"line":33,"column":12},"end":{"line":33,"column":13}},"loc":{"start":{"line":33,"column":18},"end":{"line":43,"column":3}},"line":33},"4":{"name":"(anonymous_4)","decl":{"start":{"line":34,"column":31},"end":{"line":34,"column":32}},"loc":{"start":{"line":34,"column":42},"end":{"line":38,"column":5}},"line":34},"5":{"name":"(anonymous_5)","decl":{"start":{"line":40,"column":11},"end":{"line":40,"column":12}},"loc":{"start":{"line":40,"column":17},"end":{"line":42,"column":5}},"line":40},"6":{"name":"(anonymous_6)","decl":{"start":{"line":52,"column":28},"end":{"line":52,"column":29}},"loc":{"start":{"line":52,"column":34},"end":{"line":54,"column":3}},"line":52},"7":{"name":"(anonymous_7)","decl":{"start":{"line":56,"column":29},"end":{"line":56,"column":30}},"loc":{"start":{"line":56,"column":36},"end":{"line":58,"column":3}},"line":56},"8":{"name":"(anonymous_8)","decl":{"start":{"line":60,"column":23},"end":{"line":60,"column":24}},"loc":{"start":{"line":60,"column":35},"end":{"line":78,"column":3}},"line":60}},"branchMap":{"0":{"loc":{"start":{"line":18,"column":6},"end":{"line":18,"column":33}},"type":"if","locations":[{"start":{"line":18,"column":6},"end":{"line":18,"column":33}},{"start":{},"end":{}}],"line":18},"1":{"loc":{"start":{"line":21,"column":8},"end":{"line":24,"column":9}},"type":"if","locations":[{"start":{"line":21,"column":8},"end":{"line":24,"column":9}},{"start":{},"end":{}}],"line":21},"2":{"loc":{"start":{"line":35,"column":6},"end":{"line":37,"column":7}},"type":"if","locations":[{"start":{"line":35,"column":6},"end":{"line":37,"column":7}},{"start":{},"end":{}}],"line":35},"3":{"loc":{"start":{"line":35,"column":10},"end":{"line":35,"column":78}},"type":"binary-expr","locations":[{"start":{"line":35,"column":10},"end":{"line":35,"column":30}},{"start":{"line":35,"column":34},"end":{"line":35,"column":78}}],"line":35},"4":{"loc":{"start":{"line":45,"column":2},"end":{"line":47,"column":3}},"type":"if","locations":[{"start":{"line":45,"column":2},"end":{"line":47,"column":3}},{"start":{},"end":{}}],"line":45},"5":{"loc":{"start":{"line":49,"column":68},"end":{"line":49,"column":87}},"type":"default-arg","locations":[{"start":{"line":49,"column":85},"end":{"line":49,"column":87}}],"line":49},"6":{"loc":{"start":{"line":61,"column":4},"end":{"line":61,"column":57}},"type":"if","locations":[{"start":{"line":61,"column":4},"end":{"line":61,"column":57}},{"start":{},"end":{}}],"line":61},"7":{"loc":{"start":{"line":61,"column":8},"end":{"line":61,"column":48}},"type":"binary-expr","locations":[{"start":{"line":61,"column":8},"end":{"line":61,"column":28}},{"start":{"line":61,"column":32},"end":{"line":61,"column":48}}],"line":61},"8":{"loc":{"start":{"line":89,"column":40},"end":{"line":89,"column":81}},"type":"binary-expr","locations":[{"start":{"line":89,"column":40},"end":{"line":89,"column":51}},{"start":{"line":89,"column":55},"end":{"line":89,"column":81}}],"line":89},"9":{"loc":{"start":{"line":111,"column":11},"end":{"line":124,"column":18}},"type":"cond-expr","locations":[{"start":{"line":112,"column":12},"end":{"line":114,"column":16}},{"start":{"line":115,"column":14},"end":{"line":124,"column":18}}],"line":111},"10":{"loc":{"start":{"line":115,"column":14},"end":{"line":124,"column":18}},"type":"cond-expr","locations":[{"start":{"line":116,"column":12},"end":{"line":123,"column":13}},{"start":{"line":124,"column":14},"end":{"line":124,"column":18}}],"line":115},"11":{"loc":{"start":{"line":116,"column":12},"end":{"line":123,"column":13}},"type":"binary-expr","locations":[{"start":{"line":116,"column":12},"end":{"line":116,"column":26}},{"start":{"line":117,"column":14},"end":{"line":122,"column":23}}],"line":116},"12":{"loc":{"start":{"line":126,"column":11},"end":{"line":142,"column":11}},"type":"binary-expr","locations":[{"start":{"line":126,"column":11},"end":{"line":126,"column":24}},{"start":{"line":127,"column":12},"end":{"line":141,"column":18}}],"line":126},"13":{"loc":{"start":{"line":139,"column":17},"end":{"line":139,"column":66}},"type":"cond-expr","locations":[{"start":{"line":139,"column":32},"end":{"line":139,"column":47}},{"start":{"line":139,"column":50},"end":{"line":139,"column":66}}],"line":139}},"s":{"0":0,"1":0,"2":0,"3":0,"4":0,"5":0,"6":0,"7":0,"8":0,"9":0,"10":0,"11":0,"12":0,"13":0,"14":0,"15":0,"16":0,"17":0,"18":0,"19":0,"20":0,"21":0,"22":0,"23":0,"24":0,"25":0,"26":0,"27":0,"28":0,"29":0,"30":0,"31":0,"32":0,"33":0,"34":0,"35":0,"36":0,"37":0,"38":0,"39":0,"40":0,"41":0,"42":0,"43":0,"44":0,"45":0,"46":0},"f":{"0":0,"1":0,"2":0,"3":0,"4":0,"5":0,"6":0,"7":0,"8":0},"b":{"0":[0,0],"1":[0,0],"2":[0,0],"3":[0,0],"4":[0,0],"5":[0],"6":[0,0],"7":[0,0],"8":[0,0],"9":[0,0],"10":[0,0],"11":[0,0],"12":[0,0],"13":[0,0]}}
,"C:\\Users\\Sudipta.Barua\\OneDrive - Brillio\\Documents\\FinalCapstoneProject\\RMS\\frontend\\src\\components\\dashboard\\managerPages\\ManagerSummary.jsx": {"path":"C:\\Users\\Sudipta.Barua\\OneDrive - Brillio\\Documents\\FinalCapstoneProject\\RMS\\frontend\\src\\components\\dashboard\\managerPages\\ManagerSummary.jsx","statementMap":{"0":{"start":{"line":8,"column":23},"end":{"line":197,"column":1}},"1":{"start":{"line":9,"column":23},"end":{"line":9,"column":32}},"2":{"start":{"line":10,"column":32},"end":{"line":10,"column":44}},"3":{"start":{"line":11,"column":50},"end":{"line":11,"column":64}},"4":{"start":{"line":12,"column":34},"end":{"line":12,"column":46}},"5":{"start":{"line":13,"column":32},"end":{"line":13,"column":47}},"6":{"start":{"line":32,"column":2},"end":{"line":50,"column":17}},"7":{"start":{"line":33,"column":4},"end":{"line":33,"column":36}},"8":{"start":{"line":33,"column":29},"end":{"line":33,"column":36}},"9":{"start":{"line":35,"column":25},"end":{"line":44,"column":5}},"10":{"start":{"line":36,"column":6},"end":{"line":43,"column":7}},"11":{"start":{"line":37,"column":28},"end":{"line":37,"column":69}},"12":{"start":{"line":38,"column":8},"end":{"line":40,"column":9}},"13":{"start":{"line":39,"column":10},"end":{"line":39,"column":49}},"14":{"start":{"line":42,"column":8},"end":{"line":42,"column":65}},"15":{"start":{"line":46,"column":4},"end":{"line":46,"column":19}},"16":{"start":{"line":47,"column":21},"end":{"line":47,"column":53}},"17":{"start":{"line":49,"column":4},"end":{"line":49,"column":41}},"18":{"start":{"line":49,"column":17},"end":{"line":49,"column":40}},"19":{"start":{"line":71,"column":2},"end":{"line":90,"column":25}},"20":{"start":{"line":72,"column":4},"end":{"line":72,"column":34}},"21":{"start":{"line":72,"column":27},"end":{"line":72,"column":34}},"22":{"start":{"line":74,"column":26},"end":{"line":84,"column":5}},"23":{"start":{"line":75,"column":6},"end":{"line":83,"column":7}},"24":{"start":{"line":76,"column":8},"end":{"line":76,"column":25}},"25":{"start":{"line":77,"column":22},"end":{"line":77,"column":76}},"26":{"start":{"line":78,"column":8},"end":{"line":78,"column":27}},"27":{"start":{"line":80,"column":8},"end":{"line":80,"column":59}},"28":{"start":{"line":82,"column":8},"end":{"line":82,"column":26}},"29":{"start":{"line":86,"column":4},"end":{"line":86,"column":20}},"30":{"start":{"line":87,"column":21},"end":{"line":87,"column":54}},"31":{"start":{"line":89,"column":4},"end":{"line":89,"column":41}},"32":{"start":{"line":89,"column":17},"end":{"line":89,"column":40}},"33":{"start":{"line":94,"column":23},"end":{"line":94,"column":83}},"34":{"start":{"line":94,"column":55},"end":{"line":94,"column":79}},"35":{"start":{"line":95,"column":20},"end":{"line":95,"column":120}},"36":{"start":{"line":95,"column":53},"end":{"line":95,"column":112}},"37":{"start":{"line":97,"column":17},"end":{"line":97,"column":83}},"38":{"start":{"line":99,"column":2},"end":{"line":196,"column":4}},"39":{"start":{"line":128,"column":27},"end":{"line":128,"column":62}},"40":{"start":{"line":133,"column":12},"end":{"line":135,"column":21}},"41":{"start":{"line":183,"column":24},"end":{"line":183,"column":91}}},"fnMap":{"0":{"name":"(anonymous_0)","decl":{"start":{"line":8,"column":23},"end":{"line":8,"column":24}},"loc":{"start":{"line":8,"column":29},"end":{"line":197,"column":1}},"line":8},"1":{"name":"(anonymous_1)","decl":{"start":{"line":32,"column":12},"end":{"line":32,"column":13}},"loc":{"start":{"line":32,"column":18},"end":{"line":50,"column":3}},"line":32},"2":{"name":"(anonymous_2)","decl":{"start":{"line":35,"column":25},"end":{"line":35,"column":26}},"loc":{"start":{"line":35,"column":37},"end":{"line":44,"column":5}},"line":35},"3":{"name":"(anonymous_3)","decl":{"start":{"line":49,"column":11},"end":{"line":49,"column":12}},"loc":{"start":{"line":49,"column":17},"end":{"line":49,"column":40}},"line":49},"4":{"name":"(anonymous_4)","decl":{"start":{"line":71,"column":12},"end":{"line":71,"column":13}},"loc":{"start":{"line":71,"column":18},"end":{"line":90,"column":3}},"line":71},"5":{"name":"(anonymous_5)","decl":{"start":{"line":74,"column":26},"end":{"line":74,"column":27}},"loc":{"start":{"line":74,"column":38},"end":{"line":84,"column":5}},"line":74},"6":{"name":"(anonymous_6)","decl":{"start":{"line":89,"column":11},"end":{"line":89,"column":12}},"loc":{"start":{"line":89,"column":17},"end":{"line":89,"column":40}},"line":89},"7":{"name":"(anonymous_7)","decl":{"start":{"line":94,"column":38},"end":{"line":94,"column":39}},"loc":{"start":{"line":94,"column":55},"end":{"line":94,"column":79}},"line":94},"8":{"name":"(anonymous_8)","decl":{"start":{"line":95,"column":35},"end":{"line":95,"column":36}},"loc":{"start":{"line":95,"column":53},"end":{"line":95,"column":112}},"line":95},"9":{"name":"(anonymous_9)","decl":{"start":{"line":128,"column":20},"end":{"line":128,"column":21}},"loc":{"start":{"line":128,"column":27},"end":{"line":128,"column":62}},"line":128},"10":{"name":"(anonymous_10)","decl":{"start":{"line":132,"column":23},"end":{"line":132,"column":24}},"loc":{"start":{"line":133,"column":12},"end":{"line":135,"column":21}},"line":133},"11":{"name":"(anonymous_11)","decl":{"start":{"line":182,"column":36},"end":{"line":182,"column":37}},"loc":{"start":{"line":183,"column":24},"end":{"line":183,"column":91}},"line":183}},"branchMap":{"0":{"loc":{"start":{"line":33,"column":4},"end":{"line":33,"column":36}},"type":"if","locations":[{"start":{"line":33,"column":4},"end":{"line":33,"column":36}},{"start":{},"end":{}}],"line":33},"1":{"loc":{"start":{"line":38,"column":8},"end":{"line":40,"column":9}},"type":"if","locations":[{"start":{"line":38,"column":8},"end":{"line":40,"column":9}},{"start":{},"end":{}}],"line":38},"2":{"loc":{"start":{"line":72,"column":4},"end":{"line":72,"column":34}},"type":"if","locations":[{"start":{"line":72,"column":4},"end":{"line":72,"column":34}},{"start":{},"end":{}}],"line":72},"3":{"loc":{"start":{"line":95,"column":53},"end":{"line":95,"column":112}},"type":"cond-expr","locations":[{"start":{"line":95,"column":100},"end":{"line":95,"column":106}},{"start":{"line":95,"column":109},"end":{"line":95,"column":112}}],"line":95},"4":{"loc":{"start":{"line":95,"column":75},"end":{"line":95,"column":96}},"type":"binary-expr","locations":[{"start":{"line":95,"column":75},"end":{"line":95,"column":91}},{"start":{"line":95,"column":95},"end":{"line":95,"column":96}}],"line":95},"5":{"loc":{"start":{"line":107,"column":60},"end":{"line":107,"column":98}},"type":"cond-expr","locations":[{"start":{"line":107,"column":72},"end":{"line":107,"column":90}},{"start":{"line":107,"column":93},"end":{"line":107,"column":98}}],"line":107},"6":{"loc":{"start":{"line":141,"column":7},"end":{"line":194,"column":7}},"type":"binary-expr","locations":[{"start":{"line":141,"column":7},"end":{"line":141,"column":23}},{"start":{"line":142,"column":8},"end":{"line":193,"column":14}}],"line":141},"7":{"loc":{"start":{"line":145,"column":11},"end":{"line":192,"column":11}},"type":"cond-expr","locations":[{"start":{"line":146,"column":12},"end":{"line":146,"column":41}},{"start":{"line":147,"column":14},"end":{"line":192,"column":11}}],"line":145},"8":{"loc":{"start":{"line":147,"column":14},"end":{"line":192,"column":11}},"type":"cond-expr","locations":[{"start":{"line":148,"column":12},"end":{"line":148,"column":58}},{"start":{"line":150,"column":12},"end":{"line":191,"column":15}}],"line":147}},"s":{"0":0,"1":0,"2":0,"3":0,"4":0,"5":0,"6":0,"7":0,"8":0,"9":0,"10":0,"11":0,"12":0,"13":0,"14":0,"15":0,"16":0,"17":0,"18":0,"19":0,"20":0,"21":0,"22":0,"23":0,"24":0,"25":0,"26":0,"27":0,"28":0,"29":0,"30":0,"31":0,"32":0,"33":0,"34":0,"35":0,"36":0,"37":0,"38":0,"39":0,"40":0,"41":0},"f":{"0":0,"1":0,"2":0,"3":0,"4":0,"5":0,"6":0,"7":0,"8":0,"9":0,"10":0,"11":0},"b":{"0":[0,0],"1":[0,0],"2":[0,0],"3":[0,0],"4":[0,0],"5":[0,0],"6":[0,0],"7":[0,0],"8":[0,0]}}
,"C:\\Users\\Sudipta.Barua\\OneDrive - Brillio\\Documents\\FinalCapstoneProject\\RMS\\frontend\\src\\context\\ArtistsManagersContext.jsx": {"path":"C:\\Users\\Sudipta.Barua\\OneDrive - Brillio\\Documents\\FinalCapstoneProject\\RMS\\frontend\\src\\context\\ArtistsManagersContext.jsx","statementMap":{"0":{"start":{"line":4,"column":31},"end":{"line":4,"column":46}},"1":{"start":{"line":6,"column":39},"end":{"line":92,"column":1}},"2":{"start":{"line":7,"column":34},"end":{"line":7,"column":46}},"3":{"start":{"line":8,"column":36},"end":{"line":8,"column":48}},"4":{"start":{"line":9,"column":44},"end":{"line":9,"column":56}},"5":{"start":{"line":10,"column":30},"end":{"line":10,"column":71}},"6":{"start":{"line":12,"column":4},"end":{"line":72,"column":16}},"7":{"start":{"line":13,"column":26},"end":{"line":64,"column":9}},"8":{"start":{"line":14,"column":32},"end":{"line":14,"column":63}},"9":{"start":{"line":15,"column":12},"end":{"line":15,"column":37}},"10":{"start":{"line":15,"column":30},"end":{"line":15,"column":37}},"11":{"start":{"line":18,"column":12},"end":{"line":63,"column":13}},"12":{"start":{"line":19,"column":32},"end":{"line":22,"column":17}},"13":{"start":{"line":24,"column":50},"end":{"line":27,"column":18}},"14":{"start":{"line":32,"column":39},"end":{"line":32,"column":67}},"15":{"start":{"line":33,"column":40},"end":{"line":33,"column":69}},"16":{"start":{"line":35,"column":16},"end":{"line":35,"column":43}},"17":{"start":{"line":36,"column":16},"end":{"line":36,"column":45}},"18":{"start":{"line":39,"column":36},"end":{"line":46,"column":22}},"19":{"start":{"line":40,"column":20},"end":{"line":44,"column":22}},"20":{"start":{"line":45,"column":20},"end":{"line":45,"column":31}},"21":{"start":{"line":48,"column":16},"end":{"line":53,"column":19}},"22":{"start":{"line":49,"column":20},"end":{"line":52,"column":21}},"23":{"start":{"line":50,"column":24},"end":{"line":50,"column":93}},"24":{"start":{"line":51,"column":24},"end":{"line":51,"column":92}},"25":{"start":{"line":55,"column":46},"end":{"line":58,"column":18}},"26":{"start":{"line":56,"column":20},"end":{"line":56,"column":98}},"27":{"start":{"line":56,"column":59},"end":{"line":56,"column":98}},"28":{"start":{"line":57,"column":20},"end":{"line":57,"column":59}},"29":{"start":{"line":60,"column":16},"end":{"line":60,"column":55}},"30":{"start":{"line":62,"column":16},"end":{"line":62,"column":77}},"31":{"start":{"line":66,"column":8},"end":{"line":66,"column":20}},"32":{"start":{"line":68,"column":25},"end":{"line":68,"column":54}},"33":{"start":{"line":70,"column":8},"end":{"line":70,"column":45}},"34":{"start":{"line":70,"column":21},"end":{"line":70,"column":44}},"35":{"start":{"line":75,"column":4},"end":{"line":85,"column":16}},"36":{"start":{"line":76,"column":25},"end":{"line":82,"column":16}},"37":{"start":{"line":77,"column":29},"end":{"line":77,"column":60}},"38":{"start":{"line":78,"column":12},"end":{"line":81,"column":13}},"39":{"start":{"line":80,"column":16},"end":{"line":80,"column":35}},"40":{"start":{"line":84,"column":8},"end":{"line":84,"column":45}},"41":{"start":{"line":84,"column":21},"end":{"line":84,"column":44}},"42":{"start":{"line":87,"column":4},"end":{"line":91,"column":6}},"43":{"start":{"line":94,"column":34},"end":{"line":94,"column":74}},"44":{"start":{"line":94,"column":40},"end":{"line":94,"column":74}}},"fnMap":{"0":{"name":"(anonymous_0)","decl":{"start":{"line":6,"column":39},"end":{"line":6,"column":40}},"loc":{"start":{"line":6,"column":57},"end":{"line":92,"column":1}},"line":6},"1":{"name":"(anonymous_1)","decl":{"start":{"line":12,"column":14},"end":{"line":12,"column":15}},"loc":{"start":{"line":12,"column":20},"end":{"line":72,"column":5}},"line":12},"2":{"name":"(anonymous_2)","decl":{"start":{"line":13,"column":26},"end":{"line":13,"column":27}},"loc":{"start":{"line":13,"column":38},"end":{"line":64,"column":9}},"line":13},"3":{"name":"(anonymous_3)","decl":{"start":{"line":39,"column":59},"end":{"line":39,"column":60}},"loc":{"start":{"line":39,"column":77},"end":{"line":46,"column":17}},"line":39},"4":{"name":"(anonymous_4)","decl":{"start":{"line":48,"column":39},"end":{"line":48,"column":40}},"loc":{"start":{"line":48,"column":51},"end":{"line":53,"column":17}},"line":48},"5":{"name":"(anonymous_5)","decl":{"start":{"line":55,"column":78},"end":{"line":55,"column":79}},"loc":{"start":{"line":55,"column":88},"end":{"line":58,"column":17}},"line":55},"6":{"name":"(anonymous_6)","decl":{"start":{"line":70,"column":15},"end":{"line":70,"column":16}},"loc":{"start":{"line":70,"column":21},"end":{"line":70,"column":44}},"line":70},"7":{"name":"(anonymous_7)","decl":{"start":{"line":75,"column":14},"end":{"line":75,"column":15}},"loc":{"start":{"line":75,"column":20},"end":{"line":85,"column":5}},"line":75},"8":{"name":"(anonymous_8)","decl":{"start":{"line":76,"column":37},"end":{"line":76,"column":38}},"loc":{"start":{"line":76,"column":43},"end":{"line":82,"column":9}},"line":76},"9":{"name":"(anonymous_9)","decl":{"start":{"line":84,"column":15},"end":{"line":84,"column":16}},"loc":{"start":{"line":84,"column":21},"end":{"line":84,"column":44}},"line":84},"10":{"name":"(anonymous_10)","decl":{"start":{"line":94,"column":34},"end":{"line":94,"column":35}},"loc":{"start":{"line":94,"column":40},"end":{"line":94,"column":74}},"line":94}},"branchMap":{"0":{"loc":{"start":{"line":15,"column":12},"end":{"line":15,"column":37}},"type":"if","locations":[{"start":{"line":15,"column":12},"end":{"line":15,"column":37}},{"start":{},"end":{}}],"line":15},"1":{"loc":{"start":{"line":32,"column":39},"end":{"line":32,"column":67}},"type":"binary-expr","locations":[{"start":{"line":32,"column":39},"end":{"line":32,"column":61}},{"start":{"line":32,"column":65},"end":{"line":32,"column":67}}],"line":32},"2":{"loc":{"start":{"line":33,"column":40},"end":{"line":33,"column":69}},"type":"binary-expr","locations":[{"start":{"line":33,"column":40},"end":{"line":33,"column":63}},{"start":{"line":33,"column":67},"end":{"line":33,"column":69}}],"line":33},"3":{"loc":{"start":{"line":49,"column":20},"end":{"line":52,"column":21}},"type":"if","locations":[{"start":{"line":49,"column":20},"end":{"line":52,"column":21}},{"start":{},"end":{}}],"line":49},"4":{"loc":{"start":{"line":49,"column":24},"end":{"line":49,"column":69}},"type":"binary-expr","locations":[{"start":{"line":49,"column":24},"end":{"line":49,"column":38}},{"start":{"line":49,"column":42},"end":{"line":49,"column":69}}],"line":49},"5":{"loc":{"start":{"line":50,"column":68},"end":{"line":50,"column":92}},"type":"binary-expr","locations":[{"start":{"line":50,"column":68},"end":{"line":50,"column":87}},{"start":{"line":50,"column":91},"end":{"line":50,"column":92}}],"line":50},"6":{"loc":{"start":{"line":51,"column":68},"end":{"line":51,"column":91}},"type":"binary-expr","locations":[{"start":{"line":51,"column":68},"end":{"line":51,"column":86}},{"start":{"line":51,"column":90},"end":{"line":51,"column":91}}],"line":51},"7":{"loc":{"start":{"line":56,"column":20},"end":{"line":56,"column":98}},"type":"if","locations":[{"start":{"line":56,"column":20},"end":{"line":56,"column":98}},{"start":{},"end":{}}],"line":56},"8":{"loc":{"start":{"line":78,"column":12},"end":{"line":81,"column":13}},"type":"if","locations":[{"start":{"line":78,"column":12},"end":{"line":81,"column":13}},{"start":{},"end":{}}],"line":78}},"s":{"0":0,"1":0,"2":0,"3":0,"4":0,"5":0,"6":0,"7":0,"8":0,"9":0,"10":0,"11":0,"12":0,"13":0,"14":0,"15":0,"16":0,"17":0,"18":0,"19":0,"20":0,"21":0,"22":0,"23":0,"24":0,"25":0,"26":0,"27":0,"28":0,"29":0,"30":0,"31":0,"32":0,"33":0,"34":0,"35":0,"36":0,"37":0,"38":0,"39":0,"40":0,"41":0,"42":0,"43":0,"44":0},"f":{"0":0,"1":0,"2":0,"3":0,"4":0,"5":0,"6":0,"7":0,"8":0,"9":0,"10":0},"b":{"0":[0,0],"1":[0,0],"2":[0,0],"3":[0,0],"4":[0,0],"5":[0,0],"6":[0,0],"7":[0,0],"8":[0,0]}}
,"C:\\Users\\Sudipta.Barua\\OneDrive - Brillio\\Documents\\FinalCapstoneProject\\RMS\\frontend\\src\\context\\RoyaltyContext.jsx": {"path":"C:\\Users\\Sudipta.Barua\\OneDrive - Brillio\\Documents\\FinalCapstoneProject\\RMS\\frontend\\src\\context\\RoyaltyContext.jsx","statementMap":{"0":{"start":{"line":4,"column":23},"end":{"line":4,"column":38}},"1":{"start":{"line":6,"column":31},"end":{"line":33,"column":1}},"2":{"start":{"line":7,"column":38},"end":{"line":7,"column":50}},"3":{"start":{"line":8,"column":48},"end":{"line":8,"column":62}},"4":{"start":{"line":10,"column":33},"end":{"line":25,"column":5}},"5":{"start":{"line":11,"column":22},"end":{"line":11,"column":53}},"6":{"start":{"line":12,"column":8},"end":{"line":24,"column":9}},"7":{"start":{"line":14,"column":24},"end":{"line":19,"column":14}},"8":{"start":{"line":21,"column":12},"end":{"line":21,"column":51}},"9":{"start":{"line":23,"column":12},"end":{"line":23,"column":65}},"10":{"start":{"line":28,"column":4},"end":{"line":32,"column":6}},"11":{"start":{"line":35,"column":26},"end":{"line":41,"column":1}},"12":{"start":{"line":36,"column":20},"end":{"line":36,"column":46}},"13":{"start":{"line":37,"column":4},"end":{"line":39,"column":5}},"14":{"start":{"line":38,"column":8},"end":{"line":38,"column":76}},"15":{"start":{"line":40,"column":4},"end":{"line":40,"column":19}}},"fnMap":{"0":{"name":"(anonymous_0)","decl":{"start":{"line":6,"column":31},"end":{"line":6,"column":32}},"loc":{"start":{"line":6,"column":49},"end":{"line":33,"column":1}},"line":6},"1":{"name":"(anonymous_1)","decl":{"start":{"line":10,"column":33},"end":{"line":10,"column":34}},"loc":{"start":{"line":10,"column":53},"end":{"line":25,"column":5}},"line":10},"2":{"name":"(anonymous_2)","decl":{"start":{"line":35,"column":26},"end":{"line":35,"column":27}},"loc":{"start":{"line":35,"column":32},"end":{"line":41,"column":1}},"line":35}},"branchMap":{"0":{"loc":{"start":{"line":21,"column":25},"end":{"line":21,"column":49}},"type":"binary-expr","locations":[{"start":{"line":21,"column":25},"end":{"line":21,"column":44}},{"start":{"line":21,"column":47},"end":{"line":21,"column":49}}],"line":21},"1":{"loc":{"start":{"line":37,"column":4},"end":{"line":39,"column":5}},"type":"if","locations":[{"start":{"line":37,"column":4},"end":{"line":39,"column":5}},{"start":{},"end":{}}],"line":37}},"s":{"0":0,"1":0,"2":0,"3":0,"4":0,"5":0,"6":0,"7":0,"8":0,"9":0,"10":0,"11":0,"12":0,"13":0,"14":0,"15":0},"f":{"0":0,"1":0,"2":0},"b":{"0":[0,0],"1":[0,0]}}
,"C:\\Users\\Sudipta.Barua\\OneDrive - Brillio\\Documents\\FinalCapstoneProject\\RMS\\frontend\\src\\context\\authContext.jsx": {"path":"C:\\Users\\Sudipta.Barua\\OneDrive - Brillio\\Documents\\FinalCapstoneProject\\RMS\\frontend\\src\\context\\authContext.jsx","statementMap":{"0":{"start":{"line":4,"column":20},"end":{"line":4,"column":35}},"1":{"start":{"line":6,"column":28},"end":{"line":85,"column":1}},"2":{"start":{"line":7,"column":28},"end":{"line":7,"column":42}},"3":{"start":{"line":8,"column":36},"end":{"line":8,"column":50}},"4":{"start":{"line":9,"column":34},"end":{"line":9,"column":48}},"5":{"start":{"line":11,"column":23},"end":{"line":40,"column":5}},"6":{"start":{"line":12,"column":22},"end":{"line":12,"column":53}},"7":{"start":{"line":13,"column":8},"end":{"line":39,"column":9}},"8":{"start":{"line":14,"column":12},"end":{"line":35,"column":13}},"9":{"start":{"line":15,"column":33},"end":{"line":20,"column":18}},"10":{"start":{"line":22,"column":16},"end":{"line":29,"column":17}},"11":{"start":{"line":23,"column":41},"end":{"line":23,"column":59}},"12":{"start":{"line":24,"column":20},"end":{"line":24,"column":42}},"13":{"start":{"line":26,"column":20},"end":{"line":28,"column":21}},"14":{"start":{"line":27,"column":24},"end":{"line":27,"column":58}},"15":{"start":{"line":31,"column":16},"end":{"line":31,"column":61}},"16":{"start":{"line":32,"column":16},"end":{"line":32,"column":30}},"17":{"start":{"line":34,"column":16},"end":{"line":34,"column":34}},"18":{"start":{"line":37,"column":12},"end":{"line":37,"column":26}},"19":{"start":{"line":38,"column":12},"end":{"line":38,"column":30}},"20":{"start":{"line":42,"column":26},"end":{"line":56,"column":5}},"21":{"start":{"line":43,"column":8},"end":{"line":55,"column":9}},"22":{"start":{"line":44,"column":29},"end":{"line":49,"column":14}},"23":{"start":{"line":50,"column":12},"end":{"line":52,"column":13}},"24":{"start":{"line":51,"column":16},"end":{"line":51,"column":48}},"25":{"start":{"line":54,"column":12},"end":{"line":54,"column":62}},"26":{"start":{"line":58,"column":18},"end":{"line":67,"column":5}},"27":{"start":{"line":59,"column":8},"end":{"line":66,"column":9}},"28":{"start":{"line":60,"column":12},"end":{"line":60,"column":51}},"29":{"start":{"line":61,"column":12},"end":{"line":61,"column":26}},"30":{"start":{"line":62,"column":12},"end":{"line":62,"column":31}},"31":{"start":{"line":64,"column":12},"end":{"line":64,"column":57}},"32":{"start":{"line":65,"column":12},"end":{"line":65,"column":26}},"33":{"start":{"line":69,"column":19},"end":{"line":73,"column":5}},"34":{"start":{"line":70,"column":8},"end":{"line":70,"column":22}},"35":{"start":{"line":71,"column":8},"end":{"line":71,"column":26}},"36":{"start":{"line":72,"column":8},"end":{"line":72,"column":43}},"37":{"start":{"line":76,"column":4},"end":{"line":78,"column":11}},"38":{"start":{"line":77,"column":8},"end":{"line":77,"column":21}},"39":{"start":{"line":80,"column":4},"end":{"line":84,"column":6}},"40":{"start":{"line":87,"column":23},"end":{"line":87,"column":52}},"41":{"start":{"line":87,"column":29},"end":{"line":87,"column":52}}},"fnMap":{"0":{"name":"(anonymous_0)","decl":{"start":{"line":6,"column":28},"end":{"line":6,"column":29}},"loc":{"start":{"line":6,"column":46},"end":{"line":85,"column":1}},"line":6},"1":{"name":"(anonymous_1)","decl":{"start":{"line":11,"column":23},"end":{"line":11,"column":24}},"loc":{"start":{"line":11,"column":35},"end":{"line":40,"column":5}},"line":11},"2":{"name":"(anonymous_2)","decl":{"start":{"line":42,"column":26},"end":{"line":42,"column":27}},"loc":{"start":{"line":42,"column":50},"end":{"line":56,"column":5}},"line":42},"3":{"name":"(anonymous_3)","decl":{"start":{"line":58,"column":18},"end":{"line":58,"column":19}},"loc":{"start":{"line":58,"column":41},"end":{"line":67,"column":5}},"line":58},"4":{"name":"(anonymous_4)","decl":{"start":{"line":69,"column":19},"end":{"line":69,"column":20}},"loc":{"start":{"line":69,"column":25},"end":{"line":73,"column":5}},"line":69},"5":{"name":"(anonymous_5)","decl":{"start":{"line":76,"column":14},"end":{"line":76,"column":15}},"loc":{"start":{"line":76,"column":20},"end":{"line":78,"column":5}},"line":76},"6":{"name":"(anonymous_6)","decl":{"start":{"line":87,"column":23},"end":{"line":87,"column":24}},"loc":{"start":{"line":87,"column":29},"end":{"line":87,"column":52}},"line":87}},"branchMap":{"0":{"loc":{"start":{"line":13,"column":8},"end":{"line":39,"column":9}},"type":"if","locations":[{"start":{"line":13,"column":8},"end":{"line":39,"column":9}},{"start":{"line":36,"column":15},"end":{"line":39,"column":9}}],"line":13},"1":{"loc":{"start":{"line":22,"column":16},"end":{"line":29,"column":17}},"type":"if","locations":[{"start":{"line":22,"column":16},"end":{"line":29,"column":17}},{"start":{},"end":{}}],"line":22},"2":{"loc":{"start":{"line":26,"column":20},"end":{"line":28,"column":21}},"type":"if","locations":[{"start":{"line":26,"column":20},"end":{"line":28,"column":21}},{"start":{},"end":{}}],"line":26},"3":{"loc":{"start":{"line":50,"column":12},"end":{"line":52,"column":13}},"type":"if","locations":[{"start":{"line":50,"column":12},"end":{"line":52,"column":13}},{"start":{},"end":{}}],"line":50}},"s":{"0":3,"1":3,"2":22,"3":22,"4":22,"5":22,"6":11,"7":11,"8":4,"9":4,"10":3,"11":2,"12":2,"13":2,"14":2,"15":1,"16":1,"17":4,"18":7,"19":7,"20":22,"21":2,"22":2,"23":1,"24":1,"25":1,"26":22,"27":0,"28":0,"29":0,"30":0,"31":0,"32":0,"33":22,"34":0,"35":0,"36":0,"37":22,"38":11,"39":22,"40":3,"41":35},"f":{"0":22,"1":11,"2":2,"3":0,"4":0,"5":11,"6":35},"b":{"0":[4,7],"1":[2,1],"2":[2,0],"3":[1,0]},"_coverageSchema":"1a1c01bbd47fc00a2c39e90264f33305004495a9","hash":"330d26eb991b8f5d2f223b600ea35b8ed88fd438"}
,"C:\\Users\\Sudipta.Barua\\OneDrive - Brillio\\Documents\\FinalCapstoneProject\\RMS\\frontend\\src\\pages\\AdminDashboard.jsx": {"path":"C:\\Users\\Sudipta.Barua\\OneDrive - Brillio\\Documents\\FinalCapstoneProject\\RMS\\frontend\\src\\pages\\AdminDashboard.jsx","statementMap":{"0":{"start":{"line":7,"column":23},"end":{"line":24,"column":1}},"1":{"start":{"line":8,"column":19},"end":{"line":8,"column":28}},"2":{"start":{"line":9,"column":44},"end":{"line":9,"column":59}},"3":{"start":{"line":11,"column":24},"end":{"line":13,"column":3}},"4":{"start":{"line":12,"column":4},"end":{"line":12,"column":37}},"5":{"start":{"line":15,"column":2},"end":{"line":23,"column":4}}},"fnMap":{"0":{"name":"(anonymous_0)","decl":{"start":{"line":7,"column":23},"end":{"line":7,"column":24}},"loc":{"start":{"line":7,"column":29},"end":{"line":24,"column":1}},"line":7},"1":{"name":"(anonymous_1)","decl":{"start":{"line":11,"column":24},"end":{"line":11,"column":25}},"loc":{"start":{"line":11,"column":30},"end":{"line":13,"column":3}},"line":11}},"branchMap":{"0":{"loc":{"start":{"line":18,"column":32},"end":{"line":18,"column":68}},"type":"cond-expr","locations":[{"start":{"line":18,"column":48},"end":{"line":18,"column":55}},{"start":{"line":18,"column":58},"end":{"line":18,"column":68}}],"line":18}},"s":{"0":1,"1":3,"2":3,"3":3,"4":0,"5":3},"f":{"0":3,"1":0},"b":{"0":[0,3]},"_coverageSchema":"1a1c01bbd47fc00a2c39e90264f33305004495a9","hash":"bff59c4e2c4629afa8b001dbcd0f2e753657b87d"}
,"C:\\Users\\Sudipta.Barua\\OneDrive - Brillio\\Documents\\FinalCapstoneProject\\RMS\\frontend\\src\\pages\\ArtistDashboard.jsx": {"path":"C:\\Users\\Sudipta.Barua\\OneDrive - Brillio\\Documents\\FinalCapstoneProject\\RMS\\frontend\\src\\pages\\ArtistDashboard.jsx","statementMap":{"0":{"start":{"line":7,"column":24},"end":{"line":24,"column":1}},"1":{"start":{"line":8,"column":19},"end":{"line":8,"column":28}},"2":{"start":{"line":9,"column":44},"end":{"line":9,"column":59}},"3":{"start":{"line":11,"column":24},"end":{"line":13,"column":3}},"4":{"start":{"line":12,"column":4},"end":{"line":12,"column":37}},"5":{"start":{"line":15,"column":2},"end":{"line":23,"column":4}}},"fnMap":{"0":{"name":"(anonymous_0)","decl":{"start":{"line":7,"column":24},"end":{"line":7,"column":25}},"loc":{"start":{"line":7,"column":30},"end":{"line":24,"column":1}},"line":7},"1":{"name":"(anonymous_1)","decl":{"start":{"line":11,"column":24},"end":{"line":11,"column":25}},"loc":{"start":{"line":11,"column":30},"end":{"line":13,"column":3}},"line":11}},"branchMap":{"0":{"loc":{"start":{"line":18,"column":32},"end":{"line":18,"column":68}},"type":"cond-expr","locations":[{"start":{"line":18,"column":48},"end":{"line":18,"column":55}},{"start":{"line":18,"column":58},"end":{"line":18,"column":68}}],"line":18}},"s":{"0":1,"1":2,"2":2,"3":2,"4":0,"5":2},"f":{"0":2,"1":0},"b":{"0":[0,2]},"_coverageSchema":"1a1c01bbd47fc00a2c39e90264f33305004495a9","hash":"d9df099c784613275883f2e5f07f1596be1b1045"}
,"C:\\Users\\Sudipta.Barua\\OneDrive - Brillio\\Documents\\FinalCapstoneProject\\RMS\\frontend\\src\\pages\\ForgotPassword.jsx": {"path":"C:\\Users\\Sudipta.Barua\\OneDrive - Brillio\\Documents\\FinalCapstoneProject\\RMS\\frontend\\src\\pages\\ForgotPassword.jsx","statementMap":{"0":{"start":{"line":5,"column":23},"end":{"line":69,"column":1}},"1":{"start":{"line":6,"column":28},"end":{"line":6,"column":40}},"2":{"start":{"line":7,"column":32},"end":{"line":7,"column":46}},"3":{"start":{"line":8,"column":28},"end":{"line":8,"column":42}},"4":{"start":{"line":9,"column":32},"end":{"line":9,"column":47}},"5":{"start":{"line":10,"column":19},"end":{"line":10,"column":32}},"6":{"start":{"line":12,"column":23},"end":{"line":30,"column":3}},"7":{"start":{"line":13,"column":4},"end":{"line":13,"column":23}},"8":{"start":{"line":14,"column":4},"end":{"line":14,"column":21}},"9":{"start":{"line":15,"column":4},"end":{"line":15,"column":19}},"10":{"start":{"line":16,"column":4},"end":{"line":16,"column":21}},"11":{"start":{"line":18,"column":4},"end":{"line":29,"column":5}},"12":{"start":{"line":19,"column":23},"end":{"line":19,"column":50}},"13":{"start":{"line":20,"column":6},"end":{"line":24,"column":7}},"14":{"start":{"line":21,"column":8},"end":{"line":21,"column":74}},"15":{"start":{"line":23,"column":8},"end":{"line":23,"column":60}},"16":{"start":{"line":26,"column":6},"end":{"line":26,"column":20}},"17":{"start":{"line":28,"column":6},"end":{"line":28,"column":24}},"18":{"start":{"line":32,"column":2},"end":{"line":68,"column":4}},"19":{"start":{"line":48,"column":31},"end":{"line":48,"column":55}},"20":{"start":{"line":61,"column":25},"end":{"line":61,"column":43}}},"fnMap":{"0":{"name":"(anonymous_0)","decl":{"start":{"line":5,"column":23},"end":{"line":5,"column":24}},"loc":{"start":{"line":5,"column":29},"end":{"line":69,"column":1}},"line":5},"1":{"name":"(anonymous_1)","decl":{"start":{"line":12,"column":23},"end":{"line":12,"column":24}},"loc":{"start":{"line":12,"column":36},"end":{"line":30,"column":3}},"line":12},"2":{"name":"(anonymous_2)","decl":{"start":{"line":48,"column":24},"end":{"line":48,"column":25}},"loc":{"start":{"line":48,"column":31},"end":{"line":48,"column":55}},"line":48},"3":{"name":"(anonymous_3)","decl":{"start":{"line":61,"column":19},"end":{"line":61,"column":20}},"loc":{"start":{"line":61,"column":25},"end":{"line":61,"column":43}},"line":61}},"branchMap":{"0":{"loc":{"start":{"line":20,"column":6},"end":{"line":24,"column":7}},"type":"if","locations":[{"start":{"line":20,"column":6},"end":{"line":24,"column":7}},{"start":{"line":22,"column":13},"end":{"line":24,"column":7}}],"line":20},"1":{"loc":{"start":{"line":35,"column":9},"end":{"line":35,"column":80}},"type":"binary-expr","locations":[{"start":{"line":35,"column":9},"end":{"line":35,"column":16}},{"start":{"line":35,"column":20},"end":{"line":35,"column":80}}],"line":35},"2":{"loc":{"start":{"line":36,"column":9},"end":{"line":36,"column":74}},"type":"binary-expr","locations":[{"start":{"line":36,"column":9},"end":{"line":36,"column":14}},{"start":{"line":36,"column":18},"end":{"line":36,"column":74}}],"line":36},"3":{"loc":{"start":{"line":54,"column":128},"end":{"line":54,"column":174}},"type":"cond-expr","locations":[{"start":{"line":54,"column":138},"end":{"line":54,"column":169}},{"start":{"line":54,"column":172},"end":{"line":54,"column":174}}],"line":54},"4":{"loc":{"start":{"line":57,"column":13},"end":{"line":57,"column":55}},"type":"cond-expr","locations":[{"start":{"line":57,"column":23},"end":{"line":57,"column":35}},{"start":{"line":57,"column":38},"end":{"line":57,"column":55}}],"line":57}},"s":{"0":1,"1":15,"2":14,"3":14,"4":14,"5":14,"6":14,"7":3,"8":3,"9":3,"10":3,"11":3,"12":3,"13":3,"14":2,"15":1,"16":0,"17":3,"18":14,"19":4,"20":0},"f":{"0":15,"1":3,"2":4,"3":0},"b":{"0":[2,1],"1":[14,1],"2":[14,1],"3":[3,11],"4":[3,11]},"_coverageSchema":"1a1c01bbd47fc00a2c39e90264f33305004495a9","hash":"0bc73f805c999d08900321d37fcf5864a37272fd"}
,"C:\\Users\\Sudipta.Barua\\OneDrive - Brillio\\Documents\\FinalCapstoneProject\\RMS\\frontend\\src\\pages\\HomePage.jsx": {"path":"C:\\Users\\Sudipta.Barua\\OneDrive - Brillio\\Documents\\FinalCapstoneProject\\RMS\\frontend\\src\\pages\\HomePage.jsx","statementMap":{"0":{"start":{"line":4,"column":17},"end":{"line":112,"column":1}},"1":{"start":{"line":5,"column":2},"end":{"line":111,"column":4}},"2":{"start":{"line":60,"column":14},"end":{"line":63,"column":20}},"3":{"start":{"line":77,"column":14},"end":{"line":82,"column":20}}},"fnMap":{"0":{"name":"(anonymous_0)","decl":{"start":{"line":4,"column":17},"end":{"line":4,"column":18}},"loc":{"start":{"line":4,"column":23},"end":{"line":112,"column":1}},"line":4},"1":{"name":"(anonymous_1)","decl":{"start":{"line":59,"column":19},"end":{"line":59,"column":20}},"loc":{"start":{"line":60,"column":14},"end":{"line":63,"column":20}},"line":60},"2":{"name":"(anonymous_2)","decl":{"start":{"line":76,"column":87},"end":{"line":76,"column":88}},"loc":{"start":{"line":77,"column":14},"end":{"line":82,"column":20}},"line":77}},"branchMap":{},"s":{"0":1,"1":6,"2":18,"3":18},"f":{"0":6,"1":18,"2":18},"b":{},"_coverageSchema":"1a1c01bbd47fc00a2c39e90264f33305004495a9","hash":"77f8793538cf4d5706ed5858c4084afa0a3039e2"}
,"C:\\Users\\Sudipta.Barua\\OneDrive - Brillio\\Documents\\FinalCapstoneProject\\RMS\\frontend\\src\\pages\\Login.jsx": {"path":"C:\\Users\\Sudipta.Barua\\OneDrive - Brillio\\Documents\\FinalCapstoneProject\\RMS\\frontend\\src\\pages\\Login.jsx","statementMap":{"0":{"start":{"line":6,"column":14},"end":{"line":120,"column":1}},"1":{"start":{"line":7,"column":30},"end":{"line":7,"column":42}},"2":{"start":{"line":8,"column":36},"end":{"line":8,"column":48}},"3":{"start":{"line":9,"column":30},"end":{"line":9,"column":42}},"4":{"start":{"line":10,"column":22},"end":{"line":10,"column":31}},"5":{"start":{"line":11,"column":21},"end":{"line":11,"column":34}},"6":{"start":{"line":13,"column":21},"end":{"line":42,"column":5}},"7":{"start":{"line":14,"column":24},"end":{"line":14,"column":26}},"8":{"start":{"line":17,"column":8},"end":{"line":23,"column":9}},"9":{"start":{"line":18,"column":12},"end":{"line":18,"column":48}},"10":{"start":{"line":19,"column":15},"end":{"line":23,"column":9}},"11":{"start":{"line":20,"column":12},"end":{"line":20,"column":52}},"12":{"start":{"line":21,"column":15},"end":{"line":23,"column":9}},"13":{"start":{"line":22,"column":12},"end":{"line":22,"column":85}},"14":{"start":{"line":26,"column":8},"end":{"line":38,"column":9}},"15":{"start":{"line":27,"column":12},"end":{"line":27,"column":51}},"16":{"start":{"line":28,"column":15},"end":{"line":38,"column":9}},"17":{"start":{"line":29,"column":12},"end":{"line":29,"column":69}},"18":{"start":{"line":30,"column":15},"end":{"line":38,"column":9}},"19":{"start":{"line":31,"column":12},"end":{"line":31,"column":82}},"20":{"start":{"line":32,"column":15},"end":{"line":38,"column":9}},"21":{"start":{"line":33,"column":12},"end":{"line":33,"column":82}},"22":{"start":{"line":34,"column":15},"end":{"line":38,"column":9}},"23":{"start":{"line":35,"column":12},"end":{"line":35,"column":72}},"24":{"start":{"line":36,"column":15},"end":{"line":38,"column":9}},"25":{"start":{"line":37,"column":12},"end":{"line":37,"column":105}},"26":{"start":{"line":40,"column":8},"end":{"line":40,"column":39}},"27":{"start":{"line":41,"column":8},"end":{"line":41,"column":38}},"28":{"start":{"line":45,"column":25},"end":{"line":67,"column":5}},"29":{"start":{"line":46,"column":8},"end":{"line":46,"column":27}},"30":{"start":{"line":47,"column":8},"end":{"line":47,"column":32}},"31":{"start":{"line":47,"column":25},"end":{"line":47,"column":32}},"32":{"start":{"line":49,"column":8},"end":{"line":66,"column":9}},"33":{"start":{"line":50,"column":25},"end":{"line":50,"column":57}},"34":{"start":{"line":51,"column":12},"end":{"line":63,"column":13}},"35":{"start":{"line":52,"column":16},"end":{"line":52,"column":60}},"36":{"start":{"line":55,"column":16},"end":{"line":55,"column":45}},"37":{"start":{"line":58,"column":16},"end":{"line":60,"column":84}},"38":{"start":{"line":58,"column":48},"end":{"line":58,"column":77}},"39":{"start":{"line":59,"column":21},"end":{"line":60,"column":84}},"40":{"start":{"li
[...]
6,"column":4},"end":{"line":46,"column":67}},"16":{"start":{"line":47,"column":4},"end":{"line":47,"column":16}},"17":{"start":{"line":52,"column":40},"end":{"line":69,"column":1}},"18":{"start":{"line":53,"column":2},"end":{"line":68,"column":3}},"19":{"start":{"line":54,"column":21},"end":{"line":63,"column":6}},"20":{"start":{"line":64,"column":4},"end":{"line":64,"column":25}},"21":{"start":{"line":66,"column":4},"end":{"line":66,"column":65}},"22":{"start":{"line":67,"column":4},"end":{"line":67,"column":16}},"23":{"start":{"line":73,"column":35},"end":{"line":86,"column":1}},"24":{"start":{"line":74,"column":2},"end":{"line":85,"column":3}},"25":{"start":{"line":76,"column":4},"end":{"line":81,"column":7}},"26":{"start":{"line":83,"column":4},"end":{"line":83,"column":59}},"27":{"start":{"line":84,"column":4},"end":{"line":84,"column":16}},"28":{"start":{"line":89,"column":42},"end":{"line":104,"column":1}},"29":{"start":{"line":92,"column":2},"end":{"line":103,"column":3}},"30":{"start":{"line":93,"column":4},"end":{"line":98,"column":7}},"31":{"start":{"line":101,"column":4},"end":{"line":101,"column":66}},"32":{"start":{"line":102,"column":4},"end":{"line":102,"column":16}},"33":{"start":{"line":107,"column":48},"end":{"line":121,"column":1}},"34":{"start":{"line":108,"column":2},"end":{"line":120,"column":3}},"35":{"start":{"line":109,"column":21},"end":{"line":114,"column":6}},"36":{"start":{"line":116,"column":4},"end":{"line":116,"column":46}},"37":{"start":{"line":118,"column":4},"end":{"line":118,"column":59}},"38":{"start":{"line":119,"column":4},"end":{"line":119,"column":16}}},"fnMap":{"0":{"name":"(anonymous_0)","decl":{"start":{"line":6,"column":42},"end":{"line":6,"column":43}},"loc":{"start":{"line":6,"column":63},"end":{"line":19,"column":1}},"line":6},"1":{"name":"(anonymous_1)","decl":{"start":{"line":22,"column":42},"end":{"line":22,"column":43}},"loc":{"start":{"line":22,"column":63},"end":{"line":34,"column":1}},"line":22},"2":{"name":"(anonymous_2)","decl":{"start":{"line":37,"column":42},"end":{"line":37,"column":43}},"loc":{"start":{"line":37,"column":63},"end":{"line":49,"column":1}},"line":37},"3":{"name":"(anonymous_3)","decl":{"start":{"line":52,"column":40},"end":{"line":52,"column":41}},"loc":{"start":{"line":52,"column":71},"end":{"line":69,"column":1}},"line":52},"4":{"name":"(anonymous_4)","decl":{"start":{"line":73,"column":35},"end":{"line":73,"column":36}},"loc":{"start":{"line":73,"column":70},"end":{"line":86,"column":1}},"line":73},"5":{"name":"(anonymous_5)","decl":{"start":{"line":89,"column":42},"end":{"line":89,"column":43}},"loc":{"start":{"line":89,"column":79},"end":{"line":104,"column":1}},"line":89},"6":{"name":"(anonymous_6)","decl":{"start":{"line":107,"column":48},"end":{"line":107,"column":49}},"loc":{"start":{"line":107,"column":72},"end":{"line":121,"column":1}},"line":107}},"branchMap":{"0":{"loc":{"start":{"line":14,"column":11},"end":{"line":14,"column":45}},"type":"binary-expr","locations":[{"start":{"line":14,"column":11},"end":{"line":14,"column":39}},{"start":{"line":14,"column":43},"end":{"line":14,"column":45}}],"line":14},"1":{"loc":{"start":{"line":116,"column":11},"end":{"line":116,"column":45}},"type":"binary-expr","locations":[{"start":{"line":116,"column":11},"end":{"line":116,"column":39}},{"start":{"line":116,"column":43},"end":{"line":116,"column":45}}],"line":116}},"s":{"0":1,"1":1,"2":3,"3":3,"4":2,"5":1,"6":1,"7":1,"8":1,"9":1,"10":0,"11":0,"12":1,"13":1,"14":1,"15":0,"16":0,"17":1,"18":2,"19":2,"20":1,"21":1,"22":1,"23":1,"24":0,"25":0,"26":0,"27":0,"28":1,"29":0,"30":0,"31":0,"32":0,"33":1,"34":0,"35":0,"36":0,"37":0,"38":0},"f":{"0":3,"1":1,"2":1,"3":2,"4":0,"5":0,"6":0},"b":{"0":[2,1],"1":[0,0]},"_coverageSchema":"1a1c01bbd47fc00a2c39e90264f33305004495a9","hash":"f5b571fc3e9bf1763f36a7a05074c5b402330499"}
,"C:\\Users\\Sudipta.Barua\\OneDrive - Brillio\\Documents\\FinalCapstoneProject\\RMS\\frontend\\src\\services\\SongService.jsx": {"path":"C:\\Users\\Sudipta.Barua\\OneDrive - Brillio\\Documents\\FinalCapstoneProject\\RMS\\frontend\\src\\services\\SongService.jsx","statementMap":{"0":{"start":{"line":3,"column":16},"end":{"line":3,"column":50}},"1":{"start":{"line":5,"column":20},"end":{"line":57,"column":1}},"2":{"start":{"line":8,"column":4},"end":{"line":23,"column":5}},"3":{"start":{"line":9,"column":23},"end":{"line":14,"column":8}},"4":{"start":{"line":15,"column":6},"end":{"line":15,"column":27}},"5":{"start":{"line":17,"column":6},"end":{"line":22,"column":7}},"6":{"start":{"line":18,"column":8},"end":{"line":18,"column":69}},"7":{"start":{"line":20,"column":8},"end":{"line":20,"column":52}},"8":{"start":{"line":21,"column":8},"end":{"line":21,"column":68}},"9":{"start":{"line":28,"column":4},"end":{"line":39,"column":5}},"10":{"start":{"line":29,"column":23},"end":{"line":34,"column":8}},"11":{"start":{"line":35,"column":6},"end":{"line":35,"column":33}},"12":{"start":{"line":37,"column":6},"end":{"line":37,"column":53}},"13":{"start":{"line":38,"column":6},"end":{"line":38,"column":65}},"14":{"start":{"line":44,"column":4},"end":{"line":55,"column":5}},"15":{"start":{"line":45,"column":23},"end":{"line":50,"column":8}},"16":{"start":{"line":51,"column":6},"end":{"line":51,"column":27}},"17":{"start":{"line":53,"column":6},"end":{"line":53,"column":53}},"18":{"start":{"line":54,"column":6},"end":{"line":54,"column":68}}},"fnMap":{"0":{"name":"(anonymous_0)","decl":{"start":{"line":7,"column":11},"end":{"line":7,"column":12}},"loc":{"start":{"line":7,"column":30},"end":{"line":24,"column":3}},"line":7},"1":{"name":"(anonymous_1)","decl":{"start":{"line":27,"column":22},"end":{"line":27,"column":23}},"loc":{"start":{"line":27,"column":42},"end":{"line":40,"column":3}},"line":27},"2":{"name":"(anonymous_2)","decl":{"start":{"line":43,"column":14},"end":{"line":43,"column":15}},"loc":{"start":{"line":43,"column":32},"end":{"line":56,"column":3}},"line":43}},"branchMap":{"0":{"loc":{"start":{"line":17,"column":6},"end":{"line":22,"column":7}},"type":"if","locations":[{"start":{"line":17,"column":6},"end":{"line":22,"column":7}},{"start":{"line":19,"column":13},"end":{"line":22,"column":7}}],"line":17}},"s":{"0":1,"1":1,"2":4,"3":4,"4":1,"5":3,"6":1,"7":2,"8":2,"9":3,"10":3,"11":2,"12":1,"13":1,"14":4,"15":4,"16":1,"17":3,"18":3},"f":{"0":4,"1":3,"2":4},"b":{"0":[1,2]},"_coverageSchema":"1a1c01bbd47fc00a2c39e90264f33305004495a9","hash":"aad57d23635d0d4fe6267a0a06df8b4f039f7abd"}
,"C:\\Users\\Sudipta.Barua\\OneDrive - Brillio\\Documents\\FinalCapstoneProject\\RMS\\frontend\\src\\services\\TransactionService.jsx": {"path":"C:\\Users\\Sudipta.Barua\\OneDrive - Brillio\\Documents\\FinalCapstoneProject\\RMS\\frontend\\src\\services\\TransactionService.jsx","statementMap":{"0":{"start":{"line":3,"column":21},"end":{"line":3,"column":61}},"1":{"start":{"line":5,"column":27},"end":{"line":84,"column":1}},"2":{"start":{"line":7,"column":8},"end":{"line":18,"column":9}},"3":{"start":{"line":8,"column":29},"end":{"line":13,"column":14}},"4":{"start":{"line":14,"column":12},"end":{"line":14,"column":33}},"5":{"start":{"line":16,"column":12},"end":{"line":16,"column":65}},"6":{"start":{"line":17,"column":12},"end":{"line":17,"column":22}},"7":{"start":{"line":22,"column":8},"end":{"line":22,"column":123}},"8":{"start":{"line":22,"column":48},"end":{"line":22,"column":118}},"9":{"start":{"line":26,"column":8},"end":{"line":40,"column":9}},"10":{"start":{"line":27,"column":29},"end":{"line":36,"column":13}},"11":{"start":{"line":37,"column":12},"end":{"line":37,"column":33}},"12":{"start":{"line":39,"column":12},"end":{"line":39,"column":54}},"13":{"start":{"line":44,"column":8},"end":{"line":54,"column":9}},"14":{"start":{"line":45,"column":12},"end":{"line":50,"column":15}},"15":{"start":{"line":51,"column":12},"end":{"line":51,"column":83}},"16":{"start":{"line":53,"column":12},"end":{"line":53,"column":109}},"17":{"start":{"line":58,"column":8},"end":{"line":68,"column":9}},"18":{"start":{"line":59,"column":12},"end":{"line":64,"column":15}},"19":{"start":{"line":65,"column":12},"end":{"line":65,"column":83}},"20":{"start":{"line":67,"column":12},"end":{"line":67,"column":109}},"21":{"start":{"line":72,"column":8},"end":{"line":82,"column":9}},"22":{"start":{"line":73,"column":12},"end":{"line":78,"column":15}},"23":{"start":{"line":79,"column":12},"end":{"line":79,"column":69}},"24":{"start":{"line":81,"column":12},"end":{"line":81,"column":107}}},"fnMap":{"0":{"name":"(anonymous_0)","decl":{"start":{"line":6,"column":23},"end":{"line":6,"column":24}},"loc":{"start":{"line":6,"column":43},"end":{"line":19,"column":5}},"line":6},"1":{"name":"(anonymous_1)","decl":{"start":{"line":21,"column":23},"end":{"line":21,"column":24}},"loc":{"start":{"line":21,"column":52},"end":{"line":23,"column":5}},"line":21},"2":{"name":"(anonymous_2)","decl":{"start":{"line":22,"column":35},"end":{"line":22,"column":36}},"loc":{"start":{"line":22,"column":48},"end":{"line":22,"column":118}},"line":22},"3":{"name":"(anonymous_3)","decl":{"start":{"line":25,"column":29},"end":{"line":25,"column":30}},"loc":{"start":{"line":25,"column":49},"end":{"line":41,"column":5}},"line":25},"4":{"name":"(anonymous_4)","decl":{"start":{"line":43,"column":23},"end":{"line":43,"column":24}},"loc":{"start":{"line":43,"column":50},"end":{"line":55,"column":5}},"line":43},"5":{"name":"(anonymous_5)","decl":{"start":{"line":57,"column":23},"end":{"line":57,"column":24}},"loc":{"start":{"line":57,"column":48},"end":{"line":69,"column":5}},"line":57},"6":{"name":"(anonymous_6)","decl":{"start":{"line":71,"column":20},"end":{"line":71,"column":21}},"loc":{"start":{"line":71,"column":60},"end":{"line":83,"column":5}},"line":71}},"branchMap":{"0":{"loc":{"start":{"line":21,"column":24},"end":{"line":21,"column":41}},"type":"default-arg","locations":[{"start":{"line":21,"column":39},"end":{"line":21,"column":41}}],"line":21},"1":{"loc":{"start":{"line":22,"column":55},"end":{"line":22,"column":117}},"type":"cond-expr","locations":[{"start":{"line":22,"column":75},"end":{"line":22,"column":94}},{"start":{"line":22,"column":97},"end":{"line":22,"column":117}}],"line":22},"2":{"loc":{"start":{"line":22,"column":75},"end":{"line":22,"column":94}},"type":"binary-expr","locations":[{"start":{"line":22,"column":75},"end":{"line":22,"column":89}},{"start":{"line":22,"column":93},"end":{"line":22,"column":94}}],"line":22},"3":{"loc":{"start":{"line":22,"column":97},"end":{"line":22,"column":117}},"type":"binary-expr","locations":[{"start":{"line":22,"column":97},"end":{"line":22,"column":112}},{"start":{"line":22,"column":116},"end":{"line":22,"column":117}}],"line":22},"4":{"loc":{"start":{"line":53,"column":46},"end":{"line":53,"column":106}},"type":"binary-expr","locations":[{"start":{"line":53,"column":46},"end":{"line":53,"column":73}},{"start":{"line":53,"column":77},"end":{"line":53,"column":106}}],"line":53},"5":{"loc":{"start":{"line":67,"column":46},"end":{"line":67,"column":106}},"type":"binary-expr","locations":[{"start":{"line":67,"column":46},"end":{"line":67,"column":73}},{"start":{"line":67,"column":77},"end":{"line":67,"column":106}}],"line":67},"6":{"loc":{"start":{"line":81,"column":46},"end":{"line":81,"column":104}},"type":"binary-expr","locations":[{"start":{"line":81,"column":46},"end":{"line":81,"column":73}},{"start":{"line":81,"column":77},"end":{"line":81,"column":104}}],"line":81}},"s":{"0":1,"1":1,"2":2,"3":2,"4":1,"5":1,"6":1,"7":2,"8":4,"9":2,"10":2,"11":1,"12":1,"13":2,"14":2,"15":1,"16":1,"17":2,"18":2,"19":1,"20":1,"21":2,"22":2,"23":1,"24":1},"f":{"0":2,"1":2,"2":4,"3":2,"4":2,"5":2,"6":2},"b":{"0":[0],"1":[2,2],"2":[2,0],"3":[2,0],"4":[1,1],"5":[1,1],"6":[1,1]},"_coverageSchema":"1a1c01bbd47fc00a2c39e90264f33305004495a9","hash":"7aae652cb8a871d3dbf2ac675ec3850f79ecf9ca"}
,"C:\\Users\\Sudipta.Barua\\OneDrive - Brillio\\Documents\\FinalCapstoneProject\\RMS\\frontend\\src\\services\\userService.jsx": {"path":"C:\\Users\\Sudipta.Barua\\OneDrive - Brillio\\Documents\\FinalCapstoneProject\\RMS\\frontend\\src\\services\\userService.jsx","statementMap":{"0":{"start":{"line":3,"column":21},"end":{"line":3,"column":54}},"1":{"start":{"line":6,"column":26},"end":{"line":23,"column":1}},"2":{"start":{"line":7,"column":2},"end":{"line":22,"column":3}},"3":{"start":{"line":8,"column":26},"end":{"line":11,"column":5}},"4":{"start":{"line":13,"column":21},"end":{"line":18,"column":4}},"5":{"start":{"line":19,"column":4},"end":{"line":19,"column":25}},"6":{"start":{"line":21,"column":4},"end":{"line":21,"column":78}},"7":{"start":{"line":26,"column":32},"end":{"line":38,"column":1}},"8":{"start":{"line":27,"column":2},"end":{"line":37,"column":3}},"9":{"start":{"line":28,"column":21},"end":{"line":33,"column":4}},"10":{"start":{"line":34,"column":4},"end":{"line":34,"column":30}},"11":{"start":{"line":36,"column":4},"end":{"line":36,"column":52}},"12":{"start":{"line":41,"column":33},"end":{"line":53,"column":1}},"13":{"start":{"line":42,"column":2},"end":{"line":52,"column":3}},"14":{"start":{"line":43,"column":21},"end":{"line":48,"column":4}},"15":{"start":{"line":49,"column":4},"end":{"line":49,"column":25}},"16":{"start":{"line":51,"column":4},"end":{"line":51,"column":48}},"17":{"start":{"line":56,"column":32},"end":{"line":71,"column":1}},"18":{"start":{"line":57,"column":2},"end":{"line":70,"column":3}},"19":{"start":{"line":58,"column":23},"end":{"line":63,"column":6}},"20":{"start":{"line":64,"column":6},"end":{"line":66,"column":7}},"21":{"start":{"line":65,"column":10},"end":{"line":65,"column":37}},"22":{"start":{"line":67,"column":6},"end":{"line":67,"column":47}},"23":{"start":{"line":69,"column":6},"end":{"line":69,"column":63}},"24":{"start":{"line":74,"column":32},"end":{"line":89,"column":1}},"25":{"start":{"line":75,"column":2},"end":{"line":88,"column":3}},"26":{"start":{"line":76,"column":23},"end":{"line":81,"column":6}},"27":{"start":{"line":82,"column":6},"end":{"line":84,"column":7}},"28":{"start":{"line":83,"column":10},"end":{"line":83,"column":36}},"29":{"start":{"line":85,"column":6},"end":{"line":85,"column":54}},"30":{"start":{"line":87,"column":6},"end":{"line":87,"column":69}}},"fnMap":{"0":{"name":"(anonymous_0)","decl":{"start":{"line":6,"column":26},"end":{"line":6,"column":27}},"loc":{"start":{"line":6,"column":46},"end":{"line":23,"column":1}},"line":6},"1":{"name":"(anonymous_1)","decl":{"start":{"line":26,"column":32},"end":{"line":26,"column":33}},"loc":{"start":{"line":26,"column":52},"end":{"line":38,"column":1}},"line":26},"2":{"name":"(anonymous_2)","decl":{"start":{"line":41,"column":33},"end":{"line":41,"column":34}},"loc":{"start":{"line":41,"column":63},"end":{"line":53,"column":1}},"line":41},"3":{"name":"(anonymous_3)","decl":{"start":{"line":56,"column":32},"end":{"line":56,"column":33}},"loc":{"start":{"line":56,"column":48},"end":{"line":71,"column":1}},"line":56},"4":{"name":"(anonymous_4)","decl":{"start":{"line":74,"column":32},"end":{"line":74,"column":33}},"loc":{"start":{"line":74,"column":60},"end":{"line":89,"column":1}},"line":74}},"branchMap":{"0":{"loc":{"start":{"line":21,"column":20},"end":{"line":21,"column":76}},"type":"binary-expr","locations":[{"start":{"line":21,"column":20},"end":{"line":21,"column":49}},{"start":{"line":21,"column":53},"end":{"line":21,"column":76}}],"line":21},"1":{"loc":{"start":{"line":64,"column":6},"end":{"line":66,"column":7}},"type":"if","locations":[{"start":{"line":64,"column":6},"end":{"line":66,"column":7}},{"start":{},"end":{}}],"line":64},"2":{"loc":{"start":{"line":69,"column":22},"end":{"line":69,"column":61}},"type":"binary-expr","locations":[{"start":{"line":69,"column":22},"end":{"line":69,"column":35}},{"start":{"line":69,"column":39},"end":{"line":69,"column":61}}],"line":69},"3":{"loc":{"start":{"line":82,"column":6},"end":{"line":84,"column":7}},"type":"if","locations":[{"start":{"line":82,"column":6},"end":{"line":84,"column":7}},{"start":{},"end":{}}],"line":82},"4":{"loc":{"start":{"line":87,"column":22},"end":{"line":87,"column":67}},"type":"binary-expr","locations":[{"start":{"line":87,"column":22},"end":{"line":87,"column":35}},{"start":{"line":87,"column":39},"end":{"line":87,"column":67}}],"line":87}},"s":{"0":1,"1":1,"2":2,"3":2,"4":1,"5":1,"6":1,"7":1,"8":2,"9":2,"10":1,"11":1,"12":1,"13":2,"14":2,"15":1,"16":1,"17":1,"18":2,"19":2,"20":1,"21":1,"22":0,"23":1,"24":1,"25":2,"26":2,"27":1,"28":1,"29":0,"30":1},"f":{"0":2,"1":2,"2":2,"3":2,"4":2},"b":{"0":[1,1],"1":[1,0],"2":[1,0],"3":[1,0],"4":[1,0]},"_coverageSchema":"1a1c01bbd47fc00a2c39e90264f33305004495a9","hash":"05348047d04e7796f90a4340ad86c56392846322"}
,"C:\\Users\\Sudipta.Barua\\OneDrive - Brillio\\Documents\\FinalCapstoneProject\\RMS\\frontend\\src\\utils\\PrivateRoutes.jsx": {"path":"C:\\Users\\Sudipta.Barua\\OneDrive - Brillio\\Documents\\FinalCapstoneProject\\RMS\\frontend\\src\\utils\\PrivateRoutes.jsx","statementMap":{"0":{"start":{"line":6,"column":22},"end":{"line":12,"column":1}},"1":{"start":{"line":7,"column":27},"end":{"line":7,"column":36}},"2":{"start":{"line":8,"column":4},"end":{"line":10,"column":5}},"3":{"start":{"line":9,"column":8},"end":{"line":9,"column":36}},"4":{"start":{"line":11,"column":4},"end":{"line":11,"column":52}}},"fnMap":{"0":{"name":"(anonymous_0)","decl":{"start":{"line":6,"column":22},"end":{"line":6,"column":23}},"loc":{"start":{"line":6,"column":38},"end":{"line":12,"column":1}},"line":6}},"branchMap":{"0":{"loc":{"start":{"line":8,"column":4},"end":{"line":10,"column":5}},"type":"if","locations":[{"start":{"line":8,"column":4},"end":{"line":10,"column":5}},{"start":{},"end":{}}],"line":8},"1":{"loc":{"start":{"line":11,"column":11},"end":{"line":11,"column":52}},"type":"cond-expr","locations":[{"start":{"line":11,"column":18},"end":{"line":11,"column":26}},{"start":{"line":11,"column":29},"end":{"line":11,"column":52}}],"line":11}},"s":{"0":1,"1":3,"2":3,"3":1,"4":2},"f":{"0":3},"b":{"0":[1,2],"1":[1,1]},"_coverageSchema":"1a1c01bbd47fc00a2c39e90264f33305004495a9","hash":"9e6b3ac23f596bcb4455838923f2e6dd0df580f4"}
,"C:\\Users\\Sudipta.Barua\\OneDrive - Brillio\\Documents\\FinalCapstoneProject\\RMS\\frontend\\src\\utils\\RoleBaseRoutes.jsx": {"path":"C:\\Users\\Sudipta.Barua\\OneDrive - Brillio\\Documents\\FinalCapstoneProject\\RMS\\frontend\\src\\utils\\RoleBaseRoutes.jsx","statementMap":{"0":{"start":{"line":5,"column":23},"end":{"line":23,"column":1}},"1":{"start":{"line":6,"column":30},"end":{"line":6,"column":39}},"2":{"start":{"line":8,"column":4},"end":{"line":10,"column":5}},"3":{"start":{"line":9,"column":8},"end":{"line":9,"column":37}},"4":{"start":{"line":13,"column":4},"end":{"line":15,"column":5}},"5":{"start":{"line":14,"column":8},"end":{"line":14,"column":40}},"6":{"start":{"line":18,"column":4},"end":{"line":20,"column":5}},"7":{"start":{"line":19,"column":8},"end":{"line":19,"column":40}},"8":{"start":{"line":22,"column":4},"end":{"line":22,"column":20}}},"fnMap":{"0":{"name":"(anonymous_0)","decl":{"start":{"line":5,"column":23},"end":{"line":5,"column":24}},"loc":{"start":{"line":5,"column":55},"end":{"line":23,"column":1}},"line":5}},"branchMap":{"0":{"loc":{"start":{"line":8,"column":4},"end":{"line":10,"column":5}},"type":"if","locations":[{"start":{"line":8,"column":4},"end":{"line":10,"column":5}},{"start":{},"end":{}}],"line":8},"1":{"loc":{"start":{"line":13,"column":4},"end":{"line":15,"column":5}},"type":"if","locations":[{"start":{"line":13,"column":4},"end":{"line":15,"column":5}},{"start":{},"end":{}}],"line":13},"2":{"loc":{"start":{"line":18,"column":4},"end":{"line":20,"column":5}},"type":"if","locations":[{"start":{"line":18,"column":4},"end":{"line":20,"column":5}},{"start":{},"end":{}}],"line":18}},"s":{"0":1,"1":5,"2":5,"3":1,"4":4,"5":1,"6":3,"7":1,"8":2},"f":{"0":5},"b":{"0":[1,4],"1":[1,3],"2":[1,2]},"_coverageSchema":"1a1c01bbd47fc00a2c39e90264f33305004495a9","hash":"6e4c4d34df346f8ea911d231f0b17ef853ad710c"}
}
