{"C:\\TEST_RMS\\RMS\\frontend\\src\\App.jsx": {"path":"C:\\TEST_RMS\\RMS\\frontend\\src\\App.jsx","statementMap":{"0":{"start":{"line":5,"column":2},"end":{"line":9,"column":4}}},"fnMap":{"0":{"name":"App","decl":{"start":{"line":4,"column":9},"end":{"line":4,"column":12}},"loc":{"start":{"line":4,"column":15},"end":{"line":10,"column":1}},"line":4}},"branchMap":{},"s":{"0":1},"f":{"0":1},"b":{},"_coverageSchema":"1a1c01bbd47fc00a2c39e90264f33305004495a9","hash":"93d7d8b1f6becdb1d757fc8b6d569651f2a3f95c"}
,"C:\\TEST_RMS\\RMS\\frontend\\src\\main.jsx": {"path":"C:\\TEST_RMS\\RMS\\frontend\\src\\main.jsx","statementMap":{"0":{"start":{"line":10,"column":0},"end":{"line":22,"column":2}}},"fnMap":{},"branchMap":{},"s":{"0":1},"f":{},"b":{},"_coverageSchema":"1a1c01bbd47fc00a2c39e90264f33305004495a9","hash":"f1bd15f93c24f3f8694ac1087e82c90f973cd276"}
,"C:\\TEST_RMS\\RMS\\frontend\\src\\components\\commonComponents\\Navbar.jsx": {"path":"C:\\TEST_RMS\\RMS\\frontend\\src\\components\\commonComponents\\Navbar.jsx","statementMap":{"0":{"start":{"line":8,"column":15},"end":{"line":97,"column":1}},"1":{"start":{"line":9,"column":27},"end":{"line":9,"column":36}},"2":{"start":{"line":10,"column":19},"end":{"line":10,"column":32}},"3":{"start":{"line":11,"column":40},"end":{"line":11,"column":55}},"4":{"start":{"line":12,"column":52},"end":{"line":12,"column":67}},"5":{"start":{"line":13,"column":21},"end":{"line":13,"column":33}},"6":{"start":{"line":14,"column":26},"end":{"line":14,"column":38}},"7":{"start":{"line":16,"column":26},"end":{"line":16,"column":44}},"8":{"start":{"line":18,"column":23},"end":{"line":21,"column":3}},"9":{"start":{"line":19,"column":4},"end":{"line":19,"column":13}},"10":{"start":{"line":20,"column":4},"end":{"line":20,"column":23}},"11":{"start":{"line":24,"column":24},"end":{"line":27,"column":3}},"12":{"start":{"line":25,"column":4},"end":{"line":25,"column":36}},"13":{"start":{"line":25,"column":29},"end":{"line":25,"column":34}},"14":{"start":{"line":26,"column":4},"end":{"line":26,"column":32}},"15":{"start":{"line":30,"column":30},"end":{"line":33,"column":3}},"16":{"start":{"line":31,"column":4},"end":{"line":31,"column":42}},"17":{"start":{"line":31,"column":35},"end":{"line":31,"column":40}},"18":{"start":{"line":32,"column":4},"end":{"line":32,"column":26}},"19":{"start":{"line":35,"column":2},"end":{"line":47,"column":9}},"20":{"start":{"line":36,"column":31},"end":{"line":44,"column":5}},"21":{"start":{"line":37,"column":6},"end":{"line":43,"column":7}},"22":{"start":{"line":41,"column":8},"end":{"line":41,"column":30}},"23":{"start":{"line":42,"column":8},"end":{"line":42,"column":36}},"24":{"start":{"line":45,"column":4},"end":{"line":45,"column":63}},"25":{"start":{"line":46,"column":4},"end":{"line":46,"column":79}},"26":{"start":{"line":46,"column":17},"end":{"line":46,"column":78}},"27":{"start":{"line":49,"column":2},"end":{"line":96,"column":4}}},"fnMap":{"0":{"name":"(anonymous_0)","decl":{"start":{"line":8,"column":15},"end":{"line":8,"column":16}},"loc":{"start":{"line":8,"column":38},"end":{"line":97,"column":1}},"line":8},"1":{"name":"(anonymous_1)","decl":{"start":{"line":18,"column":23},"end":{"line":18,"column":24}},"loc":{"start":{"line":18,"column":29},"end":{"line":21,"column":3}},"line":18},"2":{"name":"(anonymous_2)","decl":{"start":{"line":24,"column":24},"end":{"line":24,"column":25}},"loc":{"start":{"line":24,"column":30},"end":{"line":27,"column":3}},"line":24},"3":{"name":"(anonymous_3)","decl":{"start":{"line":25,"column":19},"end":{"line":25,"column":20}},"loc":{"start":{"line":25,"column":29},"end":{"line":25,"column":34}},"line":25},"4":{"name":"(anonymous_4)","decl":{"start":{"line":30,"column":30},"end":{"line":30,"column":31}},"loc":{"start":{"line":30,"column":36},"end":{"line":33,"column":3}},"line":30},"5":{"name":"(anonymous_5)","decl":{"start":{"line":31,"column":25},"end":{"line":31,"column":26}},"loc":{"start":{"line":31,"column":35},"end":{"line":31,"column":40}},"line":31},"6":{"name":"(anonymous_6)","decl":{"start":{"line":35,"column":12},"end":{"line":35,"column":13}},"loc":{"start":{"line":35,"column":18},"end":{"line":47,"column":3}},"line":35},"7":{"name":"(anonymous_7)","decl":{"start":{"line":36,"column":31},"end":{"line":36,"column":32}},"loc":{"start":{"line":36,"column":42},"end":{"line":44,"column":5}},"line":36},"8":{"name":"(anonymous_8)","decl":{"start":{"line":46,"column":11},"end":{"line":46,"column":12}},"loc":{"start":{"line":46,"column":17},"end":{"line":46,"column":78}},"line":46}},"branchMap":{"0":{"loc":{"start":{"line":37,"column":6},"end":{"line":43,"column":7}},"type":"if","locations":[{"start":{"line":37,"column":6},"end":{"line":43,"column":7}},{"start":{},"end":{}}],"line":37},"1":{"loc":{"start":{"line":38,"column":8},"end":{"line":39,"column":56}},"type":"binary-expr","locations":[{"start":{"line":38,"column":8},"end":{"line":38,"column":51}},{"start":{"line":39,"column":8},"end":{"line":39,"column":56}}],"line":38},"2":{"loc":{"start":{"line":54,"column":60},"end":{"line":54,"column":90}},"type":"cond-expr","locations":[{"start":{"line":54,"column":67},"end":{"line":54,"column":80}},{"start":{"line":54,"column":83},"end":{"line":54,"column":90}}],"line":54},"3":{"loc":{"start":{"line":57,"column":9},"end":{"line":66,"column":9}},"type":"binary-expr","locations":[{"start":{"line":57,"column":9},"end":{"line":57,"column":13}},{"start":{"line":57,"column":18},"end":{"line":57,"column":40}},{"start":{"line":57,"column":44},"end":{"line":57,"column":67}},{"start":{"line":58,"column":10},"end":{"line":65,"column":19}}],"line":57},"4":{"loc":{"start":{"line":60,"column":13},"end":{"line":64,"column":13}},"type":"binary-expr","locations":[{"start":{"line":60,"column":13},"end":{"line":60,"column":28}},{"start":{"line":61,"column":14},"end":{"line":63,"column":21}}],"line":60},"5":{"loc":{"start":{"line":78,"column":7},"end":{"line":82,"column":7}},"type":"binary-expr","locations":[{"start":{"line":78,"column":7},"end":{"line":78,"column":24}},{"start":{"line":79,"column":8},"end":{"line":81,"column":14}}],"line":78},"6":{"loc":{"start":{"line":84,"column":7},"end":{"line":94,"column":7}},"type":"binary-expr","locations":[{"start":{"line":84,"column":7},"end":{"line":84,"column":18}},{"start":{"line":84,"column":22},"end":{"line":84,"column":26}},{"start":{"line":85,"column":8},"end":{"line":93,"column":14}}],"line":84}},"s":{"0":5,"1":20,"2":20,"3":20,"4":20,"5":20,"6":20,"7":20,"8":20,"9":1,"10":1,"11":20,"12":5,"13":5,"14":5,"15":20,"16":5,"17":5,"18":5,"19":20,"20":8,"21":2,"22":2,"23":2,"24":8,"25":8,"26":8,"27":20},"f":{"0":20,"1":1,"2":5,"3":5,"4":5,"5":5,"6":8,"7":2,"8":8},"b":{"0":[2,0],"1":[2,2],"2":[20,0],"3":[20,20,0,20],"4":[20,20],"5":[20,4],"6":[20,4,4]},"_coverageSchema":"1a1c01bbd47fc00a2c39e90264f33305004495a9","hash":"88d3686399ce2589a401f78485392ac1d38e3d85"}
,"C:\\TEST_RMS\\RMS\\frontend\\src\\components\\commonComponents\\Notification.jsx": {"path":"C:\\TEST_RMS\\RMS\\frontend\\src\\components\\commonComponents\\Notification.jsx","statementMap":{"0":{"start":{"line":4,"column":22},"end":{"line":35,"column":1}},"1":{"start":{"line":5,"column":49},"end":{"line":5,"column":67}},"2":{"start":{"line":7,"column":2},"end":{"line":34,"column":4}},"3":{"start":{"line":18,"column":12},"end":{"line":29,"column":17}},"4":{"start":{"line":25,"column":31},"end":{"line":25,"column":52}}},"fnMap":{"0":{"name":"(anonymous_0)","decl":{"start":{"line":4,"column":22},"end":{"line":4,"column":23}},"loc":{"start":{"line":4,"column":28},"end":{"line":35,"column":1}},"line":4},"1":{"name":"(anonymous_1)","decl":{"start":{"line":16,"column":29},"end":{"line":16,"column":30}},"loc":{"start":{"line":18,"column":12},"end":{"line":29,"column":17}},"line":18},"2":{"name":"(anonymous_2)","decl":{"start":{"line":25,"column":25},"end":{"line":25,"column":26}},"loc":{"start":{"line":25,"column":31},"end":{"line":25,"column":52}},"line":25}},"branchMap":{"0":{"loc":{"start":{"line":10,"column":7},"end":{"line":32,"column":7}},"type":"cond-expr","locations":[{"start":{"line":11,"column":8},"end":{"line":11,"column":51}},{"start":{"line":12,"column":10},"end":{"line":32,"column":7}}],"line":10},"1":{"loc":{"start":{"line":12,"column":10},"end":{"line":32,"column":7}},"type":"cond-expr","locations":[{"start":{"line":13,"column":8},"end":{"line":13,"column":61}},{"start":{"line":15,"column":8},"end":{"line":31,"column":13}}],"line":12}},"s":{"0":6,"1":8,"2":8,"3":3,"4":1},"f":{"0":8,"1":3,"2":1},"b":{"0":[1,7],"1":[5,2]},"_coverageSchema":"1a1c01bbd47fc00a2c39e90264f33305004495a9","hash":"9baa8c92b30846e10029214994bdb07f25279a4b"}
,"C:\\TEST_RMS\\RMS\\frontend\\src\\components\\commonComponents\\SearchBar.jsx": {"path":"C:\\TEST_RMS\\RMS\\frontend\\src\\components\\commonComponents\\SearchBar.jsx","statementMap":{"0":{"start":{"line":3,"column":18},"end":{"line":21,"column":1}},"1":{"start":{"line":4,"column":40},"end":{"line":4,"column":52}},"2":{"start":{"line":6,"column":25},"end":{"line":10,"column":5}},"3":{"start":{"line":7,"column":22},"end":{"line":7,"column":40}},"4":{"start":{"line":8,"column":8},"end":{"line":8,"column":29}},"5":{"start":{"line":9,"column":8},"end":{"line":9,"column":24}},"6":{"start":{"line":12,"column":4},"end":{"line":20,"column":6}}},"fnMap":{"0":{"name":"(anonymous_0)","decl":{"start":{"line":3,"column":18},"end":{"line":3,"column":19}},"loc":{"start":{"line":3,"column":36},"end":{"line":21,"column":1}},"line":3},"1":{"name":"(anonymous_1)","decl":{"start":{"line":6,"column":25},"end":{"line":6,"column":26}},"loc":{"start":{"line":6,"column":36},"end":{"line":10,"column":5}},"line":6}},"branchMap":{},"s":{"0":8,"1":52,"2":52,"3":16,"4":16,"5":16,"6":52},"f":{"0":52,"1":16},"b":{},"_coverageSchema":"1a1c01bbd47fc00a2c39e90264f33305004495a9","hash":"ddc7832525a84be2d17575eb9340b39cf3066300"}
,"C:\\TEST_RMS\\RMS\\frontend\\src\\components\\commonComponents\\SummaryCard.jsx": {"path":"C:\\TEST_RMS\\RMS\\frontend\\src\\components\\commonComponents\\SummaryCard.jsx","statementMap":{"0":{"start":{"line":3,"column":20},"end":{"line":10,"column":1}},"1":{"start":{"line":4,"column":2},"end":{"line":9,"column":4}}},"fnMap":{"0":{"name":"(anonymous_0)","decl":{"start":{"line":3,"column":20},"end":{"line":3,"column":21}},"loc":{"start":{"line":3,"column":42},"end":{"line":10,"column":1}},"line":3}},"branchMap":{},"s":{"0":6,"1":44},"f":{"0":44},"b":{},"_coverageSchema":"1a1c01bbd47fc00a2c39e90264f33305004495a9","hash":"f1ae9f3e119e094c79aea5afcdb7a9d5be774c5f"}
,"C:\\TEST_RMS\\RMS\\frontend\\src\\components\\commonComponents\\UserTransactions.jsx": {"path":"C:\\TEST_RMS\\RMS\\frontend\\src\\components\\commonComponents\\UserTransactions.jsx","statementMap":{"0":{"start":{"line":5,"column":25},"end":{"line":150,"column":1}},"1":{"start":{"line":6,"column":40},"end":{"line":6,"column":49}},"2":{"start":{"line":7,"column":44},"end":{"line":7,"column":56}},"3":{"start":{"line":8,"column":38},"end":{"line":8,"column":52}},"4":{"start":{"line":9,"column":44},"end":{"line":9,"column":55}},"5":{"start":{"line":11,"column":4},"end":{"line":28,"column":39}},"6":{"start":{"line":12,"column":40},"end":{"line":25,"column":9}},"7":{"start":{"line":13,"column":12},"end":{"line":13,"column":31}},"8":{"start":{"line":14,"column":12},"end":{"line":24,"column":13}},"9":{"start":{"line":15,"column":44},"end":{"line":15,"column":111}},"10":{"start":{"line":16,"column":16},"end":{"line":16,"column":53}},"11":{"start":{"line":18,"column":36},"end":{"line":18,"column":104}},"12":{"start":{"line":19,"column":16},"end":{"line":19,"column":45}},"13":{"start":{"line":21,"column":16},"end":{"line":21,"column":76}},"14":{"start":{"line":23,"column":16},"end":{"line":23,"column":36}},"15":{"start":{"line":27,"column":8},"end":{"line":27,"column":48}},"16":{"start":{"line":27,"column":22},"end":{"line":27,"column":48}},"17":{"start":{"line":31,"column":30},"end":{"line":49,"column":5}},"18":{"start":{"line":32,"column":8},"end":{"line":36,"column":9}},"19":{"start":{"line":33,"column":12},"end":{"line":33,"column":67}},"20":{"start":{"line":34,"column":12},"end":{"line":34,"column":60}},"21":{"start":{"line":35,"column":12},"end":{"line":35,"column":19}},"22":{"start":{"line":37,"column":8},"end":{"line":48,"column":9}},"23":{"start":{"line":38,"column":28},"end":{"line":38,"column":101}},"24":{"start":{"line":39,"column":24},"end":{"line":39,"column":59}},"25":{"start":{"line":40,"column":22},"end":{"line":40,"column":49}},"26":{"start":{"line":41,"column":12},"end":{"line":41,"column":25}},"27":{"start":{"line":42,"column":12},"end":{"line":42,"column":44}},"28":{"start":{"line":43,"column":12},"end":{"line":43,"column":41}},"29":{"start":{"line":44,"column":12},"end":{"line":44,"column":22}},"30":{"start":{"line":45,"column":12},"end":{"line":45,"column":41}},"31":{"start":{"line":47,"column":12},"end":{"line":47,"column":59}},"32":{"start":{"line":51,"column":4},"end":{"line":149,"column":6}},"33":{"start":{"line":93,"column":36},"end":{"line":119,"column":41}},"34":{"start":{"line":128,"column":28},"end":{"line":141,"column":34}}},"fnMap":{"0":{"name":"(anonymous_0)","decl":{"start":{"line":5,"column":25},"end":{"line":5,"column":26}},"loc":{"start":{"line":5,"column":31},"end":{"line":150,"column":1}},"line":5},"1":{"name":"(anonymous_1)","decl":{"start":{"line":11,"column":14},"end":{"line":11,"column":15}},"loc":{"start":{"line":11,"column":20},"end":{"line":28,"column":5}},"line":11},"2":{"name":"(anonymous_2)","decl":{"start":{"line":12,"column":40},"end":{"line":12,"column":41}},"loc":{"start":{"line":12,"column":52},"end":{"line":25,"column":9}},"line":12},"3":{"name":"(anonymous_3)","decl":{"start":{"line":31,"column":30},"end":{"line":31,"column":31}},"loc":{"start":{"line":31,"column":42},"end":{"line":49,"column":5}},"line":31},"4":{"name":"(anonymous_4)","decl":{"start":{"line":92,"column":50},"end":{"line":92,"column":51}},"loc":{"start":{"line":93,"column":36},"end":{"line":119,"column":41}},"line":93},"5":{"name":"(anonymous_5)","decl":{"start":{"line":127,"column":42},"end":{"line":127,"column":43}},"loc":{"start":{"line":128,"column":28},"end":{"line":141,"column":34}},"line":128}},"branchMap":{"0":{"loc":{"start":{"line":27,"column":8},"end":{"line":27,"column":48}},"type":"if","locations":[{"start":{"line":27,"column":8},"end":{"line":27,"column":48}},{"start":{},"end":{}}],"line":27},"1":{"loc":{"start":{"line":32,"column":8},"end":{"line":36,"column":9}},"type":"if","locations":[{"start":{"line":32,"column":8},"end":{"line":36,"column":9}},{"start":{},"end":{}}],"line":32},"2":{"loc":{"start":{"line":74,"column":13},"end":{"line":147,"column":13}},"type":"cond-expr","locations":[{"start":{"line":75,"column":16},"end":{"line":75,"column":98}},{"start":{"line":76,"column":16},"end":{"line":147,"column":13}}],"line":74},"3":{"loc":{"start":{"line":76,"column":16},"end":{"line":147,"column":13}},"type":"cond-expr","locations":[{"start":{"line":77,"column":16},"end":{"line":144,"column":22}},{"start":{"line":146,"column":16},"end":{"line":146,"column":86}}],"line":76},"4":{"loc":{"start":{"line":96,"column":46},"end":{"line":96,"column":89}},"type":"cond-expr","locations":[{"start":{"line":96,"column":64},"end":{"line":96,"column":76}},{"start":{"line":96,"column":79},"end":{"line":96,"column":89}}],"line":96},"5":{"loc":{"start":{"line":101,"column":81},"end":{"line":101,"column":109}},"type":"binary-expr","locations":[{"start":{"line":101,"column":81},"end":{"line":101,"column":100}},{"start":{"line":101,"column":104},"end":{"line":101,"column":109}}],"line":101},"6":{"loc":{"start":{"line":113,"column":50},"end":{"line":115,"column":73}},"type":"cond-expr","locations":[{"start":{"line":113,"column":77},"end":{"line":113,"column":106}},{"start":{"line":114,"column":48},"end":{"line":115,"column":73}}],"line":113},"7":{"loc":{"start":{"line":114,"column":48},"end":{"line":115,"column":73}},"type":"cond-expr","locations":[{"start":{"line":114,"column":74},"end":{"line":114,"column":105}},{"start":{"line":115,"column":48},"end":{"line":115,"column":73}}],"line":114},"8":{"loc":{"start":{"line":135,"column":74},"end":{"line":135,"column":102}},"type":"binary-expr","locations":[{"start":{"line":135,"column":74},"end":{"line":135,"column":93}},{"start":{"line":135,"column":97},"end":{"line":135,"column":102}}],"line":135}},"s":{"0":4,"1":10,"2":10,"3":9,"4":9,"5":9,"6":6,"7":6,"8":6,"9":6,"10":5,"11":5,"12":5,"13":1,"14":6,"15":6,"16":6,"17":9,"18":1,"19":1,"20":1,"21":1,"22":0,"23":0,"24":0,"25":0,"26":0,"27":0,"28":0,"29":0,"30":0,"31":0,"32":9,"33":2,"34":2},"f":{"0":10,"1":6,"2":6,"3":1,"4":2,"5":2},"b":{"0":[6,0],"1":[1,0],"2":[6,3],"3":[1,2],"4":[1,1],"5":[2,0],"6":[1,1],"7":[1,0],"8":[2,0]},"_coverageSchema":"1a1c01bbd47fc00a2c39e90264f33305004495a9","hash":"0e796c6ca0744c8cb0c9ce772838af6c9a39057d"}
,"C:\\TEST_RMS\\RMS\\frontend\\src\\components\\dashboard\\AdminSidebar.jsx": {"path":"C:\\TEST_RMS\\RMS\\frontend\\src\\components\\dashboard\\AdminSidebar.jsx","statementMap":{"0":{"start":{"line":11,"column":21},"end":{"line":94,"column":1}},"1":{"start":{"line":13,"column":26},"end":{"line":17,"column":3}},"2":{"start":{"line":14,"column":4},"end":{"line":16,"column":5}},"3":{"start":{"line":15,"column":6},"end":{"line":15,"column":22}},"4":{"start":{"line":19,"column":2},"end":{"line":93,"column":4}},"5":{"start":{"line":36,"column":12},"end":{"line":37,"column":82}},"6":{"start":{"line":48,"column":12},"end":{"line":49,"column":82}},"7":{"start":{"line":60,"column":12},"end":{"line":61,"column":82}},"8":{"start":{"line":72,"column":12},"end":{"line":73,"column":82}},"9":{"start":{"line":84,"column":12},"end":{"line":85,"column":82}}},"fnMap":{"0":{"name":"(anonymous_0)","decl":{"start":{"line":11,"column":21},"end":{"line":11,"column":22}},"loc":{"start":{"line":11,"column":52},"end":{"line":94,"column":1}},"line":11},"1":{"name":"(anonymous_1)","decl":{"start":{"line":13,"column":26},"end":{"line":13,"column":27}},"loc":{"start":{"line":13,"column":32},"end":{"line":17,"column":3}},"line":13},"2":{"name":"(anonymous_2)","decl":{"start":{"line":35,"column":21},"end":{"line":35,"column":22}},"loc":{"start":{"line":36,"column":12},"end":{"line":37,"column":82}},"line":36},"3":{"name":"(anonymous_3)","decl":{"start":{"line":47,"column":21},"end":{"line":47,"column":22}},"loc":{"start":{"line":48,"column":12},"end":{"line":49,"column":82}},"line":48},"4":{"name":"(anonymous_4)","decl":{"start":{"line":59,"column":21},"end":{"line":59,"column":22}},"loc":{"start":{"line":60,"column":12},"end":{"line":61,"column":82}},"line":60},"5":{"name":"(anonymous_5)","decl":{"start":{"line":71,"column":21},"end":{"line":71,"column":22}},"loc":{"start":{"line":72,"column":12},"end":{"line":73,"column":82}},"line":72},"6":{"name":"(anonymous_6)","decl":{"start":{"line":83,"column":21},"end":{"line":83,"column":22}},"loc":{"start":{"line":84,"column":12},"end":{"line":85,"column":82}},"line":84}},"branchMap":{"0":{"loc":{"start":{"line":14,"column":4},"end":{"line":16,"column":5}},"type":"if","locations":[{"start":{"line":14,"column":4},"end":{"line":16,"column":5}},{"start":{},"end":{}}],"line":14},"1":{"loc":{"start":{"line":22,"column":8},"end":{"line":22,"column":54}},"type":"cond-expr","locations":[{"start":{"line":22,"column":17},"end":{"line":22,"column":32}},{"start":{"line":22,"column":35},"end":{"line":22,"column":54}}],"line":22},"2":{"loc":{"start":{"line":37,"column":14},"end":{"line":37,"column":80}},"type":"cond-expr","locations":[{"start":{"line":37,"column":25},"end":{"line":37,"column":58}},{"start":{"line":37,"column":61},"end":{"line":37,"column":80}}],"line":37},"3":{"loc":{"start":{"line":49,"column":14},"end":{"line":49,"column":80}},"type":"cond-expr","locations":[{"start":{"line":49,"column":25},"end":{"line":49,"column":58}},{"start":{"line":49,"column":61},"end":{"line":49,"column":80}}],"line":49},"4":{"loc":{"start":{"line":61,"column":14},"end":{"line":61,"column":80}},"type":"cond-expr","locations":[{"start":{"line":61,"column":25},"end":{"line":61,"column":58}},{"start":{"line":61,"column":61},"end":{"line":61,"column":80}}],"line":61},"5":{"loc":{"start":{"line":73,"column":14},"end":{"line":73,"column":80}},"type":"cond-expr","locations":[{"start":{"line":73,"column":25},"end":{"line":73,"column":58}},{"start":{"line":73,"column":61},"end":{"line":73,"column":80}}],"line":73},"6":{"loc":{"start":{"line":85,"column":14},"end":{"line":85,"column":80}},"type":"cond-expr","locations":[{"start":{"line":85,"column":25},"end":{"line":85,"column":58}},{"start":{"line":85,"column":61},"end":{"line":85,"column":80}}],"line":85}},"s":{"0":3,"1":6,"2":4,"3":2,"4":6,"5":10,"6":10,"7":10,"8":10,"9":10},"f":{"0":6,"1":4,"2":10,"3":10,"4":10,"5":10,"6":10},"b":{"0":[2,2],"1":[6,0],"2":[8,2],"3":[0,10],"4":[0,10],"5":[0,10],"6":[0,10]},"_coverageSchema":"1a1c01bbd47fc00a2c39e90264f33305004495a9","hash":"c070667ba159ae97a338d9155ad4d02c64a8eecf"}
,"C:\\TEST_RMS\\RMS\\frontend\\src\\components\\dashboard\\ArtistSidebar.jsx": {"path":"C:\\TEST_RMS\\RMS\\frontend\\src\\components\\dashboard\\ArtistSidebar.jsx","statementMap":{"0":{"start":{"line":5,"column":22},"end":{"line":97,"column":1}},"1":{"start":{"line":6,"column":26},"end":{"line":10,"column":3}},"2":{"start":{"line":7,"column":4},"end":{"line":9,"column":5}},"3":{"start":{"line":8,"column":6},"end":{"line":8,"column":22}},"4":{"start":{"line":12,"column":2},"end":{"line":96,"column":4}},"5":{"start":{"line":26,"column":39},"end":{"line":26,"column":168}},"6":{"start":{"line":35,"column":39},"end":{"line":35,"column":168}},"7":{"start":{"line":44,"column":39},"end":{"line":44,"column":168}},"8":{"start":{"line":53,"column":39},"end":{"line":53,"column":168}},"9":{"start":{"line":62,"column":39},"end":{"line":62,"column":168}},"10":{"start":{"line":71,"column":39},"end":{"line":71,"column":168}},"11":{"start":{"line":80,"column":39},"end":{"line":80,"column":168}},"12":{"start":{"line":89,"column":39},"end":{"line":89,"column":168}}},"fnMap":{"0":{"name":"(anonymous_0)","decl":{"start":{"line":5,"column":22},"end":{"line":5,"column":23}},"loc":{"start":{"line":5,"column":53},"end":{"line":97,"column":1}},"line":5},"1":{"name":"(anonymous_1)","decl":{"start":{"line":6,"column":26},"end":{"line":6,"column":27}},"loc":{"start":{"line":6,"column":32},"end":{"line":10,"column":3}},"line":6},"2":{"name":"(anonymous_2)","decl":{"start":{"line":26,"column":21},"end":{"line":26,"column":22}},"loc":{"start":{"line":26,"column":39},"end":{"line":26,"column":168}},"line":26},"3":{"name":"(anonymous_3)","decl":{"start":{"line":35,"column":21},"end":{"line":35,"column":22}},"loc":{"start":{"line":35,"column":39},"end":{"line":35,"column":168}},"line":35},"4":{"name":"(anonymous_4)","decl":{"start":{"line":44,"column":21},"end":{"line":44,"column":22}},"loc":{"start":{"line":44,"column":39},"end":{"line":44,"column":168}},"line":44},"5":{"name":"(anonymous_5)","decl":{"start":{"line":53,"column":21},"end":{"line":53,"column":22}},"loc":{"start":{"line":53,"column":39},"end":{"line":53,"column":168}},"line":53},"6":{"name":"(anonymous_6)","decl":{"start":{"line":62,"column":21},"end":{"line":62,"column":22}},"loc":{"start":{"line":62,"column":39},"end":{"line":62,"column":168}},"line":62},"7":{"name":"(anonymous_7)","decl":{"start":{"line":71,"column":21},"end":{"line":71,"column":22}},"loc":{"start":{"line":71,"column":39},"end":{"line":71,"column":168}},"line":71},"8":{"name":"(anonymous_8)","decl":{"start":{"line":80,"column":21},"end":{"line":80,"column":22}},"loc":{"start":{"line":80,"column":39},"end":{"line":80,"column":168}},"line":80},"9":{"name":"(anonymous_9)","decl":{"start":{"line":89,"column":21},"end":{"line":89,"column":22}},"loc":{"start":{"line":89,"column":39},"end":{"line":89,"column":168}},"line":89}},"branchMap":{"0":{"loc":{"start":{"line":7,"column":4},"end":{"line":9,"column":5}},"type":"if","locations":[{"start":{"line":7,"column":4},"end":{"line":9,"column":5}},{"start":{},"end":{}}],"line":7},"1":{"loc":{"start":{"line":13,"column":98},"end":{"line":13,"column":144}},"type":"cond-expr","locations":[{"start":{"line":13,"column":107},"end":{"line":13,"column":122}},{"start":{"line":13,"column":125},"end":{"line":13,"column":144}}],"line":13},"2":{"loc":{"start":{"line":26,"column":42},"end":{"line":26,"column":71}},"type":"cond-expr","locations":[{"start":{"line":26,"column":53},"end":{"line":26,"column":66}},{"start":{"line":26,"column":69},"end":{"line":26,"column":71}}],"line":26},"3":{"loc":{"start":{"line":35,"column":42},"end":{"line":35,"column":71}},"type":"cond-expr","locations":[{"start":{"line":35,"column":53},"end":{"line":35,"column":66}},{"start":{"line":35,"column":69},"end":{"line":35,"column":71}}],"line":35},"4":{"loc":{"start":{"line":44,"column":42},"end":{"line":44,"column":71}},"type":"cond-expr","locations":[{"start":{"line":44,"column":53},"end":{"line":44,"column":66}},{"start":{"line":44,"column":69},"end":{"line":44,"column":71}}],"line":44},"5":{"loc":{"start":{"line":53,"column":42},"end":{"line":53,"column":71}},"type":"cond-expr","locations":[{"start":{"line":53,"column":53},"end":{"line":53,"column":66}},{"start":{"line":53,"column":69},"end":{"line":53,"column":71}}],"line":53},"6":{"loc":{"start":{"line":62,"column":42},"end":{"line":62,"column":71}},"type":"cond-expr","locations":[{"start":{"line":62,"column":53},"end":{"line":62,"column":66}},{"start":{"line":62,"column":69},"end":{"line":62,"column":71}}],"line":62},"7":{"loc":{"start":{"line":71,"column":42},"end":{"line":71,"column":71}},"type":"cond-expr","locations":[{"start":{"line":71,"column":53},"end":{"line":71,"column":66}},{"start":{"line":71,"column":69},"end":{"line":71,"column":71}}],"line":71},"8":{"loc":{"start":{"line":80,"column":42},"end":{"line":80,"column":71}},"type":"cond-expr","locations":[{"start":{"line":80,"column":53},"end":{"line":80,"column":66}},{"start":{"line":80,"column":69},"end":{"line":80,"column":71}}],"line":80},"9":{"loc":{"start":{"line":89,"column":42},"end":{"line":89,"column":71}},"type":"cond-expr","locations":[{"start":{"line":89,"column":53},"end":{"line":89,"column":66}},{"start":{"line":89,"column":69},"end":{"line":89,"column":71}}],"line":89}},"s":{"0":3,"1":4,"2":9,"3":9,"4":4,"5":13,"6":13,"7":13,"8":13,"9":13,"10":13,"11":13,"12":13},"f":{"0":4,"1":9,"2":13,"3":13,"4":13,"5":13,"6":13,"7":13,"8":13,"9":13},"b":{"0":[9,0],"1":[4,0],"2":[2,11],"3":[1,12],"4":[1,12],"5":[1,12],"6":[1,12],"7":[1,12],"8":[1,12],"9":[1,12]},"_coverageSchema":"1a1c01bbd47fc00a2c39e90264f33305004495a9","hash":"f2cc220c4ec2bcab36133b7500e69081c94c26e2"}
,"C:\\TEST_RMS\\RMS\\frontend\\src\\components\\dashboard\\ManagerSidebar.jsx": {"path":"C:\\TEST_RMS\\RMS\\frontend\\src\\components\\dashboard\\ManagerSidebar.jsx","statementMap":{"0":{"start":{"line":12,"column":23},"end":{"line":107,"column":1}},"1":{"start":{"line":14,"column":26},"end":{"line":18,"column":3}},"2":{"start":{"line":15,"column":4},"end":{"line":17,"column":5}},"3":{"start":{"line":16,"column":6},"end":{"line":16,"column":22}},"4":{"start":{"line":20,"column":2},"end":{"line":106,"column":4}},"5":{"start":{"line":37,"column":12},"end":{"line":38,"column":82}},"6":{"start":{"line":49,"column":12},"end":{"line":50,"column":82}},"7":{"start":{"line":61,"column":12},"end":{"line":62,"column":82}},"8":{"start":{"line":73,"column":12},"end":{"line":74,"column":82}},"9":{"start":{"line":85,"column":12},"end":{"line":86,"column":82}},"10":{"start":{"line":97,"column":12},"end":{"line":98,"column":82}}},"fnMap":{"0":{"name":"(anonymous_0)","decl":{"start":{"line":12,"column":23},"end":{"line":12,"column":24}},"loc":{"start":{"line":12,"column":54},"end":{"line":107,"column":1}},"line":12},"1":{"name":"(anonymous_1)","decl":{"start":{"line":14,"column":26},"end":{"line":14,"column":27}},"loc":{"start":{"line":14,"column":32},"end":{"line":18,"column":3}},"line":14},"2":{"name":"(anonymous_2)","decl":{"start":{"line":36,"column":21},"end":{"line":36,"column":22}},"loc":{"start":{"line":37,"column":12},"end":{"line":38,"column":82}},"line":37},"3":{"name":"(anonymous_3)","decl":{"start":{"line":48,"column":21},"end":{"line":48,"column":22}},"loc":{"start":{"line":49,"column":12},"end":{"line":50,"column":82}},"line":49},"4":{"name":"(anonymous_4)","decl":{"start":{"line":60,"column":21},"end":{"line":60,"column":22}},"loc":{"start":{"line":61,"column":12},"end":{"line":62,"column":82}},"line":61},"5":{"name":"(anonymous_5)","decl":{"start":{"line":72,"column":21},"end":{"line":72,"column":22}},"loc":{"start":{"line":73,"column":12},"end":{"line":74,"column":82}},"line":73},"6":{"name":"(anonymous_6)","decl":{"start":{"line":84,"column":21},"end":{"line":84,"column":22}},"loc":{"start":{"line":85,"column":12},"end":{"line":86,"column":82}},"line":85},"7":{"name":"(anonymous_7)","decl":{"start":{"line":96,"column":21},"end":{"line":96,"column":22}},"loc":{"start":{"line":97,"column":12},"end":{"line":98,"column":82}},"line":97}},"branchMap":{"0":{"loc":{"start":{"line":15,"column":4},"end":{"line":17,"column":5}},"type":"if","locations":[{"start":{"line":15,"column":4},"end":{"line":17,"column":5}},{"start":{},"end":{}}],"line":15},"1":{"loc":{"start":{"line":23,"column":8},"end":{"line":23,"column":54}},"type":"cond-expr","locations":[{"start":{"line":23,"column":17},"end":{"line":23,"column":32}},{"start":{"line":23,"column":35},"end":{"line":23,"column":54}}],"line":23},"2":{"loc":{"start":{"line":38,"column":14},"end":{"line":38,"column":80}},"type":"cond-expr","locations":[{"start":{"line":38,"column":25},"end":{"line":38,"column":58}},{"start":{"line":38,"column":61},"end":{"line":38,"column":80}}],"line":38},"3":{"loc":{"start":{"line":50,"column":14},"end":{"line":50,"column":80}},"type":"cond-expr","locations":[{"start":{"line":50,"column":25},"end":{"line":50,"column":58}},{"start":{"line":50,"column":61},"end":{"line":50,"column":80}}],"line":50},"4":{"loc":{"start":{"line":62,"column":14},"end":{"line":62,"column":80}},"type":"cond-expr","locations":[{"start":{"line":62,"column":25},"end":{"line":62,"column":58}},{"start":{"line":62,"column":61},"end":{"line":62,"column":80}}],"line":62},"5":{"loc":{"start":{"line":74,"column":14},"end":{"line":74,"column":80}},"type":"cond-expr","locations":[{"start":{"line":74,"column":25},"end":{"line":74,"column":58}},{"start":{"line":74,"column":61},"end":{"line":74,"column":80}}],"line":74},"6":{"loc":{"start":{"line":86,"column":14},"end":{"line":86,"column":80}},"type":"cond-expr","locations":[{"start":{"line":86,"column":25},"end":{"line":86,"column":58}},{"start":{"line":86,"column":61},"end":{"line":86,"column":80}}],"line":86},"7":{"loc":{"start":{"line":98,"column":14},"end":{"line":98,"column":80}},"type":"cond-expr","locations":[{"start":{"line":98,"column":25},"end":{"line":98,"column":58}},{"start":{"line":98,"column":61},"end":{"line":98,"column":80}}],"line":98}},"s":{"0":3,"1":7,"2":14,"3":7,"4":7,"5":21,"6":21,"7":21,"8":21,"9":21,"10":21},"f":{"0":7,"1":14,"2":21,"3":21,"4":21,"5":21,"6":21,"7":21},"b":{"0":[7,7],"1":[6,1],"2":[6,15],"3":[2,19],"4":[2,19],"5":[2,19],"6":[2,19],"7":[3,18]},"_coverageSchema":"1a1c01bbd47fc00a2c39e90264f33305004495a9","hash":"8f7f7bcd11e2263d591cd7e7e9e82ccaf403e9d8"}
,"C:\\TEST_RMS\\RMS\\frontend\\src\\components\\dashboard\\adminPages\\AdminPayments.jsx": {"path":"C:\\TEST_RMS\\RMS\\frontend\\src\\components\\dashboard\\adminPages\\AdminPayments.jsx","statementMap":{"0":{"start":{"line":8,"column":17},"end":{"line":111,"column":1}},"1":{"start":{"line":9,"column":24},"end":{"line":9,"column":44}},"2":{"start":{"line":10,"column":88},"end":{"line":10,"column":100}},"3":{"start":{"line":12,"column":50},"end":{"line":12,"column":64}},"4":{"start":{"line":13,"column":44},"end":{"line":13,"column":56}},"5":{"start":{"line":14,"column":46},"end":{"line":14,"column":78}},"6":{"start":{"line":18,"column":31},"end":{"line":21,"column":5}},"7":{"start":{"line":19,"column":25},"end":{"line":19,"column":43}},"8":{"start":{"line":20,"column":8},"end":{"line":20,"column":42}},"9":{"start":{"line":23,"column":36},"end":{"line":26,"column":5}},"10":{"start":{"line":24,"column":8},"end":{"line":24,"column":36}},"11":{"start":{"line":25,"column":8},"end":{"line":25,"column":49}},"12":{"start":{"line":28,"column":29},"end":{"line":37,"column":5}},"13":{"start":{"line":29,"column":8},"end":{"line":32,"column":9}},"14":{"start":{"line":30,"column":12},"end":{"line":30,"column":77}},"15":{"start":{"line":31,"column":12},"end":{"line":31,"column":19}},"16":{"start":{"line":34,"column":21},"end":{"line":34,"column":83}},"17":{"start":{"line":36,"column":8},"end":{"line":36,"column":30}},"18":{"start":{"line":39,"column":4},"end":{"line":44,"column":25}},"19":{"start":{"line":40,"column":8},"end":{"line":43,"column":9}},"20":{"start":{"line":41,"column":12},"end":{"line":41,"column":49}},"21":{"start":{"line":42,"column":12},"end":{"line":42,"column":45}},"22":{"start":{"line":46,"column":4},"end":{"line":110,"column":6}},"23":{"start":{"line":54,"column":20},"end":{"line":54,"column":90}},"24":{"start":{"line":76,"column":28},"end":{"line":86,"column":33}},"25":{"start":{"line":82,"column":55},"end":{"line":82,"column":87}}},"fnMap":{"0":{"name":"(anonymous_0)","decl":{"start":{"line":8,"column":17},"end":{"line":8,"column":18}},"loc":{"start":{"line":8,"column":23},"end":{"line":111,"column":1}},"line":8},"1":{"name":"(anonymous_1)","decl":{"start":{"line":18,"column":31},"end":{"line":18,"column":32}},"loc":{"start":{"line":18,"column":42},"end":{"line":21,"column":5}},"line":18},"2":{"name":"(anonymous_2)","decl":{"start":{"line":23,"column":36},"end":{"line":23,"column":37}},"loc":{"start":{"line":23,"column":49},"end":{"line":26,"column":5}},"line":23},"3":{"name":"(anonymous_3)","decl":{"start":{"line":28,"column":29},"end":{"line":28,"column":30}},"loc":{"start":{"line":28,"column":49},"end":{"line":37,"column":5}},"line":28},"4":{"name":"(anonymous_4)","decl":{"start":{"line":39,"column":14},"end":{"line":39,"column":15}},"loc":{"start":{"line":39,"column":20},"end":{"line":44,"column":5}},"line":39},"5":{"name":"(anonymous_5)","decl":{"start":{"line":53,"column":29},"end":{"line":53,"column":30}},"loc":{"start":{"line":54,"column":20},"end":{"line":54,"column":90}},"line":54},"6":{"name":"(anonymous_6)","decl":{"start":{"line":75,"column":39},"end":{"line":75,"column":40}},"loc":{"start":{"line":76,"column":28},"end":{"line":86,"column":33}},"line":76},"7":{"name":"(anonymous_7)","decl":{"start":{"line":82,"column":49},"end":{"line":82,"column":50}},"loc":{"start":{"line":82,"column":55},"end":{"line":82,"column":87}},"line":82}},"branchMap":{"0":{"loc":{"start":{"line":10,"column":12},"end":{"line":10,"column":26}},"type":"default-arg","locations":[{"start":{"line":10,"column":24},"end":{"line":10,"column":26}}],"line":10},"1":{"loc":{"start":{"line":20,"column":26},"end":{"line":20,"column":40}},"type":"binary-expr","locations":[{"start":{"line":20,"column":26},"end":{"line":20,"column":34}},{"start":{"line":20,"column":38},"end":{"line":20,"column":40}}],"line":20},"2":{"loc":{"start":{"line":29,"column":8},"end":{"line":32,"column":9}},"type":"if","locations":[{"start":{"line":29,"column":8},"end":{"line":32,"column":9}},{"start":{},"end":{}}],"line":29},"3":{"loc":{"start":{"line":40,"column":8},"end":{"line":43,"column":9}},"type":"if","locations":[{"start":{"line":40,"column":8},"end":{"line":43,"column":9}},{"start":{},"end":{}}],"line":40},"4":{"loc":{"start":{"line":51,"column":95},"end":{"line":51,"column":115}},"type":"binary-expr","locations":[{"start":{"line":51,"column":95},"end":{"line":51,"column":109}},{"start":{"line":51,"column":113},"end":{"line":51,"column":115}}],"line":51},"5":{"loc":{"start":{"line":58,"column":13},"end":{"line":62,"column":13}},"type":"binary-expr","locations":[{"start":{"line":58,"column":13},"end":{"line":58,"column":31}},{"start":{"line":59,"column":16},"end":{"line":61,"column":22}}],"line":58},"6":{"loc":{"start":{"line":59,"column":64},"end":{"line":59,"column":156}},"type":"cond-expr","locations":[{"start":{"line":59,"column":99},"end":{"line":59,"column":128}},{"start":{"line":59,"column":131},"end":{"line":59,"column":156}}],"line":59},"7":{"loc":{"start":{"line":64,"column":13},"end":{"line":90,"column":13}},"type":"binary-expr","locations":[{"start":{"line":64,"column":13},"end":{"line":64,"column":27}},{"start":{"line":64,"column":31},"end":{"line":64,"column":51}},{"start":{"line":65,"column":16},"end":{"line":89,"column":24}}],"line":64},"8":{"loc":{"start":{"line":77,"column":60},"end":{"line":77,"column":93}},"type":"binary-expr","locations":[{"start":{"line":77,"column":60},"end":{"line":77,"column":84}},{"start":{"line":77,"column":88},"end":{"line":77,"column":93}}],"line":77},"9":{"loc":{"start":{"line":78,"column":61},"end":{"line":78,"column":98}},"type":"binary-expr","locations":[{"start":{"line":78,"column":61},"end":{"line":78,"column":93}},{"start":{"line":78,"column":97},"end":{"line":78,"column":98}}],"line":78},"10":{"loc":{"start":{"line":79,"column":61},"end":{"line":79,"column":185}},"type":"binary-expr","locations":[{"start":{"line":79,"column":61},"end":{"line":79,"column":180}},{"start":{"line":79,"column":184},"end":{"line":79,"column":185}}],"line":79},"11":{"loc":{"start":{"line":79,"column":115},"end":{"line":79,"column":167}},"type":"binary-expr","locations":[{"start":{"line":79,"column":115},"end":{"line":79,"column":159}},{"start":{"line":79,"column":163},"end":{"line":79,"column":167}}],"line":79},"12":{"loc":{"start":{"line":92,"column":13},"end":{"line":100,"column":13}},"type":"binary-expr","locations":[{"start":{"line":92,"column":13},"end":{"line":92,"column":28}},{"start":{"line":93,"column":16},"end":{"line":99,"column":18}}],"line":92}},"s":{"0":2,"1":11,"2":11,"3":11,"4":10,"5":10,"6":10,"7":0,"8":0,"9":10,"10":0,"11":0,"12":10,"13":0,"14":0,"15":0,"16":0,"17":0,"18":10,"19":0,"20":0,"21":0,"22":10,"23":20,"24":4,"25":0},"f":{"0":11,"1":0,"2":0,"3":0,"4":0,"5":20,"6":4,"7":0},"b":{"0":[0],"1":[0,0],"2":[0,0],"3":[0,0],"4":[10,6],"5":[10,0],"6":[0,0],"7":[10,4,4],"8":[4,0],"9":[4,0],"10":[4,0],"11":[4,0],"12":[10,0]},"_coverageSchema":"1a1c01bbd47fc00a2c39e90264f33305004495a9","hash":"72f04adfce2f847c2237a03ba91340ef61f0535c"}
,"C:\\TEST_RMS\\RMS\\frontend\\src\\components\\dashboard\\adminPages\\AdminSummary.jsx": {"path":"C:\\TEST_RMS\\RMS\\frontend\\src\\components\\dashboard\\adminPages\\AdminSummary.jsx","statementMap":{"0":{"start":{"line":10,"column":21},"end":{"line":43,"column":1}},"1":{"start":{"line":11,"column":60},"end":{"line":11,"column":80}},"2":{"start":{"line":13,"column":4},"end":{"line":42,"column":6}}},"fnMap":{"0":{"name":"(anonymous_0)","decl":{"start":{"line":10,"column":21},"end":{"line":10,"column":22}},"loc":{"start":{"line":10,"column":27},"end":{"line":43,"column":1}},"line":10}},"branchMap":{"0":{"loc":{"start":{"line":11,"column":12},"end":{"line":11,"column":24}},"type":"default-arg","locations":[{"start":{"line":11,"column":22},"end":{"line":11,"column":24}}],"line":11},"1":{"loc":{"start":{"line":11,"column":26},"end":{"line":11,"column":43}},"type":"default-arg","locations":[{"start":{"line":11,"column":41},"end":{"line":11,"column":43}}],"line":11},"2":{"loc":{"start":{"line":11,"column":45},"end":{"line":11,"column":56}},"type":"default-arg","locations":[{"start":{"line":11,"column":54},"end":{"line":11,"column":56}}],"line":11}},"s":{"0":2,"1":9,"2":9},"f":{"0":9},"b":{"0":[1],"1":[1],"2":[1]},"_coverageSchema":"1a1c01bbd47fc00a2c39e90264f33305004495a9","hash":"25ba9b121f6e70ee0ce3428b54c78951bd70487e"}
,"C:\\TEST_RMS\\RMS\\frontend\\src\\components\\dashboard\\adminPages\\ArtistTable.jsx": {"path":"C:\\TEST_RMS\\RMS\\frontend\\src\\components\\dashboard\\adminPages\\ArtistTable.jsx","statementMap":{"0":{"start":{"line":5,"column":21},"end":{"line":62,"column":1}},"1":{"start":{"line":6,"column":40},"end":{"line":6,"column":52}},"2":{"start":{"line":8,"column":4},"end":{"line":11,"column":5}},"3":{"start":{"line":9,"column":8},"end":{"line":9,"column":70}},"4":{"start":{"line":10,"column":8},"end":{"line":10,"column":49}},"5":{"start":{"line":14,"column":26},"end":{"line":19,"column":6}},"6":{"start":{"line":15,"column":8},"end":{"line":17,"column":9}},"7":{"start":{"line":16,"column":12},"end":{"line":16,"column":65}},"8":{"start":{"line":18,"column":8},"end":{"line":18,"column":59}},"9":{"start":{"line":22,"column":28},"end":{"line":24,"column":5}},"10":{"start":{"line":23,"column":8},"end":{"line":23,"column":115}},"11":{"start":{"line":26,"column":4},"end":{"line":61,"column":6}},"12":{"start":{"line":42,"column":32},"end":{"line":48,"column":37}}},"fnMap":{"0":{"name":"(anonymous_0)","decl":{"start":{"line":5,"column":21},"end":{"line":5,"column":22}},"loc":{"start":{"line":5,"column":43},"end":{"line":62,"column":1}},"line":5},"1":{"name":"(anonymous_1)","decl":{"start":{"line":14,"column":44},"end":{"line":14,"column":45}},"loc":{"start":{"line":14,"column":54},"end":{"line":19,"column":5}},"line":14},"2":{"name":"(anonymous_2)","decl":{"start":{"line":22,"column":49},"end":{"line":22,"column":50}},"loc":{"start":{"line":23,"column":8},"end":{"line":23,"column":115}},"line":23},"3":{"name":"(anonymous_3)","decl":{"start":{"line":41,"column":48},"end":{"line":41,"column":49}},"loc":{"start":{"line":42,"column":32},"end":{"line":48,"column":37}},"line":42}},"branchMap":{"0":{"loc":{"start":{"line":5,"column":24},"end":{"line":5,"column":36}},"type":"default-arg","locations":[{"start":{"line":5,"column":34},"end":{"line":5,"column":36}}],"line":5},"1":{"loc":{"start":{"line":8,"column":4},"end":{"line":11,"column":5}},"type":"if","locations":[{"start":{"line":8,"column":4},"end":{"line":11,"column":5}},{"start":{},"end":{}}],"line":8},"2":{"loc":{"start":{"line":15,"column":8},"end":{"line":17,"column":9}},"type":"if","locations":[{"start":{"line":15,"column":8},"end":{"line":17,"column":9}},{"start":{},"end":{}}],"line":15},"3":{"loc":{"start":{"line":15,"column":13},"end":{"line":15,"column":32}},"type":"binary-expr","locations":[{"start":{"line":15,"column":13},"end":{"line":15,"column":27}},{"start":{"line":15,"column":31},"end":{"line":15,"column":32}}],"line":15},"4":{"loc":{"start":{"line":15,"column":39},"end":{"line":15,"column":58}},"type":"binary-expr","locations":[{"start":{"line":15,"column":39},"end":{"line":15,"column":53}},{"start":{"line":15,"column":57},"end":{"line":15,"column":58}}],"line":15},"5":{"loc":{"start":{"line":16,"column":20},"end":{"line":16,"column":39}},"type":"binary-expr","locations":[{"start":{"line":16,"column":20},"end":{"line":16,"column":34}},{"start":{"line":16,"column":38},"end":{"line":16,"column":39}}],"line":16},"6":{"loc":{"start":{"line":16,"column":44},"end":{"line":16,"column":63}},"type":"binary-expr","locations":[{"start":{"line":16,"column":44},"end":{"line":16,"column":58}},{"start":{"line":16,"column":62},"end":{"line":16,"column":63}}],"line":16},"7":{"loc":{"start":{"line":18,"column":16},"end":{"line":18,"column":34}},"type":"binary-expr","locations":[{"start":{"line":18,"column":16},"end":{"line":18,"column":29}},{"start":{"line":18,"column":33},"end":{"line":18,"column":34}}],"line":18},"8":{"loc":{"start":{"line":18,"column":39},"end":{"line":18,"column":57}},"type":"binary-expr","locations":[{"start":{"line":18,"column":39},"end":{"line":18,"column":52}},{"start":{"line":18,"column":56},"end":{"line":18,"column":57}}],"line":18},"9":{"loc":{"start":{"line":23,"column":8},"end":{"line":23,"column":115}},"type":"binary-expr","locations":[{"start":{"line":23,"column":8},"end":{"line":23,"column":73}},{"start":{"line":23,"column":77},"end":{"line":23,"column":93}},{"start":{"line":23,"column":97},"end":{"line":23,"column":114}}],"line":23},"10":{"loc":{"start":{"line":40,"column":25},"end":{"line":56,"column":25}},"type":"cond-expr","locations":[{"start":{"line":41,"column":28},"end":{"line":49,"column":30}},{"start":{"line":51,"column":28},"end":{"line":55,"column":33}}],"line":40},"11":{"loc":{"start":{"line":43,"column":70},"end":{"line":43,"column":98}},"type":"binary-expr","locations":[{"start":{"line":43,"column":70},"end":{"line":43,"column":85}},{"start":{"line":43,"column":89},"end":{"line":43,"column":98}}],"line":43},"12":{"loc":{"start":{"line":44,"column":82},"end":{"line":44,"column":106}},"type":"binary-expr","locations":[{"start":{"line":44,"column":82},"end":{"line":44,"column":101}},{"start":{"line":44,"column":105},"end":{"line":44,"column":106}}],"line":44},"13":{"loc":{"start":{"line":46,"column":43},"end":{"line":46,"column":66}},"type":"binary-expr","locations":[{"start":{"line":46,"column":43},"end":{"line":46,"column":61}},{"start":{"line":46,"column":65},"end":{"line":46,"column":66}}],"line":46}},"s":{"0":2,"1":11,"2":11,"3":1,"4":1,"5":10,"6":25,"7":24,"8":1,"9":10,"10":22,"11":10,"12":17},"f":{"0":11,"1":25,"2":22,"3":17},"b":{"0":[0],"1":[1,10],"2":[24,1],"3":[25,0],"4":[25,0],"5":[24,0],"6":[24,0],"7":[1,0],"8":[1,0],"9":[22,6,1],"10":[8,2],"11":[17,1],"12":[17,1],"13":[17,1]},"_coverageSchema":"1a1c01bbd47fc00a2c39e90264f33305004495a9","hash":"8f97e854cc1317927dc58e35b6a5389465296193"}
,"C:\\TEST_RMS\\RMS\\frontend\\src\\components\\dashboard\\adminPages\\CreateTransactionForm.jsx": {"path":"C:\\TEST_RMS\\RMS\\frontend\\src\\components\\dashboard\\adminPages\\CreateTransactionForm.jsx","statementMap":{"0":{"start":{"line":4,"column":30},"end":{"line":51,"column":1}},"1":{"start":{"line":5,"column":54},"end":{"line":5,"column":66}},"2":{"start":{"line":7,"column":36},"end":{"line":38,"column":5}},"3":{"start":{"line":8,"column":8},"end":{"line":8,"column":27}},"4":{"start":{"line":9,"column":8},"end":{"line":9,"column":49}},"5":{"start":{"line":11,"column":8},"end":{"line":14,"column":9}},"6":{"start":{"line":12,"column":12},"end":{"line":12,"column":91}},"7":{"start":{"line":13,"column":12},"end":{"line":13,"column":19}},"8":{"start":{"line":16,"column":8},"end":{"line":20,"column":9}},"9":{"start":{"line":17,"column":12},"end":{"line":17,"column":51}},"10":{"start":{"line":18,"column":12},"end":{"line":18,"column":149}},"11":{"start":{"line":19,"column":12},"end":{"line":19,"column":19}},"12":{"start":{"line":22,"column":32},"end":{"line":27,"column":9}},"13":{"start":{"line":29,"column":25},"end":{"line":29,"column":84}},"14":{"start":{"line":31,"column":8},"end":{"line":31,"column":99}},"15":{"start":{"line":33,"column":8},"end":{"line":37,"column":9}},"16":{"start":{"line":34,"column":12},"end":{"line":34,"column":37}},"17":{"start":{"line":35,"column":12},"end":{"line":35,"column":37}},"18":{"start":{"line":36,"column":12},"end":{"line":36,"column":46}},"19":{"start":{"line":40,"column":4},"end":{"line":50,"column":6}},"20":{"start":{"line":45,"column":63},"end":{"line":45,"column":99}},"21":{"start":{"line":47,"column":126},"end":{"line":47,"column":150}}},"fnMap":{"0":{"name":"(anonymous_0)","decl":{"start":{"line":4,"column":30},"end":{"line":4,"column":31}},"loc":{"start":{"line":4,"column":128},"end":{"line":51,"column":1}},"line":4},"1":{"name":"(anonymous_1)","decl":{"start":{"line":7,"column":36},"end":{"line":7,"column":37}},"loc":{"start":{"line":7,"column":49},"end":{"line":38,"column":5}},"line":7},"2":{"name":"(anonymous_2)","decl":{"start":{"line":45,"column":56},"end":{"line":45,"column":57}},"loc":{"start":{"line":45,"column":63},"end":{"line":45,"column":99}},"line":45},"3":{"name":"(anonymous_3)","decl":{"start":{"line":47,"column":120},"end":{"line":47,"column":121}},"loc":{"start":{"line":47,"column":126},"end":{"line":47,"column":150}},"line":47}},"branchMap":{"0":{"loc":{"start":{"line":11,"column":8},"end":{"line":14,"column":9}},"type":"if","locations":[{"start":{"line":11,"column":8},"end":{"line":14,"column":9}},{"start":{},"end":{}}],"line":11},"1":{"loc":{"start":{"line":11,"column":12},"end":{"line":11,"column":84}},"type":"binary-expr","locations":[{"start":{"line":11,"column":12},"end":{"line":11,"column":30}},{"start":{"line":11,"column":34},"end":{"line":11,"column":58}},{"start":{"line":11,"column":62},"end":{"line":11,"column":84}}],"line":11},"2":{"loc":{"start":{"line":16,"column":8},"end":{"line":20,"column":9}},"type":"if","locations":[{"start":{"line":16,"column":8},"end":{"line":20,"column":9}},{"start":{},"end":{}}],"line":16},"3":{"loc":{"start":{"line":31,"column":33},"end":{"line":31,"column":71}},"type":"cond-expr","locations":[{"start":{"line":31,"column":52},"end":{"line":31,"column":61}},{"start":{"line":31,"column":64},"end":{"line":31,"column":71}}],"line":31},"4":{"loc":{"start":{"line":33,"column":8},"end":{"line":37,"column":9}},"type":"if","locations":[{"start":{"line":33,"column":8},"end":{"line":37,"column":9}},{"start":{},"end":{}}],"line":33}},"s":{"0":3,"1":7,"2":7,"3":3,"4":3,"5":3,"6":1,"7":1,"8":2,"9":1,"10":1,"11":1,"12":1,"13":1,"14":1,"15":1,"16":1,"17":1,"18":1,"19":7,"20":2,"21":1},"f":{"0":7,"1":3,"2":2,"3":1},"b":{"0":[1,2],"1":[3,2,2],"2":[1,1],"3":[1,0],"4":[1,0]},"_coverageSchema":"1a1c01bbd47fc00a2c39e90264f33305004495a9","hash":"65659b47fde1a8d19469082f420dad191fe2e74a"}
,"C:\\TEST_RMS\\RMS\\frontend\\src\\components\\dashboard\\adminPages\\CreateUserForm.jsx": {"path":"C:\\TEST_RMS\\RMS\\frontend\\src\\components\\dashboard\\adminPages\\CreateUserForm.jsx","statementMap":{"0":{"start":{"line":4,"column":23},"end":{"line":105,"column":1}},"1":{"start":{"line":5,"column":34},"end":{"line":13,"column":4}},"2":{"start":{"line":15,"column":44},"end":{"line":15,"column":56}},"3":{"start":{"line":16,"column":38},"end":{"line":16,"column":50}},"4":{"start":{"line":18,"column":23},"end":{"line":23,"column":3}},"5":{"start":{"line":19,"column":4},"end":{"line":22,"column":7}},"6":{"start":{"line":25,"column":23},"end":{"line":46,"column":3}},"7":{"start":{"line":26,"column":4},"end":{"line":26,"column":23}},"8":{"start":{"line":27,"column":4},"end":{"line":45,"column":5}},"9":{"start":{"line":28,"column":23},"end":{"line":28,"column":49}},"10":{"start":{"line":29,"column":6},"end":{"line":29,"column":73}},"11":{"start":{"line":30,"column":6},"end":{"line":30,"column":31}},"12":{"start":{"line":33,"column":6},"end":{"line":41,"column":9}},"13":{"start":{"line":43,"column":6},"end":{"line":43,"column":63}},"14":{"start":{"line":44,"column":6},"end":{"line":44,"column":29}},"15":{"start":{"line":48,"column":2},"end":{"line":104,"column":4}},"16":{"start":{"line":57,"column":12},"end":{"line":70,"column":18}}},"fnMap":{"0":{"name":"(anonymous_0)","decl":{"start":{"line":4,"column":23},"end":{"line":4,"column":24}},"loc":{"start":{"line":4,"column":29},"end":{"line":105,"column":1}},"line":4},"1":{"name":"(anonymous_1)","decl":{"start":{"line":18,"column":23},"end":{"line":18,"column":24}},"loc":{"start":{"line":18,"column":30},"end":{"line":23,"column":3}},"line":18},"2":{"name":"(anonymous_2)","decl":{"start":{"line":25,"column":23},"end":{"line":25,"column":24}},"loc":{"start":{"line":25,"column":36},"end":{"line":46,"column":3}},"line":25},"3":{"name":"(anonymous_3)","decl":{"start":{"line":56,"column":84},"end":{"line":56,"column":85}},"loc":{"start":{"line":57,"column":12},"end":{"line":70,"column":18}},"line":57}},"branchMap":{"0":{"loc":{"start":{"line":29,"column":23},"end":{"line":29,"column":71}},"type":"binary-expr","locations":[{"start":{"line":29,"column":23},"end":{"line":29,"column":39}},{"start":{"line":29,"column":43},"end":{"line":29,"column":71}}],"line":29},"1":{"loc":{"start":{"line":43,"column":23},"end":{"line":43,"column":61}},"type":"binary-expr","locations":[{"start":{"line":43,"column":23},"end":{"line":43,"column":36}},{"start":{"line":43,"column":40},"end":{"line":43,"column":61}}],"line":43},"2":{"loc":{"start":{"line":62,"column":22},"end":{"line":62,"column":64}},"type":"cond-expr","locations":[{"start":{"line":62,"column":45},"end":{"line":62,"column":55}},{"start":{"line":62,"column":58},"end":{"line":62,"column":64}}],"line":62},"3":{"loc":{"start":{"line":96,"column":11},"end":{"line":100,"column":11}},"type":"binary-expr","locations":[{"start":{"line":96,"column":11},"end":{"line":96,"column":24}},{"start":{"line":97,"column":12},"end":{"line":99,"column":16}}],"line":96},"4":{"loc":{"start":{"line":97,"column":48},"end":{"line":97,"column":108}},"type":"cond-expr","locations":[{"start":{"line":97,"column":75},"end":{"line":97,"column":91}},{"start":{"line":97,"column":94},"end":{"line":97,"column":108}}],"line":97}},"s":{"0":2,"1":45,"2":45,"3":45,"4":45,"5":35,"6":45,"7":5,"8":5,"9":5,"10":2,"11":2,"12":2,"13":3,"14":3,"15":45,"16":270},"f":{"0":45,"1":35,"2":5,"3":270},"b":{"0":[2,1],"1":[3,1],"2":[45,225],"3":[45,5],"4":[2,3]},"_coverageSchema":"1a1c01bbd47fc00a2c39e90264f33305004495a9","hash":"92015ba367f3797bef0dacdb8deb2df0a2d755d1"}
,"C:\\TEST_RMS\\RMS\\frontend\\src\\components\\dashboard\\adminPages\\DeleteUserForm.jsx": {"path":"C:\\TEST_RMS\\RMS\\frontend\\src\\components\\dashboard\\adminPages\\DeleteUserForm.jsx","statementMap":{"0":{"start":{"line":6,"column":23},"end":{"line":83,"column":1}},"1":{"start":{"line":7,"column":30},"end":{"line":7,"column":42}},"2":{"start":{"line":8,"column":46},"end":{"line":8,"column":58}},"3":{"start":{"line":9,"column":21},"end":{"line":9,"column":30}},"4":{"start":{"line":11,"column":4},"end":{"line":22,"column":11}},"5":{"start":{"line":12,"column":25},"end":{"line":20,"column":9}},"6":{"start":{"line":13,"column":12},"end":{"line":19,"column":13}},"7":{"start":{"line":14,"column":34},"end":{"line":14,"column":64}},"8":{"start":{"line":15,"column":16},"end":{"line":15,"column":36}},"9":{"start":{"line":16,"column":16},"end":{"line":16,"column":44}},"10":{"start":{"line":18,"column":16},"end":{"line":18,"column":63}},"11":{"start":{"line":21,"column":8},"end":{"line":21,"column":19}},"12":{"start":{"line":24,"column":25},"end":{"line":30,"column":5}},"13":{"start":{"line":25,"column":8},"end":{"line":29,"column":9}},"14":{"start":{"line":26,"column":12},"end":{"line":26,"column":36}},"15":{"start":{"line":28,"column":12},"end":{"line":28,"column":115}},"16":{"start":{"line":28,"column":50},"end":{"line":28,"column":112}},"17":{"start":{"line":32,"column":31},"end":{"line":40,"column":5}},"18":{"start":{"line":33,"column":8},"end":{"line":39,"column":9}},"19":{"start":{"line":34,"column":32},"end":{"line":34,"column":72}},"20":{"start":{"line":35,"column":12},"end":{"line":35,"column":92}},"21":{"start":{"line":35,"column":39},"end":{"line":35,"column":89}},"22":{"start":{"line":36,"column":12},"end":{"line":36,"column":108}},"23":{"start":{"line":36,"column":55},"end":{"line":36,"column":105}},"24":{"start":{"line":38,"column":12},"end":{"line":38,"column":66}},"25":{"start":{"line":42,"column":4},"end":{"line":82,"column":6}},"26":{"start":{"line":52,"column":46},"end":{"line":52,"column":67}},"27":{"start":{"line":53,"column":20},"end":{"line":78,"column":26}},"28":{"start":{"line":70,"column":47},"end":{"line":70,"column":91}}},"fnMap":{"0":{"name":"(anonymous_0)","decl":{"start":{"line":6,"column":23},"end":{"line":6,"column":24}},"loc":{"start":{"line":6,"column":29},"end":{"line":83,"column":1}},"line":6},"1":{"name":"(anonymous_1)","decl":{"start":{"line":11,"column":14},"end":{"line":11,"column":15}},"loc":{"start":{"line":11,"column":20},"end":{"line":22,"column":5}},"line":11},"2":{"name":"(anonymous_2)","decl":{"start":{"line":12,"column":25},"end":{"line":12,"column":26}},"loc":{"start":{"line":12,"column":37},"end":{"line":20,"column":9}},"line":12},"3":{"name":"(anonymous_3)","decl":{"start":{"line":24,"column":25},"end":{"line":24,"column":26}},"loc":{"start":{"line":24,"column":41},"end":{"line":30,"column":5}},"line":24},"4":{"name":"(anonymous_4)","decl":{"start":{"line":28,"column":42},"end":{"line":28,"column":43}},"loc":{"start":{"line":28,"column":50},"end":{"line":28,"column":112}},"line":28},"5":{"name":"(anonymous_5)","decl":{"start":{"line":32,"column":31},"end":{"line":32,"column":32}},"loc":{"start":{"line":32,"column":59},"end":{"line":40,"column":5}},"line":32},"6":{"name":"(anonymous_6)","decl":{"start":{"line":35,"column":31},"end":{"line":35,"column":32}},"loc":{"start":{"line":35,"column":39},"end":{"line":35,"column":89}},"line":35},"7":{"name":"(anonymous_7)","decl":{"start":{"line":36,"column":47},"end":{"line":36,"column":48}},"loc":{"start":{"line":36,"column":55},"end":{"line":36,"column":105}},"line":36},"8":{"name":"(anonymous_8)","decl":{"start":{"line":52,"column":38},"end":{"line":52,"column":39}},"loc":{"start":{"line":52,"column":46},"end":{"line":52,"column":67}},"line":52},"9":{"name":"(anonymous_9)","decl":{"start":{"line":52,"column":73},"end":{"line":52,"column":74}},"loc":{"start":{"line":53,"column":20},"end":{"line":78,"column":26}},"line":53},"10":{"name":"(anonymous_10)","decl":{"start":{"line":70,"column":41},"end":{"line":70,"column":42}},"loc":{"start":{"line":70,"column":47},"end":{"line":70,"column":91}},"line":70}},"branchMap":{"0":{"loc":{"start":{"line":25,"column":8},"end":{"line":29,"column":9}},"type":"if","locations":[{"start":{"line":25,"column":8},"end":{"line":29,"column":9}},{"start":{"line":27,"column":15},"end":{"line":29,"column":9}}],"line":25},"1":{"loc":{"start":{"line":35,"column":39},"end":{"line":35,"column":89}},"type":"cond-expr","locations":[{"start":{"line":35,"column":61},"end":{"line":35,"column":82}},{"start":{"line":35,"column":85},"end":{"line":35,"column":89}}],"line":35},"2":{"loc":{"start":{"line":36,"column":55},"end":{"line":36,"column":105}},"type":"cond-expr","locations":[{"start":{"line":36,"column":77},"end":{"line":36,"column":98}},{"start":{"line":36,"column":101},"end":{"line":36,"column":105}}],"line":36},"3":{"loc":{"start":{"line":61,"column":36},"end":{"line":61,"column":109}},"type":"cond-expr","locations":[{"start":{"line":61,"column":52},"end":{"line":61,"column":81}},{"start":{"line":61,"column":84},"end":{"line":61,"column":109}}],"line":61},"4":{"loc":{"start":{"line":64,"column":33},"end":{"line":64,"column":70}},"type":"cond-expr","locations":[{"start":{"line":64,"column":49},"end":{"line":64,"column":57}},{"start":{"line":64,"column":60},"end":{"line":64,"column":70}}],"line":64},"5":{"loc":{"start":{"line":72,"column":36},"end":{"line":72,"column":147}},"type":"cond-expr","locations":[{"start":{"line":72,"column":52},"end":{"line":72,"column":96}},{"start":{"line":72,"column":99},"end":{"line":72,"column":147}}],"line":72},"6":{"loc":{"start":{"line":75,"column":33},"end":{"line":75,"column":74}},"type":"cond-expr","locations":[{"start":{"line":75,"column":49},"end":{"line":75,"column":61}},{"start":{"line":75,"column":64},"end":{"line":75,"column":74}}],"line":75}},"s":{"0":2,"1":5,"2":4,"3":4,"4":4,"5":2,"6":2,"7":2,"8":2,"9":2,"10":0,"11":2,"12":4,"13":0,"14":0,"15":0,"16":0,"17":4,"18":1,"19":1,"20":1,"21":2,"22":1,"23":2,"24":0,"25":4,"26":4,"27":4,"28":1},"f":{"0":5,"1":2,"2":2,"3":0,"4":0,"5":1,"6":2,"7":2,"8":4,"9":4,"10":1},"b":{"0":[0,0],"1":[1,1],"2":[1,1],"3":[2,2],"4":[2,2],"5":[2,2],"6":[2,2]},"_coverageSchema":"1a1c01bbd47fc00a2c39e90264f33305004495a9","hash":"bd04de1024ec9c8ac8f3549fb741c557b1c9f20b"}
,"C:\\TEST_RMS\\RMS\\frontend\\src\\components\\dashboard\\adminPages\\ManagerTable.jsx": {"path":"C:\\TEST_RMS\\RMS\\frontend\\src\\components\\dashboard\\adminPages\\ManagerTable.jsx","statementMap":{"0":{"start":{"line":4,"column":22},"end":{"line":37,"column":1}},"1":{"start":{"line":5,"column":40},"end":{"line":5,"column":52}},"2":{"start":{"line":7,"column":29},"end":{"line":9,"column":5}},"3":{"start":{"line":8,"column":8},"end":{"line":8,"column":69}},"4":{"start":{"line":11,"column":4},"end":{"line":36,"column":6}},"5":{"start":{"line":26,"column":28},"end":{"line":30,"column":33}}},"fnMap":{"0":{"name":"(anonymous_0)","decl":{"start":{"line":4,"column":22},"end":{"line":4,"column":23}},"loc":{"start":{"line":4,"column":40},"end":{"line":37,"column":1}},"line":4},"1":{"name":"(anonymous_1)","decl":{"start":{"line":7,"column":45},"end":{"line":7,"column":46}},"loc":{"start":{"line":8,"column":8},"end":{"line":8,"column":69}},"line":8},"2":{"name":"(anonymous_2)","decl":{"start":{"line":25,"column":46},"end":{"line":25,"column":47}},"loc":{"start":{"line":26,"column":28},"end":{"line":30,"column":33}},"line":26}},"branchMap":{},"s":{"0":2,"1":6,"2":6,"3":15,"4":6,"5":10},"f":{"0":6,"1":15,"2":10},"b":{},"_coverageSchema":"1a1c01bbd47fc00a2c39e90264f33305004495a9","hash":"2b1567e2b94f104d038dd4baa1f161fc8e244a76"}
,"C:\\TEST_RMS\\RMS\\frontend\\src\\components\\dashboard\\adminPages\\TopArtistChart.jsx": {"path":"C:\\TEST_RMS\\RMS\\frontend\\src\\components\\dashboard\\adminPages\\TopArtistChart.jsx","statementMap":{"0":{"start":{"line":4,"column":24},"end":{"line":67,"column":1}},"1":{"start":{"line":5,"column":2},"end":{"line":7,"column":3}},"2":{"start":{"line":6,"column":4},"end":{"line":6,"column":119}},"3":{"start":{"line":10,"column":21},"end":{"line":13,"column":3}},"4":{"start":{"line":11,"column":18},"end":{"line":11,"column":33}},"5":{"start":{"line":12,"column":4},"end":{"line":12,"column":67}},"6":{"start":{"line":15,"column":2},"end":{"line":66,"column":4}}},"fnMap":{"0":{"name":"(anonymous_0)","decl":{"start":{"line":4,"column":24},"end":{"line":4,"column":25}},"loc":{"start":{"line":4,"column":43},"end":{"line":67,"column":1}},"line":4},"1":{"name":"(anonymous_1)","decl":{"start":{"line":10,"column":21},"end":{"line":10,"column":22}},"loc":{"start":{"line":10,"column":31},"end":{"line":13,"column":3}},"line":10}},"branchMap":{"0":{"loc":{"start":{"line":4,"column":27},"end":{"line":4,"column":36}},"type":"default-arg","locations":[{"start":{"line":4,"column":34},"end":{"line":4,"column":36}}],"line":4},"1":{"loc":{"start":{"line":5,"column":2},"end":{"line":7,"column":3}},"type":"if","locations":[{"start":{"line":5,"column":2},"end":{"line":7,"column":3}},{"start":{},"end":{}}],"line":5},"2":{"loc":{"start":{"line":12,"column":11},"end":{"line":12,"column":66}},"type":"cond-expr","locations":[{"start":{"line":12,"column":30},"end":{"line":12,"column":59}},{"start":{"line":12,"column":62},"end":{"line":12,"column":66}}],"line":12}},"s":{"0":2,"1":3,"2":1,"3":2,"4":0,"5":0,"6":2},"f":{"0":3,"1":0},"b":{"0":[0],"1":[1,2],"2":[0,0]},"_coverageSchema":"1a1c01bbd47fc00a2c39e90264f33305004495a9","hash":"1fa08ce58558d137a92788932967eaf73a3038c2"}
,"C:\\TEST_RMS\\RMS\\frontend\\src\\components\\dashboard\\adminPages\\TopManagerCharts.jsx": {"path":"C:\\TEST_RMS\\RMS\\frontend\\src\\components\\dashboard\\adminPages\\TopManagerCharts.jsx","statementMap":{"0":{"start":{"line":6,"column":0},"end":{"line":6,"column":108}},"1":{"start":{"line":8,"column":25},"end":{"line":95,"column":1}},"2":{"start":{"line":9,"column":4},"end":{"line":9,"column":148}},"3":{"start":{"line":9,"column":36},"end":{"line":9,"column":148}},"4":{"start":{"line":11,"column":19},"end":{"line":11,"column":61}},"5":{"start":{"line":13,"column":19},"end":{"line":13,"column":54}},"6":{"start":{"line":13,"column":41},"end":{"line":13,"column":53}},"7":{"start":{"line":15,"column":24},"end":{"line":27,"column":5}},"8":{"start":{"line":20,"column":44},"end":{"line":20,"column":64}},"9":{"start":{"line":29,"column":24},"end":{"line":43,"column":5}},"10":{"start":{"line":34,"column":44},"end":{"line":34,"column":64}},"11":{"start":{"line":45,"column":23},"end":{"line":55,"column":5}},"12":{"start":{"line":57,"column":24},"end":{"line":67,"column":5}},"13":{"start":{"line":69,"column":4},"end":{"line":94,"column":6}}},"fnMap":{"0":{"name":"(anonymous_0)","decl":{"start":{"line":8,"column":25},"end":{"line":8,"column":26}},"loc":{"start":{"line":8,"column":39},"end":{"line":95,"column":1}},"line":8},"1":{"name":"(anonymous_1)","decl":{"start":{"line":13,"column":28},"end":{"line":13,"column":29}},"loc":{"start":{"line":13,"column":41},"end":{"line":13,"column":53}},"line":13},"2":{"name":"(anonymous_2)","decl":{"start":{"line":20,"column":31},"end":{"line":20,"column":32}},"loc":{"start":{"line":20,"column":44},"end":{"line":20,"column":64}},"line":20},"3":{"name":"(anonymous_3)","decl":{"start":{"line":34,"column":31},"end":{"line":34,"column":32}},"loc":{"start":{"line":34,"column":44},"end":{"line":34,"column":64}},"line":34}},"branchMap":{"0":{"loc":{"start":{"line":9,"column":4},"end":{"line":9,"column":148}},"type":"if","locations":[{"start":{"line":9,"column":4},"end":{"line":9,"column":148}},{"start":{},"end":{}}],"line":9},"1":{"loc":{"start":{"line":9,"column":8},"end":{"line":9,"column":34}},"type":"binary-expr","locations":[{"start":{"line":9,"column":8},"end":{"line":9,"column":13}},{"start":{"line":9,"column":17},"end":{"line":9,"column":34}}],"line":9}},"s":{"0":2,"1":2,"2":3,"3":2,"4":1,"5":1,"6":2,"7":1,"8":2,"9":1,"10":2,"11":1,"12":1,"13":1},"f":{"0":3,"1":2,"2":2,"3":2},"b":{"0":[2,1],"1":[3,3]},"_coverageSchema":"1a1c01bbd47fc00a2c39e90264f33305004495a9","hash":"a7f53f2f6d3e0f6b8c4b7f528b374770de9be4a2"}
,"C:\\TEST_RMS\\RMS\\frontend\\src\\components\\dashboard\\adminPages\\TransactionList.jsx": {"path":"C:\\TEST_RMS\\RMS\\frontend\\src\\components\\dashboard\\adminPages\\TransactionList.jsx","statementMap":{"0":{"start":{"line":5,"column":24},"end":{"line":129,"column":1}},"1":{"start":{"line":6,"column":60},"end":{"line":6,"column":72}},"2":{"start":{"line":7,"column":33},"end":{"line":7,"column":51}},"3":{"start":{"line":10,"column":4},"end":{"line":12,"column":23}},"4":{"start":{"line":11,"column":8},"end":{"line":11,"column":85}},"5":{"start":{"line":11,"column":58},"end":{"line":11,"column":82}},"6":{"start":{"line":14,"column":33},"end":{"line":34,"column":5}},"7":{"start":{"line":15,"column":31},"end":{"line":15,"column":99}},"8":{"start":{"line":16,"column":8},"end":{"line":16,"column":36}},"9":{"start":{"line":16,"column":29},"end":{"line":16,"column":36}},"10":{"start":{"line":18,"column":25},"end":{"line":18,"column":94}},"11":{"start":{"line":19,"column":8},"end":{"line":19,"column":99}},"12":{"start":{"line":21,"column":8},"end":{"line":33,"column":9}},"13":{"start":{"line":22,"column":12},"end":{"line":22,"column":46}},"14":{"start":{"line":23,"column":12},"end":{"line":23,"column":49}},"15":{"start":{"line":25,"column":12},"end":{"line":25,"column":166}},"16":{"start":{"line":26,"column":12},"end":{"line":26,"column":168}},"17":{"start":{"line":30,"column":12},"end":{"line":32,"column":14}},"18":{"start":{"line":31,"column":16},"end":{"line":31,"column":71}},"19":{"start":{"line":31,"column":46},"end":{"line":31,"column":70}},"20":{"start":{"line":36,"column":36},"end":{"line":41,"column":5}},"21":{"start":{"line":37,"column":25},"end":{"line":37,"column":82}},"22":{"start":{"line":38,"column":8},"end":{"line":38,"column":99}},"23":{"start":{"line":40,"column":8},"end":{"line":40,"column":64}},"24":{"start":{"line":40,"column":30},"end":{"line":40,"column":64}},"25":{"start":{"line":43,"column":4},"end":{"line":128,"column":6}},"26":{"start":{"line":62,"column":32},"end":{"line":79,"column":37}},"27":{"start":{"line":70,"column":59},"end":{"line":70,"column":355}},"28":{"start":{"line":75,"column":59},"end":{"line":75,"column":90}},"29":{"start":{"line":89,"column":24},"end":{"line":123,"column":30}},"30":{"start":{"line":114,"column":51},"end":{"line":114,"column":347}},"31":{"start":{"line":119,"column":51},"end":{"line":119,"column":82}}},"fnMap":{"0":{"name":"(anonymous_0)","decl":{"start":{"line":5,"column":24},"end":{"line":5,"column":25}},"loc":{"start":{"line":5,"column":121},"end":{"line":129,"column":1}},"line":5},"1":{"name":"(anonymous_1)","decl":{"start":{"line":10,"column":14},"end":{"line":10,"column":15}},"loc":{"start":{"line":10,"column":20},"end":{"line":12,"column":5}},"line":10},"2":{"name":"(anonymous_2)","decl":{"start":{"line":11,"column":52},"end":{"line":11,"column":53}},"loc":{"start":{"line":11,"column":58},"end":{"line":11,"column":82}},"line":11},"3":{"name":"(anonymous_3)","decl":{"start":{"line":14,"column":33},"end":{"line":14,"column":34}},"loc":{"start":{"line":14,"column":128},"end":{"line":34,"column":5}},"line":14},"4":{"name":"(anonymous_4)","decl":{"start":{"line":30,"column":36},"end":{"line":30,"column":37}},"loc":{"start":{"line":31,"column":16},"end":{"line":31,"column":71}},"line":31},"5":{"name":"(anonymous_5)","decl":{"start":{"line":31,"column":40},"end":{"line":31,"column":41}},"loc":{"start":{"line":31,"column":46},"end":{"line":31,"column":70}},"line":31},"6":{"name":"(anonymous_6)","decl":{"start":{"line":36,"column":36},"end":{"line":36,"column":37}},"loc":{"start":{"line":36,"column":61},"end":{"line":41,"column":5}},"line":36},"7":{"name":"(anonymous_7)","decl":{"start":{"line":61,"column":54},"end":{"line":61,"column":55}},"loc":{"start":{"line":62,"column":32},"end":{"line":79,"column":37}},"line":62},"8":{"name":"(anonymous_8)","decl":{"start":{"line":70,"column":53},"end":{"line":70,"column":54}},"loc":{"start":{"line":70,"column":59},"end":{"line":70,"column":355}},"line":70},"9":{"name":"(anonymous_9)","decl":{"start":{"line":75,"column":53},"end":{"line":75,"column":54}},"loc":{"start":{"line":75,"column":59},"end":{"line":75,"column":90}},"line":75},"10":{"name":"(anonymous_10)","decl":{"start":{"line":88,"column":46},"end":{"line":88,"column":47}},"loc":{"start":{"line":89,"column":24},"end":{"line":123,"column":30}},"line":89},"11":{"name":"(anonymous_11)","decl":{"start":{"line":114,"column":45},"end":{"line":114,"column":46}},"loc":{"start":{"line":114,"column":51},"end":{"line":114,"column":347}},"line":114},"12":{"name":"(anonymous_12)","decl":{"start":{"line":119,"column":45},"end":{"line":119,"column":46}},"loc":{"start":{"line":119,"column":51},"end":{"line":119,"column":82}},"line":119}},"branchMap":{"0":{"loc":{"start":{"line":16,"column":8},"end":{"line":16,"column":36}},"type":"if","locations":[{"start":{"line":16,"column":8},"end":{"line":16,"column":36}},{"start":{},"end":{}}],"line":16},"1":{"loc":{"start":{"line":19,"column":33},"end":{"line":19,"column":71}},"type":"cond-expr","locations":[{"start":{"line":19,"column":52},"end":{"line":19,"column":61}},{"start":{"line":19,"column":64},"end":{"line":19,"column":71}}],"line":19},"2":{"loc":{"start":{"line":21,"column":8},"end":{"line":33,"column":9}},"type":"if","locations":[{"start":{"line":21,"column":8},"end":{"line":33,"column":9}},{"start":{},"end":{}}],"line":21},"3":{"loc":{"start":{"line":38,"column":33},"end":{"line":38,"column":71}},"type":"cond-expr","locations":[{"start":{"line":38,"column":52},"end":{"line":38,"column":61}},{"start":{"line":38,"column":64},"end":{"line":38,"column":71}}],"line":38},"4":{"loc":{"start":{"line":40,"column":8},"end":{"line":40,"column":64}},"type":"if","locations":[{"start":{"line":40,"column":8},"end":{"line":40,"column":64}},{"start":{},"end":{}}],"line":40},"5":{"loc":{"start":{"line":44,"column":8},"end":{"line":127,"column":9}},"type":"binary-expr","locations":[{"start":{"line":44,"column":8},"end":{"line":44,"column":39}},{"start":{"line":45,"column":12},"end":{"line":126,"column":18}}],"line":44},"6":{"loc":{"start":{"line":64,"column":64},"end":{"line":64,"column":92}},"type":"binary-expr","locations":[{"start":{"line":64,"column":64},"end":{"line":64,"column":83}},{"start":{"line":64,"column":87},"end":{"line":64,"column":92}}],"line":64},"7":{"loc":{"start":{"line":70,"column":267},"end":{"line":70,"column":304}},"type":"binary-expr","locations":[{"start":{"line":70,"column":267},"end":{"line":70,"column":286}},{"start":{"line":70,"column":290},"end":{"line":70,"column":304}}],"line":70},"8":{"loc":{"start":{"line":96,"column":70},"end":{"line":96,"column":98}},"type":"binary-expr","locations":[{"start":{"line":96,"column":70},"end":{"line":96,"column":89}},{"start":{"line":96,"column":93},"end":{"line":96,"column":98}}],"line":96},"9":{"loc":{"start":{"line":105,"column":38},"end":{"line":107,"column":61}},"type":"cond-expr","locations":[{"start":{"line":105,"column":65},"end":{"line":105,"column":94}},{"start":{"line":106,"column":36},"end":{"line":107,"column":61}}],"line":105},"10":{"loc":{"start":{"line":106,"column":36},"end":{"line":107,"column":61}},"type":"cond-expr","locations":[{"start":{"line":106,"column":62},"end":{"line":106,"column":93}},{"start":{"line":107,"column":36},"end":{"line":107,"column":61}}],"line":106},"11":{"loc":{"start":{"line":114,"column":259},"end":{"line":114,"column":296}},"type":"binary-expr","locations":[{"start":{"line":114,"column":259},"end":{"line":114,"column":278}},{"start":{"line":114,"column":282},"end":{"line":114,"column":296}}],"line":114}},"s":{"0":3,"1":27,"2":27,"3":7,"4":3,"5":6,"6":7,"7":2,"8":2,"9":1,"10":1,"11":1,"12":1,"13":1,"14":1,"15":1,"16":1,"17":1,"18":1,"19":1,"20":7,"21":1,"22":1,"23":1,"24":1,"25":7,"26":3,"27":2,"28":1,"29":3,"30":0,"31":0},"f":{"0":27,"1":3,"2":6,"3":2,"4":1,"5":1,"6":1,"7":3,"8":2,"9":1,"10":3,"11":0,"12":0},"b":{"0":[1,1],"1":[1,0],"2":[1,0],"3":[1,0],"4":[1,0],"5":[7,3],"6":[3,0],"7":[2,0],"8":[3,0],"9":[0,3],"10":[3,0],"11":[0,0]},"_coverageSchema":"1a1c01bbd47fc00a2c39e90264f33305004495a9","hash":"0344487799af5761e2fcd94d4d38b6fa244a06a6"}
,"C:\\TEST_RMS\\RMS\\frontend\\src\\components\\dashboard\\adminPages\\ViewAdminForm.jsx": {"path":"C:\\TEST_RMS\\RMS\\frontend\\src\\components\\dashboard\\adminPages\\ViewAdminForm.jsx","statementMap":{"0":{"start":{"line":5,"column":22},"end":{"line":42,"column":1}},"1":{"start":{"line":6,"column":19},"end":{"line":6,"column":28}},"2":{"start":{"line":8,"column":2},"end":{"line":41,"column":4}}},"fnMap":{"0":{"name":"(anonymous_0)","decl":{"start":{"line":5,"column":22},"end":{"line":5,"column":23}},"loc":{"start":{"line":5,"column":28},"end":{"line":42,"column":1}},"line":5}},"branchMap":{},"s":{"0":2,"1":1,"2":1},"f":{"0":1},"b":{},"_coverageSchema":"1a1c01bbd47fc00a2c39e90264f33305004495a9","hash":"f0de774f1157ff268b1b12c58072c8b5895ccd4c"}
,"C:\\TEST_RMS\\RMS\\frontend\\src\\components\\dashboard\\artistPages\\AddSongForm.jsx": {"path":"C:\\TEST_RMS\\RMS\\frontend\\src\\components\\dashboard\\artistPages\\AddSongForm.jsx","statementMap":{"0":{"start":{"line":6,"column":20},"end":{"line":144,"column":1}},"1":{"start":{"line":7,"column":23},"end":{"line":7,"column":32}},"2":{"start":{"line":8,"column":31},"end":{"line":8,"column":49}},"3":{"start":{"line":9,"column":34},"end":{"line":9,"column":77}},"4":{"start":{"line":10,"column":46},"end":{"line":10,"column":58}},"5":{"start":{"line":11,"column":42},"end":{"line":11,"column":54}},"6":{"start":{"line":14,"column":23},"end":{"line":19,"column":3}},"7":{"start":{"line":15,"column":4},"end":{"line":18,"column":7}},"8":{"start":{"line":22,"column":23},"end":{"line":63,"column":3}},"9":{"start":{"line":23,"column":4},"end":{"line":23,"column":23}},"10":{"start":{"line":24,"column":4},"end":{"line":24,"column":26}},"11":{"start":{"line":25,"column":4},"end":{"line":25,"column":24}},"12":{"start":{"line":27,"column":4},"end":{"line":30,"column":5}},"13":{"start":{"line":28,"column":6},"end":{"line":28,"column":67}},"14":{"start":{"line":29,"column":6},"end":{"line":29,"column":13}},"15":{"start":{"line":32,"column":20},"end":{"line":37,"column":5}},"16":{"start":{"line":39,"column":4},"end":{"line":62,"column":5}},"17":{"start":{"line":40,"column":23},"end":{"line":40,"column":57}},"18":{"start":{"line":41,"column":6},"end":{"line":59,"column":7}},"19":{"start":{"line":42,"column":8},"end":{"line":42,"column":57}},"20":{"start":{"line":43,"column":8},"end":{"line":43,"column":55}},"21":{"start":{"line":46,"column":10},"end":{"line":54,"column":11}},"22":{"start":{"line":47,"column":12},"end":{"line":51,"column":14}},"23":{"start":{"line":53,"column":14},"end":{"line":53,"column":77}},"24":{"start":{"line":56,"column":8},"end":{"line":56,"column":54}},"25":{"start":{"line":56,"column":25},"end":{"line":56,"column":46}},"26":{"start":{"line":58,"column":8},"end":{"line":58,"column":65}},"27":{"start":{"line":61,"column":6},"end":{"line":61,"column":37}},"28":{"start":{"line":65,"column":2},"end":{"line":143,"column":4}}},"fnMap":{"0":{"name":"(anonymous_0)","decl":{"start":{"line":6,"column":20},"end":{"line":6,"column":21}},"loc":{"start":{"line":6,"column":26},"end":{"line":144,"column":1}},"line":6},"1":{"name":"(anonymous_1)","decl":{"start":{"line":14,"column":23},"end":{"line":14,"column":24}},"loc":{"start":{"line":14,"column":30},"end":{"line":19,"column":3}},"line":14},"2":{"name":"(anonymous_2)","decl":{"start":{"line":22,"column":23},"end":{"line":22,"column":24}},"loc":{"start":{"line":22,"column":36},"end":{"line":63,"column":3}},"line":22},"3":{"name":"(anonymous_3)","decl":{"start":{"line":56,"column":19},"end":{"line":56,"column":20}},"loc":{"start":{"line":56,"column":25},"end":{"line":56,"column":46}},"line":56}},"branchMap":{"0":{"loc":{"start":{"line":27,"column":4},"end":{"line":30,"column":5}},"type":"if","locations":[{"start":{"line":27,"column":4},"end":{"line":30,"column":5}},{"start":{},"end":{}}],"line":27},"1":{"loc":{"start":{"line":41,"column":6},"end":{"line":59,"column":7}},"type":"if","locations":[{"start":{"line":41,"column":6},"end":{"line":59,"column":7}},{"start":{"line":57,"column":13},"end":{"line":59,"column":7}}],"line":41},"2":{"loc":{"start":{"line":46,"column":10},"end":{"line":54,"column":11}},"type":"if","locations":[{"start":{"line":46,"column":10},"end":{"line":54,"column":11}},{"start":{"line":52,"column":17},"end":{"line":54,"column":11}}],"line":46},"3":{"loc":{"start":{"line":72,"column":9},"end":{"line":76,"column":9}},"type":"binary-expr","locations":[{"start":{"line":72,"column":9},"end":{"line":72,"column":23}},{"start":{"line":73,"column":10},"end":{"line":75,"column":16}}],"line":72},"4":{"loc":{"start":{"line":77,"column":9},"end":{"line":81,"column":9}},"type":"binary-expr","locations":[{"start":{"line":77,"column":9},"end":{"line":77,"column":21}},{"start":{"line":78,"column":10},"end":{"line":80,"column":16}}],"line":77},"5":{"loc":{"start":{"line":90,"column":21},"end":{"line":90,"column":43}},"type":"binary-expr","locations":[{"start":{"line":90,"column":21},"end":{"line":90,"column":34}},{"start":{"line":90,"column":38},"end":{"line":90,"column":43}}],"line":90},"6":{"loc":{"start":{"line":102,"column":21},"end":{"line":102,"column":48}},"type":"binary-expr","locations":[{"start":{"line":102,"column":21},"end":{"line":102,"column":39}},{"start":{"line":102,"column":43},"end":{"line":102,"column":48}}],"line":102}},"s":{"0":3,"1":16,"2":16,"3":16,"4":16,"5":16,"6":16,"7":6,"8":16,"9":3,"10":3,"11":3,"12":3,"13":1,"14":1,"15":2,"16":2,"17":2,"18":1,"19":1,"20":1,"21":1,"22":1,"23":0,"24":1,"25":0,"26":0,"27":1,"28":16},"f":{"0":16,"1":6,"2":3,"3":0},"b":{"0":[1,2],"1":[1,0],"2":[1,0],"3":[16,1],"4":[16,2],"5":[16,2],"6":[16,2]},"_coverageSchema":"1a1c01bbd47fc00a2c39e90264f33305004495a9","hash":"2ff8b654b80da26b307ac610bfb21d8cf02dc836"}
[...]
line":16,"column":67}},"6":{"start":{"line":17,"column":4},"end":{"line":17,"column":16}},"7":{"start":{"line":22,"column":42},"end":{"line":34,"column":1}},"8":{"start":{"line":23,"column":2},"end":{"line":33,"column":3}},"9":{"start":{"line":24,"column":4},"end":{"line":29,"column":7}},"10":{"start":{"line":31,"column":4},"end":{"line":31,"column":67}},"11":{"start":{"line":32,"column":4},"end":{"line":32,"column":16}},"12":{"start":{"line":37,"column":42},"end":{"line":49,"column":1}},"13":{"start":{"line":38,"column":2},"end":{"line":48,"column":3}},"14":{"start":{"line":39,"column":4},"end":{"line":44,"column":7}},"15":{"start":{"line":46,"column":4},"end":{"line":46,"column":67}},"16":{"start":{"line":47,"column":4},"end":{"line":47,"column":16}},"17":{"start":{"line":52,"column":40},"end":{"line":69,"column":1}},"18":{"start":{"line":53,"column":2},"end":{"line":68,"column":3}},"19":{"start":{"line":54,"column":21},"end":{"line":63,"column":6}},"20":{"start":{"line":64,"column":4},"end":{"line":64,"column":25}},"21":{"start":{"line":66,"column":4},"end":{"line":66,"column":65}},"22":{"start":{"line":67,"column":4},"end":{"line":67,"column":16}},"23":{"start":{"line":73,"column":35},"end":{"line":86,"column":1}},"24":{"start":{"line":74,"column":2},"end":{"line":85,"column":3}},"25":{"start":{"line":76,"column":4},"end":{"line":81,"column":7}},"26":{"start":{"line":83,"column":4},"end":{"line":83,"column":59}},"27":{"start":{"line":84,"column":4},"end":{"line":84,"column":16}},"28":{"start":{"line":89,"column":42},"end":{"line":104,"column":1}},"29":{"start":{"line":92,"column":2},"end":{"line":103,"column":3}},"30":{"start":{"line":93,"column":4},"end":{"line":98,"column":7}},"31":{"start":{"line":101,"column":4},"end":{"line":101,"column":66}},"32":{"start":{"line":102,"column":4},"end":{"line":102,"column":16}},"33":{"start":{"line":107,"column":48},"end":{"line":121,"column":1}},"34":{"start":{"line":108,"column":2},"end":{"line":120,"column":3}},"35":{"start":{"line":109,"column":21},"end":{"line":114,"column":6}},"36":{"start":{"line":116,"column":4},"end":{"line":116,"column":46}},"37":{"start":{"line":118,"column":4},"end":{"line":118,"column":59}},"38":{"start":{"line":119,"column":4},"end":{"line":119,"column":16}}},"fnMap":{"0":{"name":"(anonymous_0)","decl":{"start":{"line":6,"column":42},"end":{"line":6,"column":43}},"loc":{"start":{"line":6,"column":63},"end":{"line":19,"column":1}},"line":6},"1":{"name":"(anonymous_1)","decl":{"start":{"line":22,"column":42},"end":{"line":22,"column":43}},"loc":{"start":{"line":22,"column":63},"end":{"line":34,"column":1}},"line":22},"2":{"name":"(anonymous_2)","decl":{"start":{"line":37,"column":42},"end":{"line":37,"column":43}},"loc":{"start":{"line":37,"column":63},"end":{"line":49,"column":1}},"line":37},"3":{"name":"(anonymous_3)","decl":{"start":{"line":52,"column":40},"end":{"line":52,"column":41}},"loc":{"start":{"line":52,"column":71},"end":{"line":69,"column":1}},"line":52},"4":{"name":"(anonymous_4)","decl":{"start":{"line":73,"column":35},"end":{"line":73,"column":36}},"loc":{"start":{"line":73,"column":70},"end":{"line":86,"column":1}},"line":73},"5":{"name":"(anonymous_5)","decl":{"start":{"line":89,"column":42},"end":{"line":89,"column":43}},"loc":{"start":{"line":89,"column":79},"end":{"line":104,"column":1}},"line":89},"6":{"name":"(anonymous_6)","decl":{"start":{"line":107,"column":48},"end":{"line":107,"column":49}},"loc":{"start":{"line":107,"column":72},"end":{"line":121,"column":1}},"line":107}},"branchMap":{"0":{"loc":{"start":{"line":14,"column":11},"end":{"line":14,"column":45}},"type":"binary-expr","locations":[{"start":{"line":14,"column":11},"end":{"line":14,"column":39}},{"start":{"line":14,"column":43},"end":{"line":14,"column":45}}],"line":14},"1":{"loc":{"start":{"line":116,"column":11},"end":{"line":116,"column":45}},"type":"binary-expr","locations":[{"start":{"line":116,"column":11},"end":{"line":116,"column":39}},{"start":{"line":116,"column":43},"end":{"line":116,"column":45}}],"line":116}},"s":{"0":4,"1":4,"2":3,"3":3,"4":2,"5":1,"6":1,"7":4,"8":2,"9":2,"10":1,"11":1,"12":4,"13":2,"14":2,"15":1,"16":1,"17":4,"18":3,"19":3,"20":1,"21":2,"22":2,"23":4,"24":3,"25":3,"26":2,"27":2,"28":4,"29":2,"30":2,"31":1,"32":1,"33":4,"34":3,"35":3,"36":2,"37":1,"38":1},"f":{"0":3,"1":2,"2":2,"3":3,"4":3,"5":2,"6":3},"b":{"0":[2,1],"1":[2,1]},"_coverageSchema":"1a1c01bbd47fc00a2c39e90264f33305004495a9","hash":"1554868dc6d96a44ce09c685bb39e4f817b547e4"}
,"C:\\TEST_RMS\\RMS\\frontend\\src\\services\\SongService.jsx": {"path":"C:\\TEST_RMS\\RMS\\frontend\\src\\services\\SongService.jsx","statementMap":{"0":{"start":{"line":3,"column":16},"end":{"line":3,"column":50}},"1":{"start":{"line":5,"column":20},"end":{"line":57,"column":1}},"2":{"start":{"line":8,"column":4},"end":{"line":23,"column":5}},"3":{"start":{"line":9,"column":23},"end":{"line":14,"column":8}},"4":{"start":{"line":15,"column":6},"end":{"line":15,"column":27}},"5":{"start":{"line":17,"column":6},"end":{"line":22,"column":7}},"6":{"start":{"line":18,"column":8},"end":{"line":18,"column":69}},"7":{"start":{"line":20,"column":8},"end":{"line":20,"column":52}},"8":{"start":{"line":21,"column":8},"end":{"line":21,"column":68}},"9":{"start":{"line":28,"column":4},"end":{"line":39,"column":5}},"10":{"start":{"line":29,"column":23},"end":{"line":34,"column":8}},"11":{"start":{"line":35,"column":6},"end":{"line":35,"column":33}},"12":{"start":{"line":37,"column":6},"end":{"line":37,"column":53}},"13":{"start":{"line":38,"column":6},"end":{"line":38,"column":65}},"14":{"start":{"line":44,"column":4},"end":{"line":55,"column":5}},"15":{"start":{"line":45,"column":23},"end":{"line":50,"column":8}},"16":{"start":{"line":51,"column":6},"end":{"line":51,"column":27}},"17":{"start":{"line":53,"column":6},"end":{"line":53,"column":53}},"18":{"start":{"line":54,"column":6},"end":{"line":54,"column":68}}},"fnMap":{"0":{"name":"(anonymous_0)","decl":{"start":{"line":7,"column":11},"end":{"line":7,"column":12}},"loc":{"start":{"line":7,"column":30},"end":{"line":24,"column":3}},"line":7},"1":{"name":"(anonymous_1)","decl":{"start":{"line":27,"column":22},"end":{"line":27,"column":23}},"loc":{"start":{"line":27,"column":42},"end":{"line":40,"column":3}},"line":27},"2":{"name":"(anonymous_2)","decl":{"start":{"line":43,"column":14},"end":{"line":43,"column":15}},"loc":{"start":{"line":43,"column":32},"end":{"line":56,"column":3}},"line":43}},"branchMap":{"0":{"loc":{"start":{"line":17,"column":6},"end":{"line":22,"column":7}},"type":"if","locations":[{"start":{"line":17,"column":6},"end":{"line":22,"column":7}},{"start":{"line":19,"column":13},"end":{"line":22,"column":7}}],"line":17}},"s":{"0":5,"1":5,"2":3,"3":3,"4":1,"5":2,"6":1,"7":1,"8":1,"9":3,"10":3,"11":2,"12":1,"13":1,"14":3,"15":3,"16":1,"17":2,"18":2},"f":{"0":3,"1":3,"2":3},"b":{"0":[1,1]},"_coverageSchema":"1a1c01bbd47fc00a2c39e90264f33305004495a9","hash":"32f64058b243aef7a9092afb16bd603abf0895c3"}
,"C:\\TEST_RMS\\RMS\\frontend\\src\\services\\TransactionService.jsx": {"path":"C:\\TEST_RMS\\RMS\\frontend\\src\\services\\TransactionService.jsx","statementMap":{"0":{"start":{"line":3,"column":21},"end":{"line":3,"column":61}},"1":{"start":{"line":5,"column":27},"end":{"line":84,"column":1}},"2":{"start":{"line":7,"column":8},"end":{"line":18,"column":9}},"3":{"start":{"line":8,"column":29},"end":{"line":13,"column":14}},"4":{"start":{"line":14,"column":12},"end":{"line":14,"column":33}},"5":{"start":{"line":16,"column":12},"end":{"line":16,"column":65}},"6":{"start":{"line":17,"column":12},"end":{"line":17,"column":22}},"7":{"start":{"line":22,"column":8},"end":{"line":22,"column":123}},"8":{"start":{"line":22,"column":48},"end":{"line":22,"column":118}},"9":{"start":{"line":26,"column":8},"end":{"line":40,"column":9}},"10":{"start":{"line":27,"column":29},"end":{"line":36,"column":13}},"11":{"start":{"line":37,"column":12},"end":{"line":37,"column":33}},"12":{"start":{"line":39,"column":12},"end":{"line":39,"column":54}},"13":{"start":{"line":44,"column":8},"end":{"line":54,"column":9}},"14":{"start":{"line":45,"column":12},"end":{"line":50,"column":15}},"15":{"start":{"line":51,"column":12},"end":{"line":51,"column":83}},"16":{"start":{"line":53,"column":12},"end":{"line":53,"column":109}},"17":{"start":{"line":58,"column":8},"end":{"line":68,"column":9}},"18":{"start":{"line":59,"column":12},"end":{"line":64,"column":15}},"19":{"start":{"line":65,"column":12},"end":{"line":65,"column":83}},"20":{"start":{"line":67,"column":12},"end":{"line":67,"column":109}},"21":{"start":{"line":72,"column":8},"end":{"line":82,"column":9}},"22":{"start":{"line":73,"column":12},"end":{"line":78,"column":15}},"23":{"start":{"line":79,"column":12},"end":{"line":79,"column":69}},"24":{"start":{"line":81,"column":12},"end":{"line":81,"column":107}}},"fnMap":{"0":{"name":"(anonymous_0)","decl":{"start":{"line":6,"column":23},"end":{"line":6,"column":24}},"loc":{"start":{"line":6,"column":43},"end":{"line":19,"column":5}},"line":6},"1":{"name":"(anonymous_1)","decl":{"start":{"line":21,"column":23},"end":{"line":21,"column":24}},"loc":{"start":{"line":21,"column":52},"end":{"line":23,"column":5}},"line":21},"2":{"name":"(anonymous_2)","decl":{"start":{"line":22,"column":35},"end":{"line":22,"column":36}},"loc":{"start":{"line":22,"column":48},"end":{"line":22,"column":118}},"line":22},"3":{"name":"(anonymous_3)","decl":{"start":{"line":25,"column":29},"end":{"line":25,"column":30}},"loc":{"start":{"line":25,"column":49},"end":{"line":41,"column":5}},"line":25},"4":{"name":"(anonymous_4)","decl":{"start":{"line":43,"column":23},"end":{"line":43,"column":24}},"loc":{"start":{"line":43,"column":50},"end":{"line":55,"column":5}},"line":43},"5":{"name":"(anonymous_5)","decl":{"start":{"line":57,"column":23},"end":{"line":57,"column":24}},"loc":{"start":{"line":57,"column":48},"end":{"line":69,"column":5}},"line":57},"6":{"name":"(anonymous_6)","decl":{"start":{"line":71,"column":20},"end":{"line":71,"column":21}},"loc":{"start":{"line":71,"column":60},"end":{"line":83,"column":5}},"line":71}},"branchMap":{"0":{"loc":{"start":{"line":21,"column":24},"end":{"line":21,"column":41}},"type":"default-arg","locations":[{"start":{"line":21,"column":39},"end":{"line":21,"column":41}}],"line":21},"1":{"loc":{"start":{"line":22,"column":55},"end":{"line":22,"column":117}},"type":"cond-expr","locations":[{"start":{"line":22,"column":75},"end":{"line":22,"column":94}},{"start":{"line":22,"column":97},"end":{"line":22,"column":117}}],"line":22},"2":{"loc":{"start":{"line":22,"column":75},"end":{"line":22,"column":94}},"type":"binary-expr","locations":[{"start":{"line":22,"column":75},"end":{"line":22,"column":89}},{"start":{"line":22,"column":93},"end":{"line":22,"column":94}}],"line":22},"3":{"loc":{"start":{"line":22,"column":97},"end":{"line":22,"column":117}},"type":"binary-expr","locations":[{"start":{"line":22,"column":97},"end":{"line":22,"column":112}},{"start":{"line":22,"column":116},"end":{"line":22,"column":117}}],"line":22},"4":{"loc":{"start":{"line":53,"column":46},"end":{"line":53,"column":106}},"type":"binary-expr","locations":[{"start":{"line":53,"column":46},"end":{"line":53,"column":73}},{"start":{"line":53,"column":77},"end":{"line":53,"column":106}}],"line":53},"5":{"loc":{"start":{"line":67,"column":46},"end":{"line":67,"column":106}},"type":"binary-expr","locations":[{"start":{"line":67,"column":46},"end":{"line":67,"column":73}},{"start":{"line":67,"column":77},"end":{"line":67,"column":106}}],"line":67},"6":{"loc":{"start":{"line":81,"column":46},"end":{"line":81,"column":104}},"type":"binary-expr","locations":[{"start":{"line":81,"column":46},"end":{"line":81,"column":73}},{"start":{"line":81,"column":77},"end":{"line":81,"column":104}}],"line":81}},"s":{"0":6,"1":6,"2":5,"3":5,"4":1,"5":4,"6":4,"7":3,"8":6,"9":5,"10":5,"11":1,"12":4,"13":4,"14":4,"15":1,"16":3,"17":3,"18":3,"19":1,"20":2,"21":4,"22":4,"23":1,"24":3},"f":{"0":5,"1":3,"2":6,"3":5,"4":4,"5":3,"6":4},"b":{"0":[0],"1":[4,2],"2":[4,1],"3":[2,0],"4":[3,1],"5":[2,1],"6":[3,2]},"_coverageSchema":"1a1c01bbd47fc00a2c39e90264f33305004495a9","hash":"b17a05f5d37da0bf35fe228d32c286cd3a884130"}
,"C:\\TEST_RMS\\RMS\\frontend\\src\\services\\userService.jsx": {"path":"C:\\TEST_RMS\\RMS\\frontend\\src\\services\\userService.jsx","statementMap":{"0":{"start":{"line":3,"column":21},"end":{"line":3,"column":54}},"1":{"start":{"line":6,"column":26},"end":{"line":23,"column":1}},"2":{"start":{"line":7,"column":2},"end":{"line":22,"column":3}},"3":{"start":{"line":8,"column":26},"end":{"line":11,"column":5}},"4":{"start":{"line":13,"column":21},"end":{"line":18,"column":4}},"5":{"start":{"line":19,"column":4},"end":{"line":19,"column":25}},"6":{"start":{"line":21,"column":4},"end":{"line":21,"column":78}},"7":{"start":{"line":26,"column":32},"end":{"line":38,"column":1}},"8":{"start":{"line":27,"column":2},"end":{"line":37,"column":3}},"9":{"start":{"line":28,"column":21},"end":{"line":33,"column":4}},"10":{"start":{"line":34,"column":4},"end":{"line":34,"column":30}},"11":{"start":{"line":36,"column":4},"end":{"line":36,"column":52}},"12":{"start":{"line":41,"column":33},"end":{"line":53,"column":1}},"13":{"start":{"line":42,"column":2},"end":{"line":52,"column":3}},"14":{"start":{"line":43,"column":21},"end":{"line":48,"column":4}},"15":{"start":{"line":49,"column":4},"end":{"line":49,"column":25}},"16":{"start":{"line":51,"column":4},"end":{"line":51,"column":48}},"17":{"start":{"line":56,"column":32},"end":{"line":71,"column":1}},"18":{"start":{"line":57,"column":2},"end":{"line":70,"column":3}},"19":{"start":{"line":58,"column":23},"end":{"line":63,"column":6}},"20":{"start":{"line":64,"column":6},"end":{"line":66,"column":7}},"21":{"start":{"line":65,"column":10},"end":{"line":65,"column":37}},"22":{"start":{"line":67,"column":6},"end":{"line":67,"column":47}},"23":{"start":{"line":69,"column":6},"end":{"line":69,"column":63}},"24":{"start":{"line":74,"column":32},"end":{"line":89,"column":1}},"25":{"start":{"line":75,"column":2},"end":{"line":88,"column":3}},"26":{"start":{"line":76,"column":23},"end":{"line":81,"column":6}},"27":{"start":{"line":82,"column":6},"end":{"line":84,"column":7}},"28":{"start":{"line":83,"column":10},"end":{"line":83,"column":36}},"29":{"start":{"line":85,"column":6},"end":{"line":85,"column":54}},"30":{"start":{"line":87,"column":6},"end":{"line":87,"column":69}}},"fnMap":{"0":{"name":"(anonymous_0)","decl":{"start":{"line":6,"column":26},"end":{"line":6,"column":27}},"loc":{"start":{"line":6,"column":46},"end":{"line":23,"column":1}},"line":6},"1":{"name":"(anonymous_1)","decl":{"start":{"line":26,"column":32},"end":{"line":26,"column":33}},"loc":{"start":{"line":26,"column":52},"end":{"line":38,"column":1}},"line":26},"2":{"name":"(anonymous_2)","decl":{"start":{"line":41,"column":33},"end":{"line":41,"column":34}},"loc":{"start":{"line":41,"column":63},"end":{"line":53,"column":1}},"line":41},"3":{"name":"(anonymous_3)","decl":{"start":{"line":56,"column":32},"end":{"line":56,"column":33}},"loc":{"start":{"line":56,"column":48},"end":{"line":71,"column":1}},"line":56},"4":{"name":"(anonymous_4)","decl":{"start":{"line":74,"column":32},"end":{"line":74,"column":33}},"loc":{"start":{"line":74,"column":60},"end":{"line":89,"column":1}},"line":74}},"branchMap":{"0":{"loc":{"start":{"line":21,"column":20},"end":{"line":21,"column":76}},"type":"binary-expr","locations":[{"start":{"line":21,"column":20},"end":{"line":21,"column":49}},{"start":{"line":21,"column":53},"end":{"line":21,"column":76}}],"line":21},"1":{"loc":{"start":{"line":64,"column":6},"end":{"line":66,"column":7}},"type":"if","locations":[{"start":{"line":64,"column":6},"end":{"line":66,"column":7}},{"start":{},"end":{}}],"line":64},"2":{"loc":{"start":{"line":69,"column":22},"end":{"line":69,"column":61}},"type":"binary-expr","locations":[{"start":{"line":69,"column":22},"end":{"line":69,"column":35}},{"start":{"line":69,"column":39},"end":{"line":69,"column":61}}],"line":69},"3":{"loc":{"start":{"line":82,"column":6},"end":{"line":84,"column":7}},"type":"if","locations":[{"start":{"line":82,"column":6},"end":{"line":84,"column":7}},{"start":{},"end":{}}],"line":82},"4":{"loc":{"start":{"line":87,"column":22},"end":{"line":87,"column":67}},"type":"binary-expr","locations":[{"start":{"line":87,"column":22},"end":{"line":87,"column":35}},{"start":{"line":87,"column":39},"end":{"line":87,"column":67}}],"line":87}},"s":{"0":6,"1":6,"2":3,"3":3,"4":3,"5":1,"6":2,"7":6,"8":3,"9":3,"10":1,"11":2,"12":6,"13":2,"14":2,"15":1,"16":1,"17":6,"18":3,"19":3,"20":2,"21":2,"22":0,"23":1,"24":6,"25":5,"26":5,"27":3,"28":2,"29":0,"30":3},"f":{"0":3,"1":3,"2":2,"3":3,"4":5},"b":{"0":[2,1],"1":[2,0],"2":[1,0],"3":[2,0],"4":[3,1]},"_coverageSchema":"1a1c01bbd47fc00a2c39e90264f33305004495a9","hash":"750d8df5702c99a52ddf5140fa4ebfc556fb71d9"}
,"C:\\TEST_RMS\\RMS\\frontend\\src\\utils\\PrivateRoutes.jsx": {"path":"C:\\TEST_RMS\\RMS\\frontend\\src\\utils\\PrivateRoutes.jsx","statementMap":{"0":{"start":{"line":6,"column":22},"end":{"line":12,"column":1}},"1":{"start":{"line":7,"column":27},"end":{"line":7,"column":36}},"2":{"start":{"line":8,"column":4},"end":{"line":10,"column":5}},"3":{"start":{"line":9,"column":8},"end":{"line":9,"column":36}},"4":{"start":{"line":11,"column":4},"end":{"line":11,"column":52}}},"fnMap":{"0":{"name":"(anonymous_0)","decl":{"start":{"line":6,"column":22},"end":{"line":6,"column":23}},"loc":{"start":{"line":6,"column":38},"end":{"line":12,"column":1}},"line":6}},"branchMap":{"0":{"loc":{"start":{"line":8,"column":4},"end":{"line":10,"column":5}},"type":"if","locations":[{"start":{"line":8,"column":4},"end":{"line":10,"column":5}},{"start":{},"end":{}}],"line":8},"1":{"loc":{"start":{"line":11,"column":11},"end":{"line":11,"column":52}},"type":"cond-expr","locations":[{"start":{"line":11,"column":18},"end":{"line":11,"column":26}},{"start":{"line":11,"column":29},"end":{"line":11,"column":52}}],"line":11}},"s":{"0":2,"1":3,"2":3,"3":1,"4":2},"f":{"0":3},"b":{"0":[1,2],"1":[1,1]},"_coverageSchema":"1a1c01bbd47fc00a2c39e90264f33305004495a9","hash":"b2e8c5609f5500b80dab46ec3c0ec7989bcec9c5"}
,"C:\\TEST_RMS\\RMS\\frontend\\src\\utils\\RoleBaseRoutes.jsx": {"path":"C:\\TEST_RMS\\RMS\\frontend\\src\\utils\\RoleBaseRoutes.jsx","statementMap":{"0":{"start":{"line":5,"column":23},"end":{"line":23,"column":1}},"1":{"start":{"line":6,"column":30},"end":{"line":6,"column":39}},"2":{"start":{"line":8,"column":4},"end":{"line":10,"column":5}},"3":{"start":{"line":9,"column":8},"end":{"line":9,"column":37}},"4":{"start":{"line":13,"column":4},"end":{"line":15,"column":5}},"5":{"start":{"line":14,"column":8},"end":{"line":14,"column":40}},"6":{"start":{"line":18,"column":4},"end":{"line":20,"column":5}},"7":{"start":{"line":19,"column":8},"end":{"line":19,"column":40}},"8":{"start":{"line":22,"column":4},"end":{"line":22,"column":20}}},"fnMap":{"0":{"name":"(anonymous_0)","decl":{"start":{"line":5,"column":23},"end":{"line":5,"column":24}},"loc":{"start":{"line":5,"column":55},"end":{"line":23,"column":1}},"line":5}},"branchMap":{"0":{"loc":{"start":{"line":8,"column":4},"end":{"line":10,"column":5}},"type":"if","locations":[{"start":{"line":8,"column":4},"end":{"line":10,"column":5}},{"start":{},"end":{}}],"line":8},"1":{"loc":{"start":{"line":13,"column":4},"end":{"line":15,"column":5}},"type":"if","locations":[{"start":{"line":13,"column":4},"end":{"line":15,"column":5}},{"start":{},"end":{}}],"line":13},"2":{"loc":{"start":{"line":18,"column":4},"end":{"line":20,"column":5}},"type":"if","locations":[{"start":{"line":18,"column":4},"end":{"line":20,"column":5}},{"start":{},"end":{}}],"line":18}},"s":{"0":2,"1":4,"2":4,"3":1,"4":3,"5":1,"6":2,"7":1,"8":1},"f":{"0":4},"b":{"0":[1,3],"1":[1,2],"2":[1,1]},"_coverageSchema":"1a1c01bbd47fc00a2c39e90264f33305004495a9","hash":"d767a27de2cde5094d68be84dab8d8cf351d0595"}
}
