TN:
SF:src\App.jsx
FN:4,App
FNF:1
FNH:1
FNDA:1,App
DA:5,1
LF:1
LH:1
BRF:0
BRH:0
end_of_record
TN:
SF:src\main.jsx
FNF:0
FNH:0
DA:10,1
LF:1
LH:1
BRF:0
BRH:0
end_of_record
TN:
SF:src\components\commonComponents\Navbar.jsx
FN:8,(anonymous_0)
FN:18,(anonymous_1)
FN:24,(anonymous_2)
FN:25,(anonymous_3)
FN:30,(anonymous_4)
FN:31,(anonymous_5)
FN:35,(anonymous_6)
FN:36,(anonymous_7)
FN:46,(anonymous_8)
FNF:9
FNH:9
FNDA:20,(anonymous_0)
FNDA:1,(anonymous_1)
FNDA:5,(anonymous_2)
FNDA:5,(anonymous_3)
FNDA:5,(anonymous_4)
FNDA:5,(anonymous_5)
FNDA:8,(anonymous_6)
FNDA:2,(anonymous_7)
FNDA:8,(anonymous_8)
DA:8,5
DA:9,20
DA:10,20
DA:11,20
DA:12,20
DA:13,20
DA:14,20
DA:16,20
DA:18,20
DA:19,1
DA:20,1
DA:24,20
DA:25,5
DA:26,5
DA:30,20
DA:31,5
DA:32,5
DA:35,20
DA:36,8
DA:37,2
DA:41,2
DA:42,2
DA:45,8
DA:46,8
DA:49,20
LF:25
LH:25
BRDA:37,0,0,2
BRDA:37,0,1,0
BRDA:38,1,0,2
BRDA:38,1,1,2
BRDA:54,2,0,20
BRDA:54,2,1,0
BRDA:57,3,0,20
BRDA:57,3,1,20
BRDA:57,3,2,0
BRDA:57,3,3,20
BRDA:60,4,0,20
BRDA:60,4,1,20
BRDA:78,5,0,20
BRDA:78,5,1,4
BRDA:84,6,0,20
BRDA:84,6,1,4
BRDA:84,6,2,4
BRF:17
BRH:14
end_of_record
TN:
SF:src\components\commonComponents\Notification.jsx
FN:4,(anonymous_0)
FN:16,(anonymous_1)
FN:25,(anonymous_2)
FNF:3
FNH:3
FNDA:8,(anonymous_0)
FNDA:3,(anonymous_1)
FNDA:1,(anonymous_2)
DA:4,6
DA:5,8
DA:7,8
DA:18,3
DA:25,1
LF:5
LH:5
BRDA:10,0,0,1
BRDA:10,0,1,7
BRDA:12,1,0,5
BRDA:12,1,1,2
BRF:4
BRH:4
end_of_record
TN:
SF:src\components\commonComponents\SearchBar.jsx
FN:3,(anonymous_0)
FN:6,(anonymous_1)
FNF:2
FNH:2
FNDA:52,(anonymous_0)
FNDA:16,(anonymous_1)
DA:3,8
DA:4,52
DA:6,52
DA:7,16
DA:8,16
DA:9,16
DA:12,52
LF:7
LH:7
BRF:0
BRH:0
end_of_record
TN:
SF:src\components\commonComponents\SummaryCard.jsx
FN:3,(anonymous_0)
FNF:1
FNH:1
FNDA:44,(anonymous_0)
DA:3,6
DA:4,44
LF:2
LH:2
BRF:0
BRH:0
end_of_record
TN:
SF:src\components\commonComponents\UserTransactions.jsx
FN:5,(anonymous_0)
FN:11,(anonymous_1)
FN:12,(anonymous_2)
FN:31,(anonymous_3)
FN:92,(anonymous_4)
FN:127,(anonymous_5)
FNF:6
FNH:6
FNDA:10,(anonymous_0)
FNDA:6,(anonymous_1)
FNDA:6,(anonymous_2)
FNDA:1,(anonymous_3)
FNDA:2,(anonymous_4)
FNDA:2,(anonymous_5)
DA:5,4
DA:6,10
DA:7,10
DA:8,9
DA:9,9
DA:11,9
DA:12,6
DA:13,6
DA:14,6
DA:15,6
DA:16,5
DA:18,5
DA:19,5
DA:21,1
DA:23,6
DA:27,6
DA:31,9
DA:32,1
DA:33,1
DA:34,1
DA:35,1
DA:37,0
DA:38,0
DA:39,0
DA:40,0
DA:41,0
DA:42,0
DA:43,0
DA:44,0
DA:45,0
DA:47,0
DA:51,9
DA:93,2
DA:128,2
LF:34
LH:24
BRDA:27,0,0,6
BRDA:27,0,1,0
BRDA:32,1,0,1
BRDA:32,1,1,0
BRDA:74,2,0,6
BRDA:74,2,1,3
BRDA:76,3,0,1
BRDA:76,3,1,2
BRDA:96,4,0,1
BRDA:96,4,1,1
BRDA:101,5,0,2
BRDA:101,5,1,0
BRDA:113,6,0,1
BRDA:113,6,1,1
BRDA:114,7,0,1
BRDA:114,7,1,0
BRDA:135,8,0,2
BRDA:135,8,1,0
BRF:18
BRH:13
end_of_record
TN:
SF:src\components\dashboard\AdminSidebar.jsx
FN:11,(anonymous_0)
FN:13,(anonymous_1)
FN:35,(anonymous_2)
FN:47,(anonymous_3)
FN:59,(anonymous_4)
FN:71,(anonymous_5)
FN:83,(anonymous_6)
FNF:7
FNH:7
FNDA:6,(anonymous_0)
FNDA:4,(anonymous_1)
FNDA:10,(anonymous_2)
FNDA:10,(anonymous_3)
FNDA:10,(anonymous_4)
FNDA:10,(anonymous_5)
FNDA:10,(anonymous_6)
DA:11,3
DA:13,6
DA:14,4
DA:15,2
DA:19,6
DA:36,10
DA:48,10
DA:60,10
DA:72,10
DA:84,10
LF:10
LH:10
BRDA:14,0,0,2
BRDA:14,0,1,2
BRDA:22,1,0,6
BRDA:22,1,1,0
BRDA:37,2,0,8
BRDA:37,2,1,2
BRDA:49,3,0,0
BRDA:49,3,1,10
BRDA:61,4,0,0
BRDA:61,4,1,10
BRDA:73,5,0,0
BRDA:73,5,1,10
BRDA:85,6,0,0
BRDA:85,6,1,10
BRF:14
BRH:9
end_of_record
TN:
SF:src\components\dashboard\ArtistSidebar.jsx
FN:5,(anonymous_0)
FN:6,(anonymous_1)
FN:26,(anonymous_2)
FN:35,(anonymous_3)
FN:44,(anonymous_4)
FN:53,(anonymous_5)
FN:62,(anonymous_6)
FN:71,(anonymous_7)
FN:80,(anonymous_8)
FN:89,(anonymous_9)
FNF:10
FNH:10
FNDA:4,(anonymous_0)
FNDA:9,(anonymous_1)
FNDA:13,(anonymous_2)
FNDA:13,(anonymous_3)
FNDA:13,(anonymous_4)
FNDA:13,(anonymous_5)
FNDA:13,(anonymous_6)
FNDA:13,(anonymous_7)
FNDA:13,(anonymous_8)
FNDA:13,(anonymous_9)
DA:5,3
DA:6,4
DA:7,9
DA:8,9
DA:12,4
DA:26,13
DA:35,13
DA:44,13
DA:53,13
DA:62,13
DA:71,13
DA:80,13
DA:89,13
LF:13
LH:13
BRDA:7,0,0,9
BRDA:7,0,1,0
BRDA:13,1,0,4
BRDA:13,1,1,0
BRDA:26,2,0,2
BRDA:26,2,1,11
BRDA:35,3,0,1
BRDA:35,3,1,12
BRDA:44,4,0,1
BRDA:44,4,1,12
BRDA:53,5,0,1
BRDA:53,5,1,12
BRDA:62,6,0,1
BRDA:62,6,1,12
BRDA:71,7,0,1
BRDA:71,7,1,12
BRDA:80,8,0,1
BRDA:80,8,1,12
BRDA:89,9,0,1
BRDA:89,9,1,12
BRF:20
BRH:18
end_of_record
TN:
SF:src\components\dashboard\ManagerSidebar.jsx
FN:12,(anonymous_0)
FN:14,(anonymous_1)
FN:36,(anonymous_2)
FN:48,(anonymous_3)
FN:60,(anonymous_4)
FN:72,(anonymous_5)
FN:84,(anonymous_6)
FN:96,(anonymous_7)
FNF:8
FNH:8
FNDA:7,(anonymous_0)
FNDA:14,(anonymous_1)
FNDA:21,(anonymous_2)
FNDA:21,(anonymous_3)
FNDA:21,(anonymous_4)
FNDA:21,(anonymous_5)
FNDA:21,(anonymous_6)
FNDA:21,(anonymous_7)
DA:12,3
DA:14,7
DA:15,14
DA:16,7
DA:20,7
DA:37,21
DA:49,21
DA:61,21
DA:73,21
DA:85,21
DA:97,21
LF:11
LH:11
BRDA:15,0,0,7
BRDA:15,0,1,7
BRDA:23,1,0,6
BRDA:23,1,1,1
BRDA:38,2,0,6
BRDA:38,2,1,15
BRDA:50,3,0,2
BRDA:50,3,1,19
BRDA:62,4,0,2
BRDA:62,4,1,19
BRDA:74,5,0,2
BRDA:74,5,1,19
BRDA:86,6,0,2
BRDA:86,6,1,19
BRDA:98,7,0,3
BRDA:98,7,1,18
BRF:16
BRH:16
end_of_record
TN:
SF:src\components\dashboard\adminPages\AdminPayments.jsx
FN:8,(anonymous_0)
FN:18,(anonymous_1)
FN:23,(anonymous_2)
FN:28,(anonymous_3)
FN:39,(anonymous_4)
FN:53,(anonymous_5)
FN:75,(anonymous_6)
FN:82,(anonymous_7)
FNF:8
FNH:3
FNDA:11,(anonymous_0)
FNDA:0,(anonymous_1)
FNDA:0,(anonymous_2)
FNDA:0,(anonymous_3)
FNDA:0,(anonymous_4)
FNDA:20,(anonymous_5)
FNDA:4,(anonymous_6)
FNDA:0,(anonymous_7)
DA:8,2
DA:9,11
DA:10,11
DA:12,11
DA:13,10
DA:14,10
DA:18,10
DA:19,0
DA:20,0
DA:23,10
DA:24,0
DA:25,0
DA:28,10
DA:29,0
DA:30,0
DA:31,0
DA:34,0
DA:36,0
DA:39,10
DA:40,0
DA:41,0
DA:42,0
DA:46,10
DA:54,20
DA:76,4
DA:82,0
LF:26
LH:13
BRDA:10,0,0,0
BRDA:20,1,0,0
BRDA:20,1,1,0
BRDA:29,2,0,0
BRDA:29,2,1,0
BRDA:40,3,0,0
BRDA:40,3,1,0
BRDA:51,4,0,10
BRDA:51,4,1,6
BRDA:58,5,0,10
BRDA:58,5,1,0
BRDA:59,6,0,0
BRDA:59,6,1,0
BRDA:64,7,0,10
BRDA:64,7,1,4
BRDA:64,7,2,4
BRDA:77,8,0,4
BRDA:77,8,1,0
BRDA:78,9,0,4
BRDA:78,9,1,0
BRDA:79,10,0,4
BRDA:79,10,1,0
BRDA:79,11,0,4
BRDA:79,11,1,0
BRDA:92,12,0,10
BRDA:92,12,1,0
BRF:26
BRH:11
end_of_record
TN:
SF:src\components\dashboard\adminPages\AdminSummary.jsx
FN:10,(anonymous_0)
FNF:1
FNH:1
FNDA:9,(anonymous_0)
DA:10,2
DA:11,9
DA:13,9
LF:3
LH:3
BRDA:11,0,0,1
BRDA:11,1,0,1
BRDA:11,2,0,1
BRF:3
BRH:3
end_of_record
TN:
SF:src\components\dashboard\adminPages\ArtistTable.jsx
FN:5,(anonymous_0)
FN:14,(anonymous_1)
FN:22,(anonymous_2)
FN:41,(anonymous_3)
FNF:4
FNH:4
FNDA:11,(anonymous_0)
FNDA:25,(anonymous_1)
FNDA:22,(anonymous_2)
FNDA:17,(anonymous_3)
DA:5,2
DA:6,11
DA:8,11
DA:9,1
DA:10,1
DA:14,10
DA:15,25
DA:16,24
DA:18,1
DA:22,10
DA:23,22
DA:26,10
DA:42,17
LF:13
LH:13
BRDA:5,0,0,0
BRDA:8,1,0,1
BRDA:8,1,1,10
BRDA:15,2,0,24
BRDA:15,2,1,1
BRDA:15,3,0,25
BRDA:15,3,1,0
BRDA:15,4,0,25
BRDA:15,4,1,0
BRDA:16,5,0,24
BRDA:16,5,1,0
BRDA:16,6,0,24
BRDA:16,6,1,0
BRDA:18,7,0,1
BRDA:18,7,1,0
BRDA:18,8,0,1
BRDA:18,8,1,0
BRDA:23,9,0,22
BRDA:23,9,1,6
BRDA:23,9,2,1
BRDA:40,10,0,8
BRDA:40,10,1,2
BRDA:43,11,0,17
BRDA:43,11,1,1
BRDA:44,12,0,17
BRDA:44,12,1,1
BRDA:46,13,0,17
BRDA:46,13,1,1
BRF:28
BRH:21
end_of_record
TN:
SF:src\components\dashboard\adminPages\CreateTransactionForm.jsx
FN:4,(anonymous_0)
FN:7,(anonymous_1)
FN:45,(anonymous_2)
FN:47,(anonymous_3)
FNF:4
FNH:4
FNDA:7,(anonymous_0)
FNDA:3,(anonymous_1)
FNDA:2,(anonymous_2)
FNDA:1,(anonymous_3)
DA:4,3
DA:5,7
DA:7,7
DA:8,3
DA:9,3
DA:11,3
DA:12,1
DA:13,1
DA:16,2
DA:17,1
DA:18,1
DA:19,1
DA:22,1
DA:29,1
DA:31,1
DA:33,1
DA:34,1
DA:35,1
DA:36,1
DA:40,7
DA:45,2
DA:47,1
LF:22
LH:22
BRDA:11,0,0,1
BRDA:11,0,1,2
BRDA:11,1,0,3
BRDA:11,1,1,2
BRDA:11,1,2,2
BRDA:16,2,0,1
BRDA:16,2,1,1
BRDA:31,3,0,1
BRDA:31,3,1,0
BRDA:33,4,0,1
BRDA:33,4,1,0
BRF:11
BRH:9
end_of_record
TN:
SF:src\components\dashboard\adminPages\CreateUserForm.jsx
FN:4,(anonymous_0)
FN:18,(anonymous_1)
FN:25,(anonymous_2)
FN:56,(anonymous_3)
FNF:4
FNH:4
FNDA:45,(anonymous_0)
FNDA:35,(anonymous_1)
FNDA:5,(anonymous_2)
FNDA:270,(anonymous_3)
DA:4,2
DA:5,45
DA:15,45
DA:16,45
DA:18,45
DA:19,35
DA:25,45
DA:26,5
DA:27,5
DA:28,5
DA:29,2
DA:30,2
DA:33,2
DA:43,3
DA:44,3
DA:48,45
DA:57,270
LF:17
LH:17
BRDA:29,0,0,2
BRDA:29,0,1,1
BRDA:43,1,0,3
BRDA:43,1,1,1
BRDA:62,2,0,45
BRDA:62,2,1,225
BRDA:96,3,0,45
BRDA:96,3,1,5
BRDA:97,4,0,2
BRDA:97,4,1,3
BRF:10
BRH:10
end_of_record
TN:
SF:src\components\dashboard\adminPages\DeleteUserForm.jsx
FN:6,(anonymous_0)
FN:11,(anonymous_1)
FN:12,(anonymous_2)
FN:24,(anonymous_3)
FN:28,(anonymous_4)
FN:32,(anonymous_5)
FN:35,(anonymous_6)
FN:36,(anonymous_7)
FN:52,(anonymous_8)
FN:52,(anonymous_9)
FN:70,(anonymous_10)
FNF:11
FNH:9
FNDA:5,(anonymous_0)
FNDA:2,(anonymous_1)
FNDA:2,(anonymous_2)
FNDA:0,(anonymous_3)
FNDA:0,(anonymous_4)
FNDA:1,(anonymous_5)
FNDA:2,(anonymous_6)
FNDA:2,(anonymous_7)
FNDA:4,(anonymous_8)
FNDA:4,(anonymous_9)
FNDA:1,(anonymous_10)
DA:6,2
DA:7,5
DA:8,4
DA:9,4
DA:11,4
DA:12,2
DA:13,2
DA:14,2
DA:15,2
DA:16,2
DA:18,0
DA:21,2
DA:24,4
DA:25,0
DA:26,0
DA:28,0
DA:32,4
DA:33,1
DA:34,1
DA:35,2
DA:36,2
DA:38,0
DA:42,4
DA:52,4
DA:53,4
DA:70,1
LF:26
LH:21
BRDA:25,0,0,0
BRDA:25,0,1,0
BRDA:35,1,0,1
BRDA:35,1,1,1
BRDA:36,2,0,1
BRDA:36,2,1,1
BRDA:61,3,0,2
BRDA:61,3,1,2
BRDA:64,4,0,2
BRDA:64,4,1,2
BRDA:72,5,0,2
BRDA:72,5,1,2
BRDA:75,6,0,2
BRDA:75,6,1,2
BRF:14
BRH:12
end_of_record
TN:
SF:src\components\dashboard\adminPages\ManagerTable.jsx
FN:4,(anonymous_0)
FN:7,(anonymous_1)
FN:25,(anonymous_2)
FNF:3
FNH:3
FNDA:6,(anonymous_0)
FNDA:15,(anonymous_1)
FNDA:10,(anonymous_2)
DA:4,2
DA:5,6
DA:7,6
DA:8,15
DA:11,6
DA:26,10
LF:6
LH:6
BRF:0
BRH:0
end_of_record
TN:
SF:src\components\dashboard\adminPages\TopArtistChart.jsx
FN:4,(anonymous_0)
FN:10,(anonymous_1)
FNF:2
FNH:1
FNDA:3,(anonymous_0)
FNDA:0,(anonymous_1)
DA:4,2
DA:5,3
DA:6,1
DA:10,2
DA:11,0
DA:12,0
DA:15,2
LF:7
LH:5
BRDA:4,0,0,0
BRDA:5,1,0,1
BRDA:5,1,1,2
BRDA:12,2,0,0
BRDA:12,2,1,0
BRF:5
BRH:2
end_of_record
TN:
SF:src\components\dashboard\adminPages\TopManagerCharts.jsx
FN:8,(anonymous_0)
FN:13,(anonymous_1)
FN:20,(anonymous_2)
FN:34,(anonymous_3)
FNF:4
FNH:4
FNDA:3,(anonymous_0)
FNDA:2,(anonymous_1)
FNDA:2,(anonymous_2)
FNDA:2,(anonymous_3)
DA:6,2
DA:8,2
DA:9,3
DA:11,1
DA:13,2
DA:15,1
DA:20,2
DA:29,1
DA:34,2
DA:45,1
DA:57,1
DA:69,1
LF:12
LH:12
BRDA:9,0,0,2
BRDA:9,0,1,1
BRDA:9,1,0,3
BRDA:9,1,1,3
BRF:4
BRH:4
end_of_record
TN:
SF:src\components\dashboard\adminPages\TransactionList.jsx
FN:5,(anonymous_0)
FN:10,(anonymous_1)
FN:11,(anonymous_2)
FN:14,(anonymous_3)
FN:30,(anonymous_4)
FN:31,(anonymous_5)
FN:36,(anonymous_6)
FN:61,(anonymous_7)
FN:70,(anonymous_8)
FN:75,(anonymous_9)
FN:88,(anonymous_10)
FN:114,(anonymous_11)
FN:119,(anonymous_12)
FNF:13
FNH:11
FNDA:27,(anonymous_0)
FNDA:3,(anonymous_1)
FNDA:6,(anonymous_2)
FNDA:2,(anonymous_3)
FNDA:1,(anonymous_4)
FNDA:1,(anonymous_5)
FNDA:1,(anonymous_6)
FNDA:3,(anonymous_7)
FNDA:2,(anonymous_8)
FNDA:1,(anonymous_9)
FNDA:3,(anonymous_10)
FNDA:0,(anonymous_11)
FNDA:0,(anonymous_12)
DA:5,3
DA:6,27
DA:7,27
DA:10,7
DA:11,6
DA:14,7
DA:15,2
DA:16,2
DA:18,1
DA:19,1
DA:21,1
DA:22,1
DA:23,1
DA:25,1
DA:26,1
DA:30,1
DA:31,1
DA:36,7
DA:37,1
DA:38,1
DA:40,1
DA:43,7
DA:62,3
DA:70,2
DA:75,1
DA:89,3
DA:114,0
DA:119,0
LF:28
LH:26
BRDA:16,0,0,1
BRDA:16,0,1,1
BRDA:19,1,0,1
BRDA:19,1,1,0
BRDA:21,2,0,1
BRDA:21,2,1,0
BRDA:38,3,0,1
BRDA:38,3,1,0
BRDA:40,4,0,1
BRDA:40,4,1,0
BRDA:44,5,0,7
BRDA:44,5,1,3
BRDA:64,6,0,3
BRDA:64,6,1,0
BRDA:70,7,0,2
BRDA:70,7,1,0
BRDA:96,8,0,3
BRDA:96,8,1,0
BRDA:105,9,0,0
BRDA:105,9,1,3
BRDA:106,10,0,3
BRDA:106,10,1,0
BRDA:114,11,0,0
BRDA:114,11,1,0
BRF:24
BRH:13
end_of_record
TN:
SF:src\components\dashboard\adminPages\ViewAdminForm.jsx
FN:5,(anonymous_0)
FNF:1
FNH:1
FNDA:1,(anonymous_0)
DA:5,2
DA:6,1
DA:8,1
LF:3
LH:3
BRF:0
BRH:0
end_of_record
TN:
SF:src\components\dashboard\artistPages\AddSongForm.jsx
FN:6,(anonymous_0)
FN:14,(anonymous_1)
FN:22,(anonymous_2)
FN:56,(anonymous_3)
FNF:4
FNH:3
FNDA:16,(anonymous_0)
FNDA:6,(anonymous_1)
FNDA:3,(anonymous_2)
FNDA:0,(anonymous_3)
DA:6,3
DA:7,16
DA:8,16
DA:9,16
DA:10,16
DA:11,16
DA:14,16
DA:15,6
DA:22,16
DA:23,3
DA:24,3
DA:25,3
DA:27,3
DA:28,1
DA:29,1
DA:32,2
DA:39,2
DA:40,2
DA:41,1
DA:42,1
DA:43,1
DA:46,1
DA:47,1
DA:53,0
DA:56,1
DA:58,0
DA:61,1
DA:65,16
LF:28
LH:26
BRDA:27,0,0,1
BRDA:27,0,1,2
BRDA:41,1,0,1
BRDA:41,1,1,0
BRDA:46,2,0,1
BRDA:46,2,1,0
BRDA:72,3,0,16
BRDA:72,3,1,1
BRDA:77,4,0,16
BRDA:77,4,1,2
BRDA:90,5,0,16
BRDA:90,5,1,2
BRDA:102,6,0,16
BRDA:102,6,1,2
BRF:14
BRH:12
end_of_record
TN:
SF:src\components\dashboard\artistPages\ArtistSummary.jsx
FN:7,(anonymous_0)
FN:25,(anonymous_1)
FN:28,(anonymous_2)
FN:40,(anonymous_3)
FN:45,(anonymous_4)
FN:46,(anonymous_5)
FN:47,(anonymous_6)
FN:98,(anonymous_7)
FNF:8
FNH:8
FNDA:4,(anonymous_0)
FNDA:2,(anonymous_1)
FNDA:2,(anonymous_2)
FNDA:2,(anonymous_3)
FNDA:2,(anonymous_4)
FNDA:2,(anonymous_5)
FNDA:2,(anonymous_6)
FNDA:2,(anonymous_7)
DA:7,3
DA:8,4
DA:9,4
DA:25,3
DA:26,2
DA:28,2
DA:29,2
DA:30,2
DA:31,2
DA:33,0
DA:37,2
DA:38,2
DA:40,2
DA:44,3
DA:45,3
DA:46,3
DA:47,3
DA:50,3
DA:52,3
DA:99,2
LF:20
LH:19
BRDA:26,0,0,0
BRDA:26,0,1,2
BRDA:47,1,0,2
BRDA:47,1,1,0
BRDA:47,2,0,2
BRDA:47,2,1,1
BRDA:59,3,0,1
BRDA:59,3,1,2
BRF:8
BRH:6
end_of_record
TN:
SF:src\components\dashboard\artistPages\DeleteSong.jsx
FN:7,(anonymous_0)
FN:15,(anonymous_1)
FN:18,(anonymous_2)
FN:32,(anonymous_3)
FN:37,(anonymous_4)
FN:44,(anonymous_5)
FN:48,(anonymous_6)
FN:48,(anonymous_7)
FN:49,(anonymous_8)
FN:50,(anonymous_9)
FN:54,(anonymous_10)
FN:91,(anonymous_11)
FN:105,(anonymous_12)
FNF:13
FNH:12
FNDA:14,(anonymous_0)
FNDA:5,(anonymous_1)
FNDA:5,(anonymous_2)
FNDA:1,(anonymous_3)
FNDA:2,(anonymous_4)
FNDA:3,(anonymous_5)
FNDA:3,(anonymous_6)
FNDA:5,(anonymous_7)
FNDA:3,(anonymous_8)
FNDA:5,(anonymous_9)
FNDA:0,(anonymous_10)
FNDA:11,(anonymous_11)
FNDA:3,(anonymous_12)
DA:7,3
DA:8,14
DA:9,13
DA:10,13
DA:11,13
DA:12,13
DA:15,13
DA:16,5
DA:18,5
DA:19,5
DA:20,5
DA:21,5
DA:22,5
DA:24,0
DA:28,5
DA:32,13
DA:33,1
DA:34,0
DA:36,1
DA:38,2
DA:44,13
DA:45,3
DA:46,3
DA:48,5
DA:49,3
DA:50,5
DA:53,3
DA:54,3
DA:56,3
DA:57,0
DA:63,3
DA:67,0
DA:68,0
DA:72,13
DA:92,11
DA:105,3
LF:36
LH:31
BRDA:16,0,0,0
BRDA:16,0,1,5
BRDA:33,1,0,0
BRDA:33,1,1,1
BRDA:56,2,0,0
BRDA:56,2,1,3
BRDA:82,3,0,13
BRDA:82,3,1,3
BRDA:90,4,0,7
BRDA:90,4,1,6
BRF:10
BRH:7
end_of_record
TN:
SF:src\components\dashboard\artistPages\RequestManagerList.jsx
FN:7,(anonymous_0)
FN:16,(anonymous_1)
FN:23,(anonymous_2)
FN:32,(anonymous_3)
FN:44,(anonymous_4)
FN:63,(anonymous_5)
FN:83,(anonymous_6)
FNF:7
FNH:7
FNDA:10,(anonymous_0)
FNDA:6,(anonymous_1)
FNDA:3,(anonymous_2)
FNDA:2,(anonymous_3)
FNDA:1,(anonymous_4)
FNDA:18,(anonymous_5)
FNDA:3,(anonymous_6)
DA:7,3
DA:8,10
DA:9,10
DA:10,10
DA:11,10
DA:12,10
DA:13,10
DA:14,10
DA:16,10
DA:17,6
DA:18,1
DA:19,1
DA:23,10
DA:24,3
DA:25,0
DA:26,0
DA:29,3
DA:30,3
DA:31,2
DA:32,2
DA:37,2
DA:44,1
DA:51,10
DA:64,18
DA:83,3
LF:25
LH:23
BRDA:17,0,0,1
BRDA:17,0,1,5
BRDA:24,1,0,0
BRDA:24,1,1,3
BRDA:31,2,0,2
BRDA:31,2,1,0
BRDA:56,3,0,10
BRDA:56,3,1,1
BRDA:58,4,0,0
BRDA:58,4,1,10
BRDA:62,5,0,9
BRDA:62,5,1,1
BRDA:86,6,0,2
BRDA:86,6,1,16
BRDA:92,7,0,2
BRDA:92,7,1,16
BRDA:97,8,0,18
BRDA:97,8,1,3
BRDA:99,9,0,2
BRDA:99,9,1,1
BRF:20
BRH:17
end_of_record
TN:
SF:src\components\dashboard\artistPages\SongListPage.jsx
FN:6,(anonymous_0)
FN:11,(anonymous_1)
FN:14,(anonymous_2)
FN:27,(anonymous_3)
FN:31,(anonymous_4)
FN:48,(anonymous_5)
FNF:6
FNH:6
FNDA:9,(anonymous_0)
FNDA:5,(anonymous_1)
FNDA:4,(anonymous_2)
FNDA:1,(anonymous_3)
FNDA:2,(anonymous_4)
FNDA:5,(anonymous_5)
DA:6,3
DA:7,9
DA:8,8
DA:9,8
DA:11,8
DA:12,5
DA:14,4
DA:15,4
DA:16,4
DA:17,3
DA:18,3
DA:20,1
DA:24,4
DA:27,8
DA:28,1
DA:29,0
DA:31,2
DA:35,8
DA:49,5
LF:19
LH:18
BRDA:12,0,0,1
BRDA:12,0,1,4
BRDA:12,1,0,5
BRDA:12,1,1,4
BRDA:12,1,2,4
BRDA:28,2,0,0
BRDA:28,2,1,1
BRDA:37,3,0,1
BRDA:37,3,1,7
BRDA:47,4,0,3
BRDA:47,4,1,4
BRF:11
BRH:10
end_of_record
TN:
SF:src\components\dashboard\artistPages\ViewMyManager.jsx
FN:6,(anonymous_0)
FN:16,(anonymous_1)
FN:17,(anonymous_2)
FN:33,(anonymous_3)
FN:34,(anonymous_4)
FN:40,(anonymous_5)
FN:52,(anonymous_6)
FN:56,(anonymous_7)
FN:60,(anonymous_8)
FNF:9
FNH:9
FNDA:15,(anonymous_0)
FNDA:5,(anonymous_1)
FNDA:5,(anonymous_2)
FNDA:5,(anonymous_3)
FNDA:1,(anonymous_4)
FNDA:5,(anonymous_5)
FNDA:3,(anonymous_6)
FNDA:1,(anonymous_7)
FNDA:1,(anonymous_8)
DA:6,3
DA:7,15
DA:8,15
DA:9,15
DA:10,15
DA:11,15
DA:12,15
DA:13,15
DA:14,15
DA:16,15
DA:17,5
DA:18,5
DA:19,5
DA:20,5
DA:21,5
DA:22,3
DA:23,3
DA:26,2
DA:30,5
DA:33,15
DA:34,5
DA:35,1
DA:36,1
DA:39,5
DA:40,5
DA:41,5
DA:45,15
DA:46,1
DA:50,14
DA:52,14
DA:53,3
DA:56,14
DA:57,1
DA:60,14
DA:61,1
DA:62,1
DA:63,1
DA:64,1
DA:65,1
DA:71,1
DA:72,1
DA:73,1
DA:75,0
DA:77,1
DA:80,14
LF:45
LH:44
BRDA:18,0,0,0
BRDA:18,0,1,5
BRDA:21,1,0,3
BRDA:21,1,1,0
BRDA:35,2,0,1
BRDA:35,2,1,0
BRDA:35,3,0,1
BRDA:35,3,1,1
BRDA:45,4,0,1
BRDA:45,4,1,14
BRDA:49,5,0,0
BRDA:61,6,0,0
BRDA:61,6,1,1
BRDA:61,7,0,1
BRDA:61,7,1,1
BRDA:89,8,0,14
BRDA:89,8,1,7
BRDA:111,9,0,1
BRDA:111,9,1,13
BRDA:115,10,0,9
BRDA:115,10,1,4
BRDA:116,11,0,9
BRDA:116,11,1,4
BRDA:126,12,0,14
BRDA:126,12,1,5
BRDA:139,13,0,1
BRDA:139,13,1,4
BRF:27
BRH:22
end_of_record
TN:
SF:src\components\dashboard\artistPages\updateArtistProfileForm.jsx
FN:7,(anonymous_0)
FN:20,(anonymous_1)
FN:22,(anonymous_2)
FN:44,(anonymous_3)
FN:49,(anonymous_4)
FNF:5
FNH:4
FNDA:10,(anonymous_0)
FNDA:3,(anonymous_1)
FNDA:2,(anonymous_2)
FNDA:0,(anonymous_3)
FNDA:2,(anonymous_4)
DA:7,3
DA:8,10
DA:9,10
DA:15,9
DA:16,9
DA:17,9
DA:20,9
DA:21,3
DA:22,2
DA:23,2
DA:24,2
DA:25,2
DA:31,0
DA:33,2
DA:34,2
DA:35,2
DA:39,2
DA:44,9
DA:45,0
DA:49,9
DA:50,2
DA:51,2
DA:52,2
DA:53,2
DA:54,2
DA:56,2
DA:57,1
DA:63,1
DA:66,0
DA:67,0
DA:71,9
LF:31
LH:27
BRDA:21,0,0,2
BRDA:21,0,1,1
BRDA:21,1,0,3
BRDA:21,1,1,2
BRDA:26,2,0,2
BRDA:26,2,1,0
BRDA:27,3,0,0
BRDA:27,3,1,0
BRDA:28,4,0,0
BRDA:28,4,1,0
BRDA:29,5,0,0
BRDA:29,5,1,0
BRDA:56,6,0,1
BRDA:56,6,1,1
BRDA:83,7,0,3
BRDA:83,7,1,6
BRDA:157,8,0,6
BRDA:157,8,1,4
BRF:18
BRH:11
end_of_record
TN:
SF:src\components\dashboard\managerPages\CollaborationCancellation.jsx
FN:6,(anonymous_0)
FN:13,(anonymous_1)
FN:14,(anonymous_2)
FN:20,(anonymous_3)
FN:40,(anonymous_4)
FN:68,(anonymous_5)
FN:74,(anonymous_6)
FNF:7
FNH:7
FNDA:10,(anonymous_0)
FNDA:5,(anonymous_1)
FNDA:5,(anonymous_2)
FNDA:3,(anonymous_3)
FNDA:2,(anonymous_4)
FNDA:1,(anonymous_5)
FNDA:1,(anonymous_6)
DA:6,3
DA:7,10
DA:8,10
DA:9,10
DA:10,9
DA:11,9
DA:13,9
DA:14,5
DA:15,5
DA:16,5
DA:17,5
DA:19,5
DA:20,3
DA:22,5
DA:24,3
DA:25,3
DA:27,2
DA:28,2
DA:31,0
DA:33,5
DA:37,5
DA:40,9
DA:41,2
DA:42,2
DA:43,2
DA:44,2
DA:49,2
DA:50,2
DA:52,0
DA:56,9
DA:57,4
DA:59,3
DA:68,1
DA:74,1
LF:34
LH:32
BRDA:15,0,0,0
BRDA:15,0,1,5
BRDA:22,1,0,3
BRDA:22,1,1,2
BRDA:41,2,0,0
BRDA:41,2,1,2
BRDA:56,3,0,5
BRDA:56,3,1,4
BRDA:57,4,0,1
BRDA:57,4,1,3
BRF:10
BRH:8
end_of_record
TN:
SF:src\components\dashboard\managerPages\CollaborationRequests.jsx
FN:10,(anonymous_0)
FN:15,(anonymous_1)
FN:16,(anonymous_2)
FN:21,(anonymous_3)
FN:34,(anonymous_4)
FN:37,(anonymous_5)
FN:37,(anonymous_6)
FN:45,(anonymous_7)
FN:48,(anonymous_8)
FN:48,(anonymous_9)
FN:63,(anonymous_10)
FN:70,(anonymous_11)
FN:76,(anonymous_12)
FNF:13
FNH:13
FNDA:13,(anonymous_0)
FNDA:6,(anonymous_1)
FNDA:6,(anonymous_2)
FNDA:3,(anonymous_3)
FNDA:2,(anonymous_4)
FNDA:2,(anonymous_5)
FNDA:2,(anonymous_6)
FNDA:1,(anonymous_7)
FNDA:1,(anonymous_8)
FNDA:1,(anonymous_9)
FNDA:3,(anonymous_10)
FNDA:2,(anonymous_11)
FNDA:1,(anonymous_12)
DA:10,3
DA:11,13
DA:12,13
DA:13,12
DA:15,12
DA:16,6
DA:17,6
DA:18,5
DA:19,5
DA:20,4
DA:21,3
DA:23,4
DA:26,1
DA:30,6
DA:34,12
DA:35,2
DA:36,2
DA:37,2
DA:38,2
DA:40,0
DA:45,12
DA:46,1
DA:47,1
DA:48,1
DA:49,1
DA:51,0
DA:55,12
DA:64,3
DA:70,2
DA:76,1
LF:30
LH:28
BRDA:17,0,0,1
BRDA:17,0,1,5
BRDA:62,1,0,3
BRDA:62,1,1,9
BRDA:65,2,0,3
BRDA:65,2,1,0
BRDA:66,3,0,3
BRDA:66,3,1,0
BRDA:67,4,0,3
BRDA:67,4,1,1
BRF:10
BRH:8
end_of_record
TN:
SF:src\components\dashboard\managerPages\ManagerArtists.jsx
FN:6,(anonymous_0)
FN:11,(anonymous_1)
FN:12,(anonymous_2)
FN:35,(anonymous_3)
FN:40,(anonymous_4)
FN:58,(anonymous_5)
FNF:6
FNH:6
FNDA:15,(anonymous_0)
FNDA:4,(anonymous_1)
FNDA:4,(anonymous_2)
FNDA:8,(anonymous_3)
FNDA:16,(anonymous_4)
FNDA:18,(anonymous_5)
DA:6,3
DA:7,15
DA:8,14
DA:9,14
DA:11,14
DA:12,4
DA:13,4
DA:15,3
DA:16,3
DA:17,2
DA:18,2
DA:19,2
DA:21,0
DA:22,0
DA:25,1
DA:26,1
DA:27,1
DA:31,4
DA:35,14
DA:36,8
DA:37,0
DA:39,8
DA:41,16
DA:47,14
DA:59,18
LF:25
LH:22
BRDA:13,0,0,1
BRDA:13,0,1,3
BRDA:17,1,0,2
BRDA:17,1,1,0
BRDA:36,2,0,0
BRDA:36,2,1,8
BRDA:57,3,0,10
BRDA:57,3,1,4
BRF:8
BRH:6
end_of_record
TN:
SF:src\components\dashboard\managerPages\ManagerSummary.jsx
FN:8,(anonymous_0)
FN:32,(anonymous_1)
FN:35,(anonymous_2)
FN:49,(anonymous_3)
FN:71,(anonymous_4)
FN:74,(anonymous_5)
FN:89,(anonymous_6)
FN:94,(anonymous_7)
FN:95,(anonymous_8)
FN:128,(anonymous_9)
FN:132,(anonymous_10)
FN:182,(anonymous_11)
FNF:12
FNH:11
FNDA:11,(anonymous_0)
FNDA:5,(anonymous_1)
FNDA:4,(anonymous_2)
FNDA:4,(anonymous_3)
FNDA:6,(anonymous_4)
FNDA:1,(anonymous_5)
FNDA:1,(anonymous_6)
FNDA:10,(anonymous_7)
FNDA:10,(anonymous_8)
FNDA:1,(anonymous_9)
FNDA:10,(anonymous_10)
FNDA:0,(anonymous_11)
DA:8,3
DA:9,11
DA:10,11
DA:11,10
DA:12,10
DA:13,10
DA:32,10
DA:33,5
DA:35,4
DA:36,4
DA:37,4
DA:38,3
DA:39,3
DA:42,1
DA:46,4
DA:47,4
DA:49,4
DA:71,10
DA:72,6
DA:74,1
DA:75,1
DA:76,1
DA:77,1
DA:78,0
DA:80,1
DA:82,1
DA:86,1
DA:87,1
DA:89,1
DA:94,10
DA:95,10
DA:97,10
DA:99,10
DA:128,1
DA:133,10
DA:183,0
LF:36
LH:34
BRDA:33,0,0,1
BRDA:33,0,1,4
BRDA:38,1,0,3
BRDA:38,1,1,0
BRDA:72,2,0,5
BRDA:72,2,1,1
BRDA:95,3,0,10
BRDA:95,3,1,0
BRDA:95,4,0,10
BRDA:95,4,1,5
BRDA:107,5,0,5
BRDA:107,5,1,5
BRDA:141,6,0,10
BRDA:141,6,1,3
BRDA:145,7,0,1
BRDA:145,7,1,2
BRDA:147,8,0,2
BRDA:147,8,1,0
BRF:18
BRH:15
end_of_record
TN:
SF:src\components\dashboard\managerPages\UpdateManagerProfileForm.jsx
FN:7,(anonymous_0)
FN:21,(anonymous_1)
FN:23,(anonymous_2)
FN:46,(anonymous_3)
FN:51,(anonymous_4)
FN:61,(anonymous_5)
FNF:6
FNH:6
FNDA:14,(anonymous_0)
FNDA:5,(anonymous_1)
FNDA:5,(anonymous_2)
FNDA:1,(anonymous_3)
FNDA:2,(anonymous_4)
FNDA:2,(anonymous_5)
DA:7,3
DA:8,14
DA:9,14
DA:16,14
DA:17,14
DA:18,14
DA:21,14
DA:22,5
DA:23,5
DA:24,5
DA:25,5
DA:26,4
DA:33,4
DA:35,1
DA:36,1
DA:37,1
DA:41,5
DA:46,14
DA:47,1
DA:51,14
DA:52,2
DA:53,2
DA:54,2
DA:55,2
DA:56,2
DA:59,2
DA:61,2
DA:63,2
DA:67,0
DA:68,0
DA:72,14
LF:31
LH:29
BRDA:22,0,0,5
BRDA:22,0,1,0
BRDA:22,1,0,5
BRDA:22,1,1,5
BRDA:27,2,0,4
BRDA:27,2,1,0
BRDA:28,3,0,4
BRDA:28,3,1,0
BRDA:29,4,0,4
BRDA:29,4,1,0
BRDA:30,5,0,4
BRDA:30,5,1,0
BRDA:31,6,0,4
BRDA:31,6,1,0
BRDA:59,7,0,2
BRDA:59,7,1,0
BRDA:84,8,0,5
BRDA:84,8,1,9
BRDA:173,9,0,9
BRDA:173,9,1,2
BRF:20
BRH:13
end_of_record
TN:
SF:src\context\ArtistsManagersContext.jsx
FN:6,(anonymous_0)
FN:12,(anonymous_1)
FN:13,(anonymous_2)
FN:39,(anonymous_3)
FN:48,(anonymous_4)
FN:55,(anonymous_5)
FN:70,(anonymous_6)
FN:75,(anonymous_7)
FN:76,(anonymous_8)
FN:84,(anonymous_9)
FN:94,(anonymous_10)
FNF:11
FNH:10
FNDA:5,(anonymous_0)
FNDA:4,(anonymous_1)
FNDA:4,(anonymous_2)
FNDA:2,(anonymous_3)
FNDA:2,(anonymous_4)
FNDA:1,(anonymous_5)
FNDA:4,(anonymous_6)
FNDA:4,(anonymous_7)
FNDA:0,(anonymous_8)
FNDA:4,(anonymous_9)
FNDA:5,(anonymous_10)
DA:4,3
DA:6,3
DA:7,5
DA:8,5
DA:9,5
DA:10,5
DA:12,5
DA:13,4
DA:14,4
DA:15,4
DA:18,3
DA:19,3
DA:24,3
DA:32,2
DA:33,1
DA:35,1
DA:36,1
DA:39,1
DA:40,2
DA:45,2
DA:48,1
DA:49,2
DA:50,2
DA:51,2
DA:55,1
DA:56,1
DA:57,0
DA:60,1
DA:62,2
DA:66,4
DA:68,4
DA:70,4
DA:75,5
DA:76,4
DA:77,0
DA:78,0
DA:80,0
DA:84,4
DA:87,5
DA:94,5
LF:40
LH:36
BRDA:15,0,0,1
BRDA:15,0,1,3
BRDA:32,1,0,2
BRDA:32,1,1,0
BRDA:33,2,0,1
BRDA:33,2,1,0
BRDA:49,3,0,2
BRDA:49,3,1,0
BRDA:49,4,0,2
BRDA:49,4,1,2
BRDA:50,5,0,2
BRDA:50,5,1,0
BRDA:51,6,0,2
BRDA:51,6,1,0
BRDA:56,7,0,1
BRDA:56,7,1,0
BRDA:78,8,0,0
BRDA:78,8,1,0
BRF:18
BRH:10
end_of_record
TN:
SF:src\context\NotificationContext.jsx
FN:7,(anonymous_0)
FN:18,(anonymous_1)
FN:23,(anonymous_2)
FN:27,(anonymous_3)
FN:36,(anonymous_4)
FN:45,(anonymous_5)
FN:55,(anonymous_6)
FN:55,(anonymous_7)
FN:61,(anonymous_8)
FN:81,(anonymous_9)
FN:90,(anonymous_10)
FNF:11
FNH:9
FNDA:19,(anonymous_0)
FNDA:13,(anonymous_1)
FNDA:7,(anonymous_2)
FNDA:7,(anonymous_3)
FNDA:2,(anonymous_4)
FNDA:2,(anonymous_5)
FNDA:0,(anonymous_6)
FNDA:0,(anonymous_7)
FNDA:2,(anonymous_8)
FNDA:1,(anonymous_9)
FNDA:47,(anonymous_10)
DA:5,10
DA:7,10
DA:8,19
DA:9,19
DA:10,19
DA:11,19
DA:18,19
DA:19,13
DA:20,7
DA:22,7
DA:23,7
DA:27,19
DA:28,7
DA:29,7
DA:35,6
DA:36,2
DA:39,6
DA:41,7
DA:45,19
DA:46,2
DA:47,2
DA:55,1
DA:57,1
DA:61,19
DA:62,2
DA:67,2
DA:68,2
DA:76,1
DA:81,19
DA:83,19
DA:90,47
LF:31
LH:31
BRDA:19,0,0,7
BRDA:19,0,1,6
BRDA:35,1,0,1
BRDA:35,1,1,0
BRF:4
BRH:3
end_of_record
TN:
SF:src\context\RoyaltyContext.jsx
FN:6,(anonymous_0)
FN:10,(anonymous_1)
FN:35,(anonymous_2)
FNF:3
FNH:3
FNDA:6,(anonymous_0)
FNDA:2,(anonymous_1)
FNDA:7,(anonymous_2)
DA:4,2
DA:6,2
DA:7,6
DA:8,6
DA:10,6
DA:11,2
DA:12,2
DA:14,2
DA:21,1
DA:23,1
DA:28,6
DA:35,2
DA:36,7
DA:37,7
DA:38,1
DA:40,6
LF:16
LH:16
BRDA:21,0,0,1
BRDA:21,0,1,0
BRDA:37,1,0,1
BRDA:37,1,1,6
BRF:4
BRH:3
end_of_record
TN:
SF:src\context\authContext.jsx
FN:6,(anonymous_0)
FN:11,(anonymous_1)
FN:42,(anonymous_2)
FN:58,(anonymous_3)
FN:69,(anonymous_4)
FN:76,(anonymous_5)
FN:87,(anonymous_6)
FNF:7
FNH:7
FNDA:10,(anonymous_0)
FNDA:6,(anonymous_1)
FNDA:2,(anonymous_2)
FNDA:1,(anonymous_3)
FNDA:1,(anonymous_4)
FNDA:5,(anonymous_5)
FNDA:64,(anonymous_6)
DA:4,10
DA:6,10
DA:7,10
DA:8,10
DA:9,10
DA:11,10
DA:12,6
DA:13,6
DA:14,4
DA:15,4
DA:22,3
DA:23,2
DA:24,2
DA:26,2
DA:27,2
DA:31,2
DA:32,2
DA:34,4
DA:37,2
DA:38,2
DA:42,10
DA:43,2
DA:44,2
DA:50,2
DA:51,2
DA:54,0
DA:58,10
DA:59,1
DA:60,1
DA:61,1
DA:62,1
DA:64,0
DA:65,0
DA:69,10
DA:70,1
DA:71,1
DA:72,1
DA:76,10
DA:77,5
DA:80,10
DA:87,64
LF:41
LH:38
BRDA:13,0,0,4
BRDA:13,0,1,2
BRDA:22,1,0,2
BRDA:22,1,1,0
BRDA:26,2,0,2
BRDA:26,2,1,0
BRDA:50,3,0,2
BRDA:50,3,1,0
BRF:8
BRH:5
end_of_record
TN:
SF:src\pages\AdminDashboard.jsx
FN:7,(anonymous_0)
FN:11,(anonymous_1)
FNF:2
FNH:2
FNDA:26,(anonymous_0)
FNDA:2,(anonymous_1)
DA:7,3
DA:8,26
DA:9,5
DA:11,5
DA:12,2
DA:15,5
LF:6
LH:6
BRDA:18,0,0,1
BRDA:18,0,1,4
BRF:2
BRH:2
end_of_record
TN:
SF:src\pages\ArtistDashboard.jsx
FN:7,(anonymous_0)
FN:11,(anonymous_1)
FNF:2
FNH:2
FNDA:36,(anonymous_0)
FNDA:1,(anonymous_1)
DA:7,3
DA:8,36
DA:9,3
DA:11,3
DA:12,1
DA:15,3
LF:6
LH:6
BRDA:18,0,0,1
BRDA:18,0,1,2
BRF:2
BRH:2
end_of_record
TN:
SF:src\pages\ForgotPassword.jsx
FN:5,(anonymous_0)
FN:12,(anonymous_1)
FN:48,(anonymous_2)
FN:61,(anonymous_3)
FNF:4
FNH:4
FNDA:6,(anonymous_0)
FNDA:1,(anonymous_1)
FNDA:1,(anonymous_2)
FNDA:1,(anonymous_3)
DA:5,2
DA:6,6
DA:7,6
DA:8,6
DA:9,6
DA:10,6
DA:12,6
DA:13,1
DA:14,1
DA:15,1
DA:16,1
DA:18,1
DA:19,1
DA:20,1
DA:21,1
DA:23,0
DA:26,0
DA:28,1
DA:32,6
DA:48,1
DA:61,1
LF:21
LH:19
BRDA:20,0,0,1
BRDA:20,0,1,0
BRDA:35,1,0,6
BRDA:35,1,1,1
BRDA:36,2,0,6
BRDA:36,2,1,0
BRDA:54,3,0,1
BRDA:54,3,1,5
BRDA:57,4,0,1
BRDA:57,4,1,5
BRF:10
BRH:8
end_of_record
TN:
SF:src\pages\HomePage.jsx
FN:4,(anonymous_0)
FN:59,(anonymous_1)
FN:76,(anonymous_2)
FNF:3
FNH:3
FNDA:6,(anonymous_0)
FNDA:18,(anonymous_1)
FNDA:18,(anonymous_2)
DA:4,2
DA:5,6
DA:60,18
DA:77,18
LF:4
LH:4
BRF:0
BRH:0
end_of_record
TN:
SF:src\pages\Login.jsx
FN:6,(anonymous_0)
FN:13,(anonymous_1)
FN:24,(anonymous_2)
FN:64,(anonymous_3)
FN:76,(anonymous_4)
FNF:5
FNH:5
FNDA:21,(anonymous_0)
FNDA:5,(anonymous_1)
FNDA:5,(anonymous_2)
FNDA:4,(anonymous_3)
FNDA:4,(anonymous_4)
DA:6,2
DA:7,21
DA:8,21
DA:9,21
DA:10,21
DA:11,21
DA:13,21
DA:14,5
DA:15,5
DA:16,4
DA:17,5
DA:18,4
DA:20,5
DA:21,5
DA:24,21
DA:25,5
DA:26,5
DA:28,3
DA:29,3
DA:30,3
DA:31,2
DA:34,2
DA:37,2
DA:38,0
DA:39,0
DA:40,1
DA:41,1
DA:44,0
DA:48,21
DA:64,4
DA:76,4
LF:31
LH:28
BRDA:15,0,0,1
BRDA:15,0,1,4
BRDA:16,1,0,1
BRDA:16,1,1,3
BRDA:17,2,0,1
BRDA:17,2,1,4
BRDA:18,3,0,1
BRDA:18,3,1,3
BRDA:26,4,0,2
BRDA:26,4,1,3
BRDA:30,5,0,2
BRDA:30,5,1,1
BRDA:37,6,0,2
BRDA:37,6,1,0
BRDA:38,7,0,0
BRDA:38,7,1,0
BRDA:39,8,0,0
BRDA:39,8,1,0
BRDA:40,9,0,1
BRDA:40,9,1,0
BRDA:55,10,0,21
BRDA:55,10,1,2
BRF:22
BRH:16
end_of_record
TN:
SF:src\pages\ManagerDashboard.jsx
FN:7,(anonymous_0)
FN:11,(anonymous_1)
FNF:2
FNH:2
FNDA:49,(anonymous_0)
FNDA:9,(anonymous_1)
DA:7,3
DA:8,49
DA:9,16
DA:11,16
DA:12,9
DA:15,16
LF:6
LH:6
BRDA:18,0,0,5
BRDA:18,0,1,11
BRF:2
BRH:2
end_of_record
TN:
SF:src\pages\ResetPassword.jsx
FN:5,(anonymous_0)
FN:14,(anonymous_1)
FN:29,(anonymous_2)
FN:52,(anonymous_3)
FN:64,(anonymous_4)
FNF:5
FNH:5
FNDA:10,(anonymous_0)
FNDA:2,(anonymous_1)
FNDA:1,(anonymous_2)
FNDA:2,(anonymous_3)
FNDA:2,(anonymous_4)
DA:5,2
DA:6,10
DA:7,10
DA:8,10
DA:9,10
DA:10,10
DA:11,10
DA:12,10
DA:14,10
DA:15,2
DA:16,2
DA:17,2
DA:18,2
DA:20,2
DA:21,1
DA:22,1
DA:23,1
DA:26,1
DA:27,1
DA:28,1
DA:29,1
DA:31,0
DA:33,1
DA:37,10
DA:52,2
DA:64,2
LF:26
LH:25
BRDA:20,0,0,1
BRDA:20,0,1,1
BRDA:41,1,0,10
BRDA:41,1,1,1
BRDA:42,2,0,10
BRDA:42,2,1,1
BRDA:69,3,0,1
BRDA:69,3,1,9
BRF:8
BRH:8
end_of_record
TN:
SF:src\routes\AdminRoutes.jsx
FN:9,(anonymous_0)
FNF:1
FNH:1
FNDA:11,(anonymous_0)
DA:9,2
DA:10,11
LF:2
LH:2
BRF:0
BRH:0
end_of_record
TN:
SF:src\routes\AppRoutes.jsx
FN:14,(anonymous_0)
FNF:1
FNH:1
FNDA:7,(anonymous_0)
DA:14,2
DA:15,7
LF:2
LH:2
BRF:0
BRH:0
end_of_record
TN:
SF:src\routes\ArtistRoutes.jsx
FN:12,(anonymous_0)
FNF:1
FNH:1
FNDA:17,(anonymous_0)
DA:12,2
DA:13,17
LF:2
LH:2
BRF:0
BRH:0
end_of_record
TN:
SF:src\routes\ManagerRoutes.jsx
FN:10,(anonymous_0)
FNF:1
FNH:1
FNDA:17,(anonymous_0)
DA:10,2
DA:11,17
LF:2
LH:2
BRF:0
BRH:0
end_of_record
TN:
SF:src\services\AuthServices.jsx
FN:5,(anonymous_0)
FN:15,(anonymous_1)
FN:24,(anonymous_2)
FNF:3
FNH:3
FNDA:2,(anonymous_0)
FNDA:2,(anonymous_1)
FNDA:2,(anonymous_2)
DA:3,2
DA:5,2
DA:6,2
DA:7,2
DA:8,0
DA:10,2
DA:15,2
DA:16,2
DA:17,2
DA:18,0
DA:20,2
DA:24,2
DA:25,2
DA:26,2
DA:27,0
DA:29,2
LF:16
LH:13
BRDA:10,0,0,2
BRDA:10,0,1,1
BRDA:20,1,0,2
BRDA:20,1,1,1
BRDA:29,2,0,2
BRDA:29,2,1,1
BRF:6
BRH:6
end_of_record
TN:
SF:src\services\CollaborationService.jsx
FN:6,(anonymous_0)
FN:22,(anonymous_1)
FN:37,(anonymous_2)
FN:52,(anonymous_3)
FN:73,(anonymous_4)
FN:89,(anonymous_5)
FN:107,(anonymous_6)
FNF:7
FNH:7
FNDA:3,(anonymous_0)
FNDA:2,(anonymous_1)
FNDA:2,(anonymous_2)
FNDA:3,(anonymous_3)
FNDA:3,(anonymous_4)
FNDA:2,(anonymous_5)
FNDA:3,(anonymous_6)
DA:3,4
DA:6,4
DA:7,3
DA:8,3
DA:14,2
DA:16,1
DA:17,1
DA:22,4
DA:23,2
DA:24,2
DA:31,1
DA:32,1
DA:37,4
DA:38,2
DA:39,2
DA:46,1
DA:47,1
DA:52,4
DA:53,3
DA:54,3
DA:64,1
DA:66,2
DA:67,2
DA:73,4
DA:74,3
DA:76,3
DA:83,2
DA:84,2
DA:89,4
DA:92,2
DA:93,2
DA:101,1
DA:102,1
DA:107,4
DA:108,3
DA:109,3
DA:116,2
DA:118,1
DA:119,1
LF:39
LH:39
BRDA:14,0,0,2
BRDA:14,0,1,1
BRDA:116,1,0,2
BRDA:116,1,1,1
BRF:4
BRH:4
end_of_record
TN:
SF:src\services\SongService.jsx
FN:7,(anonymous_0)
FN:27,(anonymous_1)
FN:43,(anonymous_2)
FNF:3
FNH:3
FNDA:3,(anonymous_0)
FNDA:3,(anonymous_1)
FNDA:3,(anonymous_2)
DA:3,5
DA:5,5
DA:8,3
DA:9,3
DA:15,1
DA:17,2
DA:18,1
DA:20,1
DA:21,1
DA:28,3
DA:29,3
DA:35,2
DA:37,1
DA:38,1
DA:44,3
DA:45,3
DA:51,1
DA:53,2
DA:54,2
LF:19
LH:19
BRDA:17,0,0,1
BRDA:17,0,1,1
BRF:2
BRH:2
end_of_record
TN:
SF:src\services\TransactionService.jsx
FN:6,(anonymous_0)
FN:21,(anonymous_1)
FN:22,(anonymous_2)
FN:25,(anonymous_3)
FN:43,(anonymous_4)
FN:57,(anonymous_5)
FN:71,(anonymous_6)
FNF:7
FNH:7
FNDA:5,(anonymous_0)
FNDA:3,(anonymous_1)
FNDA:6,(anonymous_2)
FNDA:5,(anonymous_3)
FNDA:4,(anonymous_4)
FNDA:3,(anonymous_5)
FNDA:4,(anonymous_6)
DA:3,6
DA:5,6
DA:7,5
DA:8,5
DA:14,1
DA:16,4
DA:17,4
DA:22,6
DA:26,5
DA:27,5
DA:37,1
DA:39,4
DA:44,4
DA:45,4
DA:51,1
DA:53,3
DA:58,3
DA:59,3
DA:65,1
DA:67,2
DA:72,4
DA:73,4
DA:79,1
DA:81,3
LF:24
LH:24
BRDA:21,0,0,0
BRDA:22,1,0,4
BRDA:22,1,1,2
BRDA:22,2,0,4
BRDA:22,2,1,1
BRDA:22,3,0,2
BRDA:22,3,1,0
BRDA:53,4,0,3
BRDA:53,4,1,1
BRDA:67,5,0,2
BRDA:67,5,1,1
BRDA:81,6,0,3
BRDA:81,6,1,2
BRF:13
BRH:11
end_of_record
TN:
SF:src\services\userService.jsx
FN:6,(anonymous_0)
FN:26,(anonymous_1)
FN:41,(anonymous_2)
FN:56,(anonymous_3)
FN:74,(anonymous_4)
FNF:5
FNH:5
FNDA:3,(anonymous_0)
FNDA:3,(anonymous_1)
FNDA:2,(anonymous_2)
FNDA:3,(anonymous_3)
FNDA:5,(anonymous_4)
DA:3,6
DA:6,6
DA:7,3
DA:8,3
DA:13,3
DA:19,1
DA:21,2
DA:26,6
DA:27,3
DA:28,3
DA:34,1
DA:36,2
DA:41,6
DA:42,2
DA:43,2
DA:49,1
DA:51,1
DA:56,6
DA:57,3
DA:58,3
DA:64,2
DA:65,2
DA:67,0
DA:69,1
DA:74,6
DA:75,5
DA:76,5
DA:82,3
DA:83,2
DA:85,0
DA:87,3
LF:31
LH:29
BRDA:21,0,0,2
BRDA:21,0,1,1
BRDA:64,1,0,2
BRDA:64,1,1,0
BRDA:69,2,0,1
BRDA:69,2,1,0
BRDA:82,3,0,2
BRDA:82,3,1,0
BRDA:87,4,0,3
BRDA:87,4,1,1
BRF:10
BRH:7
end_of_record
TN:
SF:src\utils\PrivateRoutes.jsx
FN:6,(anonymous_0)
FNF:1
FNH:1
FNDA:3,(anonymous_0)
DA:6,2
DA:7,3
DA:8,3
DA:9,1
DA:11,2
LF:5
LH:5
BRDA:8,0,0,1
BRDA:8,0,1,2
BRDA:11,1,0,1
BRDA:11,1,1,1
BRF:4
BRH:4
end_of_record
TN:
SF:src\utils\RoleBaseRoutes.jsx
FN:5,(anonymous_0)
FNF:1
FNH:1
FNDA:4,(anonymous_0)
DA:5,2
DA:6,4
DA:8,4
DA:9,1
DA:13,3
DA:14,1
DA:18,2
DA:19,1
DA:22,1
LF:9
LH:9
BRDA:8,0,0,1
BRDA:8,0,1,3
BRDA:13,1,0,1
BRDA:13,1,1,2
BRDA:18,2,0,1
BRDA:18,2,1,1
BRF:6
BRH:6
end_of_record
