<?xml version="1.0" encoding="UTF-8"?>
<coverage generated="1740485572009" clover="3.2.0">
  <project timestamp="1740485572009" name="All files">
    <metrics statements="1009" coveredstatements="932" conditionals="513" coveredconditionals="393" methods="284" coveredmethods="267" elements="1806" coveredelements="1592" complexity="0" loc="1009" ncloc="1009" packages="11" files="55" classes="55"/>
    <package name="src">
      <metrics statements="2" coveredstatements="2" conditionals="0" coveredconditionals="0" methods="1" coveredmethods="1"/>
      <file name="App.jsx" path="C:\Users\Sudipta.Barua\Downloads\final project all things done without nodemodule\final project all things done without nodemodule\frontend\src\App.jsx">
        <metrics statements="1" coveredstatements="1" conditionals="0" coveredconditionals="0" methods="1" coveredmethods="1"/>
        <line num="5" count="1" type="stmt"/>
      </file>
      <file name="main.jsx" path="C:\Users\Sudipta.Barua\Downloads\final project all things done without nodemodule\final project all things done without nodemodule\frontend\src\main.jsx">
        <metrics statements="1" coveredstatements="1" conditionals="0" coveredconditionals="0" methods="0" coveredmethods="0"/>
        <line num="10" count="1" type="stmt"/>
      </file>
    </package>
    <package name="src.components.commonComponents">
      <metrics statements="73" coveredstatements="63" conditionals="39" coveredconditionals="31" methods="21" coveredmethods="21"/>
      <file name="Navbar.jsx" path="C:\Users\Sudipta.Barua\Downloads\final project all things done without nodemodule\final project all things done without nodemodule\frontend\src\components\commonComponents\Navbar.jsx">
        <metrics statements="25" coveredstatements="25" conditionals="17" coveredconditionals="14" methods="9" coveredmethods="9"/>
        <line num="8" count="5" type="stmt"/>
        <line num="9" count="20" type="stmt"/>
        <line num="10" count="20" type="stmt"/>
        <line num="11" count="20" type="stmt"/>
        <line num="12" count="20" type="stmt"/>
        <line num="13" count="20" type="stmt"/>
        <line num="14" count="20" type="stmt"/>
        <line num="16" count="20" type="stmt"/>
        <line num="18" count="20" type="stmt"/>
        <line num="19" count="1" type="stmt"/>
        <line num="20" count="1" type="stmt"/>
        <line num="24" count="20" type="stmt"/>
        <line num="25" count="5" type="stmt"/>
        <line num="26" count="5" type="stmt"/>
        <line num="30" count="20" type="stmt"/>
        <line num="31" count="5" type="stmt"/>
        <line num="32" count="5" type="stmt"/>
        <line num="35" count="20" type="stmt"/>
        <line num="36" count="8" type="stmt"/>
        <line num="37" count="2" type="cond" truecount="1" falsecount="1"/>
        <line num="41" count="2" type="stmt"/>
        <line num="42" count="2" type="stmt"/>
        <line num="45" count="8" type="stmt"/>
        <line num="46" count="8" type="stmt"/>
        <line num="49" count="20" type="stmt"/>
      </file>
      <file name="Notification.jsx" path="C:\Users\Sudipta.Barua\Downloads\final project all things done without nodemodule\final project all things done without nodemodule\frontend\src\components\commonComponents\Notification.jsx">
        <metrics statements="5" coveredstatements="5" conditionals="4" coveredconditionals="4" methods="3" coveredmethods="3"/>
        <line num="4" count="6" type="stmt"/>
        <line num="5" count="8" type="stmt"/>
        <line num="7" count="8" type="stmt"/>
        <line num="18" count="3" type="stmt"/>
        <line num="25" count="1" type="stmt"/>
      </file>
      <file name="SearchBar.jsx" path="C:\Users\Sudipta.Barua\Downloads\final project all things done without nodemodule\final project all things done without nodemodule\frontend\src\components\commonComponents\SearchBar.jsx">
        <metrics statements="7" coveredstatements="7" conditionals="0" coveredconditionals="0" methods="2" coveredmethods="2"/>
        <line num="3" count="8" type="stmt"/>
        <line num="4" count="52" type="stmt"/>
        <line num="6" count="52" type="stmt"/>
        <line num="7" count="16" type="stmt"/>
        <line num="8" count="16" type="stmt"/>
        <line num="9" count="16" type="stmt"/>
        <line num="12" count="52" type="stmt"/>
      </file>
      <file name="SummaryCard.jsx" path="C:\Users\Sudipta.Barua\Downloads\final project all things done without nodemodule\final project all things done without nodemodule\frontend\src\components\commonComponents\SummaryCard.jsx">
        <metrics statements="2" coveredstatements="2" conditionals="0" coveredconditionals="0" methods="1" coveredmethods="1"/>
        <line num="3" count="6" type="stmt"/>
        <line num="4" count="44" type="stmt"/>
      </file>
      <file name="UserTransactions.jsx" path="C:\Users\Sudipta.Barua\Downloads\final project all things done without nodemodule\final project all things done without nodemodule\frontend\src\components\commonComponents\UserTransactions.jsx">
        <metrics statements="34" coveredstatements="24" conditionals="18" coveredconditionals="13" methods="6" coveredmethods="6"/>
        <line num="5" count="4" type="stmt"/>
        <line num="6" count="10" type="stmt"/>
        <line num="7" count="10" type="stmt"/>
        <line num="8" count="9" type="stmt"/>
        <line num="9" count="9" type="stmt"/>
        <line num="11" count="9" type="stmt"/>
        <line num="12" count="6" type="stmt"/>
        <line num="13" count="6" type="stmt"/>
        <line num="14" count="6" type="stmt"/>
        <line num="15" count="6" type="stmt"/>
        <line num="16" count="5" type="stmt"/>
        <line num="18" count="5" type="stmt"/>
        <line num="19" count="5" type="stmt"/>
        <line num="21" count="1" type="stmt"/>
        <line num="23" count="6" type="stmt"/>
        <line num="27" count="6" type="cond" truecount="1" falsecount="1"/>
        <line num="31" count="9" type="stmt"/>
        <line num="32" count="1" type="cond" truecount="1" falsecount="1"/>
        <line num="33" count="1" type="stmt"/>
        <line num="34" count="1" type="stmt"/>
        <line num="35" count="1" type="stmt"/>
        <line num="37" count="0" type="stmt"/>
        <line num="38" count="0" type="stmt"/>
        <line num="39" count="0" type="stmt"/>
        <line num="40" count="0" type="stmt"/>
        <line num="41" count="0" type="stmt"/>
        <line num="42" count="0" type="stmt"/>
        <line num="43" count="0" type="stmt"/>
        <line num="44" count="0" type="stmt"/>
        <line num="45" count="0" type="stmt"/>
        <line num="47" count="0" type="stmt"/>
        <line num="51" count="9" type="stmt"/>
        <line num="93" count="2" type="stmt"/>
        <line num="128" count="2" type="stmt"/>
      </file>
    </package>
    <package name="src.components.dashboard">
      <metrics statements="34" coveredstatements="34" conditionals="50" coveredconditionals="43" methods="25" coveredmethods="25"/>
      <file name="AdminSidebar.jsx" path="C:\Users\Sudipta.Barua\Downloads\final project all things done without nodemodule\final project all things done without nodemodule\frontend\src\components\dashboard\AdminSidebar.jsx">
        <metrics statements="10" coveredstatements="10" conditionals="14" coveredconditionals="9" methods="7" coveredmethods="7"/>
        <line num="11" count="3" type="stmt"/>
        <line num="13" count="6" type="stmt"/>
        <line num="14" count="4" type="cond" truecount="2" falsecount="0"/>
        <line num="15" count="2" type="stmt"/>
        <line num="19" count="6" type="stmt"/>
        <line num="36" count="10" type="stmt"/>
        <line num="48" count="10" type="stmt"/>
        <line num="60" count="10" type="stmt"/>
        <line num="72" count="10" type="stmt"/>
        <line num="84" count="10" type="stmt"/>
      </file>
      <file name="ArtistSidebar.jsx" path="C:\Users\Sudipta.Barua\Downloads\final project all things done without nodemodule\final project all things done without nodemodule\frontend\src\components\dashboard\ArtistSidebar.jsx">
        <metrics statements="13" coveredstatements="13" conditionals="20" coveredconditionals="18" methods="10" coveredmethods="10"/>
        <line num="5" count="3" type="stmt"/>
        <line num="6" count="4" type="stmt"/>
        <line num="7" count="9" type="cond" truecount="1" falsecount="1"/>
        <line num="8" count="9" type="stmt"/>
        <line num="12" count="4" type="stmt"/>
        <line num="26" count="13" type="cond" truecount="2" falsecount="0"/>
        <line num="35" count="13" type="cond" truecount="2" falsecount="0"/>
        <line num="44" count="13" type="cond" truecount="2" falsecount="0"/>
        <line num="53" count="13" type="cond" truecount="2" falsecount="0"/>
        <line num="62" count="13" type="cond" truecount="2" falsecount="0"/>
        <line num="71" count="13" type="cond" truecount="2" falsecount="0"/>
        <line num="80" count="13" type="cond" truecount="2" falsecount="0"/>
        <line num="89" count="13" type="cond" truecount="2" falsecount="0"/>
      </file>
      <file name="ManagerSidebar.jsx" path="C:\Users\Sudipta.Barua\Downloads\final project all things done without nodemodule\final project all things done without nodemodule\frontend\src\components\dashboard\ManagerSidebar.jsx">
        <metrics statements="11" coveredstatements="11" conditionals="16" coveredconditionals="16" methods="8" coveredmethods="8"/>
        <line num="12" count="3" type="stmt"/>
        <line num="14" count="7" type="stmt"/>
        <line num="15" count="14" type="cond" truecount="2" falsecount="0"/>
        <line num="16" count="7" type="stmt"/>
        <line num="20" count="7" type="stmt"/>
        <line num="37" count="21" type="stmt"/>
        <line num="49" count="21" type="stmt"/>
        <line num="61" count="21" type="stmt"/>
        <line num="73" count="21" type="stmt"/>
        <line num="85" count="21" type="stmt"/>
        <line num="97" count="21" type="stmt"/>
      </file>
    </package>
    <package name="src.components.dashboard.adminPages">
      <metrics statements="161" coveredstatements="139" conditionals="125" coveredconditionals="85" methods="55" coveredmethods="45"/>
      <file name="AdminPayments.jsx" path="C:\Users\Sudipta.Barua\Downloads\final project all things done without nodemodule\final project all things done without nodemodule\frontend\src\components\dashboard\adminPages\AdminPayments.jsx">
        <metrics statements="26" coveredstatements="13" conditionals="26" coveredconditionals="11" methods="8" coveredmethods="3"/>
        <line num="8" count="2" type="stmt"/>
        <line num="9" count="11" type="stmt"/>
        <line num="10" count="11" type="cond" truecount="0" falsecount="1"/>
        <line num="12" count="11" type="stmt"/>
        <line num="13" count="10" type="stmt"/>
        <line num="14" count="10" type="stmt"/>
        <line num="18" count="10" type="stmt"/>
        <line num="19" count="0" type="stmt"/>
        <line num="20" count="0" type="cond" truecount="0" falsecount="2"/>
        <line num="23" count="10" type="stmt"/>
        <line num="24" count="0" type="stmt"/>
        <line num="25" count="0" type="stmt"/>
        <line num="28" count="10" type="stmt"/>
        <line num="29" count="0" type="cond" truecount="0" falsecount="2"/>
        <line num="30" count="0" type="stmt"/>
        <line num="31" count="0" type="stmt"/>
        <line num="34" count="0" type="stmt"/>
        <line num="36" count="0" type="stmt"/>
        <line num="39" count="10" type="stmt"/>
        <line num="40" count="0" type="cond" truecount="0" falsecount="2"/>
        <line num="41" count="0" type="stmt"/>
        <line num="42" count="0" type="stmt"/>
        <line num="46" count="10" type="stmt"/>
        <line num="54" count="20" type="stmt"/>
        <line num="76" count="4" type="stmt"/>
        <line num="82" count="0" type="stmt"/>
      </file>
      <file name="AdminSummary.jsx" path="C:\Users\Sudipta.Barua\Downloads\final project all things done without nodemodule\final project all things done without nodemodule\frontend\src\components\dashboard\adminPages\AdminSummary.jsx">
        <metrics statements="3" coveredstatements="3" conditionals="3" coveredconditionals="3" methods="1" coveredmethods="1"/>
        <line num="10" count="2" type="stmt"/>
        <line num="11" count="9" type="cond" truecount="3" falsecount="0"/>
        <line num="13" count="9" type="stmt"/>
      </file>
      <file name="ArtistTable.jsx" path="C:\Users\Sudipta.Barua\Downloads\final project all things done without nodemodule\final project all things done without nodemodule\frontend\src\components\dashboard\adminPages\ArtistTable.jsx">
        <metrics statements="13" coveredstatements="13" conditionals="28" coveredconditionals="21" methods="4" coveredmethods="4"/>
        <line num="5" count="2" type="cond" truecount="0" falsecount="1"/>
        <line num="6" count="11" type="stmt"/>
        <line num="8" count="11" type="cond" truecount="2" falsecount="0"/>
        <line num="9" count="1" type="stmt"/>
        <line num="10" count="1" type="stmt"/>
        <line num="14" count="10" type="stmt"/>
        <line num="15" count="25" type="cond" truecount="4" falsecount="2"/>
        <line num="16" count="24" type="cond" truecount="2" falsecount="2"/>
        <line num="18" count="1" type="cond" truecount="2" falsecount="2"/>
        <line num="22" count="10" type="stmt"/>
        <line num="23" count="22" type="cond" truecount="3" falsecount="0"/>
        <line num="26" count="10" type="stmt"/>
        <line num="42" count="17" type="stmt"/>
      </file>
      <file name="CreateTransactionForm.jsx" path="C:\Users\Sudipta.Barua\Downloads\final project all things done without nodemodule\final project all things done without nodemodule\frontend\src\components\dashboard\adminPages\CreateTransactionForm.jsx">
        <metrics statements="21" coveredstatements="21" conditionals="11" coveredconditionals="9" methods="4" coveredmethods="4"/>
        <line num="4" count="3" type="stmt"/>
        <line num="5" count="7" type="stmt"/>
        <line num="7" count="7" type="stmt"/>
        <line num="8" count="3" type="stmt"/>
        <line num="9" count="3" type="stmt"/>
        <line num="11" count="3" type="cond" truecount="5" falsecount="0"/>
        <line num="12" count="1" type="stmt"/>
        <line num="13" count="1" type="stmt"/>
        <line num="16" count="2" type="cond" truecount="2" falsecount="0"/>
        <line num="18" count="1" type="stmt"/>
        <line num="19" count="1" type="stmt"/>
        <line num="22" count="1" type="stmt"/>
        <line num="29" count="1" type="stmt"/>
        <line num="31" count="1" type="cond" truecount="1" falsecount="1"/>
        <line num="33" count="1" type="cond" truecount="1" falsecount="1"/>
        <line num="34" count="1" type="stmt"/>
        <line num="35" count="1" type="stmt"/>
        <line num="36" count="1" type="stmt"/>
        <line num="40" count="7" type="stmt"/>
        <line num="45" count="2" type="stmt"/>
        <line num="47" count="1" type="stmt"/>
      </file>
      <file name="CreateUserForm.jsx" path="C:\Users\Sudipta.Barua\Downloads\final project all things done without nodemodule\final project all things done without nodemodule\frontend\src\components\dashboard\adminPages\CreateUserForm.jsx">
        <metrics statements="17" coveredstatements="17" conditionals="10" coveredconditionals="10" methods="4" coveredmethods="4"/>
        <line num="4" count="2" type="stmt"/>
        <line num="5" count="45" type="stmt"/>
        <line num="15" count="45" type="stmt"/>
        <line num="16" count="45" type="stmt"/>
        <line num="18" count="45" type="stmt"/>
        <line num="19" count="35" type="stmt"/>
        <line num="25" count="45" type="stmt"/>
        <line num="26" count="5" type="stmt"/>
        <line num="27" count="5" type="stmt"/>
        <line num="28" count="5" type="stmt"/>
        <line num="29" count="2" type="cond" truecount="2" falsecount="0"/>
        <line num="30" count="2" type="stmt"/>
        <line num="33" count="2" type="stmt"/>
        <line num="43" count="3" type="cond" truecount="2" falsecount="0"/>
        <line num="44" count="3" type="stmt"/>
        <line num="48" count="45" type="stmt"/>
        <line num="57" count="270" type="stmt"/>
      </file>
      <file name="DeleteUserForm.jsx" path="C:\Users\Sudipta.Barua\Downloads\final project all things done without nodemodule\final project all things done without nodemodule\frontend\src\components\dashboard\adminPages\DeleteUserForm.jsx">
        <metrics statements="25" coveredstatements="20" conditionals="14" coveredconditionals="12" methods="11" coveredmethods="9"/>
        <line num="5" count="2" type="stmt"/>
        <line num="6" count="5" type="stmt"/>
        <line num="7" count="4" type="stmt"/>
        <line num="9" count="4" type="stmt"/>
        <line num="10" count="2" type="stmt"/>
        <line num="11" count="2" type="stmt"/>
        <line num="12" count="2" type="stmt"/>
        <line num="13" count="2" type="stmt"/>
        <line num="14" count="2" type="stmt"/>
        <line num="16" count="0" type="stmt"/>
        <line num="19" count="2" type="stmt"/>
        <line num="22" count="4" type="stmt"/>
        <line num="23" count="0" type="cond" truecount="0" falsecount="2"/>
        <line num="24" count="0" type="stmt"/>
        <line num="26" count="0" type="stmt"/>
        <line num="30" count="4" type="stmt"/>
        <line num="31" count="1" type="stmt"/>
        <line num="32" count="1" type="stmt"/>
        <line num="33" count="2" type="cond" truecount="2" falsecount="0"/>
        <line num="34" count="2" type="cond" truecount="2" falsecount="0"/>
        <line num="36" count="0" type="stmt"/>
        <line num="40" count="4" type="stmt"/>
        <line num="50" count="4" type="stmt"/>
        <line num="51" count="4" type="stmt"/>
        <line num="68" count="1" type="stmt"/>
      </file>
      <file name="ManagerTable.jsx" path="C:\Users\Sudipta.Barua\Downloads\final project all things done without nodemodule\final project all things done without nodemodule\frontend\src\components\dashboard\adminPages\ManagerTable.jsx">
        <metrics statements="6" coveredstatements="6" conditionals="0" coveredconditionals="0" methods="3" coveredmethods="3"/>
        <line num="4" count="2" type="stmt"/>
        <line num="5" count="6" type="stmt"/>
        <line num="7" count="6" type="stmt"/>
        <line num="8" count="15" type="stmt"/>
        <line num="11" count="6" type="stmt"/>
        <line num="26" count="10" type="stmt"/>
      </file>
      <file name="TopArtistChart.jsx" path="C:\Users\Sudipta.Barua\Downloads\final project all things done without nodemodule\final project all things done without nodemodule\frontend\src\components\dashboard\adminPages\TopArtistChart.jsx">
        <metrics statements="7" coveredstatements="5" conditionals="5" coveredconditionals="2" methods="2" coveredmethods="1"/>
        <line num="4" count="2" type="cond" truecount="0" falsecount="1"/>
        <line num="5" count="3" type="cond" truecount="2" falsecount="0"/>
        <line num="6" count="1" type="stmt"/>
        <line num="10" count="2" type="stmt"/>
        <line num="11" count="0" type="stmt"/>
        <line num="12" count="0" type="cond" truecount="0" falsecount="2"/>
        <line num="15" count="2" type="stmt"/>
      </file>
      <file name="TopManagerCharts.jsx" path="C:\Users\Sudipta.Barua\Downloads\final project all things done without nodemodule\final project all things done without nodemodule\frontend\src\components\dashboard\adminPages\TopManagerCharts.jsx">
        <metrics statements="12" coveredstatements="12" conditionals="4" coveredconditionals="4" methods="4" coveredmethods="4"/>
        <line num="6" count="2" type="stmt"/>
        <line num="8" count="2" type="stmt"/>
        <line num="9" count="3" type="cond" truecount="4" falsecount="0"/>
        <line num="11" count="1" type="stmt"/>
        <line num="13" count="2" type="stmt"/>
        <line num="15" count="1" type="stmt"/>
        <line num="20" count="2" type="stmt"/>
        <line num="29" count="1" type="stmt"/>
        <line num="34" count="2" type="stmt"/>
        <line num="45" count="1" type="stmt"/>
        <line num="57" count="1" type="stmt"/>
        <line num="69" count="1" type="stmt"/>
      </file>
      <file name="TransactionList.jsx" path="C:\Users\Sudipta.Barua\Downloads\final project all things done without nodemodule\final project all things done without nodemodule\frontend\src\components\dashboard\adminPages\TransactionList.jsx">
        <metrics statements="28" coveredstatements="26" conditionals="24" coveredconditionals="13" methods="13" coveredmethods="11"/>
        <line num="5" count="3" type="stmt"/>
        <line num="6" count="27" type="stmt"/>
        <line num="7" count="27" type="stmt"/>
        <line num="10" count="7" type="stmt"/>
        <line num="11" count="6" type="stmt"/>
        <line num="14" count="7" type="stmt"/>
        <line num="15" count="2" type="stmt"/>
        <line num="16" count="2" type="cond" truecount="2" falsecount="0"/>
        <line num="18" count="1" type="stmt"/>
        <line num="19" count="1" type="cond" truecount="1" falsecount="1"/>
        <line num="21" count="1" type="cond" truecount="1" falsecount="1"/>
        <line num="22" count="1" type="stmt"/>
        <line num="23" count="1" type="stmt"/>
        <line num="25" count="1" type="stmt"/>
        <line num="26" count="1" type="stmt"/>
        <line num="30" count="1" type="stmt"/>
        <line num="31" count="1" type="stmt"/>
        <line num="36" count="7" type="stmt"/>
        <line num="37" count="1" type="stmt"/>
        <line num="38" count="1" type="cond" truecount="1" falsecount="1"/>
        <line num="40" count="1" type="cond" truecount="1" falsecount="1"/>
        <line num="43" count="7" type="stmt"/>
        <line num="62" count="3" type="stmt"/>
        <line num="70" count="2" type="cond" truecount="1" falsecount="1"/>
        <line num="75" count="1" type="stmt"/>
        <line num="88" count="3" type="stmt"/>
        <line num="113" count="0" type="cond" truecount="0" falsecount="2"/>
        <line num="118" count="0" type="stmt"/>
      </file>
      <file name="ViewAdminForm.jsx" path="C:\Users\Sudipta.Barua\Downloads\final project all things done without nodemodule\final project all things done without nodemodule\frontend\src\components\dashboard\adminPages\ViewAdminForm.jsx">
        <metrics statements="3" coveredstatements="3" conditionals="0" coveredconditionals="0" methods="1" coveredmethods="1"/>
        <line num="5" count="2" type="stmt"/>
        <line num="6" count="1" type="stmt"/>
        <line num="8" count="1" type="stmt"/>
      </file>
    </package>
    <package name="src.components.dashboard.artistPages">
      <metrics statements="204" coveredstatements="188" conditionals="108" coveredconditionals="85" methods="52" coveredmethods="49"/>
      <file name="AddSongForm.jsx" path="C:\Users\Sudipta.Barua\Downloads\final project all things done without nodemodule\final project all things done without nodemodule\frontend\src\components\dashboard\artistPages\AddSongForm.jsx">
        <metrics statements="28" coveredstatements="26" conditionals="14" coveredconditionals="12" methods="4" coveredmethods="3"/>
        <line num="6" count="3" type="stmt"/>
        <line num="7" count="16" type="stmt"/>
        <line num="8" count="16" type="stmt"/>
        <line num="9" count="16" type="stmt"/>
        <line num="10" count="16" type="stmt"/>
        <line num="11" count="16" type="stmt"/>
        <line num="14" count="16" type="stmt"/>
        <line num="15" count="6" type="stmt"/>
        <line num="22" count="16" type="stmt"/>
        <line num="23" count="3" type="stmt"/>
        <line num="24" count="3" type="stmt"/>
        <line num="25" count="3" type="stmt"/>
        <line num="27" count="3" type="cond" truecount="2" falsecount="0"/>
        <line num="28" count="1" type="stmt"/>
        <line num="29" count="1" type="stmt"/>
        <line num="32" count="2" type="stmt"/>
        <line num="39" count="2" type="stmt"/>
        <line num="40" count="2" type="stmt"/>
        <line num="41" count="1" type="cond" truecount="1" falsecount="1"/>
        <line num="42" count="1" type="stmt"/>
        <line num="43" count="1" type="stmt"/>
        <line num="46" count="1" type="cond" truecount="1" falsecount="1"/>
        <line num="47" count="1" type="stmt"/>
        <line num="53" count="0" type="stmt"/>
        <line num="56" count="1" type="stmt"/>
        <line num="58" count="0" type="stmt"/>
        <line num="61" count="1" type="stmt"/>
        <line num="65" count="16" type="stmt"/>
      </file>
      <file name="ArtistSummary.jsx" path="C:\Users\Sudipta.Barua\Downloads\final project all things done without nodemodule\final project all things done without nodemodule\frontend\src\components\dashboard\artistPages\ArtistSummary.jsx">
        <metrics statements="20" coveredstatements="19" conditionals="8" coveredconditionals="6" methods="8" coveredmethods="8"/>
        <line num="7" count="3" type="stmt"/>
        <line num="8" count="4" type="stmt"/>
        <line num="9" count="4" type="stmt"/>
        <line num="11" count="3" type="stmt"/>
        <line num="12" count="2" type="cond" truecount="1" falsecount="1"/>
        <line num="14" count="2" type="stmt"/>
        <line num="15" count="2" type="stmt"/>
        <line num="16" count="2" type="stmt"/>
        <line num="17" count="2" type="stmt"/>
        <line num="19" count="0" type="stmt"/>
        <line num="23" count="2" type="stmt"/>
        <line num="24" count="2" type="stmt"/>
        <line num="26" count="2" type="stmt"/>
        <line num="30" count="3" type="stmt"/>
        <line num="31" count="3" type="stmt"/>
        <line num="32" count="3" type="stmt"/>
        <line num="33" count="3" type="cond" truecount="3" falsecount="1"/>
        <line num="36" count="3" type="stmt"/>
        <line num="38" count="3" type="stmt"/>
        <line num="85" count="2" type="stmt"/>
      </file>
      <file name="DeleteSong.jsx" path="C:\Users\Sudipta.Barua\Downloads\final project all things done without nodemodule\final project all things done without nodemodule\frontend\src\components\dashboard\artistPages\DeleteSong.jsx">
        <metrics statements="36" coveredstatements="31" conditionals="10" coveredconditionals="7" methods="13" coveredmethods="12"/>
        <line num="7" count="3" type="stmt"/>
        <line num="8" count="14" type="stmt"/>
        <line num="9" count="13" type="stmt"/>
        <line num="10" count="13" type="stmt"/>
        <line num="11" count="13" type="stmt"/>
        <line num="12" count="13" type="stmt"/>
        <line num="15" count="13" type="stmt"/>
        <line num="16" count="5" type="cond" truecount="1" falsecount="1"/>
        <line num="18" count="5" type="stmt"/>
        <line num="19" count="5" type="stmt"/>
        <line num="20" count="5" type="stmt"/>
        <line num="21" count="5" type="stmt"/>
        <line num="22" count="5" type="stmt"/>
        <line num="24" count="0" type="stmt"/>
        <line num="28" count="5" type="stmt"/>
        <line num="32" count="13" type="stmt"/>
        <line num="33" count="1" type="cond" truecount="1" falsecount="1"/>
        <line num="34" count="0" type="stmt"/>
        <line num="36" count="1" type="stmt"/>
        <line num="38" count="2" type="stmt"/>
        <line num="44" count="13" type="stmt"/>
        <line num="45" count="3" type="stmt"/>
        <line num="46" count="3" type="stmt"/>
        <line num="48" count="5" type="stmt"/>
        <line num="49" count="3" type="stmt"/>
        <line num="50" count="5" type="stmt"/>
        <line num="53" count="3" type="stmt"/>
        <line num="54" count="3" type="stmt"/>
        <line num="56" count="3" type="cond" truecount="1" falsecount="1"/>
        <line num="57" count="0" type="stmt"/>
        <line num="63" count="3" type="stmt"/>
        <line num="67" count="0" type="stmt"/>
        <line num="68" count="0" type="stmt"/>
        <line num="72" count="13" type="stmt"/>
        <line num="92" count="11" type="stmt"/>
        <line num="105" count="3" type="stmt"/>
      </file>
      <file name="RequestManagerList.jsx" path="C:\Users\Sudipta.Barua\Downloads\final project all things done without nodemodule\final project all things done without nodemodule\frontend\src\components\dashboard\artistPages\RequestManagerList.jsx">
        <metrics statements="25" coveredstatements="23" conditionals="20" coveredconditionals="17" methods="7" coveredmethods="7"/>
        <line num="7" count="3" type="stmt"/>
        <line num="8" count="10" type="stmt"/>
        <line num="9" count="10" type="stmt"/>
        <line num="10" count="10" type="stmt"/>
        <line num="11" count="10" type="stmt"/>
        <line num="12" count="10" type="stmt"/>
        <line num="13" count="10" type="stmt"/>
        <line num="14" count="10" type="stmt"/>
        <line num="16" count="10" type="stmt"/>
        <line num="17" count="6" type="cond" truecount="2" falsecount="0"/>
        <line num="18" count="1" type="stmt"/>
        <line num="19" count="1" type="stmt"/>
        <line num="23" count="10" type="stmt"/>
        <line num="24" count="3" type="cond" truecount="1" falsecount="1"/>
        <line num="25" count="0" type="stmt"/>
        <line num="26" count="0" type="stmt"/>
        <line num="29" count="3" type="stmt"/>
        <line num="30" count="3" type="stmt"/>
        <line num="31" count="2" type="cond" truecount="1" falsecount="1"/>
        <line num="32" count="2" type="stmt"/>
        <line num="37" count="2" type="stmt"/>
        <line num="44" count="1" type="stmt"/>
        <line num="51" count="10" type="stmt"/>
        <line num="64" count="18" type="stmt"/>
        <line num="83" count="3" type="stmt"/>
      </file>
      <file name="SongListPage.jsx" path="C:\Users\Sudipta.Barua\Downloads\final project all things done without nodemodule\final project all things done without nodemodule\frontend\src\components\dashboard\artistPages\SongListPage.jsx">
        <metrics statements="19" coveredstatements="18" conditionals="11" coveredconditionals="10" methods="6" coveredmethods="6"/>
        <line num="6" count="3" type="stmt"/>
        <line num="7" count="9" type="stmt"/>
        <line num="8" count="8" type="stmt"/>
        <line num="9" count="8" type="stmt"/>
        <line num="11" count="8" type="stmt"/>
        <line num="12" count="5" type="cond" truecount="5" falsecount="0"/>
        <line num="14" count="4" type="stmt"/>
        <line num="15" count="4" type="stmt"/>
        <line num="16" count="4" type="stmt"/>
        <line num="17" count="3" type="stmt"/>
        <line num="18" count="3" type="stmt"/>
        <line num="20" count="1" type="stmt"/>
        <line num="24" count="4" type="stmt"/>
        <line num="27" count="8" type="stmt"/>
        <line num="28" count="1" type="cond" truecount="1" falsecount="1"/>
        <line num="29" count="0" type="stmt"/>
        <line num="31" count="2" type="stmt"/>
        <line num="35" count="8" type="stmt"/>
        <line num="49" count="5" type="stmt"/>
      </file>
      <file name="ViewMyManager.jsx" path="C:\Users\Sudipta.Barua\Downloads\final project all things done without nodemodule\final project all things done without nodemodule\frontend\src\components\dashboard\artistPages\ViewMyManager.jsx">
        <metrics statements="45" coveredstatements="44" conditionals="27" coveredconditionals="22" methods="9" coveredmethods="9"/>
        <line num="6" count="3" type="stmt"/>
        <line num="7" count="15" type="stmt"/>
        <line num="8" count="15" type="stmt"/>
        <line num="9" count="15" type="stmt"/>
        <line num="10" count="15" type="stmt"/>
        <line num="11" count="15" type="stmt"/>
        <line num="12" count="15" type="stmt"/>
        <line num="13" count="15" type="stmt"/>
        <line num="14" count="15" type="stmt"/>
        <line num="16" count="15" type="stmt"/>
        <line num="17" count="5" type="stmt"/>
        <line num="18" count="5" type="cond" truecount="1" falsecount="1"/>
        <line num="19" count="5" type="stmt"/>
        <line num="20" count="5" type="stmt"/>
        <line num="21" count="5" type="cond" truecount="1" falsecount="1"/>
        <line num="22" count="3" type="stmt"/>
        <line num="23" count="3" type="stmt"/>
        <line num="26" count="2" type="stmt"/>
        <line num="30" count="5" type="stmt"/>
        <line num="33" count="15" type="stmt"/>
        <line num="34" count="5" type="stmt"/>
        <line num="35" count="1" type="cond" truecount="3" falsecount="1"/>
        <line num="36" count="1" type="stmt"/>
        <line num="39" count="5" type="stmt"/>
        <line num="40" count="5" type="stmt"/>
        <line num="41" count="5" type="stmt"/>
        <line num="45" count="15" type="cond" truecount="2" falsecount="0"/>
        <line num="46" count="1" type="stmt"/>
        <line num="50" count="14" type="stmt"/>
        <line num="52" count="14" type="stmt"/>
        <line num="53" count="3" type="stmt"/>
        <line num="56" count="14" type="stmt"/>
        <line num="57" count="1" type="stmt"/>
        <line num="60" count="14" type="stmt"/>
        <line num="61" count="1" type="cond" truecount="3" falsecount="1"/>
        <line num="62" count="1" type="stmt"/>
        <line num="63" count="1" type="stmt"/>
        <line num="64" count="1" type="stmt"/>
        <line num="65" count="1" type="stmt"/>
        <line num="71" count="1" type="stmt"/>
        <line num="72" count="1" type="stmt"/>
        <line num="73" count="1" type="stmt"/>
        <line num="75" count="0" type="stmt"/>
        <line num="77" count="1" type="stmt"/>
        <line num="80" count="14" type="stmt"/>
      </file>
      <file name="updateArtistProfileForm.jsx" path="C:\Users\Sudipta.Barua\Downloads\final project all things done without nodemodule\final project all things done without nodemodule\frontend\src\components\dashboard\artistPages\updateArtistProfileForm.jsx">
        <metrics statements="31" coveredstatements="27" conditionals="18" coveredconditionals="11" methods="5" coveredmethods="4"/>
        <line num="7" count="3" type="stmt"/>
        <line num="8" count="10" type="stmt"/>
        <line num="9" count="10" type="stmt"/>
        <line num="15" count="9" type="stmt"/>
        <line num="16" count="9" type="stmt"/>
        <line num="17" count="9" type="stmt"/>
        <line num="20" count="9" type="stmt"/>
        <line num="21" count="3" type="cond" truecount="4" falsecount="0"/>
        <line num="22" count="2" type="stmt"/>
        <line num="23" count="2" type="stmt"/>
        <line num="24" count="2" type="stmt"/>
        <line num="25" count="2" type="stmt"/>
        <line num="31" count="0" type="stmt"/>
        <line num="33" count="2" type="stmt"/>
        <line num="34" count="2" type="stmt"/>
        <line num="35" count="2" type="stmt"/>
        <line num="39" count="2" type="stmt"/>
        <line num="44" count="9" type="stmt"/>
        <line num="45" count="0" type="stmt"/>
        <line num="49" count="9" type="stmt"/>
        <line num="50" count="2" type="stmt"/>
        <line num="51" count="2" type="stmt"/>
        <line num="52" count="2" type="stmt"/>
        <line num="53" count="2" type="stmt"/>
        <line num="54" count="2" type="stmt"/>
        <line num="56" count="2" type="cond" truecount="2" falsecount="0"/>
        <line num="57" count="1" type="stmt"/>
        <line num="63" count="1" type="stmt"/>
        <line num="66" count="0" type="stmt"/>
        <line num="67" count="0" type="stmt"/>
        <line num="71" count="9" type="stmt"/>
      </file>
    </package>
    <package name="src.components.dashboard.managerPages">
      <metrics statements="156" coveredstatements="145" conditionals="66" coveredconditionals="50" methods="44" coveredmethods="43"/>
      <file name="CollaborationCancellation.jsx" path="C:\Users\Sudipta.Barua\Downloads\final project all things done without nodemodule\final project all things done without nodemodule\frontend\src\components\dashboard\managerPages\CollaborationCancellation.jsx">
        <metrics statements="34" coveredstatements="32" conditionals="10" coveredconditionals="8" methods="7" coveredmethods="7"/>
        <line num="6" count="3" type="stmt"/>
        <line num="7" count="10" type="stmt"/>
        <line num="8" count="10" type="stmt"/>
        <line num="9" count="10" type="stmt"/>
        <line num="10" count="9" type="stmt"/>
        <line num="11" count="9" type="stmt"/>
        <line num="13" count="9" type="stmt"/>
        <line num="14" count="5" type="stmt"/>
        <line num="15" count="5" type="cond" truecount="1" falsecount="1"/>
        <line num="16" count="5" type="stmt"/>
        <line num="17" count="5" type="stmt"/>
        <line num="19" count="5" type="stmt"/>
        <line num="20" count="3" type="stmt"/>
        <line num="22" count="5" type="cond" truecount="2" falsecount="0"/>
        <line num="24" count="3" type="stmt"/>
        <line num="25" count="3" type="stmt"/>
        <line num="27" count="2" type="stmt"/>
        <line num="28" count="2" type="stmt"/>
        <line num="31" count="0" type="stmt"/>
        <line num="33" count="5" type="stmt"/>
        <line num="37" count="5" type="stmt"/>
        <line num="40" count="9" type="stmt"/>
        <line num="41" count="2" type="cond" truecount="1" falsecount="1"/>
        <line num="42" count="2" type="stmt"/>
        <line num="43" count="2" type="stmt"/>
        <line num="44" count="2" type="stmt"/>
        <line num="49" count="2" type="stmt"/>
        <line num="50" count="2" type="stmt"/>
        <line num="52" count="0" type="stmt"/>
        <line num="56" count="9" type="cond" truecount="2" falsecount="0"/>
        <line num="57" count="4" type="cond" truecount="2" falsecount="0"/>
        <line num="59" count="3" type="stmt"/>
        <line num="68" count="1" type="stmt"/>
        <line num="74" count="1" type="stmt"/>
      </file>
      <file name="CollaborationRequests.jsx" path="C:\Users\Sudipta.Barua\Downloads\final project all things done without nodemodule\final project all things done without nodemodule\frontend\src\components\dashboard\managerPages\CollaborationRequests.jsx">
        <metrics statements="30" coveredstatements="28" conditionals="10" coveredconditionals="8" methods="13" coveredmethods="13"/>
        <line num="10" count="3" type="stmt"/>
        <line num="11" count="13" type="stmt"/>
        <line num="12" count="13" type="stmt"/>
        <line num="13" count="12" type="stmt"/>
        <line num="15" count="12" type="stmt"/>
        <line num="16" count="6" type="stmt"/>
        <line num="17" count="6" type="cond" truecount="2" falsecount="0"/>
        <line num="18" count="5" type="stmt"/>
        <line num="19" count="5" type="stmt"/>
        <line num="20" count="4" type="stmt"/>
        <line num="21" count="3" type="stmt"/>
        <line num="23" count="4" type="stmt"/>
        <line num="26" count="1" type="stmt"/>
        <line num="30" count="6" type="stmt"/>
        <line num="34" count="12" type="stmt"/>
        <line num="35" count="2" type="stmt"/>
        <line num="36" count="2" type="stmt"/>
        <line num="37" count="2" type="stmt"/>
        <line num="38" count="2" type="stmt"/>
        <line num="40" count="0" type="stmt"/>
        <line num="45" count="12" type="stmt"/>
        <line num="46" count="1" type="stmt"/>
        <line num="47" count="1" type="stmt"/>
        <line num="48" count="1" type="stmt"/>
        <line num="49" count="1" type="stmt"/>
        <line num="51" count="0" type="stmt"/>
        <line num="55" count="12" type="stmt"/>
        <line num="64" count="3" type="stmt"/>
        <line num="70" count="2" type="stmt"/>
        <line num="76" count="1" type="stmt"/>
      </file>
      <file name="ManagerArtists.jsx" path="C:\Users\Sudipta.Barua\Downloads\final project all things done without nodemodule\final project all things done without nodemodule\frontend\src\components\dashboard\managerPages\ManagerArtists.jsx">
        <metrics statements="25" coveredstatements="22" conditionals="8" coveredconditionals="6" methods="6" coveredmethods="6"/>
        <line num="6" count="3" type="stmt"/>
        <line num="7" count="15" type="stmt"/>
        <line num="8" count="14" type="stmt"/>
        <line num="9" count="14" type="stmt"/>
        <line num="11" count="14" type="stmt"/>
        <line num="12" count="4" type="stmt"/>
        <line num="13" count="4" type="cond" truecount="2" falsecount="0"/>
        <line num="15" count="3" type="stmt"/>
        <line num="16" count="3" type="stmt"/>
        <line num="17" count="2" type="cond" truecount="1" falsecount="1"/>
        <line num="18" count="2" type="stmt"/>
        <line num="19" count="2" type="stmt"/>
        <line num="21" count="0" type="stmt"/>
        <line num="22" count="0" type="stmt"/>
        <line num="25" count="1" type="stmt"/>
        <line num="26" count="1" type="stmt"/>
        <line num="27" count="1" type="stmt"/>
        <line num="31" count="4" type="stmt"/>
        <line num="35" count="14" type="stmt"/>
        <line num="36" count="8" type="cond" truecount="1" falsecount="1"/>
        <line num="37" count="0" type="stmt"/>
        <line num="39" count="8" type="stmt"/>
        <line num="41" count="16" type="stmt"/>
        <line num="47" count="14" type="stmt"/>
        <line num="59" count="18" type="stmt"/>
      </file>
      <file name="ManagerSummary.jsx" path="C:\Users\Sudipta.Barua\Downloads\final project all things done without nodemodule\final project all things done without nodemodule\frontend\src\components\dashboard\managerPages\ManagerSummary.jsx">
        <metrics statements="36" coveredstatements="34" conditionals="18" coveredconditionals="15" methods="12" coveredmethods="11"/>
        <line num="8" count="3" type="stmt"/>
        <line num="9" count="11" type="stmt"/>
        <line num="10" count="11" type="stmt"/>
        <line num="11" count="10" type="stmt"/>
        <line num="12" count="10" type="stmt"/>
        <line num="13" count="10" type="stmt"/>
        <line num="17" count="10" type="stmt"/>
        <line num="18" count="5" type="cond" truecount="2" falsecount="0"/>
        <line num="20" count="4" type="stmt"/>
        <line num="21" count="4" type="stmt"/>
        <line num="22" count="4" type="stmt"/>
        <line num="23" count="3" type="cond" truecount="1" falsecount="1"/>
        <line num="24" count="3" type="stmt"/>
        <line num="27" count="1" type="stmt"/>
        <line num="31" count="4" type="stmt"/>
        <line num="32" count="4" type="stmt"/>
        <line num="34" count="4" type="stmt"/>
        <line num="39" count="10" type="stmt"/>
        <line num="40" count="6" type="cond" truecount="2" falsecount="0"/>
        <line num="42" count="1" type="stmt"/>
        <line num="43" count="1" type="stmt"/>
        <line num="44" count="1" type="stmt"/>
        <line num="45" count="1" type="stmt"/>
        <line num="46" count="0" type="stmt"/>
        <line num="48" count="1" type="stmt"/>
        <line num="50" count="1" type="stmt"/>
        <line num="54" count="1" type="stmt"/>
        <line num="55" count="1" type="stmt"/>
        <line num="57" count="1" type="stmt"/>
        <line num="62" count="10" type="stmt"/>
        <line num="63" count="10" type="cond" truecount="3" falsecount="1"/>
        <line num="65" count="10" type="stmt"/>
        <line num="67" count="10" type="stmt"/>
        <line num="96" count="1" type="stmt"/>
        <line num="101" count="10" type="stmt"/>
        <line num="151" count="0" type="stmt"/>
      </file>
      <file name="UpdateManagerProfileForm.jsx" path="C:\Users\Sudipta.Barua\Downloads\final project all things done without nodemodule\final project all things done without nodemodule\frontend\src\components\dashboard\managerPages\UpdateManagerProfileForm.jsx">
        <metrics statements="31" coveredstatements="29" conditionals="20" coveredconditionals="13" methods="6" coveredmethods="6"/>
        <line num="7" count="3" type="stmt"/>
        <line num="8" count="14" type="stmt"/>
        <line num="9" count="14" type="stmt"/>
        <line num="16" count="14" type="stmt"/>
        <line num="17" count="14" type="stmt"/>
        <line num="18" count="14" type="stmt"/>
        <line num="21" count="14" type="stmt"/>
        <line num="22" count="5" type="cond" truecount="3" falsecount="1"/>
        <line num="23" count="5" type="stmt"/>
        <line num="24" count="5" type="stmt"/>
        <line num="25" count="5" type="stmt"/>
        <line num="26" count="4" type="stmt"/>
        <line num="33" count="4" type="stmt"/>
        <line num="35" count="1" type="stmt"/>
        <line num="36" count="1" type="stmt"/>
        <line num="37" count="1" type="stmt"/>
        <line num="41" count="5" type="stmt"/>
        <line num="46" count="14" type="stmt"/>
        <line num="47" count="1" type="stmt"/>
        <line num="51" count="14" type="stmt"/>
        <line num="52" count="2" type="stmt"/>
        <line num="53" count="2" type="stmt"/>
        <line num="54" count="2" type="stmt"/>
        <line num="55" count="2" type="stmt"/>
        <line num="56" count="2" type="stmt"/>
        <line num="59" count="2" type="cond" truecount="1" falsecount="1"/>
        <line num="61" count="2" type="stmt"/>
        <line num="63" count="2" type="stmt"/>
        <line num="67" count="0" type="stmt"/>
        <line num="68" count="0" type="stmt"/>
        <line num="72" count="14" type="stmt"/>
      </file>
    </package>
    <package name="src.context">
      <metrics statements="128" coveredstatements="121" conditionals="34" coveredconditionals="21" methods="32" coveredmethods="29"/>
      <file name="ArtistsManagersContext.jsx" path="C:\Users\Sudipta.Barua\Downloads\final project all things done without nodemodule\final project all things done without nodemodule\frontend\src\context\ArtistsManagersContext.jsx">
        <metrics statements="40" coveredstatements="36" conditionals="18" coveredconditionals="10" methods="11" coveredmethods="10"/>
        <line num="4" count="3" type="stmt"/>
        <line num="6" count="3" type="stmt"/>
        <line num="7" count="5" type="stmt"/>
        <line num="8" count="5" type="stmt"/>
        <line num="9" count="5" type="stmt"/>
        <line num="10" count="5" type="stmt"/>
        <line num="12" count="5" type="stmt"/>
        <line num="13" count="4" type="stmt"/>
        <line num="14" count="4" type="stmt"/>
        <line num="15" count="4" type="cond" truecount="2" falsecount="0"/>
        <line num="18" count="3" type="stmt"/>
        <line num="19" count="3" type="stmt"/>
        <line num="24" count="3" type="stmt"/>
        <line num="31" count="2" type="cond" truecount="1" falsecount="1"/>
        <line num="32" count="1" type="cond" truecount="1" falsecount="1"/>
        <line num="34" count="1" type="stmt"/>
        <line num="35" count="1" type="stmt"/>
        <line num="38" count="1" type="stmt"/>
        <line num="39" count="2" type="stmt"/>
        <line num="44" count="2" type="stmt"/>
        <line num="47" count="1" type="stmt"/>
        <line num="48" count="2" type="cond" truecount="3" falsecount="1"/>
        <line num="49" count="2" type="cond" truecount="1" falsecount="1"/>
        <line num="50" count="2" type="cond" truecount="1" falsecount="1"/>
        <line num="54" count="1" type="stmt"/>
        <line num="55" count="1" type="cond" truecount="1" falsecount="1"/>
        <line num="56" count="0" type="stmt"/>
        <line num="59" count="1" type="stmt"/>
        <line num="61" count="2" type="stmt"/>
        <line num="65" count="4" type="stmt"/>
        <line num="67" count="4" type="stmt"/>
        <line num="69" count="4" type="stmt"/>
        <line num="74" count="5" type="stmt"/>
        <line num="75" count="4" type="stmt"/>
        <line num="76" count="0" type="stmt"/>
        <line num="77" count="0" type="cond" truecount="0" falsecount="2"/>
        <line num="78" count="0" type="stmt"/>
        <line num="82" count="4" type="stmt"/>
        <line num="85" count="5" type="stmt"/>
        <line num="92" count="5" type="stmt"/>
      </file>
      <file name="NotificationContext.jsx" path="C:\Users\Sudipta.Barua\Downloads\final project all things done without nodemodule\final project all things done without nodemodule\frontend\src\context\NotificationContext.jsx">
        <metrics statements="31" coveredstatements="31" conditionals="4" coveredconditionals="3" methods="11" coveredmethods="9"/>
        <line num="5" count="10" type="stmt"/>
        <line num="7" count="10" type="stmt"/>
        <line num="8" count="19" type="stmt"/>
        <line num="9" count="19" type="stmt"/>
        <line num="10" count="19" type="stmt"/>
        <line num="11" count="19" type="stmt"/>
        <line num="16" count="19" type="stmt"/>
        <line num="17" count="13" type="cond" truecount="2" falsecount="0"/>
        <line num="18" count="7" type="stmt"/>
        <line num="20" count="7" type="stmt"/>
        <line num="21" count="7" type="stmt"/>
        <line num="25" count="19" type="stmt"/>
        <line num="26" count="7" type="stmt"/>
        <line num="27" count="7" type="stmt"/>
        <line num="33" count="6" type="cond" truecount="1" falsecount="1"/>
        <line num="34" count="2" type="stmt"/>
        <line num="37" count="6" type="stmt"/>
        <line num="39" count="7" type="stmt"/>
        <line num="43" count="19" type="stmt"/>
        <line num="44" count="2" type="stmt"/>
        <line num="45" count="2" type="stmt"/>
        <line num="53" count="1" type="stmt"/>
        <line num="55" count="1" type="stmt"/>
        <line num="59" count="19" type="stmt"/>
        <line num="60" count="2" type="stmt"/>
        <line num="65" count="2" type="stmt"/>
        <line num="66" count="2" type="stmt"/>
        <line num="74" count="1" type="stmt"/>
        <line num="79" count="19" type="stmt"/>
        <line num="81" count="19" type="stmt"/>
        <line num="88" count="47" type="stmt"/>
      </file>
      <file name="RoyaltyContext.jsx" path="C:\Users\Sudipta.Barua\Downloads\final project all things done without nodemodule\final project all things done without nodemodule\frontend\src\context\RoyaltyContext.jsx">
        <metrics statements="16" coveredstatements="16" conditionals="4" coveredconditionals="3" methods="3" coveredmethods="3"/>
        <line num="4" count="2" type="stmt"/>
        <line num="6" count="2" type="stmt"/>
        <line num="7" count="6" type="stmt"/>
        <line num="8" count="6" type="stmt"/>
        <line num="10" count="6" type="stmt"/>
        <line num="11" count="2" type="stmt"/>
        <line num="12" count="2" type="stmt"/>
        <line num="14" count="2" type="stmt"/>
        <line num="21" count="1" type="cond" truecount="1" falsecount="1"/>
        <line num="23" count="1" type="stmt"/>
        <line num="28" count="6" type="stmt"/>
        <line num="35" count="2" type="stmt"/>
        <line num="36" count="7" type="stmt"/>
        <line num="37" count="7" type="cond" truecount="2" falsecount="0"/>
        <line num="38" count="1" type="stmt"/>
        <line num="40" count="6" type="stmt"/>
      </file>
      <file name="authContext.jsx" path="C:\Users\Sudipta.Barua\Downloads\final project all things done without nodemodule\final project all things done without nodemodule\frontend\src\context\authContext.jsx">
        <metrics statements="41" coveredstatements="38" conditionals="8" coveredconditionals="5" methods="7" coveredmethods="7"/>
        <line num="4" count="10" type="stmt"/>
        <line num="6" count="10" type="stmt"/>
        <line num="7" count="10" type="stmt"/>
        <line num="8" count="10" type="stmt"/>
        <line num="9" count="10" type="stmt"/>
        <line num="11" count="10" type="stmt"/>
        <line num="12" count="6" type="stmt"/>
        <line num="13" count="6" type="cond" truecount="2" falsecount="0"/>
        <line num="14" count="4" type="stmt"/>
        <line num="15" count="4" type="stmt"/>
        <line num="22" count="3" type="cond" truecount="1" falsecount="1"/>
        <line num="23" count="2" type="stmt"/>
        <line num="24" count="2" type="stmt"/>
        <line num="26" count="2" type="cond" truecount="1" falsecount="1"/>
        <line num="27" count="2" type="stmt"/>
        <line num="31" count="2" type="stmt"/>
        <line num="32" count="2" type="stmt"/>
        <line num="34" count="4" type="stmt"/>
        <line num="37" count="2" type="stmt"/>
        <line num="38" count="2" type="stmt"/>
        <line num="42" count="10" type="stmt"/>
        <line num="43" count="2" type="stmt"/>
        <line num="44" count="2" type="stmt"/>
        <line num="50" count="2" type="cond" truecount="1" falsecount="1"/>
        <line num="51" count="2" type="stmt"/>
        <line num="54" count="0" type="stmt"/>
        <line num="58" count="10" type="stmt"/>
        <line num="59" count="1" type="stmt"/>
        <line num="60" count="1" type="stmt"/>
        <line num="61" count="1" type="stmt"/>
        <line num="62" count="1" type="stmt"/>
        <line num="64" count="0" type="stmt"/>
        <line num="65" count="0" type="stmt"/>
        <line num="69" count="10" type="stmt"/>
        <line num="70" count="1" type="stmt"/>
        <line num="71" count="1" type="stmt"/>
        <line num="72" count="1" type="stmt"/>
        <line num="76" count="10" type="stmt"/>
        <line num="77" count="5" type="stmt"/>
        <line num="80" count="10" type="stmt"/>
        <line num="87" count="64" type="stmt"/>
      </file>
    </package>
    <package name="src.pages">
      <metrics statements="100" coveredstatements="94" conditionals="46" coveredconditionals="38" methods="23" coveredmethods="23"/>
      <file name="AdminDashboard.jsx" path="C:\Users\Sudipta.Barua\Downloads\final project all things done without nodemodule\final project all things done without nodemodule\frontend\src\pages\AdminDashboard.jsx">
        <metrics statements="6" coveredstatements="6" conditionals="2" coveredconditionals="2" methods="2" coveredmethods="2"/>
        <line num="7" count="3" type="stmt"/>
        <line num="8" count="26" type="stmt"/>
        <line num="9" count="5" type="stmt"/>
        <line num="11" count="5" type="stmt"/>
        <line num="12" count="2" type="stmt"/>
        <line num="15" count="5" type="stmt"/>
      </file>
      <file name="ArtistDashboard.jsx" path="C:\Users\Sudipta.Barua\Downloads\final project all things done without nodemodule\final project all things done without nodemodule\frontend\src\pages\ArtistDashboard.jsx">
        <metrics statements="6" coveredstatements="6" conditionals="2" coveredconditionals="2" methods="2" coveredmethods="2"/>
        <line num="7" count="3" type="stmt"/>
        <line num="8" count="36" type="stmt"/>
        <line num="9" count="3" type="stmt"/>
        <line num="11" count="3" type="stmt"/>
        <line num="12" count="1" type="stmt"/>
        <line num="15" count="3" type="stmt"/>
      </file>
      <file name="ForgotPassword.jsx" path="C:\Users\Sudipta.Barua\Downloads\final project all things done without nodemodule\final project all things done without nodemodule\frontend\src\pages\ForgotPassword.jsx">
        <metrics statements="21" coveredstatements="19" conditionals="10" coveredconditionals="8" methods="4" coveredmethods="4"/>
        <line num="5" count="2" type="stmt"/>
        <line num="6" count="6" type="stmt"/>
        <line num="7" count="6" type="stmt"/>
        <line num="8" count="6" type="stmt"/>
        <line num="9" count="6" type="stmt"/>
        <line num="10" count="6" type="stmt"/>
        <line num="12" count="6" type="stmt"/>
        <line num="13" count="1" type="stmt"/>
        <line num="14" count="1" type="stmt"/>
        <line num="15" count="1" type="stmt"/>
        <line num="16" count="1" type="stmt"/>
        <line num="18" count="1" type="stmt"/>
        <line num="19" count="1" type="stmt"/>
        <line num="20" count="1" type="cond" truecount="1" falsecount="1"/>
        <line num="21" count="1" type="stmt"/>
        <line num="23" count="0" type="stmt"/>
        <line num="26" count="0" type="stmt"/>
        <line num="28" count="1" type="stmt"/>
        <line num="32" count="6" type="stmt"/>
        <line num="48" count="1" type="stmt"/>
        <line num="61" count="1" type="stmt"/>
      </file>
      <file name="HomePage.jsx" path="C:\Users\Sudipta.Barua\Downloads\final project all things done without nodemodule\final project all things done without nodemodule\frontend\src\pages\HomePage.jsx">
        <metrics statements="4" coveredstatements="4" conditionals="0" coveredconditionals="0" methods="3" coveredmethods="3"/>
        <line num="4" count="2" type="stmt"/>
        <line num="5" count="6" type="stmt"/>
        <line num="60" count="18" type="stmt"/>
        <line num="77" count="18" type="stmt"/>
      </file>
      <file name="Login.jsx" path="C:\Users\Sudipta.Barua\Downloads\final project all things done without nodemodule\final project all things done without nodemodule\frontend\src\pages\Login.jsx">
        <metrics statements="31" coveredstatements="28" conditionals="22" coveredconditionals="16" methods="5" coveredmethods="5"/>
        <line num="6" count="2" type="stmt"/>
        <line num="7" count="21" type="stmt"/>
        <line num="8" count="21" type="stmt"/>
        <line num="9" count="21" type="stmt"/>
        <line num="10" count="21" type="stmt"/>
        <line num="11" count="21" type="stmt"/>
        <line num="13" count="21" type="stmt"/>
        <line num="14" count="5" type="stmt"/>
        <line num="15" count="5" type="cond" truecount="2" falsecount="0"/>
        <line num="16" count="4" type="cond" truecount="2" falsecount="0"/>
        <line num="17" count="5" type="cond" truecount="2" falsecount="0"/>
        <line num="18" count="4" type="cond" truecount="2" falsecount="0"/>
        <line num="20" count="5" type="stmt"/>
        <line num="21" count="5" type="stmt"/>
        <line num="24" count="21" type="stmt"/>
        <line num="25" count="5" type="stmt"/>
        <line num="26" count="5" type="cond" truecount="2" falsecount="0"/>
        <line num="28" count="3" type="stmt"/>
        <line num="29" count="3" type="stmt"/>
        <line num="30" count="3" type="cond" truecount="2" falsecount="0"/>
        <line num="31" count="2" type="stmt"/>
        <line num="34" count="2" type="stmt"/>
        <line num="37" count="2" type="cond" truecount="1" falsecount="1"/>
        <line num="38" count="0" type="cond" truecount="0" falsecount="2"/>
        <line num="39" count="0" type="cond" truecount="0" falsecount="2"/>
        <line num="40" count="1" type="cond" truecount="1" falsecount="1"/>
        <line num="41" count="1" type="stmt"/>
        <line num="44" count="0" type="stmt"/>
        <line num="48" count="21" type="stmt"/>
        <line num="64" count="4" type="stmt"/>
        <line num="76" count="4" type="stmt"/>
      </file>
      <file name="ManagerDashboard.jsx" path="C:\Users\Sudipta.Barua\Downloads\final project all things done without nodemodule\final project all things done without nodemodule\frontend\src\pages\ManagerDashboard.jsx">
        <metrics statements="6" coveredstatements="6" conditionals="2" coveredconditionals="2" methods="2" coveredmethods="2"/>
        <line num="7" count="3" type="stmt"/>
        <line num="8" count="49" type="stmt"/>
        <line num="9" count="16" type="stmt"/>
        <line num="11" count="16" type="stmt"/>
        <line num="12" count="9" type="stmt"/>
        <line num="15" count="16" type="stmt"/>
      </file>
      <file name="ResetPassword.jsx" path="C:\Users\Sudipta.Barua\Downloads\final project all things done without nodemodule\final project all things done without nodemodule\frontend\src\pages\ResetPassword.jsx">
        <metrics statements="26" coveredstatements="25" conditionals="8" coveredconditionals="8" methods="5" coveredmethods="5"/>
        <line num="5" count="2" type="stmt"/>
        <line num="6" count="10" type="stmt"/>
        <line num="7" count="10" type="stmt"/>
        <line num="8" count="10" type="stmt"/>
        <line num="9" count="10" type="stmt"/>
        <line num="10" count="10" type="stmt"/>
        <line num="11" count="10" type="stmt"/>
        <line num="12" count="10" type="stmt"/>
        <line num="14" count="10" type="stmt"/>
        <line num="15" count="2" type="stmt"/>
        <line num="16" count="2" type="stmt"/>
        <line num="17" count="2" type="stmt"/>
        <line num="18" count="2" type="stmt"/>
        <line num="20" count="2" type="cond" truecount="2" falsecount="0"/>
        <line num="21" count="1" type="stmt"/>
        <line num="22" count="1" type="stmt"/>
        <line num="23" count="1" type="stmt"/>
        <line num="26" count="1" type="stmt"/>
        <line num="27" count="1" type="stmt"/>
        <line num="28" count="1" type="stmt"/>
        <line num="29" count="1" type="stmt"/>
        <line num="31" count="0" type="stmt"/>
        <line num="33" count="1" type="stmt"/>
        <line num="37" count="10" type="stmt"/>
        <line num="52" count="2" type="stmt"/>
        <line num="64" count="2" type="stmt"/>
      </file>
    </package>
    <package name="src.routes">
      <metrics statements="8" coveredstatements="8" conditionals="0" coveredconditionals="0" methods="4" coveredmethods="4"/>
      <file name="AdminRoutes.jsx" path="C:\Users\Sudipta.Barua\Downloads\final project all things done without nodemodule\final project all things done without nodemodule\frontend\src\routes\AdminRoutes.jsx">
        <metrics statements="2" coveredstatements="2" conditionals="0" coveredconditionals="0" methods="1" coveredmethods="1"/>
        <line num="9" count="2" type="stmt"/>
        <line num="10" count="11" type="stmt"/>
      </file>
      <file name="AppRoutes.jsx" path="C:\Users\Sudipta.Barua\Downloads\final project all things done without nodemodule\final project all things done without nodemodule\frontend\src\routes\AppRoutes.jsx">
        <metrics statements="2" coveredstatements="2" conditionals="0" coveredconditionals="0" methods="1" coveredmethods="1"/>
        <line num="14" count="2" type="stmt"/>
        <line num="15" count="7" type="stmt"/>
      </file>
      <file name="ArtistRoutes.jsx" path="C:\Users\Sudipta.Barua\Downloads\final project all things done without nodemodule\final project all things done without nodemodule\frontend\src\routes\ArtistRoutes.jsx">
        <metrics statements="2" coveredstatements="2" conditionals="0" coveredconditionals="0" methods="1" coveredmethods="1"/>
        <line num="12" count="2" type="stmt"/>
        <line num="13" count="17" type="stmt"/>
      </file>
      <file name="ManagerRoutes.jsx" path="C:\Users\Sudipta.Barua\Downloads\final project all things done without nodemodule\final project all things done without nodemodule\frontend\src\routes\ManagerRoutes.jsx">
        <metrics statements="2" coveredstatements="2" conditionals="0" coveredconditionals="0" methods="1" coveredmethods="1"/>
        <line num="10" count="2" type="stmt"/>
        <line num="11" count="17" type="stmt"/>
      </file>
    </package>
    <package name="src.services">
      <metrics statements="129" coveredstatements="124" conditionals="35" coveredconditionals="30" methods="25" coveredmethods="25"/>
      <file name="AuthServices.jsx" path="C:\Users\Sudipta.Barua\Downloads\final project all things done without nodemodule\final project all things done without nodemodule\frontend\src\services\AuthServices.jsx">
        <metrics statements="16" coveredstatements="13" conditionals="6" coveredconditionals="6" methods="3" coveredmethods="3"/>
        <line num="3" count="2" type="stmt"/>
        <line num="5" count="2" type="stmt"/>
        <line num="6" count="2" type="stmt"/>
        <line num="7" count="2" type="stmt"/>
        <line num="8" count="0" type="stmt"/>
        <line num="10" count="2" type="cond" truecount="2" falsecount="0"/>
        <line num="15" count="2" type="stmt"/>
        <line num="16" count="2" type="stmt"/>
        <line num="17" count="2" type="stmt"/>
        <line num="18" count="0" type="stmt"/>
        <line num="20" count="2" type="cond" truecount="2" falsecount="0"/>
        <line num="24" count="2" type="stmt"/>
        <line num="25" count="2" type="stmt"/>
        <line num="26" count="2" type="stmt"/>
        <line num="27" count="0" type="stmt"/>
        <line num="29" count="2" type="cond" truecount="2" falsecount="0"/>
      </file>
      <file name="CollaborationService.jsx" path="C:\Users\Sudipta.Barua\Downloads\final project all things done without nodemodule\final project all things done without nodemodule\frontend\src\services\CollaborationService.jsx">
        <metrics statements="39" coveredstatements="39" conditionals="4" coveredconditionals="4" methods="7" coveredmethods="7"/>
        <line num="3" count="4" type="stmt"/>
        <line num="6" count="4" type="stmt"/>
        <line num="7" count="3" type="stmt"/>
        <line num="8" count="3" type="stmt"/>
        <line num="14" count="2" type="cond" truecount="2" falsecount="0"/>
        <line num="16" count="1" type="stmt"/>
        <line num="17" count="1" type="stmt"/>
        <line num="22" count="4" type="stmt"/>
        <line num="23" count="2" type="stmt"/>
        <line num="24" count="2" type="stmt"/>
        <line num="31" count="1" type="stmt"/>
        <line num="32" count="1" type="stmt"/>
        <line num="37" count="4" type="stmt"/>
        <line num="38" count="2" type="stmt"/>
        <line num="39" count="2" type="stmt"/>
        <line num="46" count="1" type="stmt"/>
        <line num="47" count="1" type="stmt"/>
        <line num="52" count="4" type="stmt"/>
        <line num="53" count="3" type="stmt"/>
        <line num="54" count="3" type="stmt"/>
        <line num="64" count="1" type="stmt"/>
        <line num="66" count="2" type="stmt"/>
        <line num="67" count="2" type="stmt"/>
        <line num="73" count="4" type="stmt"/>
        <line num="74" count="3" type="stmt"/>
        <line num="76" count="3" type="stmt"/>
        <line num="83" count="2" type="stmt"/>
        <line num="84" count="2" type="stmt"/>
        <line num="89" count="4" type="stmt"/>
        <line num="91" count="2" type="stmt"/>
        <line num="92" count="2" type="stmt"/>
        <line num="100" count="1" type="stmt"/>
        <line num="101" count="1" type="stmt"/>
        <line num="106" count="4" type="stmt"/>
        <line num="107" count="3" type="stmt"/>
        <line num="108" count="3" type="stmt"/>
        <line num="115" count="2" type="cond" truecount="2" falsecount="0"/>
        <line num="117" count="1" type="stmt"/>
        <line num="118" count="1" type="stmt"/>
      </file>
      <file name="SongService.jsx" path="C:\Users\Sudipta.Barua\Downloads\final project all things done without nodemodule\final project all things done without nodemodule\frontend\src\services\SongService.jsx">
        <metrics statements="19" coveredstatements="19" conditionals="2" coveredconditionals="2" methods="3" coveredmethods="3"/>
        <line num="3" count="5" type="stmt"/>
        <line num="5" count="5" type="stmt"/>
        <line num="8" count="3" type="stmt"/>
        <line num="9" count="3" type="stmt"/>
        <line num="15" count="1" type="stmt"/>
        <line num="17" count="2" type="cond" truecount="2" falsecount="0"/>
        <line num="18" count="1" type="stmt"/>
        <line num="20" count="1" type="stmt"/>
        <line num="21" count="1" type="stmt"/>
        <line num="28" count="3" type="stmt"/>
        <line num="29" count="3" type="stmt"/>
        <line num="35" count="2" type="stmt"/>
        <line num="37" count="1" type="stmt"/>
        <line num="38" count="1" type="stmt"/>
        <line num="44" count="3" type="stmt"/>
        <line num="45" count="3" type="stmt"/>
        <line num="51" count="1" type="stmt"/>
        <line num="53" count="2" type="stmt"/>
        <line num="54" count="2" type="stmt"/>
      </file>
      <file name="TransactionService.jsx" path="C:\Users\Sudipta.Barua\Downloads\final project all things done without nodemodule\final project all things done without nodemodule\frontend\src\services\TransactionService.jsx">
        <metrics statements="24" coveredstatements="24" conditionals="13" coveredconditionals="11" methods="7" coveredmethods="7"/>
        <line num="3" count="6" type="stmt"/>
        <line num="5" count="6" type="stmt"/>
        <line num="7" count="5" type="stmt"/>
        <line num="8" count="5" type="stmt"/>
        <line num="14" count="1" type="stmt"/>
        <line num="16" count="4" type="stmt"/>
        <line num="17" count="4" type="stmt"/>
        <line num="22" count="6" type="cond" truecount="5" falsecount="1"/>
        <line num="26" count="5" type="stmt"/>
        <line num="27" count="5" type="stmt"/>
        <line num="37" count="1" type="stmt"/>
        <line num="39" count="4" type="stmt"/>
        <line num="44" count="4" type="stmt"/>
        <line num="45" count="4" type="stmt"/>
        <line num="51" count="1" type="stmt"/>
        <line num="53" count="3" type="cond" truecount="2" falsecount="0"/>
        <line num="58" count="3" type="stmt"/>
        <line num="59" count="3" type="stmt"/>
        <line num="65" count="1" type="stmt"/>
        <line num="67" count="2" type="cond" truecount="2" falsecount="0"/>
        <line num="72" count="4" type="stmt"/>
        <line num="73" count="4" type="stmt"/>
        <line num="79" count="1" type="stmt"/>
        <line num="81" count="3" type="cond" truecount="2" falsecount="0"/>
      </file>
      <file name="userService.jsx" path="C:\Users\Sudipta.Barua\Downloads\final project all things done without nodemodule\final project all things done without nodemodule\frontend\src\services\userService.jsx">
        <metrics statements="31" coveredstatements="29" conditionals="10" coveredconditionals="7" methods="5" coveredmethods="5"/>
        <line num="3" count="6" type="stmt"/>
        <line num="6" count="6" type="stmt"/>
        <line num="7" count="3" type="stmt"/>
        <line num="8" count="3" type="stmt"/>
        <line num="13" count="3" type="stmt"/>
        <line num="19" count="1" type="stmt"/>
        <line num="21" count="2" type="cond" truecount="2" falsecount="0"/>
        <line num="26" count="6" type="stmt"/>
        <line num="27" count="3" type="stmt"/>
        <line num="28" count="3" type="stmt"/>
        <line num="34" count="1" type="stmt"/>
        <line num="36" count="2" type="stmt"/>
        <line num="41" count="6" type="stmt"/>
        <line num="42" count="2" type="stmt"/>
        <line num="43" count="2" type="stmt"/>
        <line num="49" count="1" type="stmt"/>
        <line num="51" count="1" type="stmt"/>
        <line num="56" count="6" type="stmt"/>
        <line num="57" count="3" type="stmt"/>
        <line num="58" count="3" type="stmt"/>
        <line num="64" count="2" type="cond" truecount="1" falsecount="1"/>
        <line num="65" count="2" type="stmt"/>
        <line num="67" count="0" type="stmt"/>
        <line num="69" count="1" type="cond" truecount="1" falsecount="1"/>
        <line num="74" count="6" type="stmt"/>
        <line num="75" count="5" type="stmt"/>
        <line num="76" count="5" type="stmt"/>
        <line num="82" count="3" type="cond" truecount="1" falsecount="1"/>
        <line num="83" count="2" type="stmt"/>
        <line num="85" count="0" type="stmt"/>
        <line num="87" count="3" type="cond" truecount="2" falsecount="0"/>
      </file>
    </package>
    <package name="src.utils">
      <metrics statements="14" coveredstatements="14" conditionals="10" coveredconditionals="10" methods="2" coveredmethods="2"/>
      <file name="PrivateRoutes.jsx" path="C:\Users\Sudipta.Barua\Downloads\final project all things done without nodemodule\final project all things done without nodemodule\frontend\src\utils\PrivateRoutes.jsx">
        <metrics statements="5" coveredstatements="5" conditionals="4" coveredconditionals="4" methods="1" coveredmethods="1"/>
        <line num="6" count="2" type="stmt"/>
        <line num="7" count="3" type="stmt"/>
        <line num="8" count="3" type="cond" truecount="2" falsecount="0"/>
        <line num="9" count="1" type="stmt"/>
        <line num="11" count="2" type="cond" truecount="2" falsecount="0"/>
      </file>
      <file name="RoleBaseRoutes.jsx" path="C:\Users\Sudipta.Barua\Downloads\final project all things done without nodemodule\final project all things done without nodemodule\frontend\src\utils\RoleBaseRoutes.jsx">
        <metrics statements="9" coveredstatements="9" conditionals="6" coveredconditionals="6" methods="1" coveredmethods="1"/>
        <line num="5" count="2" type="stmt"/>
        <line num="6" count="4" type="stmt"/>
        <line num="8" count="4" type="cond" truecount="2" falsecount="0"/>
        <line num="9" count="1" type="stmt"/>
        <line num="13" count="3" type="cond" truecount="2" falsecount="0"/>
        <line num="14" count="1" type="stmt"/>
        <line num="18" count="2" type="cond" truecount="2" falsecount="0"/>
        <line num="19" count="1" type="stmt"/>
        <line num="22" count="1" type="stmt"/>
      </file>
    </package>
  </project>
</coverage>
