TN:
SF:src\App.jsx
FN:4,App
FNF:1
FNH:1
FNDA:1,App
DA:1,1
DA:2,1
DA:4,1
DA:5,1
DA:6,1
DA:7,1
DA:8,1
DA:10,1
DA:12,1
LF:9
LH:9
BRDA:4,0,0,1
BRF:1
BRH:1
end_of_record
TN:
SF:src\pages\ForgotPassword.jsx
FN:5,ForgotPassword
FN:12,handleSubmit
FN:48,onChange
FN:61,onClick
FNF:4
FNH:4
FNDA:6,ForgotPassword
FNDA:1,handleSubmit
FNDA:1,onChange
FNDA:1,onClick
DA:1,1
DA:2,1
DA:3,1
DA:5,1
DA:6,6
DA:7,6
DA:8,6
DA:9,6
DA:10,6
DA:12,6
DA:13,1
DA:14,1
DA:15,1
DA:16,1
DA:18,1
DA:19,1
DA:20,1
DA:21,1
DA:22,1
DA:23,0
DA:24,0
DA:25,1
DA:26,0
DA:27,1
DA:28,1
DA:29,1
DA:30,1
DA:32,6
DA:33,6
DA:34,6
DA:35,6
DA:36,6
DA:37,6
DA:38,6
DA:39,6
DA:41,6
DA:42,6
DA:43,6
DA:44,6
DA:45,6
DA:46,6
DA:47,6
DA:48,6
DA:49,6
DA:50,6
DA:51,6
DA:52,6
DA:53,6
DA:54,6
DA:55,6
DA:57,6
DA:58,6
DA:59,6
DA:60,6
DA:61,6
DA:62,6
DA:63,6
DA:65,6
DA:66,6
DA:67,6
DA:69,6
DA:71,1
LF:62
LH:59
BRDA:5,0,0,6
BRDA:35,1,0,1
BRDA:36,2,0,0
BRDA:54,3,0,1
BRDA:54,4,0,5
BRDA:57,5,0,1
BRDA:57,6,0,5
BRDA:12,7,0,1
BRDA:22,8,0,0
BRDA:25,9,0,0
BRDA:48,10,0,1
BRDA:61,11,0,1
BRF:12
BRH:9
end_of_record
TN:
SF:src\pages\Login.jsx
FN:6,Login
FN:13,validate
FN:24,handleSubmit
FN:64,onChange
FN:76,onChange
FNF:5
FNH:5
FNDA:19,Login
FNDA:3,validate
FNDA:3,handleSubmit
FNDA:3,onChange
FNDA:3,onChange
DA:1,1
DA:2,1
DA:3,1
DA:4,1
DA:6,1
DA:7,19
DA:8,19
DA:9,19
DA:10,19
DA:11,19
DA:13,19
DA:14,3
DA:15,3
DA:16,3
DA:17,3
DA:18,3
DA:20,3
DA:21,3
DA:22,3
DA:24,19
DA:25,3
DA:26,3
DA:28,3
DA:29,3
DA:30,3
DA:31,1
DA:34,1
DA:37,1
DA:38,0
DA:39,0
DA:40,1
DA:41,1
DA:42,1
DA:43,3
DA:44,1
DA:45,1
DA:46,3
DA:48,19
DA:49,19
DA:50,19
DA:52,19
DA:53,19
DA:54,19
DA:55,19
DA:56,19
DA:57,19
DA:58,19
DA:59,19
DA:60,19
DA:61,19
DA:62,19
DA:63,19
DA:64,19
DA:65,19
DA:66,19
DA:67,19
DA:69,19
DA:70,19
DA:71,19
DA:72,19
DA:73,19
DA:74,19
DA:75,19
DA:76,19
DA:77,19
DA:78,19
DA:79,19
DA:81,19
DA:82,19
DA:84,19
DA:85,19
DA:87,19
DA:88,19
DA:90,19
DA:91,19
DA:92,19
DA:93,19
DA:94,19
DA:95,19
DA:97,19
DA:98,19
DA:99,19
DA:101,19
DA:103,1
LF:84
LH:82
BRDA:6,0,0,19
BRDA:55,1,0,1
BRDA:13,2,0,3
BRDA:15,3,0,0
BRDA:16,4,0,0
BRDA:17,5,0,0
BRDA:18,6,0,0
BRDA:24,7,0,3
BRDA:26,8,0,0
BRDA:29,9,0,2
BRDA:30,10,0,1
BRDA:37,11,0,0
BRDA:43,12,0,1
BRDA:64,13,0,3
BRDA:76,14,0,3
BRF:15
BRH:9
end_of_record
TN:
SF:src\pages\ResetPassword.jsx
FN:5,ResetPassword
FN:14,handleSubmit
FN:52,onChange
FN:64,onChange
FNF:4
FNH:4
FNDA:10,ResetPassword
FNDA:2,handleSubmit
FNDA:2,onChange
FNDA:2,onChange
DA:1,1
DA:2,1
DA:3,1
DA:5,1
DA:6,10
DA:7,10
DA:8,10
DA:9,10
DA:10,10
DA:11,10
DA:12,10
DA:14,10
DA:15,2
DA:16,2
DA:17,2
DA:18,2
DA:20,2
DA:21,1
DA:22,1
DA:23,1
DA:24,1
DA:26,1
DA:27,1
DA:28,1
DA:29,1
DA:30,2
DA:31,0
DA:32,2
DA:33,1
DA:34,1
DA:35,2
DA:37,10
DA:38,10
DA:39,10
DA:40,10
DA:41,10
DA:42,10
DA:43,10
DA:44,10
DA:45,10
DA:46,10
DA:47,10
DA:48,10
DA:49,10
DA:50,10
DA:51,10
DA:52,10
DA:53,10
DA:54,10
DA:55,10
DA:56,10
DA:57,10
DA:58,10
DA:59,10
DA:60,10
DA:61,10
DA:62,10
DA:63,10
DA:64,10
DA:65,10
DA:66,10
DA:67,10
DA:68,10
DA:69,10
DA:70,10
DA:71,10
DA:72,10
DA:73,10
DA:75,10
DA:77,1
LF:70
LH:69
BRDA:5,0,0,10
BRDA:41,1,0,1
BRDA:42,2,0,1
BRDA:69,3,0,1
BRDA:69,4,0,9
BRDA:14,5,0,2
BRDA:20,6,0,1
BRDA:30,7,0,0
BRDA:32,8,0,1
BRDA:29,9,0,1
BRDA:52,10,0,2
BRDA:64,11,0,2
BRF:12
BRH:11
end_of_record
TN:
SF:src\services\AuthServices.jsx
FN:8,loginUser
FN:19,resetPassword
FN:28,forgotPassword
FNF:3
FNH:3
FNDA:2,loginUser
FNDA:2,resetPassword
FNDA:2,forgotPassword
DA:1,1
DA:2,1
DA:6,1
DA:8,1
DA:9,2
DA:10,2
DA:11,2
DA:12,0
DA:13,2
DA:14,2
DA:15,2
DA:16,2
DA:19,1
DA:20,2
DA:21,2
DA:22,0
DA:23,2
DA:24,2
DA:25,2
DA:26,2
DA:28,1
DA:29,2
DA:30,2
DA:31,0
DA:32,2
DA:33,2
DA:34,2
DA:35,2
LF:28
LH:25
BRDA:8,0,0,2
BRDA:11,1,0,0
BRDA:14,2,0,1
BRDA:14,3,0,1
BRDA:19,4,0,2
BRDA:21,5,0,0
BRDA:24,6,0,1
BRDA:24,7,0,1
BRDA:28,8,0,2
BRDA:30,9,0,0
BRDA:33,10,0,1
BRDA:33,11,0,1
BRF:12
BRH:9
end_of_record
TN:
SF:src\utils\public-ip.js
FN:3,getPublicIp
FNF:1
FNH:1
FNDA:2,getPublicIp
DA:1,1
DA:2,1
DA:3,1
DA:4,2
DA:5,0
DA:6,0
DA:7,0
DA:8,2
DA:9,2
DA:10,0
DA:11,0
DA:12,0
DA:13,2
DA:14,2
DA:15,2
DA:16,2
DA:17,2
DA:18,2
DA:19,2
LF:19
LH:13
BRDA:3,0,0,2
BRDA:4,1,0,0
BRDA:10,2,0,0
BRF:3
BRH:1
end_of_record
