TN:
SF:main.js
FN:1,(empty-report)
FNF:1
FNH:0
FNDA:0,(empty-report)
DA:1,0
DA:2,0
DA:3,0
DA:4,0
DA:5,0
DA:6,0
DA:7,0
DA:8,0
DA:9,0
DA:10,0
DA:11,0
DA:12,0
DA:13,0
DA:14,0
DA:15,0
DA:16,0
DA:17,0
DA:18,0
DA:19,0
DA:20,0
DA:21,0
DA:22,0
DA:23,0
DA:24,0
DA:25,0
DA:26,0
DA:27,0
LF:27
LH:0
BRDA:1,0,0,0
BRF:1
BRH:0
end_of_record
TN:
SF:tailwind.config.js
FN:1,(empty-report)
FNF:1
FNH:0
FNDA:0,(empty-report)
DA:1,0
DA:2,0
DA:3,0
DA:4,0
DA:5,0
DA:6,0
DA:7,0
DA:8,0
DA:9,0
DA:10,0
DA:11,0
DA:12,0
DA:13,0
DA:14,0
DA:15,0
DA:16,0
DA:17,0
DA:18,0
LF:18
LH:0
BRDA:1,0,0,0
BRF:1
BRH:0
end_of_record
TN:
SF:src\App.jsx
FN:4,App
FNF:1
FNH:1
FNDA:1,App
DA:1,1
DA:2,1
DA:4,1
DA:5,1
DA:6,1
DA:7,1
DA:8,1
DA:10,1
DA:12,1
LF:9
LH:9
BRDA:4,0,0,1
BRF:1
BRH:1
end_of_record
TN:
SF:src\main.jsx
FN:1,(empty-report)
FNF:1
FNH:0
FNDA:0,(empty-report)
DA:1,0
DA:2,0
DA:3,0
DA:4,0
DA:5,0
DA:6,0
DA:7,0
DA:8,0
DA:10,0
DA:11,0
DA:12,0
DA:13,0
DA:14,0
DA:15,0
DA:16,0
DA:17,0
DA:18,0
DA:19,0
DA:20,0
DA:21,0
DA:22,0
LF:21
LH:0
BRDA:1,0,0,0
BRF:1
BRH:0
end_of_record
TN:
SF:src\components\commonComponents\Navbar.jsx
FN:8,Navbar
FN:18,handleLogout
FN:24,toggleProfile
FN:30,toggleNotifications
FN:36,handleClickOutside
FNF:5
FNH:5
FNDA:20,Navbar
FNDA:1,handleLogout
FNDA:5,toggleProfile
FNDA:5,toggleNotifications
FNDA:2,handleClickOutside
DA:1,1
DA:2,1
DA:3,1
DA:4,1
DA:5,1
DA:6,1
DA:8,1
DA:9,20
DA:10,20
DA:11,20
DA:12,20
DA:13,20
DA:14,20
DA:16,20
DA:18,20
DA:19,1
DA:20,1
DA:21,1
DA:24,20
DA:25,5
DA:26,5
DA:27,5
DA:30,20
DA:31,5
DA:32,5
DA:33,5
DA:35,20
DA:36,8
DA:37,2
DA:38,2
DA:39,2
DA:40,2
DA:41,2
DA:42,2
DA:43,2
DA:44,2
DA:45,8
DA:46,8
DA:47,20
DA:49,20
DA:50,20
DA:51,20
DA:52,20
DA:53,20
DA:54,20
DA:56,20
DA:57,20
DA:58,20
DA:59,20
DA:60,20
DA:61,20
DA:62,20
DA:63,20
DA:65,20
DA:67,20
DA:68,20
DA:69,20
DA:70,20
DA:71,20
DA:72,20
DA:73,20
DA:75,20
DA:76,20
DA:78,20
DA:79,4
DA:80,4
DA:81,4
DA:84,20
DA:85,4
DA:86,4
DA:87,4
DA:89,4
DA:90,4
DA:91,4
DA:92,4
DA:93,4
DA:95,20
DA:97,20
DA:99,1
LF:79
LH:79
BRDA:8,0,0,20
BRDA:54,1,0,0
BRDA:57,2,0,0
BRDA:78,3,0,4
BRDA:84,4,0,4
BRDA:84,5,0,4
BRDA:18,6,0,1
BRDA:24,7,0,5
BRDA:25,8,0,5
BRDA:30,9,0,5
BRDA:31,10,0,5
BRDA:35,11,0,8
BRDA:36,12,0,2
BRDA:38,13,0,1
BRDA:39,14,0,1
BRDA:46,15,0,8
BRF:16
BRH:14
end_of_record
TN:
SF:src\components\commonComponents\Notification.jsx
FN:4,Notifications
FN:25,onClick
FNF:2
FNH:2
FNDA:8,Notifications
FNDA:1,onClick
DA:1,1
DA:2,1
DA:4,1
DA:5,8
DA:7,8
DA:8,8
DA:9,8
DA:10,8
DA:11,1
DA:12,7
DA:13,5
DA:15,2
DA:16,2
DA:18,3
DA:19,3
DA:20,3
DA:22,3
DA:23,3
DA:24,3
DA:25,3
DA:26,3
DA:28,3
DA:29,3
DA:30,2
DA:31,2
DA:33,8
DA:35,8
DA:37,1
LF:28
LH:28
BRDA:4,0,0,8
BRDA:10,1,0,1
BRDA:11,2,0,7
BRDA:12,3,0,5
BRDA:13,4,0,2
BRDA:16,5,0,3
BRDA:25,6,0,1
BRF:7
BRH:7
end_of_record
TN:
SF:src\components\commonComponents\SearchBar.jsx
FN:3,SearchBar
FN:6,handleSearch
FNF:2
FNH:2
FNDA:87,SearchBar
FNDA:21,handleSearch
DA:1,1
DA:3,1
DA:4,87
DA:6,87
DA:7,21
DA:8,21
DA:9,21
DA:10,21
DA:12,87
DA:13,87
DA:14,87
DA:15,87
DA:16,87
DA:17,87
DA:18,87
DA:19,87
DA:21,87
DA:23,1
LF:18
LH:18
BRDA:3,0,0,87
BRDA:6,1,0,21
BRF:2
BRH:2
end_of_record
TN:
SF:src\components\commonComponents\SummaryCard.jsx
FN:3,SummaryCard
FNF:1
FNH:1
FNDA:33,SummaryCard
DA:1,1
DA:3,1
DA:4,33
DA:5,33
DA:6,33
DA:7,33
DA:8,33
DA:10,33
DA:12,1
LF:9
LH:9
BRDA:3,0,0,33
BRF:1
BRH:1
end_of_record
TN:
SF:src\components\commonComponents\UserTransactions.jsx
FN:1,(empty-report)
FNF:1
FNH:0
FNDA:0,(empty-report)
DA:1,0
DA:2,0
DA:3,0
DA:5,0
DA:6,0
DA:7,0
DA:8,0
DA:9,0
DA:11,0
DA:12,0
DA:13,0
DA:14,0
DA:15,0
DA:16,0
DA:18,0
DA:19,0
DA:20,0
DA:21,0
DA:22,0
DA:23,0
DA:24,0
DA:25,0
DA:27,0
DA:28,0
DA:31,0
DA:32,0
DA:33,0
DA:34,0
DA:35,0
DA:36,0
DA:37,0
DA:38,0
DA:39,0
DA:40,0
DA:41,0
DA:42,0
DA:43,0
DA:44,0
DA:45,0
DA:46,0
DA:47,0
DA:48,0
DA:49,0
DA:51,0
DA:52,0
DA:53,0
DA:55,0
DA:58,0
DA:59,0
DA:60,0
DA:61,0
DA:62,0
DA:65,0
DA:66,0
DA:67,0
DA:68,0
DA:69,0
DA:71,0
DA:72,0
DA:74,0
DA:75,0
DA:76,0
DA:77,0
DA:79,0
DA:80,0
DA:81,0
DA:82,0
DA:83,0
DA:84,0
DA:85,0
DA:86,0
DA:87,0
DA:88,0
DA:89,0
DA:90,0
DA:91,0
DA:92,0
DA:93,0
DA:94,0
DA:95,0
DA:96,0
DA:98,0
DA:99,0
DA:100,0
DA:101,0
DA:102,0
DA:103,0
DA:104,0
DA:105,0
DA:106,0
DA:107,0
DA:108,0
DA:109,0
DA:110,0
DA:111,0
DA:112,0
DA:113,0
DA:114,0
DA:115,0
DA:116,0
DA:117,0
DA:118,0
DA:119,0
DA:120,0
DA:121,0
DA:122,0
DA:123,0
DA:126,0
DA:127,0
DA:128,0
DA:129,0
DA:130,0
DA:131,0
DA:132,0
DA:133,0
DA:134,0
DA:135,0
DA:136,0
DA:137,0
DA:138,0
DA:139,0
DA:140,0
DA:141,0
DA:142,0
DA:143,0
DA:144,0
DA:146,0
DA:148,0
DA:150,0
DA:152,0
LF:130
LH:0
BRDA:1,0,0,0
BRF:1
BRH:0
end_of_record
TN:
SF:src\components\dashboard\AdminSidebar.jsx
FN:11,AdminSidebar
FN:13,handleLinkClick
FN:35,className
FN:47,className
FN:59,className
FN:71,className
FN:83,className
FNF:7
FNH:7
FNDA:9,AdminSidebar
FNDA:4,handleLinkClick
FNDA:13,className
FNDA:13,className
FNDA:13,className
FNDA:13,className
FNDA:13,className
DA:1,1
DA:2,1
DA:3,1
DA:11,1
DA:13,9
DA:14,4
DA:15,2
DA:16,2
DA:17,4
DA:19,9
DA:20,9
DA:21,9
DA:22,9
DA:25,9
DA:26,9
DA:27,9
DA:30,9
DA:31,9
DA:32,9
DA:33,9
DA:34,9
DA:35,9
DA:36,13
DA:37,13
DA:40,9
DA:41,9
DA:42,9
DA:44,9
DA:45,9
DA:46,9
DA:47,9
DA:48,13
DA:49,13
DA:52,9
DA:53,9
DA:54,9
DA:56,9
DA:57,9
DA:58,9
DA:59,9
DA:60,13
DA:61,13
DA:64,9
DA:65,9
DA:66,9
DA:68,9
DA:69,9
DA:70,9
DA:71,9
DA:72,13
DA:73,13
DA:76,9
DA:77,9
DA:78,9
DA:80,9
DA:81,9
DA:82,9
DA:83,9
DA:84,13
DA:85,13
DA:88,9
DA:89,9
DA:90,9
DA:91,9
DA:92,9
DA:94,9
DA:96,1
LF:67
LH:67
BRDA:11,0,0,9
BRDA:22,1,0,8
BRDA:22,2,0,1
BRDA:13,3,0,4
BRDA:14,4,0,2
BRDA:35,5,0,13
BRDA:37,6,0,4
BRDA:37,7,0,9
BRDA:47,8,0,13
BRDA:49,9,0,0
BRDA:59,10,0,13
BRDA:61,11,0,0
BRDA:71,12,0,13
BRDA:73,13,0,0
BRDA:83,14,0,13
BRDA:85,15,0,0
BRF:16
BRH:12
end_of_record
TN:
SF:src\components\dashboard\ArtistSidebar.jsx
FN:5,ArtistSidebar
FN:6,handleLinkClick
FN:26,className
FN:35,className
FN:44,className
FN:53,className
FN:62,className
FN:71,className
FN:80,className
FN:89,className
FNF:10
FNH:10
FNDA:4,ArtistSidebar
FNDA:9,handleLinkClick
FNDA:13,className
FNDA:13,className
FNDA:13,className
FNDA:13,className
FNDA:13,className
FNDA:13,className
FNDA:13,className
FNDA:13,className
DA:1,1
DA:2,1
DA:3,1
DA:5,1
DA:6,4
DA:7,9
DA:8,9
DA:9,9
DA:10,9
DA:12,4
DA:13,4
DA:16,4
DA:17,4
DA:18,4
DA:21,4
DA:22,4
DA:23,4
DA:24,4
DA:25,4
DA:26,4
DA:28,4
DA:29,4
DA:30,4
DA:32,4
DA:33,4
DA:34,4
DA:35,4
DA:37,4
DA:38,4
DA:39,4
DA:41,4
DA:42,4
DA:43,4
DA:44,4
DA:46,4
DA:47,4
DA:48,4
DA:50,4
DA:51,4
DA:52,4
DA:53,4
DA:55,4
DA:56,4
DA:57,4
DA:59,4
DA:60,4
DA:61,4
DA:62,4
DA:64,4
DA:65,4
DA:66,4
DA:68,4
DA:69,4
DA:70,4
DA:71,4
DA:73,4
DA:74,4
DA:75,4
DA:77,4
DA:78,4
DA:79,4
DA:80,4
DA:82,4
DA:83,4
DA:84,4
DA:86,4
DA:87,4
DA:88,4
DA:89,4
DA:91,4
DA:92,4
DA:93,4
DA:94,4
DA:95,4
DA:97,4
DA:99,1
LF:76
LH:76
BRDA:5,0,0,4
BRDA:13,1,0,0
BRDA:6,2,0,9
BRDA:26,3,0,13
BRDA:26,4,0,2
BRDA:26,5,0,11
BRDA:35,6,0,13
BRDA:35,7,0,1
BRDA:35,8,0,12
BRDA:44,9,0,13
BRDA:44,10,0,1
BRDA:44,11,0,12
BRDA:53,12,0,13
BRDA:53,13,0,1
BRDA:53,14,0,12
BRDA:62,15,0,13
BRDA:62,16,0,1
BRDA:62,17,0,12
BRDA:71,18,0,13
BRDA:71,19,0,1
BRDA:71,20,0,12
BRDA:80,21,0,13
BRDA:80,22,0,1
BRDA:80,23,0,12
BRDA:89,24,0,13
BRDA:89,25,0,1
BRDA:89,26,0,12
BRF:27
BRH:26
end_of_record
TN:
SF:src\components\dashboard\ManagerSidebar.jsx
FN:12,ManagerSidebar
FN:14,handleLinkClick
FN:36,className
FN:48,className
FN:60,className
FN:72,className
FN:84,className
FN:96,className
FNF:8
FNH:8
FNDA:8,ManagerSidebar
FNDA:14,handleLinkClick
FNDA:22,className
FNDA:22,className
FNDA:22,className
FNDA:22,className
FNDA:22,className
FNDA:22,className
DA:1,1
DA:2,1
DA:3,1
DA:12,1
DA:14,8
DA:15,14
DA:16,7
DA:17,7
DA:18,14
DA:20,8
DA:21,8
DA:22,8
DA:23,8
DA:26,8
DA:27,8
DA:28,8
DA:31,8
DA:32,8
DA:33,8
DA:34,8
DA:35,8
DA:36,8
DA:37,22
DA:38,22
DA:41,8
DA:42,8
DA:43,8
DA:45,8
DA:46,8
DA:47,8
DA:48,8
DA:49,22
DA:50,22
DA:53,8
DA:54,8
DA:55,8
DA:57,8
DA:58,8
DA:59,8
DA:60,8
DA:61,22
DA:62,22
DA:65,8
DA:66,8
DA:67,8
DA:69,8
DA:70,8
DA:71,8
DA:72,8
DA:73,22
DA:74,22
DA:77,8
DA:78,8
DA:79,8
DA:81,8
DA:82,8
DA:83,8
DA:84,8
DA:85,22
DA:86,22
DA:89,8
DA:90,8
DA:91,8
DA:93,8
DA:94,8
DA:95,8
DA:96,8
DA:97,22
DA:98,22
DA:101,8
DA:102,8
DA:103,8
DA:104,8
DA:105,8
DA:107,8
DA:109,1
LF:76
LH:76
BRDA:12,0,0,8
BRDA:23,1,0,7
BRDA:23,2,0,1
BRDA:14,3,0,14
BRDA:15,4,0,7
BRDA:36,5,0,22
BRDA:38,6,0,4
BRDA:38,7,0,18
BRDA:48,8,0,22
BRDA:50,9,0,2
BRDA:50,10,0,20
BRDA:60,11,0,22
BRDA:62,12,0,2
BRDA:62,13,0,20
BRDA:72,14,0,22
BRDA:74,15,0,2
BRDA:74,16,0,20
BRDA:84,17,0,22
BRDA:86,18,0,2
BRDA:86,19,0,20
BRDA:96,20,0,22
BRDA:98,21,0,2
BRDA:98,22,0,20
BRF:23
BRH:23
end_of_record
TN:
SF:src\components\dashboard\adminPages\AdminPayments.jsx
FN:8,Payments
FN:17,handleArtistChange
FN:22,handleCreateTransaction
FN:27,loadTransactions
FN:82,onClick
FNF:5
FNH:5
FNDA:14,Payments
FNDA:1,handleArtistChange
FNDA:1,handleCreateTransaction
FNDA:4,loadTransactions
FNDA:1,onClick
DA:1,1
DA:2,1
DA:3,1
DA:4,1
DA:5,1
DA:6,1
DA:8,1
DA:9,14
DA:10,14
DA:12,14
DA:13,14
DA:14,14
DA:17,14
DA:18,1
DA:19,1
DA:20,1
DA:22,14
DA:23,1
DA:24,1
DA:25,1
DA:27,14
DA:28,4
DA:29,0
DA:30,0
DA:31,0
DA:33,4
DA:35,4
DA:36,4
DA:38,14
DA:39,7
DA:40,4
DA:41,4
DA:42,4
DA:43,4
DA:44,14
DA:46,14
DA:47,14
DA:48,14
DA:50,14
DA:51,14
DA:52,14
DA:53,14
DA:54,26
DA:55,14
DA:56,14
DA:58,14
DA:59,0
DA:60,0
DA:61,0
DA:64,14
DA:65,10
DA:66,10
DA:67,10
DA:68,10
DA:69,10
DA:70,10
DA:71,10
DA:72,10
DA:73,10
DA:74,10
DA:75,10
DA:76,20
DA:77,20
DA:78,20
DA:79,20
DA:80,20
DA:81,20
DA:82,20
DA:84,20
DA:85,20
DA:86,20
DA:87,10
DA:88,10
DA:89,10
DA:91,3
DA:93,3
DA:97,14
DA:98,1
DA:99,1
DA:100,1
DA:101,1
DA:102,1
DA:103,1
DA:104,1
DA:107,14
DA:108,14
DA:109,14
DA:110,14
DA:111,14
DA:112,14
DA:113,14
DA:114,14
DA:116,14
DA:118,1
LF:94
LH:88
BRDA:8,0,0,14
BRDA:51,1,0,3
BRDA:58,2,0,0
BRDA:64,3,0,10
BRDA:64,4,0,10
BRDA:89,5,0,3
BRDA:97,6,0,1
BRDA:17,7,0,1
BRDA:19,8,0,0
BRDA:22,9,0,1
BRDA:27,10,0,4
BRDA:28,11,0,0
BRDA:38,12,0,7
BRDA:39,13,0,4
BRDA:53,14,0,26
BRDA:75,15,0,20
BRDA:77,16,0,0
BRDA:78,17,0,0
BRDA:79,18,0,0
BRDA:79,19,0,0
BRDA:82,20,0,1
BRF:21
BRH:14
end_of_record
TN:
SF:src\components\dashboard\adminPages\AdminSummary.jsx
FN:10,AdminSummary
FNF:1
FNH:1
FNDA:9,AdminSummary
DA:1,1
DA:2,1
DA:3,1
DA:4,1
DA:5,1
DA:6,1
DA:7,1
DA:10,1
DA:11,9
DA:13,9
DA:14,9
DA:15,9
DA:18,9
DA:19,9
DA:20,9
DA:21,9
DA:24,9
DA:25,9
DA:26,9
DA:27,9
DA:28,9
DA:30,9
DA:31,9
DA:32,9
DA:33,9
DA:34,9
DA:37,9
DA:38,9
DA:39,9
DA:40,9
DA:41,9
DA:43,9
DA:45,1
LF:33
LH:33
BRDA:10,0,0,9
BRF:1
BRH:1
end_of_record
TN:
SF:src\components\dashboard\adminPages\ArtistTable.jsx
FN:5,ArtistsTable
FNF:1
FNH:1
FNDA:11,ArtistsTable
DA:1,1
DA:2,1
DA:5,1
DA:6,11
DA:8,11
DA:9,1
DA:10,1
DA:11,1
DA:14,10
DA:15,25
DA:16,24
DA:17,24
DA:18,25
DA:19,10
DA:22,10
DA:23,22
DA:24,10
DA:26,10
DA:27,10
DA:28,10
DA:29,10
DA:30,10
DA:31,10
DA:32,10
DA:33,10
DA:34,10
DA:35,10
DA:36,10
DA:37,10
DA:38,10
DA:39,10
DA:40,10
DA:41,8
DA:42,17
DA:43,17
DA:44,17
DA:45,17
DA:46,17
DA:47,17
DA:48,17
DA:49,8
DA:51,2
DA:52,2
DA:54,2
DA:55,2
DA:57,11
DA:58,11
DA:59,11
DA:60,11
DA:62,11
DA:64,1
LF:51
LH:51
BRDA:5,0,0,11
BRDA:8,1,0,1
BRDA:11,2,0,10
BRDA:40,3,0,8
BRDA:49,4,0,2
BRDA:14,5,0,25
BRDA:15,6,0,0
BRDA:15,7,0,0
BRDA:15,8,0,24
BRDA:16,9,0,0
BRDA:16,10,0,0
BRDA:17,11,0,1
BRDA:18,12,0,0
BRDA:18,13,0,0
BRDA:22,14,0,22
BRDA:23,15,0,21
BRDA:23,16,0,6
BRDA:23,17,0,1
BRDA:41,18,0,17
BRDA:43,19,0,1
BRDA:44,20,0,1
BRDA:46,21,0,1
BRF:22
BRH:16
end_of_record
TN:
SF:src\components\dashboard\adminPages\CreateTransactionForm.jsx
FN:4,CreateTransactionForm
FN:7,handleTransactionSubmit
FN:45,onChange
FN:47,onClick
FNF:4
FNH:4
FNDA:7,CreateTransactionForm
FNDA:3,handleTransactionSubmit
FNDA:2,onChange
FNDA:1,onClick
DA:1,1
DA:2,1
DA:4,1
DA:5,7
DA:7,7
DA:8,3
DA:9,3
DA:11,3
DA:12,1
DA:13,1
DA:14,1
DA:16,3
DA:18,1
DA:19,1
DA:20,1
DA:22,1
DA:23,1
DA:24,1
DA:25,3
DA:26,3
DA:27,3
DA:29,3
DA:31,3
DA:33,3
DA:34,1
DA:35,1
DA:36,1
DA:37,1
DA:38,3
DA:40,7
DA:41,7
DA:42,7
DA:43,7
DA:44,7
DA:45,7
DA:46,7
DA:47,7
DA:48,7
DA:49,7
DA:51,7
DA:53,1
LF:41
LH:41
BRDA:4,0,0,7
BRDA:7,1,0,3
BRDA:11,2,0,2
BRDA:11,3,0,2
BRDA:11,4,0,1
BRDA:14,5,0,2
BRDA:16,6,0,1
BRDA:29,7,0,1
BRDA:31,8,0,0
BRDA:33,9,0,1
BRDA:45,10,0,2
BRDA:47,11,0,1
BRF:12
BRH:11
end_of_record
TN:
SF:src\components\dashboard\adminPages\CreateUserForm.jsx
FN:4,CreateUserForm
FN:18,handleChange
FN:25,handleSubmit
FNF:3
FNH:3
FNDA:45,CreateUserForm
FNDA:35,handleChange
FNDA:5,handleSubmit
DA:1,1
DA:2,1
DA:4,1
DA:5,45
DA:6,45
DA:7,45
DA:8,45
DA:9,45
DA:10,45
DA:11,45
DA:12,45
DA:13,45
DA:15,45
DA:16,45
DA:18,45
DA:19,35
DA:20,35
DA:21,35
DA:22,35
DA:23,35
DA:25,45
DA:26,5
DA:27,5
DA:28,5
DA:29,5
DA:30,5
DA:33,5
DA:34,5
DA:35,5
DA:36,5
DA:37,5
DA:38,5
DA:39,5
DA:40,5
DA:41,5
DA:42,5
DA:43,3
DA:44,3
DA:45,3
DA:46,5
DA:48,45
DA:49,45
DA:50,45
DA:51,45
DA:52,45
DA:54,45
DA:55,45
DA:56,45
DA:57,270
DA:58,270
DA:59,270
DA:60,270
DA:61,270
DA:62,270
DA:63,270
DA:64,270
DA:65,270
DA:66,270
DA:67,270
DA:68,270
DA:69,270
DA:70,270
DA:71,45
DA:73,45
DA:74,45
DA:76,45
DA:77,45
DA:78,45
DA:79,45
DA:80,45
DA:81,45
DA:82,45
DA:84,45
DA:85,45
DA:86,45
DA:87,45
DA:89,45
DA:90,45
DA:91,45
DA:92,45
DA:94,45
DA:96,45
DA:97,5
DA:98,5
DA:99,5
DA:101,45
DA:102,45
DA:103,45
DA:105,45
DA:107,1
LF:90
LH:90
BRDA:4,0,0,45
BRDA:96,1,0,5
BRDA:97,2,0,2
BRDA:97,3,0,3
BRDA:18,4,0,35
BRDA:25,5,0,5
BRDA:28,6,0,2
BRDA:29,7,0,1
BRDA:42,8,0,3
BRDA:43,9,0,1
BRDA:56,10,0,270
BRDA:62,11,0,45
BRDA:62,12,0,225
BRF:13
BRH:13
end_of_record
TN:
SF:src\components\dashboard\adminPages\DeleteUserForm.jsx
FN:5,DeleteUserForm
FN:10,getUsers
FN:22,handleSearch
FN:30,handleToggleStatus
FN:68,onClick
FNF:5
FNH:4
FNDA:5,DeleteUserForm
FNDA:2,getUsers
FNDA:0,handleSearch
FNDA:1,handleToggleStatus
FNDA:1,onClick
DA:1,1
DA:2,1
DA:3,1
DA:5,1
DA:6,5
DA:7,5
DA:9,5
DA:10,2
DA:11,2
DA:12,2
DA:13,2
DA:14,2
DA:15,2
DA:16,0
DA:17,0
DA:18,2
DA:19,2
DA:20,5
DA:22,5
DA:23,0
DA:24,0
DA:25,0
DA:26,0
DA:27,0
DA:28,0
DA:30,5
DA:31,1
DA:32,1
DA:33,1
DA:34,1
DA:35,1
DA:36,0
DA:37,0
DA:38,1
DA:40,5
DA:41,5
DA:43,5
DA:44,5
DA:45,5
DA:46,5
DA:49,5
DA:50,5
DA:51,6
DA:52,6
DA:53,6
DA:54,6
DA:55,6
DA:56,6
DA:57,6
DA:58,6
DA:59,6
DA:60,6
DA:62,6
DA:63,6
DA:64,6
DA:65,6
DA:66,6
DA:67,6
DA:68,6
DA:69,6
DA:70,6
DA:71,6
DA:73,6
DA:74,6
DA:75,6
DA:76,6
DA:77,5
DA:78,5
DA:79,5
DA:81,5
DA:83,1
LF:71
LH:61
BRDA:5,0,0,5
BRDA:9,1,0,2
BRDA:10,2,0,2
BRDA:15,3,0,0
BRDA:30,4,0,1
BRDA:35,5,0,0
BRDA:33,6,0,2
BRDA:33,7,0,1
BRDA:33,8,0,1
BRDA:34,9,0,2
BRDA:34,10,0,1
BRDA:34,11,0,1
BRDA:50,12,0,6
BRDA:50,13,0,6
BRDA:59,14,0,2
BRDA:59,15,0,4
BRDA:62,16,0,2
BRDA:62,17,0,4
BRDA:70,18,0,2
BRDA:70,19,0,4
BRDA:73,20,0,2
BRDA:73,21,0,4
BRDA:68,22,0,1
BRF:23
BRH:21
end_of_record
TN:
SF:src\components\dashboard\adminPages\ManagerTable.jsx
FN:4,ManagersTable
FNF:1
FNH:1
FNDA:6,ManagersTable
DA:1,1
DA:2,1
DA:4,1
DA:5,6
DA:7,6
DA:8,15
DA:9,6
DA:11,6
DA:12,6
DA:13,6
DA:14,6
DA:15,6
DA:16,6
DA:17,6
DA:18,6
DA:19,6
DA:20,6
DA:21,6
DA:22,6
DA:23,6
DA:24,6
DA:25,6
DA:26,4
DA:27,10
DA:28,10
DA:29,10
DA:30,10
DA:31,10
DA:32,4
DA:34,2
DA:35,2
DA:37,2
DA:38,2
DA:40,6
DA:41,6
DA:42,6
DA:43,6
DA:45,6
DA:47,1
LF:39
LH:39
BRDA:4,0,0,6
BRDA:25,1,0,4
BRDA:32,2,0,2
BRDA:7,3,0,15
BRDA:26,4,0,10
BRF:5
BRH:5
end_of_record
TN:
SF:src\components\dashboard\adminPages\TopArtistChart.jsx
FN:4,TopArtistsChart
FN:10,formatName
FNF:2
FNH:1
FNDA:4,TopArtistsChart
FNDA:0,formatName
DA:1,1
DA:2,1
DA:4,1
DA:5,4
DA:6,1
DA:7,1
DA:10,2
DA:11,0
DA:12,0
DA:13,0
DA:15,2
DA:16,2
DA:17,2
DA:20,2
DA:23,2
DA:24,2
DA:25,2
DA:26,2
DA:27,2
DA:28,2
DA:29,2
DA:30,2
DA:31,2
DA:32,2
DA:33,2
DA:34,2
DA:35,2
DA:36,2
DA:37,2
DA:38,2
DA:39,2
DA:40,2
DA:41,2
DA:44,2
DA:45,2
DA:46,2
DA:47,2
DA:48,2
DA:49,2
DA:50,2
DA:51,2
DA:52,2
DA:53,2
DA:54,2
DA:55,2
DA:56,2
DA:57,2
DA:58,2
DA:59,2
DA:60,2
DA:61,2
DA:62,2
DA:64,2
DA:65,2
DA:67,2
DA:69,1
LF:56
LH:53
BRDA:4,0,0,4
BRDA:5,1,0,1
BRDA:7,2,0,2
BRF:3
BRH:3
end_of_record
TN:
SF:src\components\dashboard\adminPages\TopManagerCharts.jsx
FN:8,TopManagersChart
FNF:1
FNH:1
FNDA:3,TopManagersChart
DA:1,1
DA:2,1
DA:3,1
DA:6,1
DA:8,1
DA:9,3
DA:11,1
DA:13,1
DA:15,1
DA:16,1
DA:17,1
DA:18,1
DA:19,1
DA:20,1
DA:21,1
DA:22,1
DA:23,1
DA:24,1
DA:25,1
DA:26,1
DA:27,1
DA:29,1
DA:30,1
DA:31,1
DA:32,1
DA:33,1
DA:34,1
DA:35,1
DA:36,1
DA:37,1
DA:38,1
DA:39,1
DA:40,1
DA:41,1
DA:42,1
DA:43,1
DA:45,1
DA:46,1
DA:47,1
DA:48,1
DA:49,1
DA:50,1
DA:51,1
DA:52,1
DA:53,1
DA:54,1
DA:55,1
DA:57,1
DA:58,1
DA:59,1
DA:60,1
DA:61,1
DA:62,1
DA:63,1
DA:64,1
DA:65,1
DA:66,1
DA:67,1
DA:69,1
DA:70,1
DA:71,1
DA:74,1
DA:77,1
DA:78,1
DA:79,1
DA:80,1
DA:81,1
DA:82,1
DA:85,1
DA:86,1
DA:87,1
DA:88,1
DA:89,1
DA:90,1
DA:92,1
DA:93,1
DA:95,1
DA:97,1
LF:78
LH:78
BRDA:8,0,0,3
BRDA:9,1,0,2
BRDA:9,2,0,1
BRDA:13,3,0,2
BRDA:20,4,0,2
BRDA:34,5,0,2
BRF:6
BRH:6
end_of_record
TN:
SF:src\components\dashboard\adminPages\TransactionList.jsx
FN:5,TransactionList
FN:14,handlePayTransaction
FN:36,handleDeleteTransaction
FN:70,onClick
FN:75,onClick
FN:113,onClick
FN:118,onClick
FNF:7
FNH:5
FNDA:7,TransactionList
FNDA:2,handlePayTransaction
FNDA:1,handleDeleteTransaction
FNDA:2,onClick
FNDA:1,onClick
FNDA:0,onClick
FNDA:0,onClick
DA:1,1
DA:2,1
DA:3,1
DA:5,1
DA:6,7
DA:7,7
DA:10,7
DA:11,3
DA:12,7
DA:14,7
DA:15,2
DA:16,2
DA:18,1
DA:19,2
DA:21,2
DA:22,1
DA:23,1
DA:25,1
DA:26,1
DA:30,1
DA:31,1
DA:32,1
DA:33,1
DA:34,2
DA:36,7
DA:37,1
DA:38,1
DA:40,1
DA:41,1
DA:43,7
DA:44,7
DA:45,3
DA:46,3
DA:49,3
DA:50,3
DA:51,3
DA:52,3
DA:53,3
DA:54,3
DA:55,3
DA:56,3
DA:57,3
DA:58,3
DA:59,3
DA:60,3
DA:61,3
DA:62,3
DA:63,3
DA:64,3
DA:65,3
DA:66,3
DA:67,3
DA:68,3
DA:69,3
DA:70,3
DA:72,3
DA:73,3
DA:74,3
DA:75,3
DA:77,3
DA:78,3
DA:79,3
DA:80,3
DA:81,3
DA:82,3
DA:83,3
DA:86,3
DA:87,3
DA:88,3
DA:89,3
DA:90,3
DA:91,3
DA:92,3
DA:93,3
DA:94,3
DA:95,3
DA:96,3
DA:97,3
DA:98,3
DA:99,3
DA:100,3
DA:101,3
DA:102,3
DA:103,3
DA:104,3
DA:105,3
DA:106,3
DA:107,3
DA:108,3
DA:109,3
DA:110,3
DA:111,3
DA:112,3
DA:113,3
DA:115,3
DA:116,3
DA:117,3
DA:118,3
DA:120,3
DA:121,3
DA:122,3
DA:123,3
DA:124,3
DA:125,3
DA:128,7
DA:130,1
LF:106
LH:106
BRDA:5,0,0,7
BRDA:44,1,0,3
BRDA:10,2,0,3
BRDA:11,3,0,6
BRDA:14,4,0,2
BRDA:16,5,0,1
BRDA:19,6,0,0
BRDA:21,7,0,1
BRDA:30,8,0,1
BRDA:31,9,0,1
BRDA:36,10,0,1
BRDA:38,11,0,0
BRDA:61,12,0,3
BRDA:64,13,0,0
BRDA:70,14,0,2
BRDA:70,15,0,0
BRDA:75,16,0,1
BRDA:87,17,0,3
BRDA:95,18,0,0
BRDA:104,19,0,0
BRDA:105,20,0,0
BRF:21
BRH:14
end_of_record
TN:
SF:src\components\dashboard\adminPages\ViewAdminForm.jsx
FN:5,ViewAdminForm
FNF:1
FNH:1
FNDA:1,ViewAdminForm
DA:1,1
DA:2,1
DA:3,1
DA:5,1
DA:6,1
DA:8,1
DA:9,1
DA:10,1
DA:13,1
DA:14,1
DA:15,1
DA:16,1
DA:17,1
DA:18,1
DA:20,1
DA:22,1
DA:23,1
DA:24,1
DA:25,1
DA:26,1
DA:27,1
DA:28,1
DA:31,1
DA:32,1
DA:33,1
DA:34,1
DA:35,1
DA:36,1
DA:37,1
DA:38,1
DA:39,1
DA:40,1
DA:42,1
DA:44,1
LF:34
LH:34
BRDA:5,0,0,1
BRF:1
BRH:1
end_of_record
TN:
SF:src\components\dashboard\artistPages\AddSongForm.jsx
FN:6,AddSongForm
FN:14,handleChange
FN:22,handleSubmit
FNF:3
FNH:3
FNDA:24,AddSongForm
FNDA:10,handleChange
FNDA:4,handleSubmit
DA:1,1
DA:2,1
DA:3,1
DA:4,1
DA:6,1
DA:7,24
DA:8,24
DA:9,24
DA:10,24
DA:11,24
DA:14,24
DA:15,10
DA:16,10
DA:17,10
DA:18,10
DA:19,10
DA:22,24
DA:23,4
DA:24,4
DA:25,4
DA:27,4
DA:28,0
DA:29,0
DA:30,0
DA:32,4
DA:33,4
DA:34,4
DA:35,4
DA:36,4
DA:37,4
DA:39,4
DA:40,4
DA:41,3
DA:42,3
DA:43,3
DA:46,3
DA:47,2
DA:48,2
DA:49,2
DA:50,2
DA:51,2
DA:52,3
DA:53,1
DA:54,1
DA:56,3
DA:57,4
DA:58,0
DA:59,0
DA:60,4
DA:61,1
DA:62,1
DA:63,4
DA:65,24
DA:66,24
DA:67,24
DA:68,24
DA:69,24
DA:71,24
DA:72,24
DA:73,3
DA:74,3
DA:75,3
DA:77,24
DA:78,1
DA:79,1
DA:80,1
DA:82,24
DA:83,24
DA:84,24
DA:86,24
DA:87,24
DA:88,24
DA:89,24
DA:90,24
DA:91,24
DA:92,24
DA:93,24
DA:94,24
DA:95,24
DA:96,24
DA:98,24
DA:99,24
DA:100,24
DA:101,24
DA:102,24
DA:103,24
DA:104,24
DA:105,24
DA:106,24
DA:107,24
DA:108,24
DA:110,24
DA:111,24
DA:112,24
DA:113,24
DA:114,24
DA:115,24
DA:116,24
DA:117,24
DA:118,24
DA:119,24
DA:120,24
DA:121,24
DA:122,24
DA:124,24
DA:125,24
DA:126,24
DA:127,24
DA:128,24
DA:129,24
DA:130,24
DA:131,24
DA:132,24
DA:133,24
DA:134,24
DA:135,24
DA:136,24
DA:137,24
DA:139,24
DA:140,24
DA:141,24
DA:142,24
DA:144,24
DA:146,1
LF:124
LH:119
BRDA:6,0,0,24
BRDA:72,1,0,3
BRDA:77,2,0,1
BRDA:90,3,0,0
BRDA:102,4,0,0
BRDA:14,5,0,10
BRDA:22,6,0,4
BRDA:27,7,0,0
BRDA:40,8,0,3
BRDA:46,9,0,2
BRDA:46,10,0,2
BRDA:52,11,0,1
BRDA:57,12,0,0
BRDA:60,13,0,1
BRF:14
BRH:10
end_of_record
TN:
SF:src\components\dashboard\artistPages\ArtistSummary.jsx
FN:7,ArtistSummary
FN:14,fetchSongData
FNF:2
FNH:2
FNDA:4,ArtistSummary
FNDA:4,fetchSongData
DA:1,1
DA:2,1
DA:3,1
DA:4,1
DA:5,1
DA:7,1
DA:8,4
DA:9,4
DA:11,4
DA:12,4
DA:14,4
DA:15,4
DA:16,4
DA:17,0
DA:18,4
DA:19,4
DA:20,4
DA:21,4
DA:23,4
DA:24,4
DA:26,4
DA:27,4
DA:30,4
DA:31,4
DA:32,4
DA:33,4
DA:36,4
DA:38,4
DA:39,4
DA:40,4
DA:43,4
DA:44,4
DA:45,4
DA:46,4
DA:47,4
DA:48,4
DA:51,4
DA:52,4
DA:53,4
DA:54,4
DA:55,4
DA:56,4
DA:57,4
DA:58,4
DA:59,4
DA:60,4
DA:61,4
DA:62,4
DA:65,4
DA:66,4
DA:67,4
DA:68,4
DA:69,4
DA:70,4
DA:71,4
DA:72,4
DA:73,4
DA:74,4
DA:75,4
DA:76,4
DA:79,4
DA:80,4
DA:81,4
DA:82,4
DA:83,4
DA:84,4
DA:85,0
DA:86,4
DA:87,4
DA:88,4
DA:89,4
DA:90,4
DA:91,4
DA:92,4
DA:93,4
DA:95,4
DA:97,1
LF:77
LH:75
BRDA:7,0,0,4
BRDA:45,1,0,0
BRDA:11,2,0,4
BRDA:12,3,0,0
BRDA:14,4,0,4
BRDA:16,5,0,0
BRDA:26,6,0,4
BRF:7
BRH:4
end_of_record
TN:
SF:src\components\dashboard\artistPages\DeleteSong.jsx
FN:7,DeleteSong
FN:18,fetchSongs
FN:32,handleSearch
FN:44,handleDeleteSong
FN:105,onClick
FNF:5
FNH:5
FNDA:14,DeleteSong
FNDA:5,fetchSongs
FNDA:1,handleSearch
FNDA:3,handleDeleteSong
FNDA:3,onClick
DA:1,1
DA:2,1
DA:3,1
DA:4,1
DA:5,1
DA:7,1
DA:8,14
DA:9,14
DA:10,14
DA:11,14
DA:12,14
DA:15,14
DA:16,5
DA:18,5
DA:19,5
DA:20,5
DA:21,5
DA:22,5
DA:23,5
DA:24,0
DA:25,0
DA:26,5
DA:28,5
DA:29,14
DA:32,14
DA:33,1
DA:34,0
DA:35,1
DA:36,1
DA:37,1
DA:38,2
DA:39,1
DA:40,1
DA:41,1
DA:42,1
DA:44,14
DA:45,3
DA:46,3
DA:48,3
DA:49,3
DA:50,3
DA:51,3
DA:53,3
DA:54,3
DA:56,3
DA:57,0
DA:58,0
DA:59,0
DA:60,0
DA:61,0
DA:62,3
DA:63,3
DA:64,3
DA:66,3
DA:67,0
DA:68,0
DA:69,0
DA:70,3
DA:72,14
DA:73,14
DA:76,14
DA:77,14
DA:78,14
DA:79,14
DA:82,14
DA:83,3
DA:84,3
DA:85,3
DA:89,14
DA:90,14
DA:91,7
DA:92,11
DA:93,11
DA:94,11
DA:95,11
DA:96,11
DA:97,11
DA:98,11
DA:99,11
DA:100,11
DA:101,11
DA:102,11
DA:103,11
DA:104,11
DA:105,11
DA:106,11
DA:107,11
DA:109,11
DA:110,11
DA:111,11
DA:112,7
DA:114,7
DA:116,14
DA:117,14
DA:119,14
DA:121,1
LF:96
LH:85
BRDA:7,0,0,14
BRDA:82,1,0,3
BRDA:90,2,0,7
BRDA:112,3,0,7
BRDA:15,4,0,5
BRDA:16,5,0,0
BRDA:18,6,0,5
BRDA:23,7,0,0
BRDA:32,8,0,1
BRDA:33,9,0,0
BRDA:37,10,0,2
BRDA:44,11,0,3
BRDA:56,12,0,0
BRDA:56,13,0,0
BRDA:66,14,0,0
BRDA:48,15,0,3
BRDA:48,16,0,5
BRDA:49,17,0,3
BRDA:50,18,0,5
BRDA:91,19,0,11
BRDA:105,20,0,3
BRF:21
BRH:15
end_of_record
TN:
SF:src\components\dashboard\artistPages\RequestManagerList.jsx
FN:8,RequestManagerList
FN:25,fetchPendingRequest
FN:41,handleSendRequest
FN:112,onClick
FNF:4
FNH:4
FNDA:32,RequestManagerList
FNDA:9,fetchPendingRequest
FNDA:2,handleSendRequest
FNDA:2,onClick
DA:1,1
DA:2,1
DA:3,1
DA:4,1
DA:5,1
DA:6,1
DA:8,1
DA:9,32
DA:10,32
DA:11,32
DA:12,32
DA:13,32
DA:14,32
DA:15,32
DA:17,32
DA:18,9
DA:19,1
DA:20,1
DA:21,32
DA:23,32
DA:24,10
DA:25,9
DA:26,9
DA:27,9
DA:28,9
DA:29,8
DA:30,9
DA:31,9
DA:32,1
DA:33,9
DA:34,9
DA:35,9
DA:36,9
DA:37,9
DA:38,9
DA:39,32
DA:41,32
DA:42,2
DA:44,2
DA:45,2
DA:46,1
DA:47,1
DA:48,1
DA:49,1
DA:50,1
DA:51,1
DA:52,1
DA:53,1
DA:54,2
DA:55,1
DA:56,1
DA:57,2
DA:59,32
DA:60,56
DA:61,32
DA:63,32
DA:64,32
DA:65,32
DA:67,32
DA:69,32
DA:70,32
DA:71,32
DA:73,32
DA:74,2
DA:76,2
DA:79,32
DA:80,2
DA:82,2
DA:85,32
DA:86,9
DA:88,22
DA:89,22
DA:90,19
DA:91,37
DA:92,37
DA:93,37
DA:95,37
DA:96,37
DA:97,37
DA:99,37
DA:100,37
DA:101,37
DA:102,37
DA:103,37
DA:104,37
DA:105,37
DA:106,37
DA:108,37
DA:109,35
DA:110,35
DA:111,31
DA:112,31
DA:113,31
DA:114,31
DA:116,31
DA:118,35
DA:119,2
DA:120,2
DA:121,2
DA:122,2
DA:124,2
DA:126,35
DA:127,2
DA:129,35
DA:131,37
DA:132,19
DA:134,3
DA:135,3
DA:136,3
DA:138,22
DA:140,32
DA:142,32
DA:144,1
LF:113
LH:113
BRDA:8,0,0,32
BRDA:73,1,0,2
BRDA:79,2,0,2
BRDA:79,3,0,2
BRDA:85,4,0,9
BRDA:86,5,0,22
BRDA:89,6,0,19
BRDA:132,7,0,3
BRDA:135,8,0,1
BRDA:135,9,0,2
BRDA:17,10,0,9
BRDA:18,11,0,1
BRDA:23,12,0,10
BRDA:24,13,0,9
BRDA:25,14,0,9
BRDA:28,15,0,8
BRDA:30,16,0,7
BRDA:31,17,0,1
BRDA:29,18,0,1
BRDA:41,19,0,2
BRDA:42,20,0,0
BRDA:45,21,0,1
BRDA:54,22,0,1
BRDA:59,23,0,56
BRDA:90,24,0,37
BRDA:108,25,0,35
BRDA:110,26,0,31
BRDA:118,27,0,4
BRDA:118,28,0,2
BRDA:126,29,0,4
BRDA:126,30,0,2
BRDA:112,31,0,2
BRF:32
BRH:31
end_of_record
TN:
SF:src\components\dashboard\artistPages\SongListPage.jsx
FN:6,SongListPage
FN:14,fetchSongs
FN:27,handleSearch
FNF:3
FNH:3
FNDA:8,SongListPage
FNDA:4,fetchSongs
FNDA:1,handleSearch
DA:1,1
DA:2,1
DA:3,1
DA:4,1
DA:6,1
DA:7,8
DA:8,8
DA:9,8
DA:11,8
DA:12,5
DA:14,4
DA:15,4
DA:16,4
DA:17,3
DA:18,3
DA:19,4
DA:20,1
DA:21,1
DA:22,4
DA:24,4
DA:25,8
DA:27,8
DA:28,1
DA:29,0
DA:30,1
DA:31,1
DA:32,1
DA:33,1
DA:35,8
DA:36,8
DA:37,8
DA:38,1
DA:40,7
DA:41,7
DA:42,7
DA:43,7
DA:44,7
DA:46,7
DA:47,7
DA:48,3
DA:49,5
DA:50,5
DA:51,5
DA:52,5
DA:53,5
DA:54,5
DA:55,5
DA:56,5
DA:57,5
DA:58,5
DA:59,5
DA:60,5
DA:61,5
DA:62,3
DA:64,4
DA:66,7
DA:67,7
DA:69,8
DA:71,8
DA:73,1
LF:60
LH:59
BRDA:6,0,0,8
BRDA:37,1,0,1
BRDA:38,2,0,7
BRDA:47,3,0,3
BRDA:62,4,0,4
BRDA:11,5,0,5
BRDA:12,6,0,4
BRDA:12,7,0,4
BRDA:12,8,0,1
BRDA:12,9,0,4
BRDA:14,10,0,4
BRDA:16,11,0,3
BRDA:19,12,0,1
BRDA:27,13,0,1
BRDA:28,14,0,0
BRDA:31,15,0,2
BRDA:48,16,0,5
BRF:17
BRH:16
end_of_record
TN:
SF:src\components\dashboard\artistPages\ViewMyManager.jsx
FN:6,ViewMyManager
FN:17,getCollaborationData
FN:34,handleClickOutside
FN:52,handleCancelClick
FN:56,handleReasonChange
FN:60,handleSubmit
FNF:6
FNH:6
FNDA:16,ViewMyManager
FNDA:7,getCollaborationData
FNDA:1,handleClickOutside
FNDA:3,handleCancelClick
FNDA:1,handleReasonChange
FNDA:1,handleSubmit
DA:1,1
DA:2,1
DA:3,1
DA:4,1
DA:6,1
DA:7,16
DA:8,16
DA:9,16
DA:10,16
DA:11,16
DA:12,16
DA:13,16
DA:14,16
DA:16,16
DA:17,7
DA:18,7
DA:19,7
DA:20,7
DA:21,7
DA:22,3
DA:23,3
DA:24,3
DA:25,7
DA:26,4
DA:27,4
DA:28,7
DA:30,7
DA:31,16
DA:33,16
DA:34,5
DA:35,1
DA:36,1
DA:37,1
DA:38,1
DA:39,5
DA:40,5
DA:41,5
DA:42,5
DA:43,16
DA:45,16
DA:46,1
DA:47,1
DA:49,14
DA:50,14
DA:52,14
DA:53,3
DA:54,3
DA:56,14
DA:57,1
DA:58,1
DA:60,14
DA:61,1
DA:62,1
DA:63,1
DA:64,1
DA:65,1
DA:66,1
DA:67,1
DA:68,1
DA:69,1
DA:71,1
DA:72,1
DA:73,1
DA:74,1
DA:75,0
DA:76,0
DA:77,1
DA:78,1
DA:80,14
DA:81,14
DA:82,14
DA:83,14
DA:84,14
DA:85,14
DA:86,14
DA:87,14
DA:88,14
DA:89,16
DA:90,16
DA:92,16
DA:93,16
DA:94,16
DA:95,16
DA:96,16
DA:97,16
DA:98,16
DA:99,16
DA:100,16
DA:101,16
DA:102,16
DA:103,16
DA:104,16
DA:105,16
DA:106,16
DA:107,16
DA:108,16
DA:110,16
DA:111,16
DA:112,1
DA:114,1
DA:115,13
DA:116,9
DA:117,4
DA:118,4
DA:119,4
DA:120,4
DA:122,4
DA:124,4
DA:126,16
DA:127,5
DA:128,5
DA:129,5
DA:130,5
DA:131,5
DA:132,5
DA:133,5
DA:134,5
DA:135,5
DA:136,5
DA:137,5
DA:139,5
DA:140,5
DA:141,5
DA:143,16
DA:144,16
DA:145,16
DA:147,16
DA:149,1
LF:128
LH:126
BRDA:6,0,0,16
BRDA:45,1,0,15
BRDA:45,2,0,1
BRDA:47,3,0,14
BRDA:89,4,0,2
BRDA:111,5,0,1
BRDA:114,6,0,13
BRDA:115,7,0,9
BRDA:116,8,0,4
BRDA:122,9,0,4
BRDA:126,10,0,5
BRDA:139,11,0,1
BRDA:139,12,0,4
BRDA:16,13,0,7
BRDA:17,14,0,7
BRDA:18,15,0,0
BRDA:21,16,0,3
BRDA:25,17,0,4
BRDA:33,18,0,5
BRDA:34,19,0,1
BRDA:40,20,0,5
BRDA:52,21,0,3
BRDA:56,22,0,1
BRDA:60,23,0,1
BRDA:61,24,0,0
BRDA:74,25,0,0
BRF:26
BRH:23
end_of_record
TN:
SF:src\components\dashboard\artistPages\updateArtistProfileForm.jsx
FN:7,UpdateArtistProfileForm
FN:22,loadUserDetails
FN:44,handleChange
FN:49,handleSubmit
FNF:4
FNH:3
FNDA:10,UpdateArtistProfileForm
FNDA:2,loadUserDetails
FNDA:0,handleChange
FNDA:2,handleSubmit
DA:1,1
DA:2,1
DA:3,1
DA:4,1
DA:5,1
DA:7,1
DA:8,10
DA:9,10
DA:10,10
DA:11,10
DA:12,10
DA:13,10
DA:14,10
DA:15,10
DA:16,10
DA:17,10
DA:20,10
DA:21,3
DA:22,2
DA:23,2
DA:24,2
DA:25,2
DA:26,2
DA:27,2
DA:28,2
DA:29,2
DA:30,2
DA:31,2
DA:32,2
DA:33,0
DA:34,0
DA:35,0
DA:36,0
DA:37,2
DA:39,2
DA:40,2
DA:41,10
DA:44,10
DA:45,0
DA:46,0
DA:49,10
DA:50,2
DA:51,2
DA:52,2
DA:53,2
DA:54,2
DA:56,2
DA:57,1
DA:58,1
DA:59,1
DA:60,1
DA:61,1
DA:62,1
DA:63,1
DA:64,1
DA:65,2
DA:66,0
DA:67,0
DA:68,0
DA:69,2
DA:71,10
DA:72,10
DA:73,10
DA:76,10
DA:77,10
DA:78,10
DA:79,10
DA:80,10
DA:81,10
DA:83,10
DA:84,3
DA:86,6
DA:88,6
DA:89,6
DA:90,6
DA:91,6
DA:92,6
DA:93,6
DA:94,6
DA:95,6
DA:96,6
DA:97,6
DA:98,6
DA:99,6
DA:100,6
DA:101,6
DA:104,6
DA:105,6
DA:106,6
DA:107,6
DA:108,6
DA:109,6
DA:110,6
DA:111,6
DA:112,6
DA:113,6
DA:114,6
DA:115,6
DA:116,6
DA:119,6
DA:120,6
DA:121,6
DA:122,6
DA:123,6
DA:124,6
DA:125,6
DA:126,6
DA:127,6
DA:128,6
DA:129,6
DA:130,6
DA:131,6
DA:134,6
DA:135,6
DA:136,6
DA:137,6
DA:138,6
DA:139,6
DA:140,6
DA:141,6
DA:142,6
DA:143,6
DA:144,6
DA:145,6
DA:146,6
DA:149,6
DA:150,6
DA:151,6
DA:152,6
DA:154,6
DA:157,6
DA:158,6
DA:160,10
DA:161,10
DA:163,10
DA:165,1
LF:136
LH:127
BRDA:7,0,0,10
BRDA:78,1,0,9
BRDA:83,2,0,3
BRDA:84,3,0,6
BRDA:157,4,0,2
BRDA:20,5,0,3
BRDA:21,6,0,2
BRDA:21,7,0,2
BRDA:22,8,0,2
BRDA:26,9,0,0
BRDA:27,10,0,0
BRDA:28,11,0,0
BRDA:29,12,0,0
BRDA:32,13,0,0
BRDA:49,14,0,2
BRDA:56,15,0,1
BRDA:56,16,0,1
BRDA:65,17,0,0
BRF:18
BRH:12
end_of_record
TN:
SF:src\components\dashboard\managerPages\CollaborationCancellation.jsx
FN:6,CollaborationCancellation
FN:14,fetchCollaboration
FN:40,handleDecision
FN:68,onClick
FN:74,onClick
FNF:5
FNH:5
FNDA:12,CollaborationCancellation
FNDA:5,fetchCollaboration
FNDA:2,handleDecision
FNDA:1,onClick
FNDA:1,onClick
DA:1,1
DA:2,1
DA:3,1
DA:4,1
DA:6,1
DA:7,12
DA:8,12
DA:9,12
DA:10,12
DA:11,12
DA:13,12
DA:14,5
DA:15,5
DA:16,5
DA:17,5
DA:19,5
DA:20,5
DA:21,5
DA:22,5
DA:24,3
DA:25,3
DA:26,5
DA:27,2
DA:28,2
DA:29,2
DA:30,5
DA:31,0
DA:32,5
DA:33,5
DA:34,5
DA:35,5
DA:37,5
DA:38,12
DA:40,12
DA:41,2
DA:42,2
DA:43,2
DA:44,2
DA:45,2
DA:46,2
DA:47,2
DA:48,2
DA:49,2
DA:50,2
DA:51,2
DA:52,0
DA:53,0
DA:54,2
DA:56,12
DA:57,12
DA:59,3
DA:60,3
DA:61,3
DA:62,3
DA:63,3
DA:64,3
DA:65,3
DA:66,3
DA:67,3
DA:68,3
DA:69,3
DA:70,3
DA:72,3
DA:73,3
DA:74,3
DA:75,3
DA:76,3
DA:78,3
DA:79,3
DA:80,3
DA:81,3
DA:83,3
DA:85,1
LF:73
LH:70
BRDA:6,0,0,12
BRDA:56,1,0,5
BRDA:56,2,0,6
BRDA:57,3,0,3
BRDA:13,4,0,5
BRDA:14,5,0,5
BRDA:15,6,0,0
BRDA:22,7,0,3
BRDA:26,8,0,2
BRDA:30,9,0,0
BRDA:20,10,0,3
BRDA:40,11,0,2
BRDA:41,12,0,0
BRDA:51,13,0,0
BRDA:68,14,0,1
BRDA:74,15,0,1
BRF:16
BRH:12
end_of_record
TN:
SF:src\components\dashboard\managerPages\CollaborationRequests.jsx
FN:10,CollaborationRequests
FN:16,getRequests
FN:34,handleAccept
FN:45,handleReject
FN:70,onClick
FN:76,onClick
FNF:6
FNH:6
FNDA:12,CollaborationRequests
FNDA:6,getRequests
FNDA:2,handleAccept
FNDA:1,handleReject
FNDA:2,onClick
FNDA:1,onClick
DA:1,1
DA:2,1
DA:3,1
DA:4,1
DA:10,1
DA:11,12
DA:12,12
DA:13,12
DA:15,12
DA:16,6
DA:17,6
DA:18,5
DA:19,5
DA:20,4
DA:21,4
DA:22,4
DA:23,4
DA:25,6
DA:26,1
DA:27,1
DA:28,6
DA:30,6
DA:31,12
DA:34,12
DA:35,2
DA:36,2
DA:37,2
DA:38,2
DA:39,2
DA:40,0
DA:41,0
DA:42,2
DA:45,12
DA:46,1
DA:47,1
DA:48,1
DA:49,1
DA:50,1
DA:51,0
DA:52,0
DA:53,1
DA:55,12
DA:56,12
DA:57,12
DA:58,12
DA:59,12
DA:61,12
DA:62,12
DA:63,3
DA:64,3
DA:65,3
DA:66,3
DA:67,3
DA:68,3
DA:69,3
DA:70,3
DA:71,3
DA:72,3
DA:74,3
DA:75,3
DA:76,3
DA:77,3
DA:78,3
DA:80,3
DA:81,3
DA:82,3
DA:83,3
DA:85,9
DA:87,12
DA:88,12
DA:90,12
DA:92,1
LF:72
LH:68
BRDA:10,0,0,12
BRDA:62,1,0,3
BRDA:83,2,0,9
BRDA:15,3,0,6
BRDA:16,4,0,6
BRDA:17,5,0,5
BRDA:17,6,0,1
BRDA:17,7,0,5
BRDA:19,8,0,4
BRDA:25,9,0,1
BRDA:21,10,0,3
BRDA:34,11,0,2
BRDA:39,12,0,0
BRDA:37,13,0,2
BRDA:37,14,0,2
BRDA:45,15,0,1
BRDA:50,16,0,0
BRDA:48,17,0,1
BRDA:48,18,0,1
BRDA:63,19,0,3
BRDA:65,20,0,0
BRDA:66,21,0,0
BRDA:67,22,0,1
BRDA:70,23,0,2
BRDA:76,24,0,1
BRF:25
BRH:21
end_of_record
TN:
SF:src\components\dashboard\managerPages\ManagerArtists.jsx
FN:6,ManagerArtists
FN:12,fetchArtists
FN:35,handleSearch
FNF:3
FNH:3
FNDA:17,ManagerArtists
FNDA:4,fetchArtists
FNDA:10,handleSearch
DA:1,1
DA:2,1
DA:3,1
DA:4,1
DA:6,1
DA:7,17
DA:8,17
DA:9,17
DA:11,17
DA:12,4
DA:13,4
DA:15,3
DA:16,3
DA:17,4
DA:18,2
DA:19,2
DA:20,4
DA:21,0
DA:22,0
DA:23,0
DA:24,4
DA:25,1
DA:26,1
DA:27,1
DA:28,1
DA:29,4
DA:31,4
DA:32,17
DA:35,17
DA:36,10
DA:37,0
DA:38,10
DA:39,10
DA:40,10
DA:41,20
DA:42,10
DA:43,10
DA:44,10
DA:45,10
DA:47,17
DA:48,17
DA:50,17
DA:51,17
DA:52,17
DA:53,17
DA:56,17
DA:57,17
DA:58,12
DA:59,20
DA:60,20
DA:61,20
DA:64,20
DA:65,20
DA:66,20
DA:67,20
DA:68,20
DA:69,20
DA:72,20
DA:73,20
DA:74,20
DA:75,20
DA:76,20
DA:77,20
DA:78,20
DA:79,20
DA:80,12
DA:82,4
DA:84,17
DA:85,17
DA:87,17
DA:89,1
LF:71
LH:67
BRDA:6,0,0,17
BRDA:57,1,0,12
BRDA:80,2,0,4
BRDA:11,3,0,4
BRDA:12,4,0,4
BRDA:13,5,0,3
BRDA:13,6,0,1
BRDA:13,7,0,3
BRDA:16,8,0,2
BRDA:17,9,0,2
BRDA:20,10,0,0
BRDA:24,11,0,1
BRDA:35,12,0,10
BRDA:36,13,0,0
BRDA:40,14,0,20
BRDA:58,15,0,20
BRF:16
BRH:14
end_of_record
TN:
SF:src\components\dashboard\managerPages\ManagerSummary.jsx
FN:8,ManagerSummary
FN:20,fetchArtists
FN:42,fetchSongData
FN:96,onChange
FNF:4
FNH:2
FNDA:5,ManagerSummary
FNDA:3,fetchArtists
FNDA:0,fetchSongData
FNDA:0,onChange
DA:1,1
DA:2,1
DA:3,1
DA:4,1
DA:5,1
DA:6,1
DA:8,1
DA:9,5
DA:10,5
DA:11,5
DA:12,5
DA:13,5
DA:17,5
DA:18,4
DA:20,3
DA:21,3
DA:22,3
DA:23,2
DA:24,2
DA:25,2
DA:26,3
DA:27,1
DA:28,1
DA:29,3
DA:31,3
DA:32,3
DA:34,3
DA:35,5
DA:39,5
DA:40,4
DA:42,0
DA:43,0
DA:44,0
DA:45,0
DA:46,0
DA:47,0
DA:48,0
DA:49,0
DA:50,0
DA:51,0
DA:52,0
DA:54,0
DA:55,0
DA:57,0
DA:58,5
DA:62,5
DA:63,5
DA:65,5
DA:67,5
DA:68,5
DA:69,5
DA:72,5
DA:73,5
DA:74,5
DA:75,5
DA:76,5
DA:79,5
DA:80,5
DA:81,5
DA:82,5
DA:83,5
DA:84,5
DA:85,5
DA:86,5
DA:87,5
DA:88,5
DA:89,5
DA:90,5
DA:93,5
DA:94,5
DA:95,5
DA:96,5
DA:97,5
DA:99,5
DA:100,5
DA:101,2
DA:102,2
DA:103,2
DA:104,5
DA:105,5
DA:106,5
DA:109,5
DA:110,0
DA:111,0
DA:113,0
DA:114,0
DA:115,0
DA:116,0
DA:118,0
DA:119,0
DA:120,0
DA:121,0
DA:122,0
DA:123,0
DA:124,0
DA:125,0
DA:126,0
DA:127,0
DA:128,0
DA:129,0
DA:130,0
DA:132,0
DA:133,0
DA:134,0
DA:135,0
DA:136,0
DA:137,0
DA:138,0
DA:139,0
DA:140,0
DA:141,0
DA:142,0
DA:143,0
DA:145,0
DA:146,0
DA:147,0
DA:148,0
DA:149,0
DA:150,0
DA:151,0
DA:152,0
DA:153,0
DA:154,0
DA:155,0
DA:156,0
DA:157,0
DA:158,0
DA:159,0
DA:161,0
DA:163,5
DA:165,5
DA:167,1
LF:132
LH:71
BRDA:8,0,0,5
BRDA:75,1,0,1
BRDA:75,2,0,4
BRDA:109,3,0,0
BRDA:17,4,0,4
BRDA:18,5,0,3
BRDA:18,6,0,1
BRDA:18,7,0,3
BRDA:20,8,0,3
BRDA:22,9,0,2
BRDA:26,10,0,1
BRDA:34,11,0,3
BRDA:39,12,0,4
BRDA:40,13,0,0
BRDA:62,14,0,2
BRDA:63,15,0,2
BRDA:63,16,0,1
BRDA:63,17,0,1
BRDA:63,18,0,0
BRDA:100,19,0,2
BRF:20
BRH:17
end_of_record
TN:
SF:src\components\dashboard\managerPages\UpdateManagerProfileForm.jsx
FN:7,UpdateManagerProfileForm
FN:23,fetchArtistDetails
FN:46,handleChange
FN:51,handleSubmit
FNF:4
FNH:4
FNDA:15,UpdateManagerProfileForm
FNDA:5,fetchArtistDetails
FNDA:1,handleChange
FNDA:2,handleSubmit
DA:1,1
DA:2,1
DA:3,1
DA:4,1
DA:5,1
DA:7,1
DA:8,15
DA:9,15
DA:10,15
DA:11,15
DA:12,15
DA:13,15
DA:14,15
DA:15,15
DA:16,15
DA:17,15
DA:18,15
DA:21,15
DA:22,5
DA:23,5
DA:24,5
DA:25,5
DA:26,4
DA:27,5
DA:28,5
DA:29,5
DA:30,5
DA:31,5
DA:32,5
DA:33,5
DA:34,5
DA:35,1
DA:36,1
DA:37,1
DA:38,1
DA:39,5
DA:41,5
DA:42,5
DA:43,15
DA:46,15
DA:47,1
DA:48,1
DA:51,15
DA:52,2
DA:53,2
DA:54,2
DA:55,2
DA:56,2
DA:59,2
DA:61,2
DA:63,2
DA:64,2
DA:65,2
DA:66,2
DA:67,0
DA:68,0
DA:69,0
DA:70,2
DA:72,15
DA:73,15
DA:74,15
DA:77,15
DA:78,15
DA:79,15
DA:80,15
DA:81,15
DA:82,15
DA:84,15
DA:85,5
DA:87,10
DA:89,10
DA:90,10
DA:91,10
DA:92,10
DA:93,10
DA:94,10
DA:95,10
DA:96,10
DA:97,10
DA:98,10
DA:99,10
DA:100,10
DA:101,10
DA:102,10
DA:105,10
DA:106,10
DA:107,10
DA:108,10
DA:109,10
DA:110,10
DA:111,10
DA:112,10
DA:113,10
DA:114,10
DA:115,10
DA:116,10
DA:117,10
DA:120,10
DA:121,10
DA:122,10
DA:123,10
DA:124,10
DA:125,10
DA:126,10
DA:127,10
DA:128,10
DA:129,10
DA:130,10
DA:131,10
DA:132,10
DA:135,10
DA:136,10
DA:137,10
DA:138,10
DA:139,10
DA:140,10
DA:141,10
DA:142,10
DA:143,10
DA:144,10
DA:145,10
DA:146,10
DA:147,10
DA:150,10
DA:151,10
DA:152,10
DA:153,10
DA:154,10
DA:155,10
DA:156,10
DA:157,10
DA:158,10
DA:159,10
DA:160,10
DA:161,10
DA:162,10
DA:165,10
DA:166,10
DA:167,10
DA:168,10
DA:170,10
DA:173,10
DA:174,10
DA:176,15
DA:177,15
DA:179,15
DA:181,1
LF:147
LH:144
BRDA:7,0,0,15
BRDA:84,1,0,5
BRDA:85,2,0,10
BRDA:173,3,0,3
BRDA:21,4,0,5
BRDA:23,5,0,5
BRDA:25,6,0,4
BRDA:27,7,0,0
BRDA:28,8,0,0
BRDA:29,9,0,0
BRDA:30,10,0,0
BRDA:31,11,0,0
BRDA:34,12,0,1
BRDA:46,13,0,1
BRDA:51,14,0,2
BRDA:66,15,0,0
BRDA:61,16,0,2
BRF:17
BRH:11
end_of_record
TN:
SF:src\context\ArtistsManagersContext.jsx
FN:6,ArtistsManagersProvider
FN:13,fetchData
FN:92,useArtistsManagers
FNF:3
FNH:3
FNDA:5,ArtistsManagersProvider
FNDA:4,fetchData
FNDA:5,useArtistsManagers
DA:1,1
DA:2,1
DA:4,1
DA:6,1
DA:7,5
DA:8,5
DA:9,5
DA:10,5
DA:12,5
DA:13,4
DA:14,4
DA:15,4
DA:18,3
DA:19,3
DA:20,3
DA:21,3
DA:22,3
DA:24,3
DA:25,3
DA:26,3
DA:27,3
DA:31,4
DA:32,4
DA:34,4
DA:35,4
DA:38,4
DA:39,2
DA:40,2
DA:41,2
DA:42,2
DA:43,2
DA:44,2
DA:45,4
DA:47,4
DA:48,2
DA:49,2
DA:50,2
DA:51,2
DA:52,4
DA:54,4
DA:55,1
DA:56,0
DA:57,4
DA:59,4
DA:60,4
DA:61,2
DA:62,2
DA:63,4
DA:65,4
DA:67,4
DA:69,4
DA:71,5
DA:74,5
DA:75,4
DA:76,0
DA:77,0
DA:78,0
DA:79,0
DA:80,4
DA:82,4
DA:83,5
DA:85,5
DA:86,5
DA:87,5
DA:88,5
DA:90,5
DA:92,1
LF:67
LH:62
BRDA:6,0,0,5
BRDA:12,1,0,4
BRDA:13,2,0,4
BRDA:15,3,0,1
BRDA:15,4,0,3
BRDA:27,5,0,2
BRDA:31,6,0,1
BRDA:31,7,0,0
BRDA:32,8,0,1
BRDA:32,9,0,0
BRDA:60,10,0,2
BRDA:38,11,0,2
BRDA:47,12,0,2
BRDA:49,13,0,0
BRDA:50,14,0,0
BRDA:54,15,0,1
BRDA:55,16,0,0
BRDA:69,17,0,4
BRDA:74,18,0,4
BRDA:82,19,0,4
BRDA:92,20,0,5
BRF:21
BRH:16
end_of_record
TN:
SF:src\context\NotificationContext.jsx
FN:7,NotificationProvider
FN:25,fetchNotifications
FN:43,markAsRead
FN:59,sendNotification
FN:88,useNotifications
FNF:5
FNH:5
FNDA:17,NotificationProvider
FNDA:7,fetchNotifications
FNDA:2,markAsRead
FNDA:2,sendNotification
FNDA:26,useNotifications
DA:1,1
DA:2,1
DA:3,1
DA:5,1
DA:7,1
DA:8,17
DA:9,17
DA:10,17
DA:11,17
DA:16,17
DA:17,13
DA:18,7
DA:20,7
DA:21,7
DA:22,7
DA:23,17
DA:25,17
DA:26,7
DA:27,7
DA:28,7
DA:29,7
DA:30,7
DA:31,7
DA:32,7
DA:33,1
DA:34,1
DA:35,1
DA:36,7
DA:37,6
DA:38,7
DA:39,7
DA:40,7
DA:41,7
DA:43,17
DA:44,2
DA:45,2
DA:46,2
DA:47,2
DA:48,2
DA:49,2
DA:50,2
DA:53,1
DA:54,1
DA:55,1
DA:56,1
DA:57,2
DA:59,17
DA:60,2
DA:61,2
DA:62,2
DA:63,2
DA:64,2
DA:65,2
DA:66,2
DA:67,2
DA:68,2
DA:69,2
DA:70,2
DA:71,2
DA:72,1
DA:73,1
DA:74,1
DA:75,1
DA:77,2
DA:79,17
DA:81,17
DA:82,17
DA:83,17
DA:84,17
DA:86,17
DA:88,1
LF:71
LH:71
BRDA:7,0,0,17
BRDA:16,1,0,13
BRDA:17,2,0,7
BRDA:21,3,0,7
BRDA:25,4,0,7
BRDA:32,5,0,1
BRDA:36,6,0,6
BRDA:34,7,0,2
BRDA:43,8,0,2
BRDA:50,9,0,1
BRDA:53,10,0,1
BRDA:59,11,0,2
BRDA:71,12,0,1
BRDA:88,13,0,26
BRF:14
BRH:14
end_of_record
TN:
SF:src\context\RoyaltyContext.jsx
FN:6,RoyaltyProvider
FN:10,fetchRoyaltyByArtist
FN:35,useRoyalty
FNF:3
FNH:3
FNDA:7,RoyaltyProvider
FNDA:2,fetchRoyaltyByArtist
FNDA:7,useRoyalty
DA:1,1
DA:2,1
DA:4,1
DA:6,1
DA:7,7
DA:8,7
DA:10,7
DA:11,2
DA:12,2
DA:14,2
DA:15,2
DA:16,2
DA:17,2
DA:18,2
DA:19,2
DA:21,2
DA:22,2
DA:23,1
DA:24,1
DA:25,2
DA:28,7
DA:29,7
DA:30,7
DA:31,7
DA:33,7
DA:35,1
DA:36,7
DA:37,7
DA:38,1
DA:39,1
DA:40,6
DA:41,6
LF:32
LH:32
BRDA:6,0,0,7
BRDA:10,1,0,2
BRDA:19,2,0,1
BRDA:21,3,0,0
BRDA:22,4,0,1
BRDA:35,5,0,7
BRDA:37,6,0,1
BRDA:39,7,0,6
BRF:8
BRH:7
end_of_record
TN:
SF:src\context\authContext.jsx
FN:6,AuthProvider
FN:11,verifyUser
FN:42,fetchRoleData
FN:58,login
FN:69,logout
FN:87,useAuth
FNF:6
FNH:6
FNDA:16,AuthProvider
FNDA:6,verifyUser
FNDA:2,fetchRoleData
FNDA:1,login
FNDA:1,logout
FNDA:14,useAuth
DA:1,1
DA:2,1
DA:4,1
DA:6,1
DA:7,16
DA:8,16
DA:9,16
DA:11,16
DA:12,6
DA:13,6
DA:14,4
DA:15,4
DA:16,4
DA:17,4
DA:18,4
DA:19,4
DA:20,4
DA:22,4
DA:23,2
DA:24,2
DA:26,2
DA:27,2
DA:28,2
DA:29,2
DA:30,4
DA:31,2
DA:32,2
DA:33,4
DA:34,4
DA:35,4
DA:36,6
DA:37,2
DA:38,2
DA:39,2
DA:40,6
DA:42,16
DA:43,2
DA:44,2
DA:45,2
DA:46,2
DA:47,2
DA:48,2
DA:49,2
DA:50,2
DA:51,2
DA:52,2
DA:53,2
DA:54,0
DA:55,0
DA:56,2
DA:58,16
DA:59,1
DA:60,1
DA:61,1
DA:62,1
DA:63,1
DA:64,0
DA:65,0
DA:66,0
DA:67,1
DA:69,16
DA:70,1
DA:71,1
DA:72,1
DA:73,1
DA:76,16
DA:77,5
DA:78,16
DA:80,16
DA:81,16
DA:82,16
DA:83,16
DA:85,16
DA:87,1
LF:74
LH:69
BRDA:6,0,0,16
BRDA:11,1,0,6
BRDA:13,2,0,4
BRDA:20,3,0,3
BRDA:22,4,0,2
BRDA:30,5,0,2
BRDA:36,6,0,2
BRDA:42,7,0,2
BRDA:53,8,0,0
BRDA:58,9,0,1
BRDA:63,10,0,0
BRDA:69,11,0,1
BRDA:76,12,0,5
BRDA:87,13,0,14
BRF:14
BRH:12
end_of_record
TN:
SF:src\pages\AdminDashboard.jsx
FN:7,AdminDashboard
FN:11,toggleSidebar
FNF:2
FNH:2
FNDA:5,AdminDashboard
FNDA:2,toggleSidebar
DA:1,1
DA:2,1
DA:3,1
DA:4,1
DA:5,1
DA:7,1
DA:8,5
DA:9,5
DA:11,5
DA:12,2
DA:13,2
DA:15,5
DA:16,5
DA:17,5
DA:18,5
DA:19,5
DA:20,5
DA:21,5
DA:22,5
DA:24,5
DA:26,1
LF:21
LH:21
BRDA:7,0,0,5
BRDA:18,1,0,1
BRDA:18,2,0,4
BRDA:11,3,0,2
BRF:4
BRH:4
end_of_record
TN:
SF:src\pages\ArtistDashboard.jsx
FN:7,ArtistDashboard
FN:11,toggleSidebar
FNF:2
FNH:2
FNDA:3,ArtistDashboard
FNDA:1,toggleSidebar
DA:1,1
DA:2,1
DA:3,1
DA:4,1
DA:5,1
DA:7,1
DA:8,3
DA:9,3
DA:11,3
DA:12,1
DA:13,1
DA:15,3
DA:16,3
DA:17,3
DA:18,3
DA:19,3
DA:20,3
DA:21,3
DA:22,3
DA:24,3
DA:26,1
LF:21
LH:21
BRDA:7,0,0,3
BRDA:18,1,0,1
BRDA:18,2,0,2
BRDA:11,3,0,1
BRF:4
BRH:4
end_of_record
TN:
SF:src\pages\ForgotPassword.jsx
FN:5,ForgotPassword
FN:12,handleSubmit
FN:48,onChange
FN:61,onClick
FNF:4
FNH:4
FNDA:6,ForgotPassword
FNDA:1,handleSubmit
FNDA:1,onChange
FNDA:1,onClick
DA:1,1
DA:2,1
DA:3,1
DA:5,1
DA:6,6
DA:7,6
DA:8,6
DA:9,6
DA:10,6
DA:12,6
DA:13,1
DA:14,1
DA:15,1
DA:16,1
DA:18,1
DA:19,1
DA:20,1
DA:21,1
DA:22,1
DA:23,0
DA:24,0
DA:25,1
DA:26,0
DA:27,1
DA:28,1
DA:29,1
DA:30,1
DA:32,6
DA:33,6
DA:34,6
DA:35,6
DA:36,6
DA:37,6
DA:38,6
DA:39,6
DA:41,6
DA:42,6
DA:43,6
DA:44,6
DA:45,6
DA:46,6
DA:47,6
DA:48,6
DA:49,6
DA:50,6
DA:51,6
DA:52,6
DA:53,6
DA:54,6
DA:55,6
DA:57,6
DA:58,6
DA:59,6
DA:60,6
DA:61,6
DA:62,6
DA:63,6
DA:65,6
DA:66,6
DA:67,6
DA:69,6
DA:71,1
LF:62
LH:59
BRDA:5,0,0,6
BRDA:35,1,0,1
BRDA:36,2,0,0
BRDA:54,3,0,1
BRDA:54,4,0,5
BRDA:57,5,0,1
BRDA:57,6,0,5
BRDA:12,7,0,1
BRDA:22,8,0,0
BRDA:25,9,0,0
BRDA:48,10,0,1
BRDA:61,11,0,1
BRF:12
BRH:9
end_of_record
TN:
SF:src\pages\HomePage.jsx
FN:4,HomePage
FNF:1
FNH:1
FNDA:6,HomePage
DA:1,1
DA:2,1
DA:4,1
DA:5,6
DA:6,6
DA:8,6
DA:9,6
DA:10,6
DA:11,6
DA:13,6
DA:14,6
DA:15,6
DA:16,6
DA:17,6
DA:18,6
DA:19,6
DA:21,6
DA:22,6
DA:23,6
DA:24,6
DA:27,6
DA:28,6
DA:30,6
DA:31,6
DA:33,6
DA:34,6
DA:35,6
DA:36,6
DA:37,6
DA:39,6
DA:40,6
DA:41,6
DA:42,6
DA:43,6
DA:46,6
DA:47,6
DA:48,6
DA:49,6
DA:50,6
DA:51,6
DA:52,6
DA:53,6
DA:54,6
DA:55,6
DA:56,6
DA:57,6
DA:58,6
DA:59,6
DA:60,18
DA:61,18
DA:62,18
DA:63,18
DA:64,6
DA:65,6
DA:66,6
DA:67,6
DA:70,6
DA:71,6
DA:72,6
DA:73,6
DA:74,6
DA:75,6
DA:76,6
DA:77,18
DA:78,18
DA:79,18
DA:80,18
DA:81,18
DA:82,18
DA:83,6
DA:84,6
DA:85,6
DA:86,6
DA:89,6
DA:90,6
DA:91,6
DA:92,6
DA:94,6
DA:95,6
DA:96,6
DA:97,6
DA:98,6
DA:99,6
DA:100,6
DA:103,6
DA:104,6
DA:105,6
DA:107,6
DA:108,6
DA:109,6
DA:110,6
DA:112,6
DA:114,1
LF:93
LH:93
BRDA:4,0,0,6
BRDA:59,1,0,18
BRDA:76,2,0,18
BRF:3
BRH:3
end_of_record
TN:
SF:src\pages\Login.jsx
FN:6,Login
FN:13,validate
FN:24,handleSubmit
FN:64,onChange
FN:76,onChange
FNF:5
FNH:5
FNDA:19,Login
FNDA:3,validate
FNDA:3,handleSubmit
FNDA:3,onChange
FNDA:3,onChange
DA:1,1
DA:2,1
DA:3,1
DA:4,1
DA:6,1
DA:7,19
DA:8,19
DA:9,19
DA:10,19
DA:11,19
DA:13,19
DA:14,3
DA:15,3
DA:16,3
DA:17,3
DA:18,3
DA:20,3
DA:21,3
DA:22,3
DA:24,19
DA:25,3
DA:26,3
DA:28,3
DA:29,3
DA:30,3
DA:31,1
DA:34,1
DA:37,1
DA:38,0
DA:39,0
DA:40,1
DA:41,1
DA:42,1
DA:43,3
DA:44,1
DA:45,1
DA:46,3
DA:48,19
DA:49,19
DA:50,19
DA:52,19
DA:53,19
DA:54,19
DA:55,19
DA:56,19
DA:57,19
DA:58,19
DA:59,19
DA:60,19
DA:61,19
DA:62,19
DA:63,19
DA:64,19
DA:65,19
DA:66,19
DA:67,19
DA:69,19
DA:70,19
DA:71,19
DA:72,19
DA:73,19
DA:74,19
DA:75,19
DA:76,19
DA:77,19
DA:78,19
DA:79,19
DA:81,19
DA:82,19
DA:84,19
DA:85,19
DA:87,19
DA:88,19
DA:90,19
DA:91,19
DA:92,19
DA:93,19
DA:94,19
DA:95,19
DA:97,19
DA:98,19
DA:99,19
DA:101,19
DA:103,1
LF:84
LH:82
BRDA:6,0,0,19
BRDA:55,1,0,1
BRDA:13,2,0,3
BRDA:15,3,0,0
BRDA:16,4,0,0
BRDA:17,5,0,0
BRDA:18,6,0,0
BRDA:24,7,0,3
BRDA:26,8,0,0
BRDA:29,9,0,2
BRDA:30,10,0,1
BRDA:37,11,0,0
BRDA:43,12,0,1
BRDA:64,13,0,3
BRDA:76,14,0,3
BRF:15
BRH:9
end_of_record
TN:
SF:src\pages\ManagerDashboard.jsx
FN:7,ManagerDashboard
FN:11,toggleSidebar
FNF:2
FNH:2
FNDA:16,ManagerDashboard
FNDA:9,toggleSidebar
DA:1,1
DA:2,1
DA:3,1
DA:4,1
DA:5,1
DA:7,1
DA:8,16
DA:9,16
DA:11,16
DA:12,9
DA:13,9
DA:15,16
DA:16,16
DA:17,16
DA:18,16
DA:19,16
DA:20,16
DA:21,16
DA:22,16
DA:24,16
DA:26,1
LF:21
LH:21
BRDA:7,0,0,16
BRDA:18,1,0,5
BRDA:18,2,0,11
BRDA:11,3,0,9
BRF:4
BRH:4
end_of_record
TN:
SF:src\pages\ResetPassword.jsx
FN:5,ResetPassword
FN:14,handleSubmit
FN:52,onChange
FN:64,onChange
FNF:4
FNH:4
FNDA:10,ResetPassword
FNDA:2,handleSubmit
FNDA:2,onChange
FNDA:2,onChange
DA:1,1
DA:2,1
DA:3,1
DA:5,1
DA:6,10
DA:7,10
DA:8,10
DA:9,10
DA:10,10
DA:11,10
DA:12,10
DA:14,10
DA:15,2
DA:16,2
DA:17,2
DA:18,2
DA:20,2
DA:21,1
DA:22,1
DA:23,1
DA:24,1
DA:26,1
DA:27,1
DA:28,1
DA:29,1
DA:30,2
DA:31,0
DA:32,2
DA:33,1
DA:34,1
DA:35,2
DA:37,10
DA:38,10
DA:39,10
DA:40,10
DA:41,10
DA:42,10
DA:43,10
DA:44,10
DA:45,10
DA:46,10
DA:47,10
DA:48,10
DA:49,10
DA:50,10
DA:51,10
DA:52,10
DA:53,10
DA:54,10
DA:55,10
DA:56,10
DA:57,10
DA:58,10
DA:59,10
DA:60,10
DA:61,10
DA:62,10
DA:63,10
DA:64,10
DA:65,10
DA:66,10
DA:67,10
DA:68,10
DA:69,10
DA:70,10
DA:71,10
DA:72,10
DA:73,10
DA:75,10
DA:77,1
LF:70
LH:69
BRDA:5,0,0,10
BRDA:41,1,0,1
BRDA:42,2,0,1
BRDA:69,3,0,1
BRDA:69,4,0,9
BRDA:14,5,0,2
BRDA:20,6,0,1
BRDA:30,7,0,0
BRDA:32,8,0,1
BRDA:29,9,0,1
BRDA:52,10,0,2
BRDA:64,11,0,2
BRF:12
BRH:11
end_of_record
TN:
SF:src\routes\AdminRoutes.jsx
FN:1,(empty-report)
FNF:1
FNH:0
FNDA:0,(empty-report)
DA:1,0
DA:2,0
DA:3,0
DA:4,0
DA:5,0
DA:6,0
DA:7,0
DA:9,0
DA:10,0
DA:11,0
DA:12,0
DA:13,0
DA:14,0
DA:15,0
DA:16,0
DA:17,0
DA:18,0
DA:19,0
DA:21,0
DA:23,0
LF:20
LH:0
BRDA:1,0,0,0
BRF:1
BRH:0
end_of_record
TN:
SF:src\routes\AppRoutes.jsx
FN:1,(empty-report)
FNF:1
FNH:0
FNDA:0,(empty-report)
DA:1,0
DA:2,0
DA:3,0
DA:4,0
DA:5,0
DA:6,0
DA:7,0
DA:10,0
DA:11,0
DA:12,0
DA:14,0
DA:15,0
DA:16,0
DA:17,0
DA:18,0
DA:19,0
DA:20,0
DA:21,0
DA:24,0
DA:25,0
DA:26,0
DA:27,0
DA:28,0
DA:29,0
DA:30,0
DA:31,0
DA:33,0
DA:36,0
DA:37,0
DA:38,0
DA:39,0
DA:40,0
DA:41,0
DA:42,0
DA:43,0
DA:45,0
DA:48,0
DA:49,0
DA:50,0
DA:51,0
DA:52,0
DA:53,0
DA:54,0
DA:55,0
DA:57,0
DA:58,0
DA:60,0
DA:62,0
LF:48
LH:0
BRDA:1,0,0,0
BRF:1
BRH:0
end_of_record
TN:
SF:src\routes\ArtistRoutes.jsx
FN:1,(empty-report)
FNF:1
FNH:0
FNDA:0,(empty-report)
DA:1,0
DA:2,0
DA:3,0
DA:4,0
DA:5,0
DA:6,0
DA:7,0
DA:8,0
DA:9,0
DA:10,0
DA:12,0
DA:13,0
DA:14,0
DA:15,0
DA:16,0
DA:17,0
DA:18,0
DA:19,0
DA:20,0
DA:21,0
DA:22,0
DA:23,0
DA:24,0
DA:25,0
DA:27,0
DA:29,0
LF:26
LH:0
BRDA:1,0,0,0
BRF:1
BRH:0
end_of_record
TN:
SF:src\routes\ManagerRoutes.jsx
FN:1,(empty-report)
FNF:1
FNH:0
FNDA:0,(empty-report)
DA:1,0
DA:2,0
DA:3,0
DA:4,0
DA:5,0
DA:6,0
DA:7,0
DA:8,0
DA:10,0
DA:11,0
DA:12,0
DA:13,0
DA:14,0
DA:15,0
DA:16,0
DA:17,0
DA:18,0
DA:19,0
DA:20,0
DA:21,0
DA:23,0
DA:25,0
LF:22
LH:0
BRDA:1,0,0,0
BRF:1
BRH:0
end_of_record
TN:
SF:src\services\AuthServices.jsx
FN:8,loginUser
FN:19,resetPassword
FN:28,forgotPassword
FNF:3
FNH:3
FNDA:2,loginUser
FNDA:2,resetPassword
FNDA:2,forgotPassword
DA:1,1
DA:2,1
DA:6,1
DA:8,1
DA:9,2
DA:10,2
DA:11,2
DA:12,0
DA:13,2
DA:14,2
DA:15,2
DA:16,2
DA:19,1
DA:20,2
DA:21,2
DA:22,0
DA:23,2
DA:24,2
DA:25,2
DA:26,2
DA:28,1
DA:29,2
DA:30,2
DA:31,0
DA:32,2
DA:33,2
DA:34,2
DA:35,2
LF:28
LH:25
BRDA:8,0,0,2
BRDA:11,1,0,0
BRDA:14,2,0,1
BRDA:14,3,0,1
BRDA:19,4,0,2
BRDA:21,5,0,0
BRDA:24,6,0,1
BRDA:24,7,0,1
BRDA:28,8,0,2
BRDA:30,9,0,0
BRDA:33,10,0,1
BRDA:33,11,0,1
BRF:12
BRH:9
end_of_record
TN:
SF:src\services\CollaborationService.jsx
FN:6,fetchCollaborationRequests
FN:22,acceptCollaborationRequest
FN:37,rejectCollaborationRequest
FN:52,sendCollaborationRequest
FN:73,cancelCollaboration
FN:89,handleCancellationResponse
FN:106,fetchCollaborationsByUserAndRole
FNF:7
FNH:7
FNDA:3,fetchCollaborationRequests
FNDA:2,acceptCollaborationRequest
FNDA:2,rejectCollaborationRequest
FNDA:3,sendCollaborationRequest
FNDA:3,cancelCollaboration
FNDA:2,handleCancellationResponse
FNDA:3,fetchCollaborationsByUserAndRole
DA:1,1
DA:3,1
DA:6,1
DA:7,3
DA:8,3
DA:9,3
DA:10,3
DA:11,3
DA:12,3
DA:13,3
DA:14,3
DA:15,3
DA:16,1
DA:17,1
DA:18,1
DA:19,3
DA:22,1
DA:23,2
DA:24,2
DA:25,2
DA:26,2
DA:27,2
DA:28,2
DA:29,2
DA:30,1
DA:31,1
DA:32,1
DA:33,1
DA:34,2
DA:37,1
DA:38,2
DA:39,2
DA:40,2
DA:41,2
DA:42,2
DA:43,2
DA:44,2
DA:45,1
DA:46,1
DA:47,1
DA:48,1
DA:49,2
DA:52,1
DA:53,3
DA:54,3
DA:55,3
DA:56,3
DA:57,3
DA:58,3
DA:59,3
DA:60,3
DA:61,3
DA:62,3
DA:63,3
DA:64,1
DA:65,3
DA:66,2
DA:67,2
DA:68,2
DA:69,3
DA:73,1
DA:74,3
DA:76,3
DA:77,3
DA:78,3
DA:79,3
DA:80,3
DA:81,3
DA:82,3
DA:83,2
DA:84,2
DA:85,2
DA:86,3
DA:89,1
DA:91,2
DA:92,2
DA:93,2
DA:94,2
DA:95,2
DA:96,2
DA:97,2
DA:99,1
DA:100,1
DA:101,1
DA:102,1
DA:103,2
DA:106,1
DA:107,3
DA:108,3
DA:109,3
DA:110,3
DA:111,3
DA:112,3
DA:113,3
DA:115,3
DA:116,3
DA:117,1
DA:118,1
DA:119,1
DA:120,3
LF:100
LH:100
BRDA:6,0,0,3
BRDA:13,1,0,2
BRDA:14,2,0,1
BRDA:15,3,0,1
BRDA:22,4,0,2
BRDA:29,5,0,1
BRDA:37,6,0,2
BRDA:44,7,0,1
BRDA:52,8,0,3
BRDA:63,9,0,1
BRDA:65,10,0,2
BRDA:73,11,0,3
BRDA:81,12,0,1
BRDA:82,13,0,2
BRDA:89,14,0,2
BRDA:97,15,0,1
BRDA:106,16,0,3
BRDA:113,17,0,2
BRDA:115,18,0,1
BRDA:116,19,0,1
BRF:20
BRH:20
end_of_record
TN:
SF:src\services\SongService.jsx
FN:7,addSong
FN:27,fetchSongsByArtist
FN:43,deleteSong
FNF:3
FNH:3
FNDA:3,addSong
FNDA:3,fetchSongsByArtist
FNDA:3,deleteSong
DA:1,1
DA:3,1
DA:5,1
DA:7,1
DA:8,3
DA:9,3
DA:10,3
DA:11,3
DA:12,3
DA:13,3
DA:14,3
DA:15,1
DA:16,3
DA:17,2
DA:18,1
DA:19,1
DA:20,1
DA:21,1
DA:22,1
DA:23,2
DA:24,3
DA:27,1
DA:28,3
DA:29,3
DA:30,3
DA:31,3
DA:32,3
DA:33,3
DA:34,3
DA:35,2
DA:36,3
DA:37,1
DA:38,1
DA:39,1
DA:40,3
DA:43,1
DA:44,3
DA:45,3
DA:46,3
DA:47,3
DA:48,3
DA:49,3
DA:50,3
DA:51,1
DA:52,3
DA:53,2
DA:54,2
DA:55,2
DA:56,3
DA:57,1
DA:59,1
LF:51
LH:51
BRDA:7,0,0,3
BRDA:14,1,0,1
BRDA:16,2,0,2
BRDA:17,3,0,1
BRDA:27,4,0,3
BRDA:34,5,0,2
BRDA:36,6,0,1
BRDA:43,7,0,3
BRDA:50,8,0,1
BRDA:52,9,0,2
BRF:10
BRH:10
end_of_record
TN:
SF:src\services\TransactionService.jsx
FN:6,fetchTransactions
FN:21,fetchWalletAmount
FN:25,downloadTransactionsPDF
FN:43,createTransaction
FN:57,deleteTransaction
FN:71,payTransaction
FNF:6
FNH:6
FNDA:5,fetchTransactions
FNDA:3,fetchWalletAmount
FNDA:5,downloadTransactionsPDF
FNDA:4,createTransaction
FNDA:3,deleteTransaction
FNDA:4,payTransaction
DA:1,1
DA:3,1
DA:5,1
DA:6,1
DA:7,5
DA:8,5
DA:9,5
DA:10,5
DA:11,5
DA:12,5
DA:13,5
DA:14,1
DA:15,5
DA:16,4
DA:17,4
DA:18,4
DA:19,5
DA:21,1
DA:22,3
DA:23,3
DA:25,1
DA:26,5
DA:27,5
DA:28,5
DA:29,5
DA:30,5
DA:31,5
DA:32,5
DA:33,5
DA:34,5
DA:35,5
DA:36,5
DA:37,1
DA:38,5
DA:39,4
DA:40,4
DA:41,5
DA:43,1
DA:44,4
DA:45,4
DA:46,4
DA:47,4
DA:48,4
DA:49,4
DA:50,4
DA:51,1
DA:52,4
DA:53,3
DA:54,3
DA:55,4
DA:57,1
DA:58,3
DA:59,3
DA:60,3
DA:61,3
DA:62,3
DA:63,3
DA:64,3
DA:65,1
DA:66,3
DA:67,2
DA:68,2
DA:69,3
DA:71,1
DA:72,4
DA:73,4
DA:74,4
DA:75,4
DA:76,4
DA:77,4
DA:78,4
DA:79,1
DA:80,4
DA:81,3
DA:82,3
DA:83,4
DA:84,1
DA:86,1
LF:78
LH:78
BRDA:6,0,0,5
BRDA:13,1,0,1
BRDA:15,2,0,4
BRDA:21,3,0,3
BRDA:22,4,0,6
BRDA:22,5,0,4
BRDA:22,6,0,1
BRDA:22,7,0,2
BRDA:22,8,0,0
BRDA:25,9,0,5
BRDA:36,10,0,1
BRDA:38,11,0,4
BRDA:43,12,0,4
BRDA:50,13,0,1
BRDA:52,14,0,3
BRDA:53,15,0,2
BRDA:53,16,0,1
BRDA:57,17,0,3
BRDA:64,18,0,1
BRDA:66,19,0,2
BRDA:67,20,0,1
BRDA:67,21,0,1
BRDA:71,22,0,4
BRDA:78,23,0,1
BRDA:80,24,0,3
BRDA:81,25,0,1
BRDA:81,26,0,2
BRF:27
BRH:26
end_of_record
TN:
SF:src\services\userService.jsx
FN:6,createUser
FN:26,fetchUserDetails
FN:41,updateUserProfile
FN:56,fetchUsersByRole
FN:74,toggleUserStatus
FNF:5
FNH:5
FNDA:3,createUser
FNDA:3,fetchUserDetails
FNDA:2,updateUserProfile
FNDA:3,fetchUsersByRole
FNDA:5,toggleUserStatus
DA:1,1
DA:3,1
DA:6,1
DA:7,3
DA:8,3
DA:9,3
DA:10,3
DA:11,3
DA:13,3
DA:14,3
DA:15,3
DA:16,3
DA:17,3
DA:18,3
DA:19,1
DA:20,3
DA:21,2
DA:22,2
DA:23,3
DA:26,1
DA:27,3
DA:28,3
DA:29,3
DA:30,3
DA:31,3
DA:32,3
DA:33,3
DA:34,1
DA:35,3
DA:36,2
DA:37,2
DA:38,3
DA:41,1
DA:42,2
DA:43,2
DA:44,2
DA:45,2
DA:46,2
DA:47,2
DA:48,2
DA:49,1
DA:50,1
DA:51,1
DA:52,1
DA:53,2
DA:56,1
DA:57,3
DA:58,3
DA:59,3
DA:60,3
DA:61,3
DA:62,3
DA:63,3
DA:64,2
DA:65,2
DA:66,2
DA:67,0
DA:68,3
DA:69,1
DA:70,1
DA:71,3
DA:74,1
DA:75,5
DA:76,5
DA:77,5
DA:78,5
DA:79,5
DA:80,5
DA:81,5
DA:82,5
DA:83,2
DA:84,2
DA:85,0
DA:86,5
DA:87,3
DA:88,3
DA:89,5
LF:77
LH:75
BRDA:6,0,0,3
BRDA:18,1,0,1
BRDA:20,2,0,2
BRDA:21,3,0,1
BRDA:21,4,0,1
BRDA:26,5,0,3
BRDA:33,6,0,1
BRDA:35,7,0,2
BRDA:41,8,0,2
BRDA:48,9,0,1
BRDA:56,10,0,3
BRDA:63,11,0,2
BRDA:66,12,0,0
BRDA:68,13,0,1
BRDA:69,14,0,0
BRDA:74,15,0,5
BRDA:81,16,0,3
BRDA:82,17,0,2
BRDA:84,18,0,0
BRDA:86,19,0,3
BRDA:87,20,0,1
BRF:21
BRH:18
end_of_record
TN:
SF:src\utils\PrivateRoutes.jsx
FN:6,PrivateRoutes
FNF:1
FNH:1
FNDA:3,PrivateRoutes
DA:1,1
DA:2,1
DA:3,1
DA:6,1
DA:7,3
DA:8,3
DA:9,1
DA:10,1
DA:11,3
DA:12,3
DA:14,1
LF:11
LH:11
BRDA:6,0,0,3
BRDA:8,1,0,1
BRDA:10,2,0,2
BRDA:11,3,0,1
BRDA:11,4,0,1
BRF:5
BRH:5
end_of_record
TN:
SF:src\utils\RoleBaseRoutes.jsx
FN:5,RoleBaseRoutes
FNF:1
FNH:1
FNDA:4,RoleBaseRoutes
DA:1,1
DA:2,1
DA:3,1
DA:5,1
DA:6,4
DA:8,4
DA:9,1
DA:10,1
DA:13,4
DA:14,1
DA:15,1
DA:18,4
DA:19,1
DA:20,1
DA:22,1
DA:23,1
DA:25,1
LF:17
LH:17
BRDA:5,0,0,4
BRDA:8,1,0,1
BRDA:10,2,0,3
BRDA:13,3,0,1
BRDA:15,4,0,2
BRDA:18,5,0,1
BRF:6
BRH:6
end_of_record
TN:
SF:src\utils\public-ip.js
FN:3,getPublicIp
FNF:1
FNH:1
FNDA:2,getPublicIp
DA:1,1
DA:2,1
DA:3,1
DA:4,2
DA:5,0
DA:6,0
DA:7,0
DA:8,2
DA:9,2
DA:10,0
DA:11,0
DA:12,0
DA:13,2
DA:14,2
DA:15,2
DA:16,2
DA:17,2
DA:18,2
DA:19,2
LF:19
LH:13
BRDA:3,0,0,2
BRDA:4,1,0,0
BRDA:10,2,0,0
BRF:3
BRH:1
end_of_record
