TN:
SF:controllers\userController.js
FN:7,(anonymous_0)
FN:15,(anonymous_1)
FN:29,(anonymous_2)
FN:44,(anonymous_3)
FN:57,(anonymous_4)
FN:66,(anonymous_5)
FNF:6
FNH:6
FNDA:2,(anonymous_0)
FNDA:2,(anonymous_1)
FNDA:2,(anonymous_2)
FNDA:2,(anonymous_3)
FNDA:2,(anonymous_4)
FNDA:2,(anonymous_5)
DA:1,1
DA:2,1
DA:3,1
DA:4,1
DA:6,1
DA:8,2
DA:9,1
DA:16,2
DA:18,2
DA:19,2
DA:20,1
DA:23,1
DA:30,2
DA:32,2
DA:34,2
DA:35,1
DA:38,1
DA:45,2
DA:46,2
DA:47,2
DA:48,1
DA:51,1
DA:58,2
DA:59,2
DA:60,2
DA:67,2
DA:68,2
DA:70,2
DA:72,1
DA:79,1
LF:30
LH:30
BRDA:19,0,0,1
BRDA:19,0,1,1
BRDA:34,1,0,1
BRDA:34,1,1,1
BRDA:47,2,0,1
BRDA:47,2,1,1
BRF:6
BRH:6
end_of_record
TN:
SF:models\artistModel.js
FNF:0
FNH:0
DA:1,1
DA:3,1
DA:22,1
LF:3
LH:3
BRF:0
BRH:0
end_of_record
TN:
SF:models\managerModel.js
FNF:0
FNH:0
DA:1,1
DA:3,1
DA:18,1
LF:3
LH:3
BRF:0
BRH:0
end_of_record
TN:
SF:models\songModel.js
FN:20,(anonymous_0)
FN:27,(anonymous_1)
FN:37,(anonymous_2)
FNF:3
FNH:3
FNDA:12,(anonymous_0)
FNDA:3,(anonymous_1)
FNDA:15,(anonymous_2)
DA:2,1
DA:3,1
DA:5,1
DA:20,1
DA:21,12
DA:22,12
DA:27,1
DA:28,3
DA:29,3
DA:30,3
DA:37,1
DA:38,15
DA:45,15
DA:52,15
DA:53,15
DA:55,15
DA:65,1
LF:17
LH:17
BRDA:28,0,0,3
BRDA:28,0,1,0
BRDA:52,1,0,15
BRDA:52,1,1,0
BRDA:53,2,0,15
BRDA:53,2,1,0
BRDA:65,3,0,1
BRDA:65,3,1,1
BRF:8
BRH:5
end_of_record
TN:
SF:models\userModel.js
FNF:0
FNH:0
DA:1,1
DA:3,1
DA:13,1
LF:3
LH:3
BRF:0
BRH:0
end_of_record
TN:
SF:repositories\userRepository.js
FN:10,(anonymous_0)
FN:17,(anonymous_1)
FN:23,(anonymous_2)
FN:29,(anonymous_3)
FN:34,(anonymous_4)
FN:48,(anonymous_5)
FN:66,(anonymous_6)
FN:76,(anonymous_7)
FN:87,(anonymous_8)
FNF:9
FNH:9
FNDA:1,(anonymous_0)
FNDA:1,(anonymous_1)
FNDA:1,(anonymous_2)
FNDA:1,(anonymous_3)
FNDA:3,(anonymous_4)
FNDA:3,(anonymous_5)
FNDA:2,(anonymous_6)
FNDA:4,(anonymous_7)
FNDA:1,(anonymous_8)
DA:1,1
DA:2,1
DA:3,1
DA:4,1
DA:5,1
DA:6,1
DA:11,1
DA:12,1
DA:13,1
DA:18,1
DA:19,1
DA:24,1
DA:25,1
DA:30,1
DA:35,3
DA:37,1
DA:39,1
DA:40,2
DA:42,1
DA:44,1
DA:49,3
DA:50,1
DA:55,2
DA:56,1
DA:62,1
DA:67,2
DA:68,1
DA:69,1
DA:70,1
DA:72,2
DA:77,4
DA:78,1
DA:79,3
DA:80,1
DA:81,2
DA:82,1
DA:84,1
DA:88,1
DA:97,1
LF:39
LH:39
BRDA:35,0,0,1
BRDA:35,0,1,2
BRDA:40,1,0,1
BRDA:40,1,1,1
BRDA:49,2,0,1
BRDA:49,2,1,2
BRDA:55,3,0,1
BRDA:55,3,1,1
BRDA:67,4,0,1
BRDA:67,4,1,1
BRDA:69,5,0,1
BRDA:69,5,1,0
BRDA:77,6,0,1
BRDA:77,6,1,3
BRDA:79,7,0,1
BRDA:79,7,1,2
BRDA:81,8,0,1
BRDA:81,8,1,1
BRF:18
BRH:17
end_of_record
TN:
SF:services\userService.js
FN:6,(anonymous_0)
FN:11,(anonymous_1)
FN:35,(anonymous_2)
FN:61,(anonymous_3)
FN:76,(anonymous_4)
FN:91,(anonymous_5)
FN:102,(anonymous_6)
FN:106,(anonymous_7)
FNF:8
FNH:8
FNDA:15,(anonymous_0)
FNDA:3,(anonymous_1)
FNDA:3,(anonymous_2)
FNDA:3,(anonymous_3)
FNDA:3,(anonymous_4)
FNDA:2,(anonymous_5)
FNDA:1,(anonymous_6)
FNDA:2,(anonymous_7)
DA:1,1
DA:2,1
DA:3,1
DA:7,15
DA:12,3
DA:13,3
DA:21,3
DA:28,3
DA:31,3
DA:37,3
DA:38,3
DA:39,3
DA:41,3
DA:46,3
DA:47,1
DA:48,1
DA:49,2
DA:51,1
DA:53,1
DA:55,3
DA:57,3
DA:62,3
DA:63,3
DA:64,1
DA:67,2
DA:68,2
DA:69,1
DA:72,1
DA:77,3
DA:78,3
DA:79,1
DA:82,2
DA:83,2
DA:84,1
DA:87,1
DA:92,2
DA:93,2
DA:94,1
DA:97,1
DA:98,1
DA:103,1
DA:107,2
DA:109,2
DA:110,1
DA:113,1
DA:118,1
LF:46
LH:46
BRDA:46,0,0,1
BRDA:46,0,1,2
BRDA:49,1,0,1
BRDA:49,1,1,1
BRDA:63,2,0,1
BRDA:63,2,1,2
BRDA:68,3,0,1
BRDA:68,3,1,1
BRDA:78,4,0,1
BRDA:78,4,1,2
BRDA:83,5,0,1
BRDA:83,5,1,1
BRDA:93,6,0,1
BRDA:93,6,1,1
BRDA:109,7,0,1
BRDA:109,7,1,1
BRF:16
BRH:16
end_of_record
