TN:
SF:controllers\authController.js
FN:7,(anonymous_0)
FN:71,(anonymous_1)
FN:76,(anonymous_2)
FN:105,(anonymous_3)
FN:120,(anonymous_4)
FNF:5
FNH:5
FNDA:4,(anonymous_0)
FNDA:1,(anonymous_1)
FNDA:2,(anonymous_2)
FNDA:1,(anonymous_3)
FNDA:2,(anonymous_4)
DA:1,1
DA:2,1
DA:3,1
DA:4,1
DA:5,1
DA:7,1
DA:9,4
DA:10,4
DA:11,4
DA:12,4
DA:15,4
DA:17,4
DA:18,1
DA:22,3
DA:23,1
DA:27,2
DA:28,1
DA:32,1
DA:33,1
DA:34,0
DA:38,1
DA:51,1
DA:66,0
DA:71,1
DA:72,1
DA:73,1
DA:76,1
DA:77,2
DA:79,2
DA:80,2
DA:82,2
DA:83,1
DA:86,1
DA:88,1
DA:96,1
DA:98,1
DA:105,1
DA:106,1
DA:107,0
DA:108,0
DA:110,1
DA:115,0
DA:116,0
DA:120,1
DA:121,2
DA:122,2
DA:123,2
DA:125,2
DA:126,2
DA:128,1
DA:129,0
DA:132,1
DA:134,1
DA:135,1
DA:137,1
DA:139,1
DA:140,1
DA:147,1
LF:58
LH:51
BRDA:17,0,0,1
BRDA:17,0,1,3
BRDA:22,1,0,1
BRDA:22,1,1,2
BRDA:27,2,0,1
BRDA:27,2,1,1
BRDA:33,3,0,0
BRDA:33,3,1,1
BRDA:82,4,0,1
BRDA:82,4,1,1
BRDA:106,5,0,0
BRDA:106,5,1,1
BRDA:128,6,0,0
BRDA:128,6,1,1
BRF:14
BRH:11
end_of_record
TN:
SF:middleware\authMiddleware.js
FN:4,(anonymous_0)
FNF:1
FNH:1
FNDA:6,(anonymous_0)
DA:1,1
DA:2,1
DA:4,1
DA:5,6
DA:7,6
DA:8,1
DA:11,5
DA:12,5
DA:13,1
DA:17,4
DA:20,3
DA:21,2
DA:22,1
DA:25,1
DA:26,1
DA:27,1
DA:29,2
DA:30,2
DA:34,1
LF:19
LH:19
BRDA:7,0,0,1
BRDA:7,0,1,5
BRDA:12,1,0,1
BRDA:12,1,1,4
BRDA:21,2,0,1
BRDA:21,2,1,1
BRF:6
BRH:6
end_of_record
TN:
SF:models\userModel.js
FNF:0
FNH:0
DA:1,1
DA:3,1
DA:13,1
LF:3
LH:3
BRF:0
BRH:0
end_of_record
